[ 2018-08-09T19:10:16+08:00 ] 110.185.39.136 /tp3.2/index.php/home/HomeTree/isshow
INFO: [ app_init ] --START--
INFO: Run Behavior\BuildLiteBehavior [ RunTime:0.000033s ]
INFO: [ app_init ] --END-- [ RunTime:0.000247s ]
INFO: [ app_begin ] --START--
INFO: Run Behavior\ReadHtmlCacheBehavior [ RunTime:0.000111s ]
INFO: [ app_begin ] --END-- [ RunTime:0.000246s ]
NOTIC: [8192] mysql_connect(): The mysql extension is deprecated and will be removed in the future: use mysqli or PDO instead /var/www/html/tp3.2/ThinkPHP/Library/Think/Db/Driver/Mysql.class.php 第 52 行.
SQL: SHOW COLUMNS FROM `user_list` [ RunTime:0.000929s ]
SQL: SELECT * FROM `user_list` WHERE ( phone_number='13200231520' )  [ RunTime:0.000579s ]
INFO: [ app_end ] --START--
INFO: Run Behavior\ShowPageTraceBehavior [ RunTime:0.000099s ]
INFO: [ app_end ] --END-- [ RunTime:0.000183s ]

[ 2018-08-09T19:10:16+08:00 ] 110.185.39.136 /tp3.2/index.php/home/PayPwd/accountBalance/
INFO: [ app_init ] --START--
INFO: Run Behavior\BuildLiteBehavior [ RunTime:0.000029s ]
INFO: [ app_init ] --END-- [ RunTime:0.000197s ]
INFO: [ app_begin ] --START--
INFO: Run Behavior\ReadHtmlCacheBehavior [ RunTime:0.000078s ]
INFO: [ app_begin ] --END-- [ RunTime:0.000214s ]
NOTIC: [8192] mysql_connect(): The mysql extension is deprecated and will be removed in the future: use mysqli or PDO instead /var/www/html/tp3.2/ThinkPHP/Library/Think/Db/Driver/Mysql.class.php 第 52 行.
SQL: SHOW COLUMNS FROM `user_list` [ RunTime:0.001097s ]
SQL: SELECT * FROM `user_list` WHERE ( phone_number='13200231520' )  [ RunTime:0.000483s ]
SQL: SHOW COLUMNS FROM `bank_katti` [ RunTime:0.000489s ]
SQL: SELECT `balance` FROM `bank_katti` WHERE ( uid='100005' )  [ RunTime:0.000171s ]
INFO: [ app_end ] --START--
INFO: Run Behavior\ShowPageTraceBehavior [ RunTime:0.000069s ]
INFO: [ app_end ] --END-- [ RunTime:0.000152s ]

[ 2018-08-09T19:10:16+08:00 ] 110.185.39.136 /tp3.2/index.php/home/HomeTree/pretotal/
INFO: [ app_init ] --START--
INFO: Run Behavior\BuildLiteBehavior [ RunTime:0.000019s ]
INFO: [ app_init ] --END-- [ RunTime:0.000130s ]
INFO: [ app_begin ] --START--
INFO: Run Behavior\ReadHtmlCacheBehavior [ RunTime:0.000052s ]
INFO: [ app_begin ] --END-- [ RunTime:0.000138s ]
NOTIC: [8192] mysql_connect(): The mysql extension is deprecated and will be removed in the future: use mysqli or PDO instead /var/www/html/tp3.2/ThinkPHP/Library/Think/Db/Driver/Mysql.class.php 第 52 行.
SQL: SHOW COLUMNS FROM `user_list` [ RunTime:0.000823s ]
SQL: SELECT * FROM `user_list` WHERE ( phone_number='13200231520' )  [ RunTime:0.000440s ]
SQL: SELECT * FROM `user_list` WHERE ( uid='100005' )  [ RunTime:0.000254s ]
INFO: [ app_end ] --START--
INFO: Run Behavior\ShowPageTraceBehavior [ RunTime:0.000075s ]
INFO: [ app_end ] --END-- [ RunTime:0.000158s ]

[ 2018-08-09T19:10:16+08:00 ] 110.185.39.136 /tp3.2/index.php/home/HomeTree/pretotal/
INFO: [ app_init ] --START--
INFO: Run Behavior\BuildLiteBehavior [ RunTime:0.000020s ]
INFO: [ app_init ] --END-- [ RunTime:0.000136s ]
INFO: [ app_begin ] --START--
INFO: Run Behavior\ReadHtmlCacheBehavior [ RunTime:0.000052s ]
INFO: [ app_begin ] --END-- [ RunTime:0.000135s ]
NOTIC: [8192] mysql_connect(): The mysql extension is deprecated and will be removed in the future: use mysqli or PDO instead /var/www/html/tp3.2/ThinkPHP/Library/Think/Db/Driver/Mysql.class.php 第 52 行.
SQL: SHOW COLUMNS FROM `user_list` [ RunTime:0.001072s ]
SQL: SELECT * FROM `user_list` WHERE ( phone_number='13200231520' )  [ RunTime:0.000481s ]
SQL: SELECT * FROM `user_list` WHERE ( uid='100005' )  [ RunTime:0.000294s ]
INFO: [ app_end ] --START--
INFO: Run Behavior\ShowPageTraceBehavior [ RunTime:0.000068s ]
INFO: [ app_end ] --END-- [ RunTime:0.000150s ]

[ 2018-08-09T19:10:16+08:00 ] 110.185.39.136 /tp3.2/index.php/home/HomeTree/prepretotal/
INFO: [ app_init ] --START--
INFO: Run Behavior\BuildLiteBehavior [ RunTime:0.000020s ]
INFO: [ app_init ] --END-- [ RunTime:0.000130s ]
INFO: [ app_begin ] --START--
INFO: Run Behavior\ReadHtmlCacheBehavior [ RunTime:0.000060s ]
INFO: [ app_begin ] --END-- [ RunTime:0.000203s ]
NOTIC: [8192] mysql_connect(): The mysql extension is deprecated and will be removed in the future: use mysqli or PDO instead /var/www/html/tp3.2/ThinkPHP/Library/Think/Db/Driver/Mysql.class.php 第 52 行.
SQL: SHOW COLUMNS FROM `user_list` [ RunTime:0.000996s ]
SQL: SELECT * FROM `user_list` WHERE ( phone_number='13200231520' )  [ RunTime:0.000836s ]
SQL: SELECT * FROM `user_list` WHERE ( uid='100005' )  [ RunTime:0.000611s ]
SQL: SELECT COUNT(*) AS tp_count FROM `user_list` WHERE ( pre_uid in(100038,100039,100043,100042,100040,100044,100045) ) LIMIT 1   [ RunTime:0.000551s ]
INFO: [ app_end ] --START--
INFO: Run Behavior\ShowPageTraceBehavior [ RunTime:0.000062s ]
INFO: [ app_end ] --END-- [ RunTime:0.000142s ]

[ 2018-08-09T19:10:16+08:00 ] 110.185.39.136 /tp3.2/index.php/home/HomeTree/prepretotal/
INFO: [ app_init ] --START--
INFO: Run Behavior\BuildLiteBehavior [ RunTime:0.000029s ]
INFO: [ app_init ] --END-- [ RunTime:0.000196s ]
INFO: [ app_begin ] --START--
INFO: Run Behavior\ReadHtmlCacheBehavior [ RunTime:0.000079s ]
INFO: [ app_begin ] --END-- [ RunTime:0.000213s ]
NOTIC: [8192] mysql_connect(): The mysql extension is deprecated and will be removed in the future: use mysqli or PDO instead /var/www/html/tp3.2/ThinkPHP/Library/Think/Db/Driver/Mysql.class.php 第 52 行.
SQL: SHOW COLUMNS FROM `user_list` [ RunTime:0.000881s ]
SQL: SELECT * FROM `user_list` WHERE ( phone_number='13200231520' )  [ RunTime:0.000471s ]
SQL: SELECT * FROM `user_list` WHERE ( uid='100005' )  [ RunTime:0.000320s ]
SQL: SELECT COUNT(*) AS tp_count FROM `user_list` WHERE ( pre_uid in(100038,100039,100043,100042,100040,100044,100045) ) LIMIT 1   [ RunTime:0.000290s ]
INFO: [ app_end ] --START--
INFO: Run Behavior\ShowPageTraceBehavior [ RunTime:0.000069s ]
INFO: [ app_end ] --END-- [ RunTime:0.000148s ]

[ 2018-08-09T19:10:16+08:00 ] 110.185.39.136 /tp3.2/index.php/home/HomeTree/profittotal/
INFO: [ app_init ] --START--
INFO: Run Behavior\BuildLiteBehavior [ RunTime:0.000018s ]
INFO: [ app_init ] --END-- [ RunTime:0.000121s ]
INFO: [ app_begin ] --START--
INFO: Run Behavior\ReadHtmlCacheBehavior [ RunTime:0.000047s ]
INFO: [ app_begin ] --END-- [ RunTime:0.000130s ]
NOTIC: [8192] mysql_connect(): The mysql extension is deprecated and will be removed in the future: use mysqli or PDO instead /var/www/html/tp3.2/ThinkPHP/Library/Think/Db/Driver/Mysql.class.php 第 52 行.
SQL: SHOW COLUMNS FROM `user_list` [ RunTime:0.000912s ]
SQL: SELECT * FROM `user_list` WHERE ( phone_number='13200231520' )  [ RunTime:0.000532s ]
SQL: SHOW COLUMNS FROM `profit_log` [ RunTime:0.000726s ]
SQL: SELECT sum(self_profit+pre_profit+pre_pre_profit) as sum FROM `profit_log` WHERE ( uid='100005' )  [ RunTime:0.000270s ]
SQL: SELECT sum(self_profit+pre_profit+pre_pre_profit) as sum FROM `profit_log` WHERE ( uid in(100038,100039,100043,100042,100040,100044,100045) )  [ RunTime:0.000262s ]
SQL: SELECT * FROM `user_list` WHERE ( pre_uid in(100038,100039,100043,100042,100040,100044,100045) )  [ RunTime:0.000613s ]
SQL: SELECT sum(self_profit+pre_profit+pre_pre_profit) as sum FROM `profit_log` WHERE ( uid in(100054,100059,100074) )  [ RunTime:0.000344s ]
INFO: [ app_end ] --START--
INFO: Run Behavior\ShowPageTraceBehavior [ RunTime:0.000063s ]
INFO: [ app_end ] --END-- [ RunTime:0.000144s ]

[ 2018-08-09T19:10:16+08:00 ] 110.185.39.136 /tp3.2/index.php/home/HomeTree/accumulativeIncome
INFO: [ app_init ] --START--
INFO: Run Behavior\BuildLiteBehavior [ RunTime:0.000018s ]
INFO: [ app_init ] --END-- [ RunTime:0.000122s ]
INFO: [ app_begin ] --START--
INFO: Run Behavior\ReadHtmlCacheBehavior [ RunTime:0.000047s ]
INFO: [ app_begin ] --END-- [ RunTime:0.000132s ]
NOTIC: [8192] mysql_connect(): The mysql extension is deprecated and will be removed in the future: use mysqli or PDO instead /var/www/html/tp3.2/ThinkPHP/Library/Think/Db/Driver/Mysql.class.php 第 52 行.
SQL: SHOW COLUMNS FROM `user_list` [ RunTime:0.000845s ]
SQL: SELECT * FROM `user_list` WHERE ( phone_number='13200231520' )  [ RunTime:0.000575s ]
SQL: SELECT * FROM `user_list` WHERE ( uid='100005' )  [ RunTime:0.000258s ]
INFO: [ app_end ] --START--
INFO: Run Behavior\ShowPageTraceBehavior [ RunTime:0.000080s ]
INFO: [ app_end ] --END-- [ RunTime:0.000182s ]

[ 2018-08-09T19:10:16+08:00 ] 110.185.39.136 /tp3.2/index.php/home/HomeTree/preList/
INFO: [ app_init ] --START--
INFO: Run Behavior\BuildLiteBehavior [ RunTime:0.000017s ]
INFO: [ app_init ] --END-- [ RunTime:0.000119s ]
INFO: [ app_begin ] --START--
INFO: Run Behavior\ReadHtmlCacheBehavior [ RunTime:0.000047s ]
INFO: [ app_begin ] --END-- [ RunTime:0.000130s ]
NOTIC: [8192] mysql_connect(): The mysql extension is deprecated and will be removed in the future: use mysqli or PDO instead /var/www/html/tp3.2/ThinkPHP/Library/Think/Db/Driver/Mysql.class.php 第 52 行.
SQL: SHOW COLUMNS FROM `user_list` [ RunTime:0.001011s ]
SQL: SELECT * FROM `user_list` WHERE ( phone_number='13200231520' )  [ RunTime:0.000565s ]
SQL: SHOW COLUMNS FROM `profit_log` [ RunTime:0.000643s ]
SQL: SELECT sum(self_profit+pre_profit+pre_pre_profit) as sum FROM `profit_log` WHERE ( uid='100005' )  [ RunTime:0.000297s ]
SQL: SELECT profit_log.gen_uid,sum(profit_log.self_profit+profit_log.pre_profit+profit_log.pre_pre_profit) as sum,user_list.* FROM `profit_log` left join user_list on user_list.uid=profit_log.gen_uid  WHERE ( profit_log.gen_uid in(100038,100039,100043,100042,100040,100044,100045) ) GROUP BY profit_log.gen_uid  [ RunTime:0.000981s ]
INFO: [ app_end ] --START--
INFO: Run Behavior\ShowPageTraceBehavior [ RunTime:0.000062s ]
INFO: [ app_end ] --END-- [ RunTime:0.000144s ]

