[ 2018-08-15T22:17:36+08:00 ] 222.209.154.31 /tp3.2/index.php/home/indexComputer/index
INFO: [ app_init ] --START--
INFO: Run Behavior\BuildLiteBehavior [ RunTime:0.000019s ]
INFO: [ app_init ] --END-- [ RunTime:0.000595s ]
INFO: [ app_begin ] --START--
INFO: Run Behavior\ReadHtmlCacheBehavior [ RunTime:0.000782s ]
INFO: [ app_begin ] --END-- [ RunTime:0.000872s ]
NOTIC: [8192] mysql_connect(): The mysql extension is deprecated and will be removed in the future: use mysqli or PDO instead /var/www/html/tp3.2/ThinkPHP/Library/Think/Db/Driver/Mysql.class.php 第 52 行.
SQL: SHOW COLUMNS FROM `user` [ RunTime:0.000992s ]
SQL: SELECT * FROM `user` WHERE ( phone='13551195031' and password='abc123' )  [ RunTime:0.000376s ]
INFO: [ app_end ] --START--
INFO: Run Behavior\ShowPageTraceBehavior [ RunTime:0.001208s ]
INFO: [ app_end ] --END-- [ RunTime:0.001309s ]

[ 2018-08-15T22:17:46+08:00 ] 222.209.154.31 /tp3.2/index.php/home/indexComputer/index
INFO: [ app_init ] --START--
INFO: Run Behavior\BuildLiteBehavior [ RunTime:0.000019s ]
INFO: [ app_init ] --END-- [ RunTime:0.000143s ]
INFO: [ app_begin ] --START--
INFO: Run Behavior\ReadHtmlCacheBehavior [ RunTime:0.000055s ]
INFO: [ app_begin ] --END-- [ RunTime:0.000139s ]
NOTIC: [8192] mysql_connect(): The mysql extension is deprecated and will be removed in the future: use mysqli or PDO instead /var/www/html/tp3.2/ThinkPHP/Library/Think/Db/Driver/Mysql.class.php 第 52 行.
SQL: SHOW COLUMNS FROM `user` [ RunTime:0.000520s ]
SQL: SELECT * FROM `user` WHERE ( phone='13551195031' and password='abc123456' )  [ RunTime:0.000571s ]
INFO: [ app_end ] --START--
INFO: Run Behavior\ShowPageTraceBehavior [ RunTime:0.000080s ]
INFO: [ app_end ] --END-- [ RunTime:0.000162s ]

[ 2018-08-15T22:18:01+08:00 ] 222.209.154.31 /tp3.2/index.php/home/indexComputer/index
INFO: [ app_init ] --START--
INFO: Run Behavior\BuildLiteBehavior [ RunTime:0.000018s ]
INFO: [ app_init ] --END-- [ RunTime:0.000139s ]
INFO: [ app_begin ] --START--
INFO: Run Behavior\ReadHtmlCacheBehavior [ RunTime:0.000053s ]
INFO: [ app_begin ] --END-- [ RunTime:0.000138s ]
NOTIC: [8192] mysql_connect(): The mysql extension is deprecated and will be removed in the future: use mysqli or PDO instead /var/www/html/tp3.2/ThinkPHP/Library/Think/Db/Driver/Mysql.class.php 第 52 行.
SQL: SHOW COLUMNS FROM `user` [ RunTime:0.000510s ]
SQL: SELECT * FROM `user` WHERE ( phone='13200231520' and password='abc123456' )  [ RunTime:0.000324s ]
INFO: [ app_end ] --START--
INFO: Run Behavior\ShowPageTraceBehavior [ RunTime:0.000074s ]
INFO: [ app_end ] --END-- [ RunTime:0.000155s ]

[ 2018-08-15T22:18:06+08:00 ] 222.209.154.31 /tp3.2/index.php/home/indexComputer/index
INFO: [ app_init ] --START--
INFO: Run Behavior\BuildLiteBehavior [ RunTime:0.000019s ]
INFO: [ app_init ] --END-- [ RunTime:0.000135s ]
INFO: [ app_begin ] --START--
INFO: Run Behavior\ReadHtmlCacheBehavior [ RunTime:0.000053s ]
INFO: [ app_begin ] --END-- [ RunTime:0.000138s ]
NOTIC: [8192] mysql_connect(): The mysql extension is deprecated and will be removed in the future: use mysqli or PDO instead /var/www/html/tp3.2/ThinkPHP/Library/Think/Db/Driver/Mysql.class.php 第 52 行.
SQL: SHOW COLUMNS FROM `user` [ RunTime:0.000498s ]
SQL: SELECT * FROM `user` WHERE ( phone='13200231520' and password='abc123' )  [ RunTime:0.000465s ]
INFO: [ app_end ] --START--
INFO: Run Behavior\ShowPageTraceBehavior [ RunTime:0.000072s ]
INFO: [ app_end ] --END-- [ RunTime:0.000152s ]

[ 2018-08-15T22:18:08+08:00 ] 222.209.154.31 /tp3.2/index.php/home/PayPwd/accountBalance/
INFO: [ app_init ] --START--
INFO: Run Behavior\BuildLiteBehavior [ RunTime:0.000018s ]
INFO: [ app_init ] --END-- [ RunTime:0.000128s ]
INFO: [ app_begin ] --START--
INFO: Run Behavior\ReadHtmlCacheBehavior [ RunTime:0.000048s ]
INFO: [ app_begin ] --END-- [ RunTime:0.000132s ]
NOTIC: [8192] mysql_connect(): The mysql extension is deprecated and will be removed in the future: use mysqli or PDO instead /var/www/html/tp3.2/ThinkPHP/Library/Think/Db/Driver/Mysql.class.php 第 52 行.
SQL: SHOW COLUMNS FROM `user_list` [ RunTime:0.001370s ]
SQL: SELECT * FROM `user_list` WHERE ( phone_number='13200231520' )  [ RunTime:0.000599s ]
SQL: SHOW COLUMNS FROM `bank_katti` [ RunTime:0.000729s ]
SQL: SELECT `balance` FROM `bank_katti` WHERE ( uid='100005' )  [ RunTime:0.000302s ]
INFO: [ app_end ] --START--
INFO: Run Behavior\ShowPageTraceBehavior [ RunTime:0.000061s ]
INFO: [ app_end ] --END-- [ RunTime:0.000143s ]

[ 2018-08-15T22:18:08+08:00 ] 222.209.154.31 /tp3.2/index.php/home/HomeTree/isshow
INFO: [ app_init ] --START--
INFO: Run Behavior\BuildLiteBehavior [ RunTime:0.000019s ]
INFO: [ app_init ] --END-- [ RunTime:0.000130s ]
INFO: [ app_begin ] --START--
INFO: Run Behavior\ReadHtmlCacheBehavior [ RunTime:0.000056s ]
INFO: [ app_begin ] --END-- [ RunTime:0.000151s ]
NOTIC: [8192] mysql_connect(): The mysql extension is deprecated and will be removed in the future: use mysqli or PDO instead /var/www/html/tp3.2/ThinkPHP/Library/Think/Db/Driver/Mysql.class.php 第 52 行.
SQL: SHOW COLUMNS FROM `user_list` [ RunTime:0.000977s ]
SQL: SELECT * FROM `user_list` WHERE ( phone_number='13200231520' )  [ RunTime:0.000564s ]
INFO: [ app_end ] --START--
INFO: Run Behavior\ShowPageTraceBehavior [ RunTime:0.000070s ]
INFO: [ app_end ] --END-- [ RunTime:0.000150s ]

[ 2018-08-15T22:18:08+08:00 ] 222.209.154.31 /tp3.2/index.php/home/HomeTree/pretotal/
INFO: [ app_init ] --START--
INFO: Run Behavior\BuildLiteBehavior [ RunTime:0.000017s ]
INFO: [ app_init ] --END-- [ RunTime:0.000122s ]
INFO: [ app_begin ] --START--
INFO: Run Behavior\ReadHtmlCacheBehavior [ RunTime:0.000085s ]
INFO: [ app_begin ] --END-- [ RunTime:0.000169s ]
NOTIC: [8192] mysql_connect(): The mysql extension is deprecated and will be removed in the future: use mysqli or PDO instead /var/www/html/tp3.2/ThinkPHP/Library/Think/Db/Driver/Mysql.class.php 第 52 行.
SQL: SHOW COLUMNS FROM `user_list` [ RunTime:0.000944s ]
SQL: SELECT * FROM `user_list` WHERE ( phone_number='13200231520' )  [ RunTime:0.000515s ]
SQL: SELECT * FROM `user_list` WHERE ( uid='100005' )  [ RunTime:0.000330s ]
INFO: [ app_end ] --START--
INFO: Run Behavior\ShowPageTraceBehavior [ RunTime:0.000061s ]
INFO: [ app_end ] --END-- [ RunTime:0.000143s ]

[ 2018-08-15T22:18:08+08:00 ] 222.209.154.31 /tp3.2/index.php/home/HomeTree/pretotal/
INFO: [ app_init ] --START--
INFO: Run Behavior\BuildLiteBehavior [ RunTime:0.000019s ]
INFO: [ app_init ] --END-- [ RunTime:0.000136s ]
INFO: [ app_begin ] --START--
INFO: Run Behavior\ReadHtmlCacheBehavior [ RunTime:0.000054s ]
INFO: [ app_begin ] --END-- [ RunTime:0.000139s ]
NOTIC: [8192] mysql_connect(): The mysql extension is deprecated and will be removed in the future: use mysqli or PDO instead /var/www/html/tp3.2/ThinkPHP/Library/Think/Db/Driver/Mysql.class.php 第 52 行.
SQL: SHOW COLUMNS FROM `user_list` [ RunTime:0.000838s ]
SQL: SELECT * FROM `user_list` WHERE ( phone_number='13200231520' )  [ RunTime:0.000414s ]
SQL: SELECT * FROM `user_list` WHERE ( uid='100005' )  [ RunTime:0.000348s ]
INFO: [ app_end ] --START--
INFO: Run Behavior\ShowPageTraceBehavior [ RunTime:0.000069s ]
INFO: [ app_end ] --END-- [ RunTime:0.000151s ]

[ 2018-08-15T22:18:08+08:00 ] 222.209.154.31 /tp3.2/index.php/home/HomeTree/prepretotal/
INFO: [ app_init ] --START--
INFO: Run Behavior\BuildLiteBehavior [ RunTime:0.000019s ]
INFO: [ app_init ] --END-- [ RunTime:0.000128s ]
INFO: [ app_begin ] --START--
INFO: Run Behavior\ReadHtmlCacheBehavior [ RunTime:0.000078s ]
INFO: [ app_begin ] --END-- [ RunTime:0.000217s ]
NOTIC: [8192] mysql_connect(): The mysql extension is deprecated and will be removed in the future: use mysqli or PDO instead /var/www/html/tp3.2/ThinkPHP/Library/Think/Db/Driver/Mysql.class.php 第 52 行.
SQL: SHOW COLUMNS FROM `user_list` [ RunTime:0.000834s ]
SQL: SELECT * FROM `user_list` WHERE ( phone_number='13200231520' )  [ RunTime:0.000513s ]
SQL: SELECT * FROM `user_list` WHERE ( uid='100005' )  [ RunTime:0.000444s ]
SQL: SELECT COUNT(*) AS tp_count FROM `user_list` WHERE ( pre_uid in(100038,100039,100043,100042,100040,100044,100045) ) LIMIT 1   [ RunTime:0.000288s ]
INFO: [ app_end ] --START--
INFO: Run Behavior\ShowPageTraceBehavior [ RunTime:0.000068s ]
INFO: [ app_end ] --END-- [ RunTime:0.000148s ]

[ 2018-08-15T22:18:08+08:00 ] 222.209.154.31 /tp3.2/index.php/home/HomeTree/prepretotal/
INFO: [ app_init ] --START--
INFO: Run Behavior\BuildLiteBehavior [ RunTime:0.000024s ]
INFO: [ app_init ] --END-- [ RunTime:0.000133s ]
INFO: [ app_begin ] --START--
INFO: Run Behavior\ReadHtmlCacheBehavior [ RunTime:0.000092s ]
INFO: [ app_begin ] --END-- [ RunTime:0.000183s ]
NOTIC: [8192] mysql_connect(): The mysql extension is deprecated and will be removed in the future: use mysqli or PDO instead /var/www/html/tp3.2/ThinkPHP/Library/Think/Db/Driver/Mysql.class.php 第 52 行.
SQL: SHOW COLUMNS FROM `user_list` [ RunTime:0.000800s ]
SQL: SELECT * FROM `user_list` WHERE ( phone_number='13200231520' )  [ RunTime:0.000501s ]
SQL: SELECT * FROM `user_list` WHERE ( uid='100005' )  [ RunTime:0.000327s ]
SQL: SELECT COUNT(*) AS tp_count FROM `user_list` WHERE ( pre_uid in(100038,100039,100043,100042,100040,100044,100045) ) LIMIT 1   [ RunTime:0.000293s ]
INFO: [ app_end ] --START--
INFO: Run Behavior\ShowPageTraceBehavior [ RunTime:0.000068s ]
INFO: [ app_end ] --END-- [ RunTime:0.000148s ]

[ 2018-08-15T22:18:08+08:00 ] 222.209.154.31 /tp3.2/index.php/home/HomeTree/accumulativeIncome
INFO: [ app_init ] --START--
INFO: Run Behavior\BuildLiteBehavior [ RunTime:0.000019s ]
INFO: [ app_init ] --END-- [ RunTime:0.000127s ]
INFO: [ app_begin ] --START--
INFO: Run Behavior\ReadHtmlCacheBehavior [ RunTime:0.000052s ]
INFO: [ app_begin ] --END-- [ RunTime:0.000136s ]
NOTIC: [8192] mysql_connect(): The mysql extension is deprecated and will be removed in the future: use mysqli or PDO instead /var/www/html/tp3.2/ThinkPHP/Library/Think/Db/Driver/Mysql.class.php 第 52 行.
SQL: SHOW COLUMNS FROM `user_list` [ RunTime:0.000913s ]
SQL: SELECT * FROM `user_list` WHERE ( phone_number='13200231520' )  [ RunTime:0.000557s ]
SQL: SELECT * FROM `user_list` WHERE ( uid='100005' )  [ RunTime:0.000362s ]
INFO: [ app_end ] --START--
INFO: Run Behavior\ShowPageTraceBehavior [ RunTime:0.000069s ]
INFO: [ app_end ] --END-- [ RunTime:0.000151s ]

[ 2018-08-15T22:18:08+08:00 ] 222.209.154.31 /tp3.2/index.php/home/HomeTree/profittotal/
INFO: [ app_init ] --START--
INFO: Run Behavior\BuildLiteBehavior [ RunTime:0.000017s ]
INFO: [ app_init ] --END-- [ RunTime:0.000122s ]
INFO: [ app_begin ] --START--
INFO: Run Behavior\ReadHtmlCacheBehavior [ RunTime:0.000049s ]
INFO: [ app_begin ] --END-- [ RunTime:0.000132s ]
NOTIC: [8192] mysql_connect(): The mysql extension is deprecated and will be removed in the future: use mysqli or PDO instead /var/www/html/tp3.2/ThinkPHP/Library/Think/Db/Driver/Mysql.class.php 第 52 行.
SQL: SHOW COLUMNS FROM `user_list` [ RunTime:0.000839s ]
SQL: SELECT * FROM `user_list` WHERE ( phone_number='13200231520' )  [ RunTime:0.000485s ]
SQL: SHOW COLUMNS FROM `profit_log` [ RunTime:0.000683s ]
SQL: SELECT sum(self_profit+pre_profit+pre_pre_profit) as sum FROM `profit_log` WHERE ( uid='100005' )  [ RunTime:0.000319s ]
SQL: SELECT sum(self_profit+pre_profit+pre_pre_profit) as sum FROM `profit_log` WHERE ( uid in(100038,100039,100043,100042,100040,100044,100045) )  [ RunTime:0.000281s ]
SQL: SELECT * FROM `user_list` WHERE ( pre_uid in(100038,100039,100043,100042,100040,100044,100045) )  [ RunTime:0.000386s ]
SQL: SELECT sum(self_profit+pre_profit+pre_pre_profit) as sum FROM `profit_log` WHERE ( uid in(100054,100059,100074) )  [ RunTime:0.000286s ]
INFO: [ app_end ] --START--
INFO: Run Behavior\ShowPageTraceBehavior [ RunTime:0.000065s ]
INFO: [ app_end ] --END-- [ RunTime:0.000145s ]

[ 2018-08-15T22:18:08+08:00 ] 222.209.154.31 /tp3.2/index.php/home/HomeTree/preList/
INFO: [ app_init ] --START--
INFO: Run Behavior\BuildLiteBehavior [ RunTime:0.000017s ]
INFO: [ app_init ] --END-- [ RunTime:0.000121s ]
INFO: [ app_begin ] --START--
INFO: Run Behavior\ReadHtmlCacheBehavior [ RunTime:0.000108s ]
INFO: [ app_begin ] --END-- [ RunTime:0.000191s ]
NOTIC: [8192] mysql_connect(): The mysql extension is deprecated and will be removed in the future: use mysqli or PDO instead /var/www/html/tp3.2/ThinkPHP/Library/Think/Db/Driver/Mysql.class.php 第 52 行.
SQL: SHOW COLUMNS FROM `user_list` [ RunTime:0.001051s ]
SQL: SELECT * FROM `user_list` WHERE ( phone_number='13200231520' )  [ RunTime:0.000560s ]
SQL: SHOW COLUMNS FROM `profit_log` [ RunTime:0.000577s ]
SQL: SELECT sum(self_profit+pre_profit+pre_pre_profit) as sum FROM `profit_log` WHERE ( uid='100005' )  [ RunTime:0.000332s ]
SQL: SELECT profit_log.gen_uid,sum(profit_log.self_profit+profit_log.pre_profit+profit_log.pre_pre_profit) as sum,user_list.* FROM `profit_log` left join user_list on user_list.uid=profit_log.gen_uid  WHERE ( profit_log.gen_uid in(100038,100039,100043,100042,100040,100044,100045) ) GROUP BY profit_log.gen_uid  [ RunTime:0.001167s ]
INFO: [ app_end ] --START--
INFO: Run Behavior\ShowPageTraceBehavior [ RunTime:0.000062s ]
INFO: [ app_end ] --END-- [ RunTime:0.000145s ]

[ 2018-08-15T22:18:11+08:00 ] 222.209.154.31 /tp3.2/index.php/home/Level/teaname/
INFO: [ app_init ] --START--
INFO: Run Behavior\BuildLiteBehavior [ RunTime:0.000018s ]
INFO: [ app_init ] --END-- [ RunTime:0.000155s ]
INFO: [ app_begin ] --START--
INFO: Run Behavior\ReadHtmlCacheBehavior [ RunTime:0.000056s ]
INFO: [ app_begin ] --END-- [ RunTime:0.000141s ]
NOTIC: [8192] mysql_connect(): The mysql extension is deprecated and will be removed in the future: use mysqli or PDO instead /var/www/html/tp3.2/ThinkPHP/Library/Think/Db/Driver/Mysql.class.php 第 52 行.
SQL: SHOW COLUMNS FROM `user_list` [ RunTime:0.000912s ]
SQL: SELECT * FROM `user_list` WHERE ( phone_number='13200231520' )  [ RunTime:0.000568s ]
INFO: [ app_end ] --START--
INFO: Run Behavior\ShowPageTraceBehavior [ RunTime:0.000072s ]
INFO: [ app_end ] --END-- [ RunTime:0.000154s ]

[ 2018-08-15T22:18:11+08:00 ] 222.209.154.31 /tp3.2/index.php/home/Level/beans/
INFO: [ app_init ] --START--
INFO: Run Behavior\BuildLiteBehavior [ RunTime:0.000018s ]
INFO: [ app_init ] --END-- [ RunTime:0.000122s ]
INFO: [ app_begin ] --START--
INFO: Run Behavior\ReadHtmlCacheBehavior [ RunTime:0.000047s ]
INFO: [ app_begin ] --END-- [ RunTime:0.000133s ]
NOTIC: [8192] mysql_connect(): The mysql extension is deprecated and will be removed in the future: use mysqli or PDO instead /var/www/html/tp3.2/ThinkPHP/Library/Think/Db/Driver/Mysql.class.php 第 52 行.
SQL: SHOW COLUMNS FROM `user_list` [ RunTime:0.000829s ]
SQL: SELECT * FROM `user_list` WHERE ( phone_number='13200231520' )  [ RunTime:0.000520s ]
SQL: SELECT COUNT(*) AS tp_count FROM `user_list` WHERE ( pre_uid='100005' and (proxy_lv=2) ) LIMIT 1   [ RunTime:0.000351s ]
INFO: [ app_end ] --START--
INFO: Run Behavior\ShowPageTraceBehavior [ RunTime:0.000062s ]
INFO: [ app_end ] --END-- [ RunTime:0.000140s ]

[ 2018-08-15T22:18:11+08:00 ] 222.209.154.31 /tp3.2/index.php/home/Level/level/
INFO: [ app_init ] --START--
INFO: Run Behavior\BuildLiteBehavior [ RunTime:0.000017s ]
INFO: [ app_init ] --END-- [ RunTime:0.000122s ]
INFO: [ app_begin ] --START--
INFO: Run Behavior\ReadHtmlCacheBehavior [ RunTime:0.000047s ]
INFO: [ app_begin ] --END-- [ RunTime:0.000130s ]
NOTIC: [8192] mysql_connect(): The mysql extension is deprecated and will be removed in the future: use mysqli or PDO instead /var/www/html/tp3.2/ThinkPHP/Library/Think/Db/Driver/Mysql.class.php 第 52 行.
SQL: SHOW COLUMNS FROM `user_list` [ RunTime:0.000769s ]
SQL: SELECT * FROM `user_list` WHERE ( phone_number='13200231520' )  [ RunTime:0.000516s ]
INFO: [ app_end ] --START--
INFO: Run Behavior\ShowPageTraceBehavior [ RunTime:0.000061s ]
INFO: [ app_end ] --END-- [ RunTime:0.000151s ]

[ 2018-08-15T22:18:11+08:00 ] 222.209.154.31 /tp3.2/index.php/home/Level/profit/
INFO: [ app_init ] --START--
INFO: Run Behavior\BuildLiteBehavior [ RunTime:0.000017s ]
INFO: [ app_init ] --END-- [ RunTime:0.000121s ]
INFO: [ app_begin ] --START--
INFO: Run Behavior\ReadHtmlCacheBehavior [ RunTime:0.000047s ]
INFO: [ app_begin ] --END-- [ RunTime:0.000130s ]
NOTIC: [8192] mysql_connect(): The mysql extension is deprecated and will be removed in the future: use mysqli or PDO instead /var/www/html/tp3.2/ThinkPHP/Library/Think/Db/Driver/Mysql.class.php 第 52 行.
SQL: SHOW COLUMNS FROM `user_list` [ RunTime:0.000915s ]
SQL: SELECT * FROM `user_list` WHERE ( phone_number='13200231520' )  [ RunTime:0.000570s ]
SQL: SELECT sum(profit+pre_profit+pre_pre_profit) as sum FROM `user_list` WHERE ( pre_uid='100005' )  [ RunTime:0.000343s ]
INFO: [ app_end ] --START--
INFO: Run Behavior\ShowPageTraceBehavior [ RunTime:0.000063s ]
INFO: [ app_end ] --END-- [ RunTime:0.000144s ]

[ 2018-08-15T22:18:11+08:00 ] 222.209.154.31 /tp3.2/index.php/home/Level/ee/
INFO: [ app_init ] --START--
INFO: Run Behavior\BuildLiteBehavior [ RunTime:0.000018s ]
INFO: [ app_init ] --END-- [ RunTime:0.000124s ]
INFO: [ app_begin ] --START--
INFO: Run Behavior\ReadHtmlCacheBehavior [ RunTime:0.000048s ]
INFO: [ app_begin ] --END-- [ RunTime:0.000133s ]
NOTIC: [8192] mysql_connect(): The mysql extension is deprecated and will be removed in the future: use mysqli or PDO instead /var/www/html/tp3.2/ThinkPHP/Library/Think/Db/Driver/Mysql.class.php 第 52 行.
SQL: SHOW COLUMNS FROM `user_list` [ RunTime:0.000791s ]
SQL: SELECT * FROM `user_list` WHERE ( phone_number='13200231520' )  [ RunTime:0.000497s ]
INFO: [ app_end ] --START--
INFO: Run Behavior\ShowPageTraceBehavior [ RunTime:0.000063s ]
INFO: [ app_end ] --END-- [ RunTime:0.000145s ]

[ 2018-08-15T22:18:12+08:00 ] 222.209.154.31 /tp3.2/index.php/home/HomePage/beAudited
INFO: [ app_init ] --START--
INFO: Run Behavior\BuildLiteBehavior [ RunTime:0.000017s ]
INFO: [ app_init ] --END-- [ RunTime:0.000123s ]
INFO: [ app_begin ] --START--
INFO: Run Behavior\ReadHtmlCacheBehavior [ RunTime:0.000048s ]
INFO: [ app_begin ] --END-- [ RunTime:0.000133s ]
NOTIC: [8192] mysql_connect(): The mysql extension is deprecated and will be removed in the future: use mysqli or PDO instead /var/www/html/tp3.2/ThinkPHP/Library/Think/Db/Driver/Mysql.class.php 第 52 行.
SQL: SHOW COLUMNS FROM `user_list` [ RunTime:0.000915s ]
SQL: SELECT * FROM `user_list` WHERE ( phone_number='13200231520' )  [ RunTime:0.000506s ]
SQL: SELECT `next_uids` FROM `user_list` WHERE ( uid='100005' and (proxy_lv='3' or proxy_lv='4' or proxy_lv='5') )  [ RunTime:0.000369s ]
SQL: SELECT COUNT(*) AS tp_count FROM `user_list` WHERE ( uid in(100038,100039,100043,100042,100040,100044,100045) and examine=0 ) LIMIT 1   [ RunTime:0.000312s ]
INFO: [ app_end ] --START--
INFO: Run Behavior\ShowPageTraceBehavior [ RunTime:0.000061s ]
INFO: [ app_end ] --END-- [ RunTime:0.000141s ]

[ 2018-08-15T22:18:12+08:00 ] 222.209.154.31 /tp3.2/index.php/home/Level/teaname/
INFO: [ app_init ] --START--
INFO: Run Behavior\BuildLiteBehavior [ RunTime:0.000018s ]
INFO: [ app_init ] --END-- [ RunTime:0.000120s ]
INFO: [ app_begin ] --START--
INFO: Run Behavior\ReadHtmlCacheBehavior [ RunTime:0.000048s ]
INFO: [ app_begin ] --END-- [ RunTime:0.000132s ]
NOTIC: [8192] mysql_connect(): The mysql extension is deprecated and will be removed in the future: use mysqli or PDO instead /var/www/html/tp3.2/ThinkPHP/Library/Think/Db/Driver/Mysql.class.php 第 52 行.
SQL: SHOW COLUMNS FROM `user_list` [ RunTime:0.000774s ]
SQL: SELECT * FROM `user_list` WHERE ( phone_number='13200231520' )  [ RunTime:0.000525s ]
INFO: [ app_end ] --START--
INFO: Run Behavior\ShowPageTraceBehavior [ RunTime:0.000060s ]
INFO: [ app_end ] --END-- [ RunTime:0.000142s ]

[ 2018-08-15T22:18:12+08:00 ] 222.209.154.31 /tp3.2/index.php/home/Level/level/
INFO: [ app_init ] --START--
INFO: Run Behavior\BuildLiteBehavior [ RunTime:0.000017s ]
INFO: [ app_init ] --END-- [ RunTime:0.000162s ]
INFO: [ app_begin ] --START--
INFO: Run Behavior\ReadHtmlCacheBehavior [ RunTime:0.000047s ]
INFO: [ app_begin ] --END-- [ RunTime:0.000130s ]
NOTIC: [8192] mysql_connect(): The mysql extension is deprecated and will be removed in the future: use mysqli or PDO instead /var/www/html/tp3.2/ThinkPHP/Library/Think/Db/Driver/Mysql.class.php 第 52 行.
SQL: SHOW COLUMNS FROM `user_list` [ RunTime:0.000814s ]
SQL: SELECT * FROM `user_list` WHERE ( phone_number='13200231520' )  [ RunTime:0.000550s ]
INFO: [ app_end ] --START--
INFO: Run Behavior\ShowPageTraceBehavior [ RunTime:0.000061s ]
INFO: [ app_end ] --END-- [ RunTime:0.000142s ]

[ 2018-08-15T22:18:12+08:00 ] 222.209.154.31 /tp3.2/index.php/home/Level/ee/
INFO: [ app_init ] --START--
INFO: Run Behavior\BuildLiteBehavior [ RunTime:0.000018s ]
INFO: [ app_init ] --END-- [ RunTime:0.000120s ]
INFO: [ app_begin ] --START--
INFO: Run Behavior\ReadHtmlCacheBehavior [ RunTime:0.000054s ]
INFO: [ app_begin ] --END-- [ RunTime:0.000140s ]
NOTIC: [8192] mysql_connect(): The mysql extension is deprecated and will be removed in the future: use mysqli or PDO instead /var/www/html/tp3.2/ThinkPHP/Library/Think/Db/Driver/Mysql.class.php 第 52 行.
SQL: SHOW COLUMNS FROM `user_list` [ RunTime:0.000897s ]
SQL: SELECT * FROM `user_list` WHERE ( phone_number='13200231520' )  [ RunTime:0.000493s ]
INFO: [ app_end ] --START--
INFO: Run Behavior\ShowPageTraceBehavior [ RunTime:0.000061s ]
INFO: [ app_end ] --END-- [ RunTime:0.000143s ]

[ 2018-08-15T22:18:15+08:00 ] 222.209.154.31 /tp3.2/index.php/home/Deveofflines/ordinaryCount/
INFO: [ app_init ] --START--
INFO: Run Behavior\BuildLiteBehavior [ RunTime:0.000018s ]
INFO: [ app_init ] --END-- [ RunTime:0.000138s ]
INFO: [ app_begin ] --START--
INFO: Run Behavior\ReadHtmlCacheBehavior [ RunTime:0.000057s ]
INFO: [ app_begin ] --END-- [ RunTime:0.000141s ]
NOTIC: [8192] mysql_connect(): The mysql extension is deprecated and will be removed in the future: use mysqli or PDO instead /var/www/html/tp3.2/ThinkPHP/Library/Think/Db/Driver/Mysql.class.php 第 52 行.
SQL: SHOW COLUMNS FROM `user_list` [ RunTime:0.000926s ]
SQL: SELECT * FROM `user_list` WHERE ( phone_number='13200231520' )  [ RunTime:0.000582s ]
SQL: SELECT COUNT(*) AS tp_count FROM `user_list` WHERE ( pre_uid='100005' and (proxy_lv='0' or proxy_lv='1') ) LIMIT 1   [ RunTime:0.000403s ]
INFO: [ app_end ] --START--
INFO: Run Behavior\ShowPageTraceBehavior [ RunTime:0.000072s ]
INFO: [ app_end ] --END-- [ RunTime:0.000152s ]

[ 2018-08-15T22:18:15+08:00 ] 222.209.154.31 /tp3.2/index.php/home/Deveofflines/beansCountFew/
INFO: [ app_init ] --START--
INFO: Run Behavior\BuildLiteBehavior [ RunTime:0.000020s ]
INFO: [ app_init ] --END-- [ RunTime:0.000134s ]
INFO: [ app_begin ] --START--
INFO: Run Behavior\ReadHtmlCacheBehavior [ RunTime:0.000048s ]
INFO: [ app_begin ] --END-- [ RunTime:0.000133s ]
NOTIC: [8192] mysql_connect(): The mysql extension is deprecated and will be removed in the future: use mysqli or PDO instead /var/www/html/tp3.2/ThinkPHP/Library/Think/Db/Driver/Mysql.class.php 第 52 行.
SQL: SHOW COLUMNS FROM `user_list` [ RunTime:0.000927s ]
SQL: SELECT * FROM `user_list` WHERE ( phone_number='13200231520' )  [ RunTime:0.000514s ]
SQL: SELECT COUNT(*) AS tp_count FROM `user_list` WHERE ( pre_uid='100005' and proxy_lv='2' and regisder_time>='2018-08-08 22:18:15' and regisder_time<='2018-08-15 22:18:15' ) LIMIT 1   [ RunTime:0.000256s ]
INFO: [ app_end ] --START--
INFO: Run Behavior\ShowPageTraceBehavior [ RunTime:0.000100s ]
INFO: [ app_end ] --END-- [ RunTime:0.000281s ]

[ 2018-08-15T22:18:15+08:00 ] 222.209.154.31 /tp3.2/index.php/home/Deveofflines/promotersCountFew/
INFO: [ app_init ] --START--
INFO: Run Behavior\BuildLiteBehavior [ RunTime:0.000018s ]
INFO: [ app_init ] --END-- [ RunTime:0.000122s ]
INFO: [ app_begin ] --START--
INFO: Run Behavior\ReadHtmlCacheBehavior [ RunTime:0.000047s ]
INFO: [ app_begin ] --END-- [ RunTime:0.000131s ]
NOTIC: [8192] mysql_connect(): The mysql extension is deprecated and will be removed in the future: use mysqli or PDO instead /var/www/html/tp3.2/ThinkPHP/Library/Think/Db/Driver/Mysql.class.php 第 52 行.
SQL: SHOW COLUMNS FROM `user_list` [ RunTime:0.000860s ]
SQL: SELECT * FROM `user_list` WHERE ( phone_number='13200231520' )  [ RunTime:0.000494s ]
SQL: SELECT COUNT(*) AS tp_count FROM `user_list` WHERE ( pre_uid='100005' and (proxy_lv='3' or proxy_lv='4' or proxy_lv='5') and regisder_time>='2018-08-08 22:18:15' and regisder_time<='2018-08-15 22:18:15' ) LIMIT 1   [ RunTime:0.000337s ]
INFO: [ app_end ] --START--
INFO: Run Behavior\ShowPageTraceBehavior [ RunTime:0.000065s ]
INFO: [ app_end ] --END-- [ RunTime:0.000145s ]

[ 2018-08-15T22:18:15+08:00 ] 222.209.154.31 /tp3.2/index.php/home/Deveofflines/ordinaryCountFew/
INFO: [ app_init ] --START--
INFO: Run Behavior\BuildLiteBehavior [ RunTime:0.000018s ]
INFO: [ app_init ] --END-- [ RunTime:0.000122s ]
INFO: [ app_begin ] --START--
INFO: Run Behavior\ReadHtmlCacheBehavior [ RunTime:0.000047s ]
INFO: [ app_begin ] --END-- [ RunTime:0.000131s ]
NOTIC: [8192] mysql_connect(): The mysql extension is deprecated and will be removed in the future: use mysqli or PDO instead /var/www/html/tp3.2/ThinkPHP/Library/Think/Db/Driver/Mysql.class.php 第 52 行.
SQL: SHOW COLUMNS FROM `user_list` [ RunTime:0.000763s ]
SQL: SELECT * FROM `user_list` WHERE ( phone_number='13200231520' )  [ RunTime:0.000410s ]
SQL: SELECT COUNT(*) AS tp_count FROM `user_list` WHERE ( pre_uid='100005' and (proxy_lv='0' or proxy_lv='1') and regisder_time>='2018-08-08 22:18:15' and regisder_time<='2018-08-15 22:18:15' ) LIMIT 1   [ RunTime:0.000313s ]
INFO: [ app_end ] --START--
INFO: Run Behavior\ShowPageTraceBehavior [ RunTime:0.000061s ]
INFO: [ app_end ] --END-- [ RunTime:0.000140s ]

[ 2018-08-15T22:18:15+08:00 ] 222.209.154.31 /tp3.2/index.php/home/Deveofflines/beansCount/
INFO: [ app_init ] --START--
INFO: Run Behavior\BuildLiteBehavior [ RunTime:0.000017s ]
INFO: [ app_init ] --END-- [ RunTime:0.000122s ]
INFO: [ app_begin ] --START--
INFO: Run Behavior\ReadHtmlCacheBehavior [ RunTime:0.000049s ]
INFO: [ app_begin ] --END-- [ RunTime:0.000140s ]
NOTIC: [8192] mysql_connect(): The mysql extension is deprecated and will be removed in the future: use mysqli or PDO instead /var/www/html/tp3.2/ThinkPHP/Library/Think/Db/Driver/Mysql.class.php 第 52 行.
SQL: SHOW COLUMNS FROM `user_list` [ RunTime:0.000892s ]
SQL: SELECT * FROM `user_list` WHERE ( phone_number='13200231520' )  [ RunTime:0.000495s ]
SQL: SELECT COUNT(*) AS tp_count FROM `user_list` WHERE ( pre_uid='100005' and proxy_lv='2' ) LIMIT 1   [ RunTime:0.000296s ]
INFO: [ app_end ] --START--
INFO: Run Behavior\ShowPageTraceBehavior [ RunTime:0.000062s ]
INFO: [ app_end ] --END-- [ RunTime:0.000142s ]

[ 2018-08-15T22:18:15+08:00 ] 222.209.154.31 /tp3.2/index.php/home/Deveofflines/promotersCount/
INFO: [ app_init ] --START--
INFO: Run Behavior\BuildLiteBehavior [ RunTime:0.000018s ]
INFO: [ app_init ] --END-- [ RunTime:0.000123s ]
INFO: [ app_begin ] --START--
INFO: Run Behavior\ReadHtmlCacheBehavior [ RunTime:0.000049s ]
INFO: [ app_begin ] --END-- [ RunTime:0.000132s ]
NOTIC: [8192] mysql_connect(): The mysql extension is deprecated and will be removed in the future: use mysqli or PDO instead /var/www/html/tp3.2/ThinkPHP/Library/Think/Db/Driver/Mysql.class.php 第 52 行.
SQL: SHOW COLUMNS FROM `user_list` [ RunTime:0.000843s ]
SQL: SELECT * FROM `user_list` WHERE ( phone_number='13200231520' )  [ RunTime:0.000571s ]
SQL: SELECT COUNT(*) AS tp_count FROM `user_list` WHERE ( pre_uid='100005' and (proxy_lv='3' or proxy_lv='4'  or proxy_lv='5') ) LIMIT 1   [ RunTime:0.000222s ]
INFO: [ app_end ] --START--
INFO: Run Behavior\ShowPageTraceBehavior [ RunTime:0.000061s ]
INFO: [ app_end ] --END-- [ RunTime:0.000141s ]

[ 2018-08-15T22:18:15+08:00 ] 222.209.154.31 /tp3.2/index.php/home/Deveofflines/ownerCount/
INFO: [ app_init ] --START--
INFO: Run Behavior\BuildLiteBehavior [ RunTime:0.000018s ]
INFO: [ app_init ] --END-- [ RunTime:0.000122s ]
INFO: [ app_begin ] --START--
INFO: Run Behavior\ReadHtmlCacheBehavior [ RunTime:0.000048s ]
INFO: [ app_begin ] --END-- [ RunTime:0.000132s ]
NOTIC: [8192] mysql_connect(): The mysql extension is deprecated and will be removed in the future: use mysqli or PDO instead /var/www/html/tp3.2/ThinkPHP/Library/Think/Db/Driver/Mysql.class.php 第 52 行.
SQL: SHOW COLUMNS FROM `user_list` [ RunTime:0.000892s ]
SQL: SELECT * FROM `user_list` WHERE ( phone_number='13200231520' )  [ RunTime:0.000561s ]
SQL: SELECT COUNT(*) AS tp_count FROM `user_list` WHERE ( pre_uid='100005' and proxy_lv='5' ) LIMIT 1   [ RunTime:0.000387s ]
INFO: [ app_end ] --START--
INFO: Run Behavior\ShowPageTraceBehavior [ RunTime:0.000063s ]
INFO: [ app_end ] --END-- [ RunTime:0.000144s ]

[ 2018-08-15T22:18:15+08:00 ] 222.209.154.31 /tp3.2/index.php/home/Deveofflines/ownerCountFew/
INFO: [ app_init ] --START--
INFO: Run Behavior\BuildLiteBehavior [ RunTime:0.000018s ]
INFO: [ app_init ] --END-- [ RunTime:0.000121s ]
INFO: [ app_begin ] --START--
INFO: Run Behavior\ReadHtmlCacheBehavior [ RunTime:0.000046s ]
INFO: [ app_begin ] --END-- [ RunTime:0.000130s ]
NOTIC: [8192] mysql_connect(): The mysql extension is deprecated and will be removed in the future: use mysqli or PDO instead /var/www/html/tp3.2/ThinkPHP/Library/Think/Db/Driver/Mysql.class.php 第 52 行.
SQL: SHOW COLUMNS FROM `user_list` [ RunTime:0.000790s ]
SQL: SELECT * FROM `user_list` WHERE ( phone_number='13200231520' )  [ RunTime:0.000621s ]
SQL: SELECT COUNT(*) AS tp_count FROM `user_list` WHERE ( pre_uid='100005' and proxy_lv='5' and regisder_time>='2018-08-08 22:18:15' and regisder_time<='2018-08-15 22:18:15' ) LIMIT 1   [ RunTime:0.000422s ]
INFO: [ app_end ] --START--
INFO: Run Behavior\ShowPageTraceBehavior [ RunTime:0.000063s ]
INFO: [ app_end ] --END-- [ RunTime:0.000141s ]

[ 2018-08-15T22:18:18+08:00 ] 222.209.154.31 /tp3.2/index.php/home/Revequery/thisMonth/
INFO: [ app_init ] --START--
INFO: Run Behavior\BuildLiteBehavior [ RunTime:0.000018s ]
INFO: [ app_init ] --END-- [ RunTime:0.000163s ]
INFO: [ app_begin ] --START--
INFO: Run Behavior\ReadHtmlCacheBehavior [ RunTime:0.000049s ]
INFO: [ app_begin ] --END-- [ RunTime:0.000141s ]
NOTIC: [8192] mysql_connect(): The mysql extension is deprecated and will be removed in the future: use mysqli or PDO instead /var/www/html/tp3.2/ThinkPHP/Library/Think/Db/Driver/Mysql.class.php 第 52 行.
SQL: SHOW COLUMNS FROM `user_list` [ RunTime:0.000906s ]
SQL: SELECT * FROM `user_list` WHERE ( phone_number='13200231520' )  [ RunTime:0.000564s ]
SQL: SHOW COLUMNS FROM `profit_log` [ RunTime:0.000498s ]
SQL: SELECT SUM(self_profit+pre_profit+pre_pre_profit) as sum,`time` FROM `profit_log` WHERE ( uid='100005' and time>='2018-08-1 00:00:00' and time<'2018-09-1 00:00:00' )  [ RunTime:0.000305s ]
INFO: [ app_end ] --START--
INFO: Run Behavior\ShowPageTraceBehavior [ RunTime:0.000071s ]
INFO: [ app_end ] --END-- [ RunTime:0.000152s ]

[ 2018-08-15T22:18:18+08:00 ] 222.209.154.31 /tp3.2/index.php/home/Revequery/a4/
INFO: [ app_init ] --START--
INFO: Run Behavior\BuildLiteBehavior [ RunTime:0.000017s ]
INFO: [ app_init ] --END-- [ RunTime:0.000136s ]
INFO: [ app_begin ] --START--
INFO: Run Behavior\ReadHtmlCacheBehavior [ RunTime:0.000047s ]
INFO: [ app_begin ] --END-- [ RunTime:0.000137s ]
NOTIC: [8192] mysql_connect(): The mysql extension is deprecated and will be removed in the future: use mysqli or PDO instead /var/www/html/tp3.2/ThinkPHP/Library/Think/Db/Driver/Mysql.class.php 第 52 行.
SQL: SHOW COLUMNS FROM `user_list` [ RunTime:0.000761s ]
SQL: SELECT * FROM `user_list` WHERE ( phone_number='13200231520' )  [ RunTime:0.000413s ]
SQL: SHOW COLUMNS FROM `profit_log` [ RunTime:0.000495s ]
SQL: SELECT SUM(self_profit+pre_profit+pre_pre_profit) as sum,`time` FROM `profit_log` WHERE ( uid='100005' and time>='2018-04-1 00:00:00' and time<'2018-05-1 00:00:00' )  [ RunTime:0.000420s ]
INFO: [ app_end ] --START--
INFO: Run Behavior\ShowPageTraceBehavior [ RunTime:0.000060s ]
INFO: [ app_end ] --END-- [ RunTime:0.000141s ]

[ 2018-08-15T22:18:18+08:00 ] 222.209.154.31 /tp3.2/index.php/home/Revequery/a3/
INFO: [ app_init ] --START--
INFO: Run Behavior\BuildLiteBehavior [ RunTime:0.000017s ]
INFO: [ app_init ] --END-- [ RunTime:0.000122s ]
INFO: [ app_begin ] --START--
INFO: Run Behavior\ReadHtmlCacheBehavior [ RunTime:0.000048s ]
INFO: [ app_begin ] --END-- [ RunTime:0.000131s ]
NOTIC: [8192] mysql_connect(): The mysql extension is deprecated and will be removed in the future: use mysqli or PDO instead /var/www/html/tp3.2/ThinkPHP/Library/Think/Db/Driver/Mysql.class.php 第 52 行.
SQL: SHOW COLUMNS FROM `user_list` [ RunTime:0.000850s ]
SQL: SELECT * FROM `user_list` WHERE ( phone_number='13200231520' )  [ RunTime:0.000515s ]
SQL: SHOW COLUMNS FROM `profit_log` [ RunTime:0.000584s ]
SQL: SELECT SUM(self_profit+pre_profit+pre_pre_profit) as sum,`time` FROM `profit_log` WHERE ( uid='100005' and time>='2018-05-1 00:00:00' and time<'2018-06-1 00:00:00' )  [ RunTime:0.000314s ]
INFO: [ app_end ] --START--
INFO: Run Behavior\ShowPageTraceBehavior [ RunTime:0.000061s ]
INFO: [ app_end ] --END-- [ RunTime:0.000141s ]

[ 2018-08-15T22:18:18+08:00 ] 222.209.154.31 /tp3.2/index.php/home/Revequery/a1/
INFO: [ app_init ] --START--
INFO: Run Behavior\BuildLiteBehavior [ RunTime:0.000018s ]
INFO: [ app_init ] --END-- [ RunTime:0.000122s ]
INFO: [ app_begin ] --START--
INFO: Run Behavior\ReadHtmlCacheBehavior [ RunTime:0.000048s ]
INFO: [ app_begin ] --END-- [ RunTime:0.000132s ]
NOTIC: [8192] mysql_connect(): The mysql extension is deprecated and will be removed in the future: use mysqli or PDO instead /var/www/html/tp3.2/ThinkPHP/Library/Think/Db/Driver/Mysql.class.php 第 52 行.
SQL: SHOW COLUMNS FROM `user_list` [ RunTime:0.001045s ]
SQL: SELECT * FROM `user_list` WHERE ( phone_number='13200231520' )  [ RunTime:0.000587s ]
SQL: SHOW COLUMNS FROM `profit_log` [ RunTime:0.000460s ]
SQL: SELECT SUM(self_profit+pre_profit+pre_pre_profit) as sum,`time` FROM `profit_log` WHERE ( uid='100005' and time>='2018-07-1 00:00:00' and time<'2018-08-1 00:00:00' )  [ RunTime:0.000321s ]
INFO: [ app_end ] --START--
INFO: Run Behavior\ShowPageTraceBehavior [ RunTime:0.000061s ]
INFO: [ app_end ] --END-- [ RunTime:0.000180s ]

[ 2018-08-15T22:18:18+08:00 ] 222.209.154.31 /tp3.2/index.php/home/Revequery/a2/
INFO: [ app_init ] --START--
INFO: Run Behavior\BuildLiteBehavior [ RunTime:0.000017s ]
INFO: [ app_init ] --END-- [ RunTime:0.000120s ]
INFO: [ app_begin ] --START--
INFO: Run Behavior\ReadHtmlCacheBehavior [ RunTime:0.000106s ]
INFO: [ app_begin ] --END-- [ RunTime:0.000191s ]
NOTIC: [8192] mysql_connect(): The mysql extension is deprecated and will be removed in the future: use mysqli or PDO instead /var/www/html/tp3.2/ThinkPHP/Library/Think/Db/Driver/Mysql.class.php 第 52 行.
SQL: SHOW COLUMNS FROM `user_list` [ RunTime:0.000836s ]
SQL: SELECT * FROM `user_list` WHERE ( phone_number='13200231520' )  [ RunTime:0.000562s ]
SQL: SHOW COLUMNS FROM `profit_log` [ RunTime:0.000499s ]
SQL: SELECT SUM(self_profit+pre_profit+pre_pre_profit) as sum,`time` FROM `profit_log` WHERE ( uid='100005' and time>='2018-06-1 00:00:00' and time<'2018-07-1 00:00:00' )  [ RunTime:0.000317s ]
INFO: [ app_end ] --START--
INFO: Run Behavior\ShowPageTraceBehavior [ RunTime:0.000062s ]
INFO: [ app_end ] --END-- [ RunTime:0.000142s ]

[ 2018-08-15T22:18:18+08:00 ] 222.209.154.31 /tp3.2/index.php/home/Revequery/index/
INFO: [ app_init ] --START--
INFO: Run Behavior\BuildLiteBehavior [ RunTime:0.000018s ]
INFO: [ app_init ] --END-- [ RunTime:0.000123s ]
INFO: [ app_begin ] --START--
INFO: Run Behavior\ReadHtmlCacheBehavior [ RunTime:0.000059s ]
INFO: [ app_begin ] --END-- [ RunTime:0.000144s ]
NOTIC: [8192] mysql_connect(): The mysql extension is deprecated and will be removed in the future: use mysqli or PDO instead /var/www/html/tp3.2/ThinkPHP/Library/Think/Db/Driver/Mysql.class.php 第 52 行.
SQL: SHOW COLUMNS FROM `user_list` [ RunTime:0.000832s ]
SQL: SELECT * FROM `user_list` WHERE ( phone_number='13200231520' )  [ RunTime:0.000455s ]
SQL: SHOW COLUMNS FROM `profit_log` [ RunTime:0.000488s ]
SQL: SELECT SUM(self_profit+pre_profit+pre_pre_profit) as sum,`time` FROM `profit_log` WHERE ( uid='100005' )  [ RunTime:0.000292s ]
INFO: [ app_end ] --START--
INFO: Run Behavior\ShowPageTraceBehavior [ RunTime:0.000061s ]
INFO: [ app_end ] --END-- [ RunTime:0.000142s ]

[ 2018-08-15T22:18:18+08:00 ] 222.209.154.31 /tp3.2/index.php/home/Revequery/a5/
INFO: [ app_init ] --START--
INFO: Run Behavior\BuildLiteBehavior [ RunTime:0.000018s ]
INFO: [ app_init ] --END-- [ RunTime:0.000122s ]
INFO: [ app_begin ] --START--
INFO: Run Behavior\ReadHtmlCacheBehavior [ RunTime:0.000049s ]
INFO: [ app_begin ] --END-- [ RunTime:0.000133s ]
NOTIC: [8192] mysql_connect(): The mysql extension is deprecated and will be removed in the future: use mysqli or PDO instead /var/www/html/tp3.2/ThinkPHP/Library/Think/Db/Driver/Mysql.class.php 第 52 行.
SQL: SHOW COLUMNS FROM `user_list` [ RunTime:0.000986s ]
SQL: SELECT * FROM `user_list` WHERE ( phone_number='13200231520' )  [ RunTime:0.000562s ]
SQL: SHOW COLUMNS FROM `profit_log` [ RunTime:0.000530s ]
SQL: SELECT SUM(self_profit+pre_profit+pre_pre_profit) as sum,`time` FROM `profit_log` WHERE ( uid='100005' and time>='2018-03-1 00:00:00' and time<'2018-04-1 00:00:00' )  [ RunTime:0.000311s ]
INFO: [ app_end ] --START--
INFO: Run Behavior\ShowPageTraceBehavior [ RunTime:0.000061s ]
INFO: [ app_end ] --END-- [ RunTime:0.000142s ]

[ 2018-08-15T22:18:18+08:00 ] 222.209.154.31 /tp3.2/index.php/home/Revequery/a6/
INFO: [ app_init ] --START--
INFO: Run Behavior\BuildLiteBehavior [ RunTime:0.000017s ]
INFO: [ app_init ] --END-- [ RunTime:0.000177s ]
INFO: [ app_begin ] --START--
INFO: Run Behavior\ReadHtmlCacheBehavior [ RunTime:0.000048s ]
INFO: [ app_begin ] --END-- [ RunTime:0.000196s ]
NOTIC: [8192] mysql_connect(): The mysql extension is deprecated and will be removed in the future: use mysqli or PDO instead /var/www/html/tp3.2/ThinkPHP/Library/Think/Db/Driver/Mysql.class.php 第 52 行.
SQL: SHOW COLUMNS FROM `user_list` [ RunTime:0.000936s ]
SQL: SELECT * FROM `user_list` WHERE ( phone_number='13200231520' )  [ RunTime:0.000556s ]
SQL: SHOW COLUMNS FROM `profit_log` [ RunTime:0.000613s ]
SQL: SELECT SUM(self_profit+pre_profit+pre_pre_profit) as sum,`time` FROM `profit_log` WHERE ( uid='100005' and time>='2018-02-1 00:00:00' and time<'2018-03-1 00:00:00' )  [ RunTime:0.000304s ]
INFO: [ app_end ] --START--
INFO: Run Behavior\ShowPageTraceBehavior [ RunTime:0.000067s ]
INFO: [ app_end ] --END-- [ RunTime:0.000147s ]

[ 2018-08-15T22:18:19+08:00 ] 222.209.154.31 /tp3.2/index.php/home/Personal/index1/
INFO: [ app_init ] --START--
INFO: Run Behavior\BuildLiteBehavior [ RunTime:0.000018s ]
INFO: [ app_init ] --END-- [ RunTime:0.000124s ]
INFO: [ app_begin ] --START--
INFO: Run Behavior\ReadHtmlCacheBehavior [ RunTime:0.000047s ]
INFO: [ app_begin ] --END-- [ RunTime:0.000131s ]
NOTIC: [8192] mysql_connect(): The mysql extension is deprecated and will be removed in the future: use mysqli or PDO instead /var/www/html/tp3.2/ThinkPHP/Library/Think/Db/Driver/Mysql.class.php 第 52 行.
SQL: SHOW COLUMNS FROM `user_list` [ RunTime:0.000909s ]
SQL: SELECT * FROM `user_list` WHERE ( phone_number='13200231520' )  [ RunTime:0.000557s ]
INFO: [ app_end ] --START--
INFO: Run Behavior\ShowPageTraceBehavior [ RunTime:0.000062s ]
INFO: [ app_end ] --END-- [ RunTime:0.000143s ]

[ 2018-08-15T22:18:19+08:00 ] 222.209.154.31 /tp3.2/index.php/home/Personal/index/
INFO: [ app_init ] --START--
INFO: Run Behavior\BuildLiteBehavior [ RunTime:0.000018s ]
INFO: [ app_init ] --END-- [ RunTime:0.000185s ]
INFO: [ app_begin ] --START--
INFO: Run Behavior\ReadHtmlCacheBehavior [ RunTime:0.000047s ]
INFO: [ app_begin ] --END-- [ RunTime:0.000131s ]
NOTIC: [8192] mysql_connect(): The mysql extension is deprecated and will be removed in the future: use mysqli or PDO instead /var/www/html/tp3.2/ThinkPHP/Library/Think/Db/Driver/Mysql.class.php 第 52 行.
SQL: SHOW COLUMNS FROM `user_list` [ RunTime:0.000769s ]
SQL: SELECT * FROM `user_list` WHERE ( phone_number='13200231520' )  [ RunTime:0.000527s ]
INFO: [ app_end ] --START--
INFO: Run Behavior\ShowPageTraceBehavior [ RunTime:0.000060s ]
INFO: [ app_end ] --END-- [ RunTime:0.000142s ]

[ 2018-08-15T22:18:19+08:00 ] 222.209.154.31 /tp3.2/index.php/home/Personal/index2/
INFO: [ app_init ] --START--
INFO: Run Behavior\BuildLiteBehavior [ RunTime:0.000017s ]
INFO: [ app_init ] --END-- [ RunTime:0.000126s ]
INFO: [ app_begin ] --START--
INFO: Run Behavior\ReadHtmlCacheBehavior [ RunTime:0.000114s ]
INFO: [ app_begin ] --END-- [ RunTime:0.000209s ]
NOTIC: [8192] mysql_connect(): The mysql extension is deprecated and will be removed in the future: use mysqli or PDO instead /var/www/html/tp3.2/ThinkPHP/Library/Think/Db/Driver/Mysql.class.php 第 52 行.
SQL: SHOW COLUMNS FROM `user_list` [ RunTime:0.000832s ]
SQL: SELECT * FROM `user_list` WHERE ( phone_number='13200231520' )  [ RunTime:0.000547s ]
INFO: [ app_end ] --START--
INFO: Run Behavior\ShowPageTraceBehavior [ RunTime:0.000061s ]
INFO: [ app_end ] --END-- [ RunTime:0.000143s ]

[ 2018-08-15T22:18:19+08:00 ] 222.209.154.31 /tp3.2/index.php/home/Personal/index3/
INFO: [ app_init ] --START--
INFO: Run Behavior\BuildLiteBehavior [ RunTime:0.000017s ]
INFO: [ app_init ] --END-- [ RunTime:0.000122s ]
INFO: [ app_begin ] --START--
INFO: Run Behavior\ReadHtmlCacheBehavior [ RunTime:0.000049s ]
INFO: [ app_begin ] --END-- [ RunTime:0.000139s ]
NOTIC: [8192] mysql_connect(): The mysql extension is deprecated and will be removed in the future: use mysqli or PDO instead /var/www/html/tp3.2/ThinkPHP/Library/Think/Db/Driver/Mysql.class.php 第 52 行.
SQL: SHOW COLUMNS FROM `user_list` [ RunTime:0.000761s ]
SQL: SELECT * FROM `user_list` WHERE ( phone_number='13200231520' )  [ RunTime:0.000409s ]
INFO: [ app_end ] --START--
INFO: Run Behavior\ShowPageTraceBehavior [ RunTime:0.000143s ]
INFO: [ app_end ] --END-- [ RunTime:0.000225s ]

[ 2018-08-15T22:18:19+08:00 ] 222.209.154.31 /tp3.2/index.php/home/PayPwd/accountBalance/
INFO: [ app_init ] --START--
INFO: Run Behavior\BuildLiteBehavior [ RunTime:0.000018s ]
INFO: [ app_init ] --END-- [ RunTime:0.000123s ]
INFO: [ app_begin ] --START--
INFO: Run Behavior\ReadHtmlCacheBehavior [ RunTime:0.000047s ]
INFO: [ app_begin ] --END-- [ RunTime:0.000130s ]
NOTIC: [8192] mysql_connect(): The mysql extension is deprecated and will be removed in the future: use mysqli or PDO instead /var/www/html/tp3.2/ThinkPHP/Library/Think/Db/Driver/Mysql.class.php 第 52 行.
SQL: SHOW COLUMNS FROM `user_list` [ RunTime:0.000783s ]
SQL: SELECT * FROM `user_list` WHERE ( phone_number='13200231520' )  [ RunTime:0.000409s ]
SQL: SHOW COLUMNS FROM `bank_katti` [ RunTime:0.000485s ]
SQL: SELECT `balance` FROM `bank_katti` WHERE ( uid='100005' )  [ RunTime:0.000311s ]
INFO: [ app_end ] --START--
INFO: Run Behavior\ShowPageTraceBehavior [ RunTime:0.000063s ]
INFO: [ app_end ] --END-- [ RunTime:0.000143s ]

[ 2018-08-15T22:18:19+08:00 ] 222.209.154.31 /tp3.2/index.php/home/Personal/bankUsername/
INFO: [ app_init ] --START--
INFO: Run Behavior\BuildLiteBehavior [ RunTime:0.000018s ]
INFO: [ app_init ] --END-- [ RunTime:0.000133s ]
INFO: [ app_begin ] --START--
INFO: Run Behavior\ReadHtmlCacheBehavior [ RunTime:0.000046s ]
INFO: [ app_begin ] --END-- [ RunTime:0.000129s ]
NOTIC: [8192] mysql_connect(): The mysql extension is deprecated and will be removed in the future: use mysqli or PDO instead /var/www/html/tp3.2/ThinkPHP/Library/Think/Db/Driver/Mysql.class.php 第 52 行.
SQL: SHOW COLUMNS FROM `user_list` [ RunTime:0.000808s ]
SQL: SELECT * FROM `user_list` WHERE ( phone_number='13200231520' )  [ RunTime:0.000483s ]
INFO: [ app_end ] --START--
INFO: Run Behavior\ShowPageTraceBehavior [ RunTime:0.000063s ]
INFO: [ app_end ] --END-- [ RunTime:0.000144s ]

[ 2018-08-15T22:18:19+08:00 ] 222.209.154.31 /tp3.2/index.php/home/Personal/bankCard/
INFO: [ app_init ] --START--
INFO: Run Behavior\BuildLiteBehavior [ RunTime:0.000017s ]
INFO: [ app_init ] --END-- [ RunTime:0.000120s ]
INFO: [ app_begin ] --START--
INFO: Run Behavior\ReadHtmlCacheBehavior [ RunTime:0.000047s ]
INFO: [ app_begin ] --END-- [ RunTime:0.000138s ]
NOTIC: [8192] mysql_connect(): The mysql extension is deprecated and will be removed in the future: use mysqli or PDO instead /var/www/html/tp3.2/ThinkPHP/Library/Think/Db/Driver/Mysql.class.php 第 52 行.
SQL: SHOW COLUMNS FROM `user_list` [ RunTime:0.000905s ]
SQL: SELECT * FROM `user_list` WHERE ( phone_number='13200231520' )  [ RunTime:0.000559s ]
INFO: [ app_end ] --START--
INFO: Run Behavior\ShowPageTraceBehavior [ RunTime:0.000062s ]
INFO: [ app_end ] --END-- [ RunTime:0.000142s ]

[ 2018-08-15T22:18:19+08:00 ] 222.209.154.31 /tp3.2/index.php/home/Personal/bind/
INFO: [ app_init ] --START--
INFO: Run Behavior\BuildLiteBehavior [ RunTime:0.000017s ]
INFO: [ app_init ] --END-- [ RunTime:0.000122s ]
INFO: [ app_begin ] --START--
INFO: Run Behavior\ReadHtmlCacheBehavior [ RunTime:0.000048s ]
INFO: [ app_begin ] --END-- [ RunTime:0.000133s ]
NOTIC: [8192] mysql_connect(): The mysql extension is deprecated and will be removed in the future: use mysqli or PDO instead /var/www/html/tp3.2/ThinkPHP/Library/Think/Db/Driver/Mysql.class.php 第 52 行.
SQL: SHOW COLUMNS FROM `user_list` [ RunTime:0.000889s ]
SQL: SELECT * FROM `user_list` WHERE ( phone_number='13200231520' )  [ RunTime:0.000552s ]
INFO: [ app_end ] --START--
INFO: Run Behavior\ShowPageTraceBehavior [ RunTime:0.000063s ]
INFO: [ app_end ] --END-- [ RunTime:0.000143s ]

[ 2018-08-15T22:18:19+08:00 ] 222.209.154.31 /tp3.2/index.php/home/Personal/bankAddress/
INFO: [ app_init ] --START--
INFO: Run Behavior\BuildLiteBehavior [ RunTime:0.000017s ]
INFO: [ app_init ] --END-- [ RunTime:0.000121s ]
INFO: [ app_begin ] --START--
INFO: Run Behavior\ReadHtmlCacheBehavior [ RunTime:0.000048s ]
INFO: [ app_begin ] --END-- [ RunTime:0.000132s ]
NOTIC: [8192] mysql_connect(): The mysql extension is deprecated and will be removed in the future: use mysqli or PDO instead /var/www/html/tp3.2/ThinkPHP/Library/Think/Db/Driver/Mysql.class.php 第 52 行.
SQL: SHOW COLUMNS FROM `user_list` [ RunTime:0.000843s ]
SQL: SELECT * FROM `user_list` WHERE ( phone_number='13200231520' )  [ RunTime:0.000482s ]
INFO: [ app_end ] --START--
INFO: Run Behavior\ShowPageTraceBehavior [ RunTime:0.000062s ]
INFO: [ app_end ] --END-- [ RunTime:0.000142s ]

[ 2018-08-15T22:18:28+08:00 ] 222.209.154.31 /tp3.2/index.php/home/PayPwd/accountBalance/
INFO: [ app_init ] --START--
INFO: Run Behavior\BuildLiteBehavior [ RunTime:0.000019s ]
INFO: [ app_init ] --END-- [ RunTime:0.000144s ]
INFO: [ app_begin ] --START--
INFO: Run Behavior\ReadHtmlCacheBehavior [ RunTime:0.000054s ]
INFO: [ app_begin ] --END-- [ RunTime:0.000137s ]
NOTIC: [8192] mysql_connect(): The mysql extension is deprecated and will be removed in the future: use mysqli or PDO instead /var/www/html/tp3.2/ThinkPHP/Library/Think/Db/Driver/Mysql.class.php 第 52 行.
SQL: SHOW COLUMNS FROM `user_list` [ RunTime:0.000996s ]
SQL: SELECT * FROM `user_list` WHERE ( phone_number='13200231520' )  [ RunTime:0.000569s ]
SQL: SHOW COLUMNS FROM `bank_katti` [ RunTime:0.000549s ]
SQL: SELECT `balance` FROM `bank_katti` WHERE ( uid='100005' )  [ RunTime:0.000326s ]
INFO: [ app_end ] --START--
INFO: Run Behavior\ShowPageTraceBehavior [ RunTime:0.000074s ]
INFO: [ app_end ] --END-- [ RunTime:0.000154s ]

[ 2018-08-15T22:18:44+08:00 ] 222.209.154.31 /tp3.2/index.php/home/PayPwd/index/
INFO: [ app_init ] --START--
INFO: Run Behavior\BuildLiteBehavior [ RunTime:0.000020s ]
INFO: [ app_init ] --END-- [ RunTime:0.000151s ]
INFO: [ app_begin ] --START--
INFO: Run Behavior\ReadHtmlCacheBehavior [ RunTime:0.000065s ]
INFO: [ app_begin ] --END-- [ RunTime:0.000157s ]
NOTIC: [8192] mysql_connect(): The mysql extension is deprecated and will be removed in the future: use mysqli or PDO instead /var/www/html/tp3.2/ThinkPHP/Library/Think/Db/Driver/Mysql.class.php 第 52 行.
SQL: SHOW COLUMNS FROM `user_list` [ RunTime:0.000910s ]
SQL: SELECT * FROM `user_list` WHERE ( phone_number='13200231520' )  [ RunTime:0.000653s ]
SQL: SHOW COLUMNS FROM `bank_katti` [ RunTime:0.000484s ]
SQL: INSERT INTO `bank_katti` (`uid`,`bank_card_type`,`card_number`,`presentation_time`,`cash_amount`,`present_status`,`total`,`balance`) VALUES (100005,'中国建设银行','123456789123456789','2018-08-15 22:18:44','100',0,'1477.00',1377) [ RunTime:0.000277s ]
INFO: [ app_end ] --START--
INFO: Run Behavior\ShowPageTraceBehavior [ RunTime:0.000078s ]
INFO: [ app_end ] --END-- [ RunTime:0.000159s ]

[ 2018-08-15T22:18:45+08:00 ] 222.209.154.31 /tp3.2/index.php/home/PresentRecord/de
INFO: [ app_init ] --START--
INFO: Run Behavior\BuildLiteBehavior [ RunTime:0.000018s ]
INFO: [ app_init ] --END-- [ RunTime:0.000137s ]
INFO: [ app_begin ] --START--
INFO: Run Behavior\ReadHtmlCacheBehavior [ RunTime:0.000049s ]
INFO: [ app_begin ] --END-- [ RunTime:0.000133s ]
INFO: [ app_end ] --START--
INFO: Run Behavior\ShowPageTraceBehavior [ RunTime:0.000058s ]
INFO: [ app_end ] --END-- [ RunTime:0.000144s ]

[ 2018-08-15T22:18:46+08:00 ] 222.209.154.31 /tp3.2/index.php/home/PresentRecord/indexa
INFO: [ app_init ] --START--
INFO: Run Behavior\BuildLiteBehavior [ RunTime:0.000017s ]
INFO: [ app_init ] --END-- [ RunTime:0.000121s ]
INFO: [ app_begin ] --START--
INFO: Run Behavior\ReadHtmlCacheBehavior [ RunTime:0.000047s ]
INFO: [ app_begin ] --END-- [ RunTime:0.000129s ]
NOTIC: [8192] mysql_connect(): The mysql extension is deprecated and will be removed in the future: use mysqli or PDO instead /var/www/html/tp3.2/ThinkPHP/Library/Think/Db/Driver/Mysql.class.php 第 52 行.
SQL: SHOW COLUMNS FROM `bank_katti` [ RunTime:0.000556s ]
SQL: SELECT * FROM `bank_katti` WHERE ( uid='100005' ) GROUP BY date_format(presentation_time ,'%Y-%m')  [ RunTime:0.000494s ]
NOTIC: [2] strtotime() expects parameter 2 to be long, string given /var/www/html/tp3.2/Application/Home/Controller/PresentRecordController.class.php 第 151 行.
SQL: SELECT bank_katti.*,(case present_status when 0 then '已提交,银行处理中' else '已到账' end) as whether,date_format(presentation_time,'%m-%d %H:%i') as mdhi FROM `bank_katti` WHERE ( presentation_time>='2018-06-01 00:00:00' and presentation_time<='2018-07-01 00:00:00' ) ORDER BY bank_katti.presentation_time asc  [ RunTime:0.000351s ]
SQL: SELECT COUNT(*) AS tp_count FROM `bank_katti` WHERE ( presentation_time>='2018-06-01 00:00:00' and presentation_time<='2018-07-01 00:00:00' ) LIMIT 1   [ RunTime:0.000271s ]
NOTIC: [2] strtotime() expects parameter 2 to be long, string given /var/www/html/tp3.2/Application/Home/Controller/PresentRecordController.class.php 第 151 行.
SQL: SELECT bank_katti.*,(case present_status when 0 then '已提交,银行处理中' else '已到账' end) as whether,date_format(presentation_time,'%m-%d %H:%i') as mdhi FROM `bank_katti` WHERE ( presentation_time>='2018-07-01 00:00:00' and presentation_time<='2018-08-01 00:00:00' ) ORDER BY bank_katti.presentation_time asc  [ RunTime:0.000354s ]
SQL: SELECT COUNT(*) AS tp_count FROM `bank_katti` WHERE ( presentation_time>='2018-07-01 00:00:00' and presentation_time<='2018-08-01 00:00:00' ) LIMIT 1   [ RunTime:0.000176s ]
NOTIC: [2] strtotime() expects parameter 2 to be long, string given /var/www/html/tp3.2/Application/Home/Controller/PresentRecordController.class.php 第 151 行.
SQL: SELECT bank_katti.*,(case present_status when 0 then '已提交,银行处理中' else '已到账' end) as whether,date_format(presentation_time,'%m-%d %H:%i') as mdhi FROM `bank_katti` WHERE ( presentation_time>='2018-08-01 00:00:00' and presentation_time<='2018-09-01 00:00:00' ) ORDER BY bank_katti.presentation_time asc  [ RunTime:0.000306s ]
SQL: SELECT COUNT(*) AS tp_count FROM `bank_katti` WHERE ( presentation_time>='2018-08-01 00:00:00' and presentation_time<='2018-09-01 00:00:00' ) LIMIT 1   [ RunTime:0.000227s ]
INFO: [ app_end ] --START--
INFO: Run Behavior\ShowPageTraceBehavior [ RunTime:0.000062s ]
INFO: [ app_end ] --END-- [ RunTime:0.000154s ]

[ 2018-08-15T22:19:04+08:00 ] 222.209.154.31 /tp3.2/index.php/home/indexComputer/index
INFO: [ app_init ] --START--
INFO: Run Behavior\BuildLiteBehavior [ RunTime:0.000020s ]
INFO: [ app_init ] --END-- [ RunTime:0.000150s ]
INFO: [ app_begin ] --START--
INFO: Run Behavior\ReadHtmlCacheBehavior [ RunTime:0.000073s ]
INFO: [ app_begin ] --END-- [ RunTime:0.000158s ]
NOTIC: [8192] mysql_connect(): The mysql extension is deprecated and will be removed in the future: use mysqli or PDO instead /var/www/html/tp3.2/ThinkPHP/Library/Think/Db/Driver/Mysql.class.php 第 52 行.
SQL: SHOW COLUMNS FROM `user` [ RunTime:0.000434s ]
SQL: SELECT * FROM `user` WHERE ( phone='13200231520' and password='abc123' )  [ RunTime:0.000331s ]
INFO: [ app_end ] --START--
INFO: Run Behavior\ShowPageTraceBehavior [ RunTime:0.000084s ]
INFO: [ app_end ] --END-- [ RunTime:0.000165s ]

[ 2018-08-15T22:19:05+08:00 ] 222.209.154.31 /tp3.2/index.php/home/PayPwd/accountBalance/
INFO: [ app_init ] --START--
INFO: Run Behavior\BuildLiteBehavior [ RunTime:0.000018s ]
INFO: [ app_init ] --END-- [ RunTime:0.000124s ]
INFO: [ app_begin ] --START--
INFO: Run Behavior\ReadHtmlCacheBehavior [ RunTime:0.000048s ]
INFO: [ app_begin ] --END-- [ RunTime:0.000140s ]
NOTIC: [8192] mysql_connect(): The mysql extension is deprecated and will be removed in the future: use mysqli or PDO instead /var/www/html/tp3.2/ThinkPHP/Library/Think/Db/Driver/Mysql.class.php 第 52 行.
SQL: SHOW COLUMNS FROM `user_list` [ RunTime:0.000926s ]
SQL: SELECT * FROM `user_list` WHERE ( phone_number='13200231520' )  [ RunTime:0.000569s ]
SQL: SHOW COLUMNS FROM `bank_katti` [ RunTime:0.000523s ]
SQL: SELECT `balance` FROM `bank_katti` WHERE ( uid='100005' )  [ RunTime:0.000335s ]
INFO: [ app_end ] --START--
INFO: Run Behavior\ShowPageTraceBehavior [ RunTime:0.000061s ]
INFO: [ app_end ] --END-- [ RunTime:0.000142s ]

[ 2018-08-15T22:19:05+08:00 ] 222.209.154.31 /tp3.2/index.php/home/HomeTree/pretotal/
INFO: [ app_init ] --START--
INFO: Run Behavior\BuildLiteBehavior [ RunTime:0.000018s ]
INFO: [ app_init ] --END-- [ RunTime:0.000122s ]
INFO: [ app_begin ] --START--
INFO: Run Behavior\ReadHtmlCacheBehavior [ RunTime:0.000047s ]
INFO: [ app_begin ] --END-- [ RunTime:0.000131s ]
NOTIC: [8192] mysql_connect(): The mysql extension is deprecated and will be removed in the future: use mysqli or PDO instead /var/www/html/tp3.2/ThinkPHP/Library/Think/Db/Driver/Mysql.class.php 第 52 行.
SQL: SHOW COLUMNS FROM `user_list` [ RunTime:0.000913s ]
SQL: SELECT * FROM `user_list` WHERE ( phone_number='13200231520' )  [ RunTime:0.000554s ]
SQL: SELECT * FROM `user_list` WHERE ( uid='100005' )  [ RunTime:0.000383s ]
INFO: [ app_end ] --START--
INFO: Run Behavior\ShowPageTraceBehavior [ RunTime:0.000062s ]
INFO: [ app_end ] --END-- [ RunTime:0.000144s ]

[ 2018-08-15T22:19:05+08:00 ] 222.209.154.31 /tp3.2/index.php/home/HomeTree/isshow
INFO: [ app_init ] --START--
INFO: Run Behavior\BuildLiteBehavior [ RunTime:0.000030s ]
INFO: [ app_init ] --END-- [ RunTime:0.000212s ]
INFO: [ app_begin ] --START--
INFO: Run Behavior\ReadHtmlCacheBehavior [ RunTime:0.000081s ]
INFO: [ app_begin ] --END-- [ RunTime:0.000218s ]
NOTIC: [8192] mysql_connect(): The mysql extension is deprecated and will be removed in the future: use mysqli or PDO instead /var/www/html/tp3.2/ThinkPHP/Library/Think/Db/Driver/Mysql.class.php 第 52 行.
SQL: SHOW COLUMNS FROM `user_list` [ RunTime:0.000840s ]
SQL: SELECT * FROM `user_list` WHERE ( phone_number='13200231520' )  [ RunTime:0.000507s ]
INFO: [ app_end ] --START--
INFO: Run Behavior\ShowPageTraceBehavior [ RunTime:0.000068s ]
INFO: [ app_end ] --END-- [ RunTime:0.000149s ]

[ 2018-08-15T22:19:05+08:00 ] 222.209.154.31 /tp3.2/index.php/home/HomeTree/pretotal/
INFO: [ app_init ] --START--
INFO: Run Behavior\BuildLiteBehavior [ RunTime:0.000030s ]
INFO: [ app_init ] --END-- [ RunTime:0.000202s ]
INFO: [ app_begin ] --START--
INFO: Run Behavior\ReadHtmlCacheBehavior [ RunTime:0.000079s ]
INFO: [ app_begin ] --END-- [ RunTime:0.000218s ]
NOTIC: [8192] mysql_connect(): The mysql extension is deprecated and will be removed in the future: use mysqli or PDO instead /var/www/html/tp3.2/ThinkPHP/Library/Think/Db/Driver/Mysql.class.php 第 52 行.
SQL: SHOW COLUMNS FROM `user_list` [ RunTime:0.000770s ]
SQL: SELECT * FROM `user_list` WHERE ( phone_number='13200231520' )  [ RunTime:0.000416s ]
SQL: SELECT * FROM `user_list` WHERE ( uid='100005' )  [ RunTime:0.000305s ]
INFO: [ app_end ] --START--
INFO: Run Behavior\ShowPageTraceBehavior [ RunTime:0.000070s ]
INFO: [ app_end ] --END-- [ RunTime:0.000152s ]

[ 2018-08-15T22:19:05+08:00 ] 222.209.154.31 /tp3.2/index.php/home/HomeTree/prepretotal/
INFO: [ app_init ] --START--
INFO: Run Behavior\BuildLiteBehavior [ RunTime:0.000030s ]
INFO: [ app_init ] --END-- [ RunTime:0.000199s ]
INFO: [ app_begin ] --START--
INFO: Run Behavior\ReadHtmlCacheBehavior [ RunTime:0.000053s ]
INFO: [ app_begin ] --END-- [ RunTime:0.000174s ]
NOTIC: [8192] mysql_connect(): The mysql extension is deprecated and will be removed in the future: use mysqli or PDO instead /var/www/html/tp3.2/ThinkPHP/Library/Think/Db/Driver/Mysql.class.php 第 52 行.
SQL: SHOW COLUMNS FROM `user_list` [ RunTime:0.000854s ]
SQL: SELECT * FROM `user_list` WHERE ( phone_number='13200231520' )  [ RunTime:0.000456s ]
SQL: SELECT * FROM `user_list` WHERE ( uid='100005' )  [ RunTime:0.000325s ]
SQL: SELECT COUNT(*) AS tp_count FROM `user_list` WHERE ( pre_uid in(100038,100039,100043,100042,100040,100044,100045) ) LIMIT 1   [ RunTime:0.000313s ]
INFO: [ app_end ] --START--
INFO: Run Behavior\ShowPageTraceBehavior [ RunTime:0.000068s ]
INFO: [ app_end ] --END-- [ RunTime:0.000148s ]

[ 2018-08-15T22:19:05+08:00 ] 222.209.154.31 /tp3.2/index.php/home/HomeTree/accumulativeIncome
INFO: [ app_init ] --START--
INFO: Run Behavior\BuildLiteBehavior [ RunTime:0.000019s ]
INFO: [ app_init ] --END-- [ RunTime:0.000129s ]
INFO: [ app_begin ] --START--
INFO: Run Behavior\ReadHtmlCacheBehavior [ RunTime:0.000086s ]
INFO: [ app_begin ] --END-- [ RunTime:0.000173s ]
NOTIC: [8192] mysql_connect(): The mysql extension is deprecated and will be removed in the future: use mysqli or PDO instead /var/www/html/tp3.2/ThinkPHP/Library/Think/Db/Driver/Mysql.class.php 第 52 行.
SQL: SHOW COLUMNS FROM `user_list` [ RunTime:0.000784s ]
SQL: SELECT * FROM `user_list` WHERE ( phone_number='13200231520' )  [ RunTime:0.000514s ]
SQL: SELECT * FROM `user_list` WHERE ( uid='100005' )  [ RunTime:0.000335s ]
INFO: [ app_end ] --START--
INFO: Run Behavior\ShowPageTraceBehavior [ RunTime:0.000068s ]
INFO: [ app_end ] --END-- [ RunTime:0.000147s ]

[ 2018-08-15T22:19:05+08:00 ] 222.209.154.31 /tp3.2/index.php/home/HomeTree/prepretotal/
INFO: [ app_init ] --START--
INFO: Run Behavior\BuildLiteBehavior [ RunTime:0.000031s ]
INFO: [ app_init ] --END-- [ RunTime:0.000202s ]
INFO: [ app_begin ] --START--
INFO: Run Behavior\ReadHtmlCacheBehavior [ RunTime:0.000079s ]
INFO: [ app_begin ] --END-- [ RunTime:0.000210s ]
NOTIC: [8192] mysql_connect(): The mysql extension is deprecated and will be removed in the future: use mysqli or PDO instead /var/www/html/tp3.2/ThinkPHP/Library/Think/Db/Driver/Mysql.class.php 第 52 行.
SQL: SHOW COLUMNS FROM `user_list` [ RunTime:0.000837s ]
SQL: SELECT * FROM `user_list` WHERE ( phone_number='13200231520' )  [ RunTime:0.000523s ]
SQL: SELECT * FROM `user_list` WHERE ( uid='100005' )  [ RunTime:0.000316s ]
SQL: SELECT COUNT(*) AS tp_count FROM `user_list` WHERE ( pre_uid in(100038,100039,100043,100042,100040,100044,100045) ) LIMIT 1   [ RunTime:0.000301s ]
INFO: [ app_end ] --START--
INFO: Run Behavior\ShowPageTraceBehavior [ RunTime:0.000068s ]
INFO: [ app_end ] --END-- [ RunTime:0.000148s ]

[ 2018-08-15T22:19:05+08:00 ] 222.209.154.31 /tp3.2/index.php/home/HomeTree/profittotal/
INFO: [ app_init ] --START--
INFO: Run Behavior\BuildLiteBehavior [ RunTime:0.000017s ]
INFO: [ app_init ] --END-- [ RunTime:0.000121s ]
INFO: [ app_begin ] --START--
INFO: Run Behavior\ReadHtmlCacheBehavior [ RunTime:0.000047s ]
INFO: [ app_begin ] --END-- [ RunTime:0.000131s ]
NOTIC: [8192] mysql_connect(): The mysql extension is deprecated and will be removed in the future: use mysqli or PDO instead /var/www/html/tp3.2/ThinkPHP/Library/Think/Db/Driver/Mysql.class.php 第 52 行.
SQL: SHOW COLUMNS FROM `user_list` [ RunTime:0.000897s ]
SQL: SELECT * FROM `user_list` WHERE ( phone_number='13200231520' )  [ RunTime:0.000572s ]
SQL: SHOW COLUMNS FROM `profit_log` [ RunTime:0.000512s ]
SQL: SELECT sum(self_profit+pre_profit+pre_pre_profit) as sum FROM `profit_log` WHERE ( uid='100005' )  [ RunTime:0.000284s ]
SQL: SELECT sum(self_profit+pre_profit+pre_pre_profit) as sum FROM `profit_log` WHERE ( uid in(100038,100039,100043,100042,100040,100044,100045) )  [ RunTime:0.000311s ]
SQL: SELECT * FROM `user_list` WHERE ( pre_uid in(100038,100039,100043,100042,100040,100044,100045) )  [ RunTime:0.000494s ]
SQL: SELECT sum(self_profit+pre_profit+pre_pre_profit) as sum FROM `profit_log` WHERE ( uid in(100054,100059,100074) )  [ RunTime:0.000278s ]
INFO: [ app_end ] --START--
INFO: Run Behavior\ShowPageTraceBehavior [ RunTime:0.000063s ]
INFO: [ app_end ] --END-- [ RunTime:0.000143s ]

[ 2018-08-15T22:19:06+08:00 ] 222.209.154.31 /tp3.2/index.php/home/HomeTree/preList/
INFO: [ app_init ] --START--
INFO: Run Behavior\BuildLiteBehavior [ RunTime:0.000018s ]
INFO: [ app_init ] --END-- [ RunTime:0.000121s ]
INFO: [ app_begin ] --START--
INFO: Run Behavior\ReadHtmlCacheBehavior [ RunTime:0.000047s ]
INFO: [ app_begin ] --END-- [ RunTime:0.000137s ]
NOTIC: [8192] mysql_connect(): The mysql extension is deprecated and will be removed in the future: use mysqli or PDO instead /var/www/html/tp3.2/ThinkPHP/Library/Think/Db/Driver/Mysql.class.php 第 52 行.
SQL: SHOW COLUMNS FROM `user_list` [ RunTime:0.000891s ]
SQL: SELECT * FROM `user_list` WHERE ( phone_number='13200231520' )  [ RunTime:0.000569s ]
SQL: SHOW COLUMNS FROM `profit_log` [ RunTime:0.000544s ]
SQL: SELECT sum(self_profit+pre_profit+pre_pre_profit) as sum FROM `profit_log` WHERE ( uid='100005' )  [ RunTime:0.000333s ]
SQL: SELECT profit_log.gen_uid,sum(profit_log.self_profit+profit_log.pre_profit+profit_log.pre_pre_profit) as sum,user_list.* FROM `profit_log` left join user_list on user_list.uid=profit_log.gen_uid  WHERE ( profit_log.gen_uid in(100038,100039,100043,100042,100040,100044,100045) ) GROUP BY profit_log.gen_uid  [ RunTime:0.001148s ]
INFO: [ app_end ] --START--
INFO: Run Behavior\ShowPageTraceBehavior [ RunTime:0.000062s ]
INFO: [ app_end ] --END-- [ RunTime:0.000144s ]

[ 2018-08-15T22:19:07+08:00 ] 222.209.154.31 /tp3.2/index.php/home/Personal/index2/
INFO: [ app_init ] --START--
INFO: Run Behavior\BuildLiteBehavior [ RunTime:0.000019s ]
INFO: [ app_init ] --END-- [ RunTime:0.000210s ]
INFO: [ app_begin ] --START--
INFO: Run Behavior\ReadHtmlCacheBehavior [ RunTime:0.000060s ]
INFO: [ app_begin ] --END-- [ RunTime:0.000143s ]
NOTIC: [8192] mysql_connect(): The mysql extension is deprecated and will be removed in the future: use mysqli or PDO instead /var/www/html/tp3.2/ThinkPHP/Library/Think/Db/Driver/Mysql.class.php 第 52 行.
SQL: SHOW COLUMNS FROM `user_list` [ RunTime:0.000945s ]
SQL: SELECT * FROM `user_list` WHERE ( phone_number='13200231520' )  [ RunTime:0.000517s ]
INFO: [ app_end ] --START--
INFO: Run Behavior\ShowPageTraceBehavior [ RunTime:0.000072s ]
INFO: [ app_end ] --END-- [ RunTime:0.000159s ]

[ 2018-08-15T22:19:07+08:00 ] 222.209.154.31 /tp3.2/index.php/home/Personal/index1/
INFO: [ app_init ] --START--
INFO: Run Behavior\BuildLiteBehavior [ RunTime:0.000018s ]
INFO: [ app_init ] --END-- [ RunTime:0.000122s ]
INFO: [ app_begin ] --START--
INFO: Run Behavior\ReadHtmlCacheBehavior [ RunTime:0.000066s ]
INFO: [ app_begin ] --END-- [ RunTime:0.000151s ]
NOTIC: [8192] mysql_connect(): The mysql extension is deprecated and will be removed in the future: use mysqli or PDO instead /var/www/html/tp3.2/ThinkPHP/Library/Think/Db/Driver/Mysql.class.php 第 52 行.
SQL: SHOW COLUMNS FROM `user_list` [ RunTime:0.001016s ]
SQL: SELECT * FROM `user_list` WHERE ( phone_number='13200231520' )  [ RunTime:0.000665s ]
INFO: [ app_end ] --START--
INFO: Run Behavior\ShowPageTraceBehavior [ RunTime:0.000065s ]
INFO: [ app_end ] --END-- [ RunTime:0.000146s ]

[ 2018-08-15T22:19:07+08:00 ] 222.209.154.31 /tp3.2/index.php/home/Personal/bankUsername/
INFO: [ app_init ] --START--
INFO: Run Behavior\BuildLiteBehavior [ RunTime:0.000018s ]
INFO: [ app_init ] --END-- [ RunTime:0.000123s ]
INFO: [ app_begin ] --START--
INFO: Run Behavior\ReadHtmlCacheBehavior [ RunTime:0.000047s ]
INFO: [ app_begin ] --END-- [ RunTime:0.000131s ]
NOTIC: [8192] mysql_connect(): The mysql extension is deprecated and will be removed in the future: use mysqli or PDO instead /var/www/html/tp3.2/ThinkPHP/Library/Think/Db/Driver/Mysql.class.php 第 52 行.
SQL: SHOW COLUMNS FROM `user_list` [ RunTime:0.000905s ]
SQL: SELECT * FROM `user_list` WHERE ( phone_number='13200231520' )  [ RunTime:0.000485s ]
INFO: [ app_end ] --START--
INFO: Run Behavior\ShowPageTraceBehavior [ RunTime:0.000072s ]
INFO: [ app_end ] --END-- [ RunTime:0.000153s ]

[ 2018-08-15T22:19:07+08:00 ] 222.209.154.31 /tp3.2/index.php/home/PayPwd/accountBalance/
INFO: [ app_init ] --START--
INFO: Run Behavior\BuildLiteBehavior [ RunTime:0.000017s ]
INFO: [ app_init ] --END-- [ RunTime:0.000122s ]
INFO: [ app_begin ] --START--
INFO: Run Behavior\ReadHtmlCacheBehavior [ RunTime:0.000047s ]
INFO: [ app_begin ] --END-- [ RunTime:0.000131s ]
NOTIC: [8192] mysql_connect(): The mysql extension is deprecated and will be removed in the future: use mysqli or PDO instead /var/www/html/tp3.2/ThinkPHP/Library/Think/Db/Driver/Mysql.class.php 第 52 行.
SQL: SHOW COLUMNS FROM `user_list` [ RunTime:0.000828s ]
SQL: SELECT * FROM `user_list` WHERE ( phone_number='13200231520' )  [ RunTime:0.000495s ]
SQL: SHOW COLUMNS FROM `bank_katti` [ RunTime:0.000454s ]
SQL: SELECT `balance` FROM `bank_katti` WHERE ( uid='100005' )  [ RunTime:0.000321s ]
INFO: [ app_end ] --START--
INFO: Run Behavior\ShowPageTraceBehavior [ RunTime:0.000062s ]
INFO: [ app_end ] --END-- [ RunTime:0.000143s ]

[ 2018-08-15T22:19:07+08:00 ] 222.209.154.31 /tp3.2/index.php/home/Personal/index3/
INFO: [ app_init ] --START--
INFO: Run Behavior\BuildLiteBehavior [ RunTime:0.000018s ]
INFO: [ app_init ] --END-- [ RunTime:0.000137s ]
INFO: [ app_begin ] --START--
INFO: Run Behavior\ReadHtmlCacheBehavior [ RunTime:0.000054s ]
INFO: [ app_begin ] --END-- [ RunTime:0.000137s ]
NOTIC: [8192] mysql_connect(): The mysql extension is deprecated and will be removed in the future: use mysqli or PDO instead /var/www/html/tp3.2/ThinkPHP/Library/Think/Db/Driver/Mysql.class.php 第 52 行.
SQL: SHOW COLUMNS FROM `user_list` [ RunTime:0.000787s ]
SQL: SELECT * FROM `user_list` WHERE ( phone_number='13200231520' )  [ RunTime:0.000523s ]
INFO: [ app_end ] --START--
INFO: Run Behavior\ShowPageTraceBehavior [ RunTime:0.000069s ]
INFO: [ app_end ] --END-- [ RunTime:0.000151s ]

[ 2018-08-15T22:19:07+08:00 ] 222.209.154.31 /tp3.2/index.php/home/Personal/index/
INFO: [ app_init ] --START--
INFO: Run Behavior\BuildLiteBehavior [ RunTime:0.000018s ]
INFO: [ app_init ] --END-- [ RunTime:0.000120s ]
INFO: [ app_begin ] --START--
INFO: Run Behavior\ReadHtmlCacheBehavior [ RunTime:0.000047s ]
INFO: [ app_begin ] --END-- [ RunTime:0.000131s ]
NOTIC: [8192] mysql_connect(): The mysql extension is deprecated and will be removed in the future: use mysqli or PDO instead /var/www/html/tp3.2/ThinkPHP/Library/Think/Db/Driver/Mysql.class.php 第 52 行.
SQL: SHOW COLUMNS FROM `user_list` [ RunTime:0.000790s ]
SQL: SELECT * FROM `user_list` WHERE ( phone_number='13200231520' )  [ RunTime:0.000522s ]
INFO: [ app_end ] --START--
INFO: Run Behavior\ShowPageTraceBehavior [ RunTime:0.000061s ]
INFO: [ app_end ] --END-- [ RunTime:0.000143s ]

[ 2018-08-15T22:19:07+08:00 ] 222.209.154.31 /tp3.2/index.php/home/Personal/bankCard/
INFO: [ app_init ] --START--
INFO: Run Behavior\BuildLiteBehavior [ RunTime:0.000017s ]
INFO: [ app_init ] --END-- [ RunTime:0.000122s ]
INFO: [ app_begin ] --START--
INFO: Run Behavior\ReadHtmlCacheBehavior [ RunTime:0.000048s ]
INFO: [ app_begin ] --END-- [ RunTime:0.000133s ]
NOTIC: [8192] mysql_connect(): The mysql extension is deprecated and will be removed in the future: use mysqli or PDO instead /var/www/html/tp3.2/ThinkPHP/Library/Think/Db/Driver/Mysql.class.php 第 52 行.
SQL: SHOW COLUMNS FROM `user_list` [ RunTime:0.000931s ]
SQL: SELECT * FROM `user_list` WHERE ( phone_number='13200231520' )  [ RunTime:0.000559s ]
INFO: [ app_end ] --START--
INFO: Run Behavior\ShowPageTraceBehavior [ RunTime:0.000062s ]
INFO: [ app_end ] --END-- [ RunTime:0.000143s ]

[ 2018-08-15T22:19:07+08:00 ] 222.209.154.31 /tp3.2/index.php/home/Personal/bankAddress/
INFO: [ app_init ] --START--
INFO: Run Behavior\BuildLiteBehavior [ RunTime:0.000017s ]
INFO: [ app_init ] --END-- [ RunTime:0.000152s ]
INFO: [ app_begin ] --START--
INFO: Run Behavior\ReadHtmlCacheBehavior [ RunTime:0.000046s ]
INFO: [ app_begin ] --END-- [ RunTime:0.000130s ]
NOTIC: [8192] mysql_connect(): The mysql extension is deprecated and will be removed in the future: use mysqli or PDO instead /var/www/html/tp3.2/ThinkPHP/Library/Think/Db/Driver/Mysql.class.php 第 52 行.
SQL: SHOW COLUMNS FROM `user_list` [ RunTime:0.000878s ]
SQL: SELECT * FROM `user_list` WHERE ( phone_number='13200231520' )  [ RunTime:0.000530s ]
INFO: [ app_end ] --START--
INFO: Run Behavior\ShowPageTraceBehavior [ RunTime:0.000061s ]
INFO: [ app_end ] --END-- [ RunTime:0.000142s ]

[ 2018-08-15T22:19:07+08:00 ] 222.209.154.31 /tp3.2/index.php/home/Personal/bind/
INFO: [ app_init ] --START--
INFO: Run Behavior\BuildLiteBehavior [ RunTime:0.000018s ]
INFO: [ app_init ] --END-- [ RunTime:0.000184s ]
INFO: [ app_begin ] --START--
INFO: Run Behavior\ReadHtmlCacheBehavior [ RunTime:0.000047s ]
INFO: [ app_begin ] --END-- [ RunTime:0.000167s ]
NOTIC: [8192] mysql_connect(): The mysql extension is deprecated and will be removed in the future: use mysqli or PDO instead /var/www/html/tp3.2/ThinkPHP/Library/Think/Db/Driver/Mysql.class.php 第 52 行.
SQL: SHOW COLUMNS FROM `user_list` [ RunTime:0.000892s ]
SQL: SELECT * FROM `user_list` WHERE ( phone_number='13200231520' )  [ RunTime:0.000526s ]
INFO: [ app_end ] --START--
INFO: Run Behavior\ShowPageTraceBehavior [ RunTime:0.000069s ]
INFO: [ app_end ] --END-- [ RunTime:0.000149s ]

[ 2018-08-15T22:19:10+08:00 ] 222.209.154.31 /tp3.2/index.php/home/PresentRecord/de
INFO: [ app_init ] --START--
INFO: Run Behavior\BuildLiteBehavior [ RunTime:0.000018s ]
INFO: [ app_init ] --END-- [ RunTime:0.000136s ]
INFO: [ app_begin ] --START--
INFO: Run Behavior\ReadHtmlCacheBehavior [ RunTime:0.000061s ]
INFO: [ app_begin ] --END-- [ RunTime:0.000146s ]
INFO: [ app_end ] --START--
INFO: Run Behavior\ShowPageTraceBehavior [ RunTime:0.000065s ]
INFO: [ app_end ] --END-- [ RunTime:0.000150s ]

[ 2018-08-15T22:19:10+08:00 ] 222.209.154.31 /tp3.2/index.php/home/PresentRecord/indexa
INFO: [ app_init ] --START--
INFO: Run Behavior\BuildLiteBehavior [ RunTime:0.000017s ]
INFO: [ app_init ] --END-- [ RunTime:0.000128s ]
INFO: [ app_begin ] --START--
INFO: Run Behavior\ReadHtmlCacheBehavior [ RunTime:0.000046s ]
INFO: [ app_begin ] --END-- [ RunTime:0.000129s ]
NOTIC: [8192] mysql_connect(): The mysql extension is deprecated and will be removed in the future: use mysqli or PDO instead /var/www/html/tp3.2/ThinkPHP/Library/Think/Db/Driver/Mysql.class.php 第 52 行.
SQL: SHOW COLUMNS FROM `bank_katti` [ RunTime:0.000543s ]
SQL: SELECT * FROM `bank_katti` WHERE ( uid='100005' ) GROUP BY date_format(presentation_time ,'%Y-%m')  [ RunTime:0.000508s ]
NOTIC: [2] strtotime() expects parameter 2 to be long, string given /var/www/html/tp3.2/Application/Home/Controller/PresentRecordController.class.php 第 151 行.
SQL: SELECT bank_katti.*,(case present_status when 0 then '已提交,银行处理中' else '已到账' end) as whether,date_format(presentation_time,'%m-%d %H:%i') as mdhi FROM `bank_katti` WHERE ( presentation_time>='2018-06-01 00:00:00' and presentation_time<='2018-07-01 00:00:00' ) ORDER BY bank_katti.presentation_time asc  [ RunTime:0.000340s ]
SQL: SELECT COUNT(*) AS tp_count FROM `bank_katti` WHERE ( presentation_time>='2018-06-01 00:00:00' and presentation_time<='2018-07-01 00:00:00' ) LIMIT 1   [ RunTime:0.000282s ]
NOTIC: [2] strtotime() expects parameter 2 to be long, string given /var/www/html/tp3.2/Application/Home/Controller/PresentRecordController.class.php 第 151 行.
SQL: SELECT bank_katti.*,(case present_status when 0 then '已提交,银行处理中' else '已到账' end) as whether,date_format(presentation_time,'%m-%d %H:%i') as mdhi FROM `bank_katti` WHERE ( presentation_time>='2018-07-01 00:00:00' and presentation_time<='2018-08-01 00:00:00' ) ORDER BY bank_katti.presentation_time asc  [ RunTime:0.000260s ]
SQL: SELECT COUNT(*) AS tp_count FROM `bank_katti` WHERE ( presentation_time>='2018-07-01 00:00:00' and presentation_time<='2018-08-01 00:00:00' ) LIMIT 1   [ RunTime:0.000273s ]
NOTIC: [2] strtotime() expects parameter 2 to be long, string given /var/www/html/tp3.2/Application/Home/Controller/PresentRecordController.class.php 第 151 行.
SQL: SELECT bank_katti.*,(case present_status when 0 then '已提交,银行处理中' else '已到账' end) as whether,date_format(presentation_time,'%m-%d %H:%i') as mdhi FROM `bank_katti` WHERE ( presentation_time>='2018-08-01 00:00:00' and presentation_time<='2018-09-01 00:00:00' ) ORDER BY bank_katti.presentation_time asc  [ RunTime:0.000297s ]
SQL: SELECT COUNT(*) AS tp_count FROM `bank_katti` WHERE ( presentation_time>='2018-08-01 00:00:00' and presentation_time<='2018-09-01 00:00:00' ) LIMIT 1   [ RunTime:0.000176s ]
INFO: [ app_end ] --START--
INFO: Run Behavior\ShowPageTraceBehavior [ RunTime:0.000062s ]
INFO: [ app_end ] --END-- [ RunTime:0.000148s ]

[ 2018-08-15T22:19:23+08:00 ] 222.209.154.31 /tp3.2/index.php/home/PresentRecord/search
INFO: [ app_init ] --START--
INFO: Run Behavior\BuildLiteBehavior [ RunTime:0.000019s ]
INFO: [ app_init ] --END-- [ RunTime:0.000147s ]
INFO: [ app_begin ] --START--
INFO: Run Behavior\ReadHtmlCacheBehavior [ RunTime:0.000057s ]
INFO: [ app_begin ] --END-- [ RunTime:0.000142s ]
NOTIC: [8192] mysql_connect(): The mysql extension is deprecated and will be removed in the future: use mysqli or PDO instead /var/www/html/tp3.2/ThinkPHP/Library/Think/Db/Driver/Mysql.class.php 第 52 行.
SQL: SHOW COLUMNS FROM `user_list` [ RunTime:0.000972s ]
SQL: SELECT * FROM `user_list` WHERE ( phone_number='13200231520' )  [ RunTime:0.000577s ]
SQL: SHOW COLUMNS FROM `bank_katti` [ RunTime:0.000530s ]
SQL: SELECT bank_katti.*,(case present_status when 0 then '已提交,银行处理中' else '已到账' end) as whether,date_format(presentation_time,'%m-%d %h:%i') as mdhi FROM `bank_katti` WHERE ( uid='100005' and presentation_time>='2018-08-01 00:00:00' and presentation_time<'2018-09-01 00:00:00' ) ORDER BY bank_katti.presentation_time asc  [ RunTime:0.000349s ]
SQL: SELECT COUNT(*) AS tp_count FROM `bank_katti` WHERE ( presentation_time>='2018-08-01 00:00:00' and presentation_time<='2018-09-01 00:00:00' ) LIMIT 1   [ RunTime:0.000311s ]
INFO: [ app_end ] --START--
INFO: Run Behavior\ShowPageTraceBehavior [ RunTime:0.000074s ]
INFO: [ app_end ] --END-- [ RunTime:0.000158s ]

[ 2018-08-15T22:19:26+08:00 ] 222.209.154.31 /tp3.2/index.php/home/PresentRecord/indexa
INFO: [ app_init ] --START--
INFO: Run Behavior\BuildLiteBehavior [ RunTime:0.000018s ]
INFO: [ app_init ] --END-- [ RunTime:0.000140s ]
INFO: [ app_begin ] --START--
INFO: Run Behavior\ReadHtmlCacheBehavior [ RunTime:0.000057s ]
INFO: [ app_begin ] --END-- [ RunTime:0.000148s ]
NOTIC: [8192] mysql_connect(): The mysql extension is deprecated and will be removed in the future: use mysqli or PDO instead /var/www/html/tp3.2/ThinkPHP/Library/Think/Db/Driver/Mysql.class.php 第 52 行.
SQL: SHOW COLUMNS FROM `bank_katti` [ RunTime:0.000577s ]
SQL: SELECT * FROM `bank_katti` WHERE ( uid='100005' ) GROUP BY date_format(presentation_time ,'%Y-%m')  [ RunTime:0.000554s ]
NOTIC: [2] strtotime() expects parameter 2 to be long, string given /var/www/html/tp3.2/Application/Home/Controller/PresentRecordController.class.php 第 151 行.
SQL: SELECT bank_katti.*,(case present_status when 0 then '已提交,银行处理中' else '已到账' end) as whether,date_format(presentation_time,'%m-%d %H:%i') as mdhi FROM `bank_katti` WHERE ( presentation_time>='2018-06-01 00:00:00' and presentation_time<='2018-07-01 00:00:00' ) ORDER BY bank_katti.presentation_time asc  [ RunTime:0.000323s ]
SQL: SELECT COUNT(*) AS tp_count FROM `bank_katti` WHERE ( presentation_time>='2018-06-01 00:00:00' and presentation_time<='2018-07-01 00:00:00' ) LIMIT 1   [ RunTime:0.000174s ]
NOTIC: [2] strtotime() expects parameter 2 to be long, string given /var/www/html/tp3.2/Application/Home/Controller/PresentRecordController.class.php 第 151 行.
SQL: SELECT bank_katti.*,(case present_status when 0 then '已提交,银行处理中' else '已到账' end) as whether,date_format(presentation_time,'%m-%d %H:%i') as mdhi FROM `bank_katti` WHERE ( presentation_time>='2018-07-01 00:00:00' and presentation_time<='2018-08-01 00:00:00' ) ORDER BY bank_katti.presentation_time asc  [ RunTime:0.000348s ]
SQL: SELECT COUNT(*) AS tp_count FROM `bank_katti` WHERE ( presentation_time>='2018-07-01 00:00:00' and presentation_time<='2018-08-01 00:00:00' ) LIMIT 1   [ RunTime:0.000222s ]
NOTIC: [2] strtotime() expects parameter 2 to be long, string given /var/www/html/tp3.2/Application/Home/Controller/PresentRecordController.class.php 第 151 行.
SQL: SELECT bank_katti.*,(case present_status when 0 then '已提交,银行处理中' else '已到账' end) as whether,date_format(presentation_time,'%m-%d %H:%i') as mdhi FROM `bank_katti` WHERE ( presentation_time>='2018-08-01 00:00:00' and presentation_time<='2018-09-01 00:00:00' ) ORDER BY bank_katti.presentation_time asc  [ RunTime:0.000307s ]
SQL: SELECT COUNT(*) AS tp_count FROM `bank_katti` WHERE ( presentation_time>='2018-08-01 00:00:00' and presentation_time<='2018-09-01 00:00:00' ) LIMIT 1   [ RunTime:0.000275s ]
INFO: [ app_end ] --START--
INFO: Run Behavior\ShowPageTraceBehavior [ RunTime:0.000070s ]
INFO: [ app_end ] --END-- [ RunTime:0.000154s ]

[ 2018-08-15T22:19:27+08:00 ] 222.209.154.31 /tp3.2/index.php/home/Personal/index/
INFO: [ app_init ] --START--
INFO: Run Behavior\BuildLiteBehavior [ RunTime:0.000018s ]
INFO: [ app_init ] --END-- [ RunTime:0.000185s ]
INFO: [ app_begin ] --START--
INFO: Run Behavior\ReadHtmlCacheBehavior [ RunTime:0.000048s ]
INFO: [ app_begin ] --END-- [ RunTime:0.000133s ]
NOTIC: [8192] mysql_connect(): The mysql extension is deprecated and will be removed in the future: use mysqli or PDO instead /var/www/html/tp3.2/ThinkPHP/Library/Think/Db/Driver/Mysql.class.php 第 52 行.
SQL: SHOW COLUMNS FROM `user_list` [ RunTime:0.000906s ]
SQL: SELECT * FROM `user_list` WHERE ( phone_number='13200231520' )  [ RunTime:0.000568s ]
INFO: [ app_end ] --START--
INFO: Run Behavior\ShowPageTraceBehavior [ RunTime:0.000061s ]
INFO: [ app_end ] --END-- [ RunTime:0.000142s ]

[ 2018-08-15T22:19:27+08:00 ] 222.209.154.31 /tp3.2/index.php/home/Personal/index1/
INFO: [ app_init ] --START--
INFO: Run Behavior\BuildLiteBehavior [ RunTime:0.000017s ]
INFO: [ app_init ] --END-- [ RunTime:0.000122s ]
INFO: [ app_begin ] --START--
INFO: Run Behavior\ReadHtmlCacheBehavior [ RunTime:0.000048s ]
INFO: [ app_begin ] --END-- [ RunTime:0.000132s ]
NOTIC: [8192] mysql_connect(): The mysql extension is deprecated and will be removed in the future: use mysqli or PDO instead /var/www/html/tp3.2/ThinkPHP/Library/Think/Db/Driver/Mysql.class.php 第 52 行.
SQL: SHOW COLUMNS FROM `user_list` [ RunTime:0.000881s ]
SQL: SELECT * FROM `user_list` WHERE ( phone_number='13200231520' )  [ RunTime:0.000563s ]
INFO: [ app_end ] --START--
INFO: Run Behavior\ShowPageTraceBehavior [ RunTime:0.000064s ]
INFO: [ app_end ] --END-- [ RunTime:0.000145s ]

[ 2018-08-15T22:19:27+08:00 ] 222.209.154.31 /tp3.2/index.php/home/PayPwd/accountBalance/
INFO: [ app_init ] --START--
INFO: Run Behavior\BuildLiteBehavior [ RunTime:0.000018s ]
INFO: [ app_init ] --END-- [ RunTime:0.000128s ]
INFO: [ app_begin ] --START--
INFO: Run Behavior\ReadHtmlCacheBehavior [ RunTime:0.000047s ]
INFO: [ app_begin ] --END-- [ RunTime:0.000138s ]
NOTIC: [8192] mysql_connect(): The mysql extension is deprecated and will be removed in the future: use mysqli or PDO instead /var/www/html/tp3.2/ThinkPHP/Library/Think/Db/Driver/Mysql.class.php 第 52 行.
SQL: SHOW COLUMNS FROM `user_list` [ RunTime:0.000827s ]
SQL: SELECT * FROM `user_list` WHERE ( phone_number='13200231520' )  [ RunTime:0.000642s ]
SQL: SHOW COLUMNS FROM `bank_katti` [ RunTime:0.000485s ]
SQL: SELECT `balance` FROM `bank_katti` WHERE ( uid='100005' )  [ RunTime:0.000174s ]
INFO: [ app_end ] --START--
INFO: Run Behavior\ShowPageTraceBehavior [ RunTime:0.000063s ]
INFO: [ app_end ] --END-- [ RunTime:0.000143s ]

[ 2018-08-15T22:19:27+08:00 ] 222.209.154.31 /tp3.2/index.php/home/Personal/index3/
INFO: [ app_init ] --START--
INFO: Run Behavior\BuildLiteBehavior [ RunTime:0.000018s ]
INFO: [ app_init ] --END-- [ RunTime:0.000121s ]
INFO: [ app_begin ] --START--
INFO: Run Behavior\ReadHtmlCacheBehavior [ RunTime:0.000054s ]
INFO: [ app_begin ] --END-- [ RunTime:0.000138s ]
NOTIC: [8192] mysql_connect(): The mysql extension is deprecated and will be removed in the future: use mysqli or PDO instead /var/www/html/tp3.2/ThinkPHP/Library/Think/Db/Driver/Mysql.class.php 第 52 行.
SQL: SHOW COLUMNS FROM `user_list` [ RunTime:0.000894s ]
SQL: SELECT * FROM `user_list` WHERE ( phone_number='13200231520' )  [ RunTime:0.000407s ]
INFO: [ app_end ] --START--
INFO: Run Behavior\ShowPageTraceBehavior [ RunTime:0.000062s ]
INFO: [ app_end ] --END-- [ RunTime:0.000144s ]

[ 2018-08-15T22:19:27+08:00 ] 222.209.154.31 /tp3.2/index.php/home/Personal/bankCard/
INFO: [ app_init ] --START--
INFO: Run Behavior\BuildLiteBehavior [ RunTime:0.000031s ]
INFO: [ app_init ] --END-- [ RunTime:0.000240s ]
INFO: [ app_begin ] --START--
INFO: Run Behavior\ReadHtmlCacheBehavior [ RunTime:0.000081s ]
INFO: [ app_begin ] --END-- [ RunTime:0.000216s ]
NOTIC: [8192] mysql_connect(): The mysql extension is deprecated and will be removed in the future: use mysqli or PDO instead /var/www/html/tp3.2/ThinkPHP/Library/Think/Db/Driver/Mysql.class.php 第 52 行.
SQL: SHOW COLUMNS FROM `user_list` [ RunTime:0.000834s ]
SQL: SELECT * FROM `user_list` WHERE ( phone_number='13200231520' )  [ RunTime:0.000477s ]
INFO: [ app_end ] --START--
INFO: Run Behavior\ShowPageTraceBehavior [ RunTime:0.000068s ]
INFO: [ app_end ] --END-- [ RunTime:0.000148s ]

[ 2018-08-15T22:19:27+08:00 ] 222.209.154.31 /tp3.2/index.php/home/Personal/index2/
INFO: [ app_init ] --START--
INFO: Run Behavior\BuildLiteBehavior [ RunTime:0.000018s ]
INFO: [ app_init ] --END-- [ RunTime:0.000127s ]
INFO: [ app_begin ] --START--
INFO: Run Behavior\ReadHtmlCacheBehavior [ RunTime:0.000056s ]
INFO: [ app_begin ] --END-- [ RunTime:0.000144s ]
NOTIC: [8192] mysql_connect(): The mysql extension is deprecated and will be removed in the future: use mysqli or PDO instead /var/www/html/tp3.2/ThinkPHP/Library/Think/Db/Driver/Mysql.class.php 第 52 行.
SQL: SHOW COLUMNS FROM `user_list` [ RunTime:0.000941s ]
SQL: SELECT * FROM `user_list` WHERE ( phone_number='13200231520' )  [ RunTime:0.000549s ]
INFO: [ app_end ] --START--
INFO: Run Behavior\ShowPageTraceBehavior [ RunTime:0.000065s ]
INFO: [ app_end ] --END-- [ RunTime:0.000146s ]

[ 2018-08-15T22:19:27+08:00 ] 222.209.154.31 /tp3.2/index.php/home/Personal/bankUsername/
INFO: [ app_init ] --START--
INFO: Run Behavior\BuildLiteBehavior [ RunTime:0.000030s ]
INFO: [ app_init ] --END-- [ RunTime:0.000207s ]
INFO: [ app_begin ] --START--
INFO: Run Behavior\ReadHtmlCacheBehavior [ RunTime:0.000060s ]
INFO: [ app_begin ] --END-- [ RunTime:0.000145s ]
NOTIC: [8192] mysql_connect(): The mysql extension is deprecated and will be removed in the future: use mysqli or PDO instead /var/www/html/tp3.2/ThinkPHP/Library/Think/Db/Driver/Mysql.class.php 第 52 行.
SQL: SHOW COLUMNS FROM `user_list` [ RunTime:0.000946s ]
SQL: SELECT * FROM `user_list` WHERE ( phone_number='13200231520' )  [ RunTime:0.000562s ]
INFO: [ app_end ] --START--
INFO: Run Behavior\ShowPageTraceBehavior [ RunTime:0.000068s ]
INFO: [ app_end ] --END-- [ RunTime:0.000149s ]

[ 2018-08-15T22:19:27+08:00 ] 222.209.154.31 /tp3.2/index.php/home/Personal/bankAddress/
INFO: [ app_init ] --START--
INFO: Run Behavior\BuildLiteBehavior [ RunTime:0.000018s ]
INFO: [ app_init ] --END-- [ RunTime:0.000121s ]
INFO: [ app_begin ] --START--
INFO: Run Behavior\ReadHtmlCacheBehavior [ RunTime:0.000048s ]
INFO: [ app_begin ] --END-- [ RunTime:0.000138s ]
NOTIC: [8192] mysql_connect(): The mysql extension is deprecated and will be removed in the future: use mysqli or PDO instead /var/www/html/tp3.2/ThinkPHP/Library/Think/Db/Driver/Mysql.class.php 第 52 行.
SQL: SHOW COLUMNS FROM `user_list` [ RunTime:0.000901s ]
SQL: SELECT * FROM `user_list` WHERE ( phone_number='13200231520' )  [ RunTime:0.000552s ]
INFO: [ app_end ] --START--
INFO: Run Behavior\ShowPageTraceBehavior [ RunTime:0.000063s ]
INFO: [ app_end ] --END-- [ RunTime:0.000143s ]

[ 2018-08-15T22:19:27+08:00 ] 222.209.154.31 /tp3.2/index.php/home/Personal/bind/
INFO: [ app_init ] --START--
INFO: Run Behavior\BuildLiteBehavior [ RunTime:0.000017s ]
INFO: [ app_init ] --END-- [ RunTime:0.000195s ]
INFO: [ app_begin ] --START--
INFO: Run Behavior\ReadHtmlCacheBehavior [ RunTime:0.000047s ]
INFO: [ app_begin ] --END-- [ RunTime:0.000131s ]
NOTIC: [8192] mysql_connect(): The mysql extension is deprecated and will be removed in the future: use mysqli or PDO instead /var/www/html/tp3.2/ThinkPHP/Library/Think/Db/Driver/Mysql.class.php 第 52 行.
SQL: SHOW COLUMNS FROM `user_list` [ RunTime:0.000816s ]
SQL: SELECT * FROM `user_list` WHERE ( phone_number='13200231520' )  [ RunTime:0.000485s ]
INFO: [ app_end ] --START--
INFO: Run Behavior\ShowPageTraceBehavior [ RunTime:0.000061s ]
INFO: [ app_end ] --END-- [ RunTime:0.000142s ]

