[ 2018-12-27T09:20:33+08:00 ] 140.207.54.79 /tp3.2/index.php/admin/Wx/wxPuMsg?signature=a4bcc1f409d417dd9fea88ffdd4df83d10cc10f8&timestamp=1545873635&nonce=1391803443&openid=o2rZm6JgOxJRrLnn-jTpzE8LzicM
INFO: [ app_init ] --START--
INFO: Run Behavior\BuildLiteBehavior [ RunTime:0.000020s ]
INFO: [ app_init ] --END-- [ RunTime:0.000159s ]
INFO: [ app_begin ] --START--
INFO: Run Behavior\ReadHtmlCacheBehavior [ RunTime:0.000056s ]
INFO: [ app_begin ] --END-- [ RunTime:0.000139s ]
ERR: signature: a4bcc1f409d417dd9fea88ffdd4df83d10cc10f8
ERR: hashcode: a4bcc1f409d417dd9fea88ffdd4df83d10cc10f8
ERR: file_in: <xml><ToUserName><![CDATA[gh_56497a3de309]]></ToUserName>
<FromUserName><![CDATA[o2rZm6JgOxJRrLnn-jTpzE8LzicM]]></FromUserName>
<CreateTime>1545873635</CreateTime>
<MsgType><![CDATA[text]]></MsgType>
<Content><![CDATA[你好]]></Content>
<MsgId>6639476706503275490</MsgId>
</xml>
ERR: FromUserName: o2rZm6JgOxJRrLnn-jTpzE8LzicM
NOTIC: [8] Undefined index: unionid /var/www/html/tp3.2/Application/Admin/Controller/WxController.class.php 第 164 行.
ERR: 得到getUnionId为:
NOTIC: [8] Undefined index: nickname /var/www/html/tp3.2/Application/Admin/Controller/WxController.class.php 第 166 行.
ERR: 得到nickname微信名称为:
ERR: Think\Controller:receiveText方法不存在！

[ 2018-12-27T09:46:38+08:00 ] 110.185.39.178 /tp3.2/index.php/home/HomeTree/pretotal/
INFO: [ app_init ] --START--
INFO: Run Behavior\BuildLiteBehavior [ RunTime:0.000020s ]
INFO: [ app_init ] --END-- [ RunTime:0.000155s ]
INFO: [ app_begin ] --START--
INFO: Run Behavior\ReadHtmlCacheBehavior [ RunTime:0.000060s ]
INFO: [ app_begin ] --END-- [ RunTime:0.000144s ]
NOTIC: [8192] mysql_connect(): The mysql extension is deprecated and will be removed in the future: use mysqli or PDO instead /var/www/html/tp3.2/ThinkPHP/Library/Think/Db/Driver/Mysql.class.php 第 52 行.
SQL: SHOW COLUMNS FROM `user_list` [ RunTime:0.001075s ]
SQL: SELECT * FROM `user_list` WHERE ( phone_number='13200231520' )  [ RunTime:0.000627s ]
SQL: SELECT * FROM `user_list` WHERE ( uid='100005' )  [ RunTime:0.000346s ]
INFO: [ app_end ] --START--
INFO: Run Behavior\ShowPageTraceBehavior [ RunTime:0.000096s ]
INFO: [ app_end ] --END-- [ RunTime:0.000180s ]

[ 2018-12-27T09:46:38+08:00 ] 110.185.39.178 /tp3.2/index.php/home/HomeTree/pretotal/
INFO: [ app_init ] --START--
INFO: Run Behavior\BuildLiteBehavior [ RunTime:0.000018s ]
INFO: [ app_init ] --END-- [ RunTime:0.000130s ]
INFO: [ app_begin ] --START--
INFO: Run Behavior\ReadHtmlCacheBehavior [ RunTime:0.000048s ]
INFO: [ app_begin ] --END-- [ RunTime:0.000131s ]
NOTIC: [8192] mysql_connect(): The mysql extension is deprecated and will be removed in the future: use mysqli or PDO instead /var/www/html/tp3.2/ThinkPHP/Library/Think/Db/Driver/Mysql.class.php 第 52 行.
SQL: SHOW COLUMNS FROM `user_list` [ RunTime:0.000957s ]
SQL: SELECT * FROM `user_list` WHERE ( phone_number='13200231520' )  [ RunTime:0.000509s ]
SQL: SELECT * FROM `user_list` WHERE ( uid='100005' )  [ RunTime:0.000459s ]
INFO: [ app_end ] --START--
INFO: Run Behavior\ShowPageTraceBehavior [ RunTime:0.000064s ]
INFO: [ app_end ] --END-- [ RunTime:0.000146s ]

[ 2018-12-27T09:46:38+08:00 ] 110.185.39.178 /tp3.2/index.php/home/HomeTree/prepretotal/
INFO: [ app_init ] --START--
INFO: Run Behavior\BuildLiteBehavior [ RunTime:0.000018s ]
INFO: [ app_init ] --END-- [ RunTime:0.000125s ]
INFO: [ app_begin ] --START--
INFO: Run Behavior\ReadHtmlCacheBehavior [ RunTime:0.000048s ]
INFO: [ app_begin ] --END-- [ RunTime:0.000132s ]
NOTIC: [8192] mysql_connect(): The mysql extension is deprecated and will be removed in the future: use mysqli or PDO instead /var/www/html/tp3.2/ThinkPHP/Library/Think/Db/Driver/Mysql.class.php 第 52 行.
SQL: SHOW COLUMNS FROM `user_list` [ RunTime:0.000877s ]
SQL: SELECT * FROM `user_list` WHERE ( phone_number='13200231520' )  [ RunTime:0.000567s ]
SQL: SELECT * FROM `user_list` WHERE ( uid='100005' )  [ RunTime:0.000347s ]
SQL: SELECT COUNT(*) AS tp_count FROM `user_list` WHERE ( pre_uid in(100038,100039,100043,100042,100040,100044,100045) ) LIMIT 1   [ RunTime:0.000367s ]
INFO: [ app_end ] --START--
INFO: Run Behavior\ShowPageTraceBehavior [ RunTime:0.000064s ]
INFO: [ app_end ] --END-- [ RunTime:0.000144s ]

[ 2018-12-27T09:46:38+08:00 ] 110.185.39.178 /tp3.2/index.php/home/HomeTree/selfYield
INFO: [ app_init ] --START--
INFO: Run Behavior\BuildLiteBehavior [ RunTime:0.000030s ]
INFO: [ app_init ] --END-- [ RunTime:0.000200s ]
INFO: [ app_begin ] --START--
INFO: Run Behavior\ReadHtmlCacheBehavior [ RunTime:0.000075s ]
INFO: [ app_begin ] --END-- [ RunTime:0.000210s ]
NOTIC: [8192] mysql_connect(): The mysql extension is deprecated and will be removed in the future: use mysqli or PDO instead /var/www/html/tp3.2/ThinkPHP/Library/Think/Db/Driver/Mysql.class.php 第 52 行.
SQL: SHOW COLUMNS FROM `user_list` [ RunTime:0.001244s ]
SQL: SELECT * FROM `user_list` WHERE ( phone_number='' )  [ RunTime:0.000951s ]
INFO: [ app_end ] --START--
INFO: Run Behavior\ShowPageTraceBehavior [ RunTime:0.000073s ]
INFO: [ app_end ] --END-- [ RunTime:0.000158s ]

[ 2018-12-27T09:46:38+08:00 ] 110.185.39.178 /tp3.2/index.php/home/HomeTree/prepretotal/
INFO: [ app_init ] --START--
INFO: Run Behavior\BuildLiteBehavior [ RunTime:0.000027s ]
INFO: [ app_init ] --END-- [ RunTime:0.000192s ]
INFO: [ app_begin ] --START--
INFO: Run Behavior\ReadHtmlCacheBehavior [ RunTime:0.000077s ]
INFO: [ app_begin ] --END-- [ RunTime:0.000217s ]
NOTIC: [8192] mysql_connect(): The mysql extension is deprecated and will be removed in the future: use mysqli or PDO instead /var/www/html/tp3.2/ThinkPHP/Library/Think/Db/Driver/Mysql.class.php 第 52 行.
SQL: SHOW COLUMNS FROM `user_list` [ RunTime:0.000906s ]
SQL: SELECT * FROM `user_list` WHERE ( phone_number='13200231520' )  [ RunTime:0.000434s ]
SQL: SELECT * FROM `user_list` WHERE ( uid='100005' )  [ RunTime:0.000249s ]
SQL: SELECT COUNT(*) AS tp_count FROM `user_list` WHERE ( pre_uid in(100038,100039,100043,100042,100040,100044,100045) ) LIMIT 1   [ RunTime:0.000214s ]
INFO: [ app_end ] --START--
INFO: Run Behavior\ShowPageTraceBehavior [ RunTime:0.000066s ]
INFO: [ app_end ] --END-- [ RunTime:0.000146s ]

[ 2018-12-27T09:46:38+08:00 ] 110.185.39.178 /tp3.2/index.php/home/PayPwd/accountBalance/
INFO: [ app_init ] --START--
INFO: Run Behavior\BuildLiteBehavior [ RunTime:0.000017s ]
INFO: [ app_init ] --END-- [ RunTime:0.000127s ]
INFO: [ app_begin ] --START--
INFO: Run Behavior\ReadHtmlCacheBehavior [ RunTime:0.000048s ]
INFO: [ app_begin ] --END-- [ RunTime:0.000139s ]
NOTIC: [8192] mysql_connect(): The mysql extension is deprecated and will be removed in the future: use mysqli or PDO instead /var/www/html/tp3.2/ThinkPHP/Library/Think/Db/Driver/Mysql.class.php 第 52 行.
SQL: SHOW COLUMNS FROM `user_list` [ RunTime:0.000966s ]
SQL: SELECT * FROM `user_list` WHERE ( phone_number='13200231520' )  [ RunTime:0.000682s ]
SQL: SHOW COLUMNS FROM `bank_katti` [ RunTime:0.000423s ]
SQL: SELECT `balance` FROM `bank_katti` WHERE ( uid='100005' )  [ RunTime:0.000214s ]
INFO: [ app_end ] --START--
INFO: Run Behavior\ShowPageTraceBehavior [ RunTime:0.000065s ]
INFO: [ app_end ] --END-- [ RunTime:0.000145s ]

[ 2018-12-27T09:46:38+08:00 ] 110.185.39.178 /tp3.2/index.php/home/HomeTree/accumulativeIncome
INFO: [ app_init ] --START--
INFO: Run Behavior\BuildLiteBehavior [ RunTime:0.000018s ]
INFO: [ app_init ] --END-- [ RunTime:0.000122s ]
INFO: [ app_begin ] --START--
INFO: Run Behavior\ReadHtmlCacheBehavior [ RunTime:0.000048s ]
INFO: [ app_begin ] --END-- [ RunTime:0.000132s ]
NOTIC: [8192] mysql_connect(): The mysql extension is deprecated and will be removed in the future: use mysqli or PDO instead /var/www/html/tp3.2/ThinkPHP/Library/Think/Db/Driver/Mysql.class.php 第 52 行.
SQL: SHOW COLUMNS FROM `user_list` [ RunTime:0.001194s ]
SQL: SELECT * FROM `user_list` WHERE ( phone_number='13200231520' )  [ RunTime:0.000431s ]
SQL: SELECT * FROM `user_list` WHERE ( uid=100038 )  [ RunTime:0.000248s ]
SQL: SELECT * FROM `user_list` WHERE ( uid=100039 )  [ RunTime:0.000240s ]
SQL: SELECT * FROM `user_list` WHERE ( uid=100043 )  [ RunTime:0.000243s ]
SQL: SELECT * FROM `user_list` WHERE ( uid=100042 )  [ RunTime:0.000336s ]
SQL: SELECT * FROM `user_list` WHERE ( uid=100040 )  [ RunTime:0.000266s ]
SQL: SELECT * FROM `user_list` WHERE ( uid=100044 )  [ RunTime:0.000244s ]
SQL: SELECT * FROM `user_list` WHERE ( uid=100045 )  [ RunTime:0.000271s ]
SQL: SELECT * FROM `user_list` WHERE ( uid in (100054,100059,100074) )  [ RunTime:0.000291s ]
SQL: SELECT * FROM `user_list` WHERE ( uid=100054 )  [ RunTime:0.000282s ]
SQL: SELECT * FROM `user_list` WHERE ( uid=100059 )  [ RunTime:0.000256s ]
SQL: SELECT * FROM `user_list` WHERE ( uid=100074 )  [ RunTime:0.000256s ]
INFO: [ app_end ] --START--
INFO: Run Behavior\ShowPageTraceBehavior [ RunTime:0.000066s ]
INFO: [ app_end ] --END-- [ RunTime:0.000147s ]

[ 2018-12-27T09:46:38+08:00 ] 110.185.39.178 /tp3.2/index.php/home/HomeTree/preList/
INFO: [ app_init ] --START--
INFO: Run Behavior\BuildLiteBehavior [ RunTime:0.000017s ]
INFO: [ app_init ] --END-- [ RunTime:0.000122s ]
INFO: [ app_begin ] --START--
INFO: Run Behavior\ReadHtmlCacheBehavior [ RunTime:0.000049s ]
INFO: [ app_begin ] --END-- [ RunTime:0.000133s ]
NOTIC: [8192] mysql_connect(): The mysql extension is deprecated and will be removed in the future: use mysqli or PDO instead /var/www/html/tp3.2/ThinkPHP/Library/Think/Db/Driver/Mysql.class.php 第 52 行.
SQL: SHOW COLUMNS FROM `user_list` [ RunTime:0.001072s ]
SQL: SELECT * FROM `user_list` WHERE ( phone_number='13200231520' )  [ RunTime:0.000549s ]
SQL: SELECT * FROM `user_list` WHERE ( uid=100038 )  [ RunTime:0.000352s ]
SQL: SELECT * FROM `user_list` WHERE ( uid=100039 )  [ RunTime:0.000363s ]
SQL: SELECT * FROM `user_list` WHERE ( uid=100043 )  [ RunTime:0.000324s ]
SQL: SELECT * FROM `user_list` WHERE ( uid=100042 )  [ RunTime:0.000345s ]
SQL: SELECT * FROM `user_list` WHERE ( uid=100040 )  [ RunTime:0.000334s ]
SQL: SELECT * FROM `user_list` WHERE ( uid=100044 )  [ RunTime:0.000353s ]
SQL: SELECT * FROM `user_list` WHERE ( uid=100045 )  [ RunTime:0.000360s ]
INFO: [ app_end ] --START--
INFO: Run Behavior\ShowPageTraceBehavior [ RunTime:0.000064s ]
INFO: [ app_end ] --END-- [ RunTime:0.000150s ]

[ 2018-12-27T10:05:54+08:00 ] 110.185.39.178 /tp3.2/index.php/home/indexComputer/index
INFO: [ app_init ] --START--
INFO: Run Behavior\BuildLiteBehavior [ RunTime:0.000019s ]
INFO: [ app_init ] --END-- [ RunTime:0.000149s ]
INFO: [ app_begin ] --START--
INFO: Run Behavior\ReadHtmlCacheBehavior [ RunTime:0.000058s ]
INFO: [ app_begin ] --END-- [ RunTime:0.000142s ]
NOTIC: [8192] mysql_connect(): The mysql extension is deprecated and will be removed in the future: use mysqli or PDO instead /var/www/html/tp3.2/ThinkPHP/Library/Think/Db/Driver/Mysql.class.php 第 52 行.
SQL: SHOW COLUMNS FROM `user` [ RunTime:0.000649s ]
SQL: SELECT * FROM `user` WHERE ( phone='13200231520' and password='abc123' )  [ RunTime:0.000412s ]
INFO: [ app_end ] --START--
INFO: Run Behavior\ShowPageTraceBehavior [ RunTime:0.000162s ]
INFO: [ app_end ] --END-- [ RunTime:0.000243s ]

[ 2018-12-27T10:06:22+08:00 ] 110.185.39.178 /tp3.2/index.php/home/indexComputer/index
INFO: [ app_init ] --START--
INFO: Run Behavior\BuildLiteBehavior [ RunTime:0.000020s ]
INFO: [ app_init ] --END-- [ RunTime:0.000148s ]
INFO: [ app_begin ] --START--
INFO: Run Behavior\ReadHtmlCacheBehavior [ RunTime:0.000057s ]
INFO: [ app_begin ] --END-- [ RunTime:0.000140s ]
NOTIC: [8192] mysql_connect(): The mysql extension is deprecated and will be removed in the future: use mysqli or PDO instead /var/www/html/tp3.2/ThinkPHP/Library/Think/Db/Driver/Mysql.class.php 第 52 行.
SQL: SHOW COLUMNS FROM `user` [ RunTime:0.000518s ]
SQL: SELECT * FROM `user` WHERE ( phone='13200231520' and password='abc123' )  [ RunTime:0.000352s ]
INFO: [ app_end ] --START--
INFO: Run Behavior\ShowPageTraceBehavior [ RunTime:0.000082s ]
INFO: [ app_end ] --END-- [ RunTime:0.000163s ]

[ 2018-12-27T10:10:49+08:00 ] 110.185.39.178 /tp3.2/index.php/home/indexComputer/index
INFO: [ app_init ] --START--
INFO: Run Behavior\BuildLiteBehavior [ RunTime:0.000020s ]
INFO: [ app_init ] --END-- [ RunTime:0.000148s ]
INFO: [ app_begin ] --START--
INFO: Run Behavior\ReadHtmlCacheBehavior [ RunTime:0.000057s ]
INFO: [ app_begin ] --END-- [ RunTime:0.000139s ]
NOTIC: [8192] mysql_connect(): The mysql extension is deprecated and will be removed in the future: use mysqli or PDO instead /var/www/html/tp3.2/ThinkPHP/Library/Think/Db/Driver/Mysql.class.php 第 52 行.
SQL: SHOW COLUMNS FROM `user` [ RunTime:0.000635s ]
SQL: SELECT * FROM `user` WHERE ( phone='13200231520' and password='abc123' )  [ RunTime:0.000353s ]
INFO: [ app_end ] --START--
INFO: Run Behavior\ShowPageTraceBehavior [ RunTime:0.000090s ]
INFO: [ app_end ] --END-- [ RunTime:0.000177s ]

[ 2018-12-27T10:11:33+08:00 ] 110.185.39.178 /tp3.2/index.php/home/indexComputer/index
INFO: [ app_init ] --START--
INFO: Run Behavior\BuildLiteBehavior [ RunTime:0.000020s ]
INFO: [ app_init ] --END-- [ RunTime:0.000271s ]
INFO: [ app_begin ] --START--
INFO: Run Behavior\ReadHtmlCacheBehavior [ RunTime:0.000064s ]
INFO: [ app_begin ] --END-- [ RunTime:0.000149s ]
NOTIC: [8192] mysql_connect(): The mysql extension is deprecated and will be removed in the future: use mysqli or PDO instead /var/www/html/tp3.2/ThinkPHP/Library/Think/Db/Driver/Mysql.class.php 第 52 行.
SQL: SHOW COLUMNS FROM `user` [ RunTime:0.000620s ]
SQL: SELECT * FROM `user` WHERE ( phone='13200231520' and password='abc123' )  [ RunTime:0.000378s ]
INFO: [ app_end ] --START--
INFO: Run Behavior\ShowPageTraceBehavior [ RunTime:0.000145s ]
INFO: [ app_end ] --END-- [ RunTime:0.000228s ]

[ 2018-12-27T10:55:31+08:00 ] 110.185.39.178 /tp3.2/index.php/home/indexComputer/index
INFO: [ app_init ] --START--
INFO: Run Behavior\BuildLiteBehavior [ RunTime:0.000020s ]
INFO: [ app_init ] --END-- [ RunTime:0.000154s ]
INFO: [ app_begin ] --START--
INFO: Run Behavior\ReadHtmlCacheBehavior [ RunTime:0.000056s ]
INFO: [ app_begin ] --END-- [ RunTime:0.000140s ]
NOTIC: [8192] mysql_connect(): The mysql extension is deprecated and will be removed in the future: use mysqli or PDO instead /var/www/html/tp3.2/ThinkPHP/Library/Think/Db/Driver/Mysql.class.php 第 52 行.
SQL: SHOW COLUMNS FROM `user` [ RunTime:0.000625s ]
SQL: SELECT * FROM `user` WHERE ( phone='13200231520' and password='abc123' )  [ RunTime:0.000405s ]
INFO: [ app_end ] --START--
INFO: Run Behavior\ShowPageTraceBehavior [ RunTime:0.000089s ]
INFO: [ app_end ] --END-- [ RunTime:0.000171s ]

[ 2018-12-27T11:42:49+08:00 ] 117.136.62.77 /tp3.2/index.php/home/indexComputer/index
INFO: [ app_init ] --START--
INFO: Run Behavior\BuildLiteBehavior [ RunTime:0.000019s ]
INFO: [ app_init ] --END-- [ RunTime:0.000147s ]
INFO: [ app_begin ] --START--
INFO: Run Behavior\ReadHtmlCacheBehavior [ RunTime:0.000057s ]
INFO: [ app_begin ] --END-- [ RunTime:0.000141s ]
NOTIC: [8192] mysql_connect(): The mysql extension is deprecated and will be removed in the future: use mysqli or PDO instead /var/www/html/tp3.2/ThinkPHP/Library/Think/Db/Driver/Mysql.class.php 第 52 行.
SQL: SHOW COLUMNS FROM `user` [ RunTime:0.000659s ]
SQL: SELECT * FROM `user` WHERE ( phone='13200231520' and password='abc123' )  [ RunTime:0.000407s ]
INFO: [ app_end ] --START--
INFO: Run Behavior\ShowPageTraceBehavior [ RunTime:0.000094s ]
INFO: [ app_end ] --END-- [ RunTime:0.000175s ]

[ 2018-12-27T15:51:57+08:00 ] 117.136.62.77 /tp3.2/index.php/home/Wx/saveImg
INFO: [ app_init ] --START--
INFO: Run Behavior\BuildLiteBehavior [ RunTime:0.000019s ]
INFO: [ app_init ] --END-- [ RunTime:0.000144s ]
INFO: [ app_begin ] --START--
INFO: Run Behavior\ReadHtmlCacheBehavior [ RunTime:0.000057s ]
INFO: [ app_begin ] --END-- [ RunTime:0.000131s ]
NOTIC: [8192] mysql_connect(): The mysql extension is deprecated and will be removed in the future: use mysqli or PDO instead /var/www/html/tp3.2/ThinkPHP/Library/Think/Db/Driver/Mysql.class.php 第 52 行.
SQL: SHOW COLUMNS FROM `header` [ RunTime:0.000634s ]
SQL: SELECT * FROM `header` WHERE ( pic='100246.png' )  [ RunTime:0.000238s ]
INFO: [ app_end ] --START--
INFO: Run Behavior\ShowPageTraceBehavior [ RunTime:0.000073s ]
INFO: [ app_end ] --END-- [ RunTime:0.000146s ]

[ 2018-12-27T15:53:06+08:00 ] 119.84.153.208 /tp3.2/home/Wx1/code?uid=100246
INFO: [ app_init ] --START--
INFO: Run Behavior\BuildLiteBehavior [ RunTime:0.000020s ]
INFO: [ app_init ] --END-- [ RunTime:0.000147s ]
INFO: [ app_begin ] --START--
INFO: Run Behavior\ReadHtmlCacheBehavior [ RunTime:0.000063s ]
INFO: [ app_begin ] --END-- [ RunTime:0.000147s ]
ERR: uid为:100246
INFO: [ app_end ] --START--
INFO: Run Behavior\ShowPageTraceBehavior [ RunTime:0.000066s ]
INFO: [ app_end ] --END-- [ RunTime:0.000149s ]

[ 2018-12-27T15:53:10+08:00 ] 119.84.153.208 /tp3.2/home/Wx1/getUserInfoAll?uid=100246&code=021jpy0P08cp342S5OYO0ups0P0jpy0J&state=100001
INFO: [ app_init ] --START--
INFO: Run Behavior\BuildLiteBehavior [ RunTime:0.000020s ]
INFO: [ app_init ] --END-- [ RunTime:0.000154s ]
INFO: [ app_begin ] --START--
INFO: Run Behavior\ReadHtmlCacheBehavior [ RunTime:0.000063s ]
INFO: [ app_begin ] --END-- [ RunTime:0.000146s ]
INFO: [ app_end ] --START--
INFO: Run Behavior\ShowPageTraceBehavior [ RunTime:0.000083s ]
INFO: [ app_end ] --END-- [ RunTime:0.000179s ]

[ 2018-12-27T15:53:59+08:00 ] 101.89.29.92 /tp3.2/home/Wx1/code?uid=100246
INFO: [ app_init ] --START--
INFO: Run Behavior\BuildLiteBehavior [ RunTime:0.000020s ]
INFO: [ app_init ] --END-- [ RunTime:0.000151s ]
INFO: [ app_begin ] --START--
INFO: Run Behavior\ReadHtmlCacheBehavior [ RunTime:0.000063s ]
INFO: [ app_begin ] --END-- [ RunTime:0.000146s ]
ERR: uid为:100246
INFO: [ app_end ] --START--
INFO: Run Behavior\ShowPageTraceBehavior [ RunTime:0.000077s ]
INFO: [ app_end ] --END-- [ RunTime:0.000159s ]

[ 2018-12-27T17:34:49+08:00 ] 171.221.170.86 /tp3.2/index.php/home/Wx3/saveImg
INFO: [ app_init ] --START--
INFO: Run Behavior\BuildLiteBehavior [ RunTime:0.000020s ]
INFO: [ app_init ] --END-- [ RunTime:0.000151s ]
INFO: [ app_begin ] --START--
INFO: Run Behavior\ReadHtmlCacheBehavior [ RunTime:0.000057s ]
INFO: [ app_begin ] --END-- [ RunTime:0.000147s ]
NOTIC: [8192] mysql_connect(): The mysql extension is deprecated and will be removed in the future: use mysqli or PDO instead /var/www/html/tp3.2/ThinkPHP/Library/Think/Db/Driver/Mysql.class.php 第 52 行.
SQL: SHOW COLUMNS FROM `header1` [ RunTime:0.000548s ]
ERR: 1146:Table 'yuebao.header1' doesn't exist
 [ SQL语句 ] : SHOW COLUMNS FROM `header1`
SQL: SELECT * FROM `header1` WHERE ( pic='100001.png' )  [ RunTime:0.000261s ]
ERR: 1146:Table 'yuebao.header1' doesn't exist
 [ SQL语句 ] : SELECT * FROM `header1` WHERE ( pic='100001.png' ) 
NOTIC: [2] file_put_contents(./Public/upload/header1/100001.png): failed to open stream: Permission denied /var/www/html/tp3.2/Application/Home/Controller/Wx3Controller.class.php 第 75 行.
SQL: INSERT INTO `header1` (`uid`,`url`,`pic`,`save_url`) VALUES ('100001','http://thirdwx.qlogo.cn/mmopen/vi_32/urYjX4OaSmZ8nMNNTOvODQVD1uZt71HsEDtfMsD7XMDuWpBBhtOcx9QBeJJbw1ibv0wNuicvaT6U11nWsrwpLb4w/132','100001.png','http://caiyunyigou.com/tp3.2/Public/upload/header1/100001.png') [ RunTime:0.000359s ]
ERR: 1146:Table 'yuebao.header1' doesn't exist
 [ SQL语句 ] : INSERT INTO `header1` (`uid`,`url`,`pic`,`save_url`) VALUES ('100001','http://thirdwx.qlogo.cn/mmopen/vi_32/urYjX4OaSmZ8nMNNTOvODQVD1uZt71HsEDtfMsD7XMDuWpBBhtOcx9QBeJJbw1ibv0wNuicvaT6U11nWsrwpLb4w/132','100001.png','http://caiyunyigou.com/tp3.2/Public/upload/header1/100001.png')
NOTIC: [2] file_put_contents(./Public/upload/header1/100001.png): failed to open stream: Permission denied /var/www/html/tp3.2/Application/Home/Controller/Wx3Controller.class.php 第 75 行.
INFO: [ app_end ] --START--
INFO: Run Behavior\ShowPageTraceBehavior [ RunTime:0.000065s ]
INFO: [ app_end ] --END-- [ RunTime:0.000147s ]

[ 2018-12-27T17:39:00+08:00 ] 171.221.170.86 /tp3.2/index.php/home/Wx3/saveImg
INFO: [ app_init ] --START--
INFO: Run Behavior\BuildLiteBehavior [ RunTime:0.000019s ]
INFO: [ app_init ] --END-- [ RunTime:0.000155s ]
INFO: [ app_begin ] --START--
INFO: Run Behavior\ReadHtmlCacheBehavior [ RunTime:0.000057s ]
INFO: [ app_begin ] --END-- [ RunTime:0.000141s ]
NOTIC: [8192] mysql_connect(): The mysql extension is deprecated and will be removed in the future: use mysqli or PDO instead /var/www/html/tp3.2/ThinkPHP/Library/Think/Db/Driver/Mysql.class.php 第 52 行.
SQL: SHOW COLUMNS FROM `header1` [ RunTime:0.000541s ]
ERR: 1146:Table 'yuebao.header1' doesn't exist
 [ SQL语句 ] : SHOW COLUMNS FROM `header1`
SQL: SELECT * FROM `header1` WHERE ( pic='100001.png' )  [ RunTime:0.000261s ]
ERR: 1146:Table 'yuebao.header1' doesn't exist
 [ SQL语句 ] : SELECT * FROM `header1` WHERE ( pic='100001.png' ) 
NOTIC: [2] file_put_contents(./Public/upload/header1/100001.png): failed to open stream: Permission denied /var/www/html/tp3.2/Application/Home/Controller/Wx3Controller.class.php 第 75 行.
SQL: INSERT INTO `header1` (`uid`,`url`,`pic`,`save_url`) VALUES ('100001','http://thirdwx.qlogo.cn/mmopen/vi_32/urYjX4OaSmZ8nMNNTOvODQVD1uZt71HsEDtfMsD7XMDuWpBBhtOcx9QBeJJbw1ibv0wNuicvaT6U11nWsrwpLb4w/132','100001.png','http://caiyunyigou.com/tp3.2/Public/upload/header1/100001.png') [ RunTime:0.000357s ]
ERR: 1146:Table 'yuebao.header1' doesn't exist
 [ SQL语句 ] : INSERT INTO `header1` (`uid`,`url`,`pic`,`save_url`) VALUES ('100001','http://thirdwx.qlogo.cn/mmopen/vi_32/urYjX4OaSmZ8nMNNTOvODQVD1uZt71HsEDtfMsD7XMDuWpBBhtOcx9QBeJJbw1ibv0wNuicvaT6U11nWsrwpLb4w/132','100001.png','http://caiyunyigou.com/tp3.2/Public/upload/header1/100001.png')
NOTIC: [2] file_put_contents(./Public/upload/header1/100001.png): failed to open stream: Permission denied /var/www/html/tp3.2/Application/Home/Controller/Wx3Controller.class.php 第 75 行.
INFO: [ app_end ] --START--
INFO: Run Behavior\ShowPageTraceBehavior [ RunTime:0.000065s ]
INFO: [ app_end ] --END-- [ RunTime:0.000148s ]

[ 2018-12-27T17:40:22+08:00 ] 171.221.170.86 /tp3.2/index.php/home/Wx3/adds
INFO: [ app_init ] --START--
INFO: Run Behavior\BuildLiteBehavior [ RunTime:0.000020s ]
INFO: [ app_init ] --END-- [ RunTime:0.000146s ]
INFO: [ app_begin ] --START--
INFO: Run Behavior\ReadHtmlCacheBehavior [ RunTime:0.000056s ]
INFO: [ app_begin ] --END-- [ RunTime:0.000141s ]
NOTIC: [8192] mysql_connect(): The mysql extension is deprecated and will be removed in the future: use mysqli or PDO instead /var/www/html/tp3.2/ThinkPHP/Library/Think/Db/Driver/Mysql.class.php 第 52 行.
SQL: SHOW COLUMNS FROM `header1` [ RunTime:0.000487s ]
ERR: 1146:Table 'yuebao.header1' doesn't exist
 [ SQL语句 ] : SHOW COLUMNS FROM `header1`
SQL: INSERT INTO `header1` (`uid`,`url`,`pic`,`save_url`) VALUES ('100001','http://thirdwx.qlogo.cn/mmopen/vi_32/urYjX4OaSmZ8nMNNTOvODQVD1uZt71HsEDtfMsD7XMDuWpBBhtOcx9QBeJJbw1ibv0wNuicvaT6U11nWsrwpLb4w/132','100001','http://thirdwx.qlogo.cn/mmopen/vi_32/urYjX4OaSmZ8nMNNTOvODQVD1uZt71HsEDtfMsD7XMDuWpBBhtOcx9QBeJJbw1ibv0wNuicvaT6U11nWsrwpLb4w/132') [ RunTime:0.000309s ]
ERR: 1146:Table 'yuebao.header1' doesn't exist
 [ SQL语句 ] : INSERT INTO `header1` (`uid`,`url`,`pic`,`save_url`) VALUES ('100001','http://thirdwx.qlogo.cn/mmopen/vi_32/urYjX4OaSmZ8nMNNTOvODQVD1uZt71HsEDtfMsD7XMDuWpBBhtOcx9QBeJJbw1ibv0wNuicvaT6U11nWsrwpLb4w/132','100001','http://thirdwx.qlogo.cn/mmopen/vi_32/urYjX4OaSmZ8nMNNTOvODQVD1uZt71HsEDtfMsD7XMDuWpBBhtOcx9QBeJJbw1ibv0wNuicvaT6U11nWsrwpLb4w/132')
INFO: [ app_end ] --START--
INFO: Run Behavior\ShowPageTraceBehavior [ RunTime:0.000097s ]
INFO: [ app_end ] --END-- [ RunTime:0.000176s ]

[ 2018-12-27T17:46:06+08:00 ] 171.221.170.86 /tp3.2/index.php/home/Wx3/adds
INFO: [ app_init ] --START--
INFO: Run Behavior\BuildLiteBehavior [ RunTime:0.000026s ]
INFO: [ app_init ] --END-- [ RunTime:0.000154s ]
INFO: [ app_begin ] --START--
INFO: Run Behavior\ReadHtmlCacheBehavior [ RunTime:0.000057s ]
INFO: [ app_begin ] --END-- [ RunTime:0.000140s ]
NOTIC: [8192] mysql_connect(): The mysql extension is deprecated and will be removed in the future: use mysqli or PDO instead /var/www/html/tp3.2/ThinkPHP/Library/Think/Db/Driver/Mysql.class.php 第 52 行.
SQL: SHOW COLUMNS FROM `header1` [ RunTime:0.000646s ]
ERR: 1146:Table 'yuebao.header1' doesn't exist
 [ SQL语句 ] : SHOW COLUMNS FROM `header1`
SQL: SHOW COLUMNS FROM `t_header` [ RunTime:0.000404s ]
ERR: 1146:Table 'yuebao.t_header' doesn't exist
 [ SQL语句 ] : SHOW COLUMNS FROM `t_header`
SQL: INSERT INTO `t_header` (`uid`,`url`,`pic`,`save_url`) VALUES ('100001','http://thirdwx.qlogo.cn/mmopen/vi_32/urYjX4OaSmZ8nMNNTOvODQVD1uZt71HsEDtfMsD7XMDuWpBBhtOcx9QBeJJbw1ibv0wNuicvaT6U11nWsrwpLb4w/132','100001','http://thirdwx.qlogo.cn/mmopen/vi_32/urYjX4OaSmZ8nMNNTOvODQVD1uZt71HsEDtfMsD7XMDuWpBBhtOcx9QBeJJbw1ibv0wNuicvaT6U11nWsrwpLb4w/132') [ RunTime:0.000271s ]
ERR: 1146:Table 'yuebao.t_header' doesn't exist
 [ SQL语句 ] : INSERT INTO `t_header` (`uid`,`url`,`pic`,`save_url`) VALUES ('100001','http://thirdwx.qlogo.cn/mmopen/vi_32/urYjX4OaSmZ8nMNNTOvODQVD1uZt71HsEDtfMsD7XMDuWpBBhtOcx9QBeJJbw1ibv0wNuicvaT6U11nWsrwpLb4w/132','100001','http://thirdwx.qlogo.cn/mmopen/vi_32/urYjX4OaSmZ8nMNNTOvODQVD1uZt71HsEDtfMsD7XMDuWpBBhtOcx9QBeJJbw1ibv0wNuicvaT6U11nWsrwpLb4w/132')
INFO: [ app_end ] --START--
INFO: Run Behavior\ShowPageTraceBehavior [ RunTime:0.000095s ]
INFO: [ app_end ] --END-- [ RunTime:0.000174s ]

[ 2018-12-27T17:47:24+08:00 ] 171.221.170.86 /tp3.2/index.php/home/Wx3/adds
INFO: [ app_init ] --START--
INFO: Run Behavior\BuildLiteBehavior [ RunTime:0.000020s ]
INFO: [ app_init ] --END-- [ RunTime:0.000149s ]
INFO: [ app_begin ] --START--
INFO: Run Behavior\ReadHtmlCacheBehavior [ RunTime:0.000056s ]
INFO: [ app_begin ] --END-- [ RunTime:0.000141s ]
NOTIC: [8192] mysql_connect(): The mysql extension is deprecated and will be removed in the future: use mysqli or PDO instead /var/www/html/tp3.2/ThinkPHP/Library/Think/Db/Driver/Mysql.class.php 第 52 行.
SQL: SHOW COLUMNS FROM `header1` [ RunTime:0.000626s ]
ERR: 1146:Table 'yuebao.header1' doesn't exist
 [ SQL语句 ] : SHOW COLUMNS FROM `header1`
SQL: SHOW COLUMNS FROM `t_header` [ RunTime:0.000646s ]
SQL: INSERT INTO `t_header` (`uid`,`url`,`pic`,`save_url`) VALUES (100001,'http://thirdwx.qlogo.cn/mmopen/vi_32/urYjX4OaSmZ8nMNNTOvODQVD1uZt71HsEDtfMsD7XMDuWpBBhtOcx9QBeJJbw1ibv0wNuicvaT6U11nWsrwpLb4w/132','100001','http://thirdwx.qlogo.cn/mmopen/vi_32/urYjX4OaSmZ8nMNNTOvODQVD1uZt71HsEDtfMsD7XMDuWpBBhtOcx9QBeJJbw1ibv0wNuicvaT6U11nWsrwpLb4w/132') [ RunTime:0.000298s ]
INFO: [ app_end ] --START--
INFO: Run Behavior\ShowPageTraceBehavior [ RunTime:0.000094s ]
INFO: [ app_end ] --END-- [ RunTime:0.000175s ]

[ 2018-12-27T17:48:14+08:00 ] 171.221.170.86 /tp3.2/index.php/home/Wx3/adds
INFO: [ app_init ] --START--
INFO: Run Behavior\BuildLiteBehavior [ RunTime:0.000020s ]
INFO: [ app_init ] --END-- [ RunTime:0.000148s ]
INFO: [ app_begin ] --START--
INFO: Run Behavior\ReadHtmlCacheBehavior [ RunTime:0.000057s ]
INFO: [ app_begin ] --END-- [ RunTime:0.000141s ]
NOTIC: [8192] mysql_connect(): The mysql extension is deprecated and will be removed in the future: use mysqli or PDO instead /var/www/html/tp3.2/ThinkPHP/Library/Think/Db/Driver/Mysql.class.php 第 52 行.
SQL: SHOW COLUMNS FROM `header1` [ RunTime:0.000448s ]
ERR: 1146:Table 'yuebao.header1' doesn't exist
 [ SQL语句 ] : SHOW COLUMNS FROM `header1`
SQL: SHOW COLUMNS FROM `header` [ RunTime:0.000587s ]
SQL: INSERT INTO `header` (`uid`,`url`,`pic`,`save_url`) VALUES (100001,'http://thirdwx.qlogo.cn/mmopen/vi_32/urYjX4OaSmZ8nMNNTOvODQVD1uZt71HsEDtfMsD7XMDuWpBBhtOcx9QBeJJbw1ibv0wNuicvaT6U11nWsrwpLb4w/132','100001','http://thirdwx.qlogo.cn/mmopen/vi_32/urYjX4OaSmZ8nMNNTOvODQVD1uZt71HsEDtfMsD7XMDuWpBBhtOcx9QBeJJbw1ibv0wNuicvaT6U11nWsrwpLb4w/132') [ RunTime:0.000305s ]
ERR: 1062:Duplicate entry '100001' for key 'uid'
 [ SQL语句 ] : INSERT INTO `header` (`uid`,`url`,`pic`,`save_url`) VALUES (100001,'http://thirdwx.qlogo.cn/mmopen/vi_32/urYjX4OaSmZ8nMNNTOvODQVD1uZt71HsEDtfMsD7XMDuWpBBhtOcx9QBeJJbw1ibv0wNuicvaT6U11nWsrwpLb4w/132','100001','http://thirdwx.qlogo.cn/mmopen/vi_32/urYjX4OaSmZ8nMNNTOvODQVD1uZt71HsEDtfMsD7XMDuWpBBhtOcx9QBeJJbw1ibv0wNuicvaT6U11nWsrwpLb4w/132')
INFO: [ app_end ] --START--
INFO: Run Behavior\ShowPageTraceBehavior [ RunTime:0.000088s ]
INFO: [ app_end ] --END-- [ RunTime:0.000167s ]

[ 2018-12-27T17:48:29+08:00 ] 171.221.170.86 /tp3.2/index.php/home/Wx3/adds
INFO: [ app_init ] --START--
INFO: Run Behavior\BuildLiteBehavior [ RunTime:0.000020s ]
INFO: [ app_init ] --END-- [ RunTime:0.000155s ]
INFO: [ app_begin ] --START--
INFO: Run Behavior\ReadHtmlCacheBehavior [ RunTime:0.000059s ]
INFO: [ app_begin ] --END-- [ RunTime:0.000143s ]
NOTIC: [8192] mysql_connect(): The mysql extension is deprecated and will be removed in the future: use mysqli or PDO instead /var/www/html/tp3.2/ThinkPHP/Library/Think/Db/Driver/Mysql.class.php 第 52 行.
SQL: SHOW COLUMNS FROM `header1` [ RunTime:0.000449s ]
ERR: 1146:Table 'yuebao.header1' doesn't exist
 [ SQL语句 ] : SHOW COLUMNS FROM `header1`
SQL: SHOW COLUMNS FROM `header` [ RunTime:0.000519s ]
SQL: INSERT INTO `header` (`uid`,`url`,`pic`,`save_url`) VALUES (100001,'http://thirdwx.qlogo.cn/mmopen/vi_32/urYjX4OaSmZ8nMNNTOvODQVD1uZt71HsEDtfMsD7XMDuWpBBhtOcx9QBeJJbw1ibv0wNuicvaT6U11nWsrwpLb4w/132','100001','http://thirdwx.qlogo.cn/mmopen/vi_32/urYjX4OaSmZ8nMNNTOvODQVD1uZt71HsEDtfMsD7XMDuWpBBhtOcx9QBeJJbw1ibv0wNuicvaT6U11nWsrwpLb4w/132') [ RunTime:0.000308s ]
INFO: [ app_end ] --START--
INFO: Run Behavior\ShowPageTraceBehavior [ RunTime:0.000076s ]
INFO: [ app_end ] --END-- [ RunTime:0.000162s ]

[ 2018-12-27T17:50:41+08:00 ] 171.221.170.86 /tp3.2/index.php/home/Wx3/saveImg
INFO: [ app_init ] --START--
INFO: Run Behavior\BuildLiteBehavior [ RunTime:0.000020s ]
INFO: [ app_init ] --END-- [ RunTime:0.000156s ]
INFO: [ app_begin ] --START--
INFO: Run Behavior\ReadHtmlCacheBehavior [ RunTime:0.000064s ]
INFO: [ app_begin ] --END-- [ RunTime:0.000155s ]
NOTIC: [8192] mysql_connect(): The mysql extension is deprecated and will be removed in the future: use mysqli or PDO instead /var/www/html/tp3.2/ThinkPHP/Library/Think/Db/Driver/Mysql.class.php 第 52 行.
SQL: SHOW COLUMNS FROM `header1` [ RunTime:0.000516s ]
ERR: 1146:Table 'yuebao.header1' doesn't exist
 [ SQL语句 ] : SHOW COLUMNS FROM `header1`
SQL: SELECT * FROM `header1` WHERE ( pic='100001.png' )  [ RunTime:0.000377s ]
ERR: 1146:Table 'yuebao.header1' doesn't exist
 [ SQL语句 ] : SELECT * FROM `header1` WHERE ( pic='100001.png' ) 
NOTIC: [2] file_put_contents(./Public/upload/header1/100001.png): failed to open stream: Permission denied /var/www/html/tp3.2/Application/Home/Controller/Wx3Controller.class.php 第 75 行.
SQL: SHOW COLUMNS FROM `header` [ RunTime:0.000594s ]
SQL: INSERT INTO `header` (`uid`,`url`,`pic`,`save_url`) VALUES (100001,'http://thirdwx.qlogo.cn/mmopen/vi_32/urYjX4OaSmZ8nMNNTOvODQVD1uZt71HsEDtfMsD7XMDuWpBBhtOcx9QBeJJbw1ibv0wNuicvaT6U11nWsrwpLb4w/132','100001.png','http://caiyunyigou.com/tp3.2/Public/upload/header1/100001.png') [ RunTime:0.000356s ]
NOTIC: [2] file_put_contents(./Public/upload/header1/100001.png): failed to open stream: Permission denied /var/www/html/tp3.2/Application/Home/Controller/Wx3Controller.class.php 第 75 行.
INFO: [ app_end ] --START--
INFO: Run Behavior\ShowPageTraceBehavior [ RunTime:0.000081s ]
INFO: [ app_end ] --END-- [ RunTime:0.000165s ]

[ 2018-12-27T17:50:53+08:00 ] 171.221.170.86 /tp3.2/index.php/home/Wx3/saveImg
INFO: [ app_init ] --START--
INFO: Run Behavior\BuildLiteBehavior [ RunTime:0.000020s ]
INFO: [ app_init ] --END-- [ RunTime:0.000154s ]
INFO: [ app_begin ] --START--
INFO: Run Behavior\ReadHtmlCacheBehavior [ RunTime:0.000062s ]
INFO: [ app_begin ] --END-- [ RunTime:0.000154s ]
NOTIC: [8192] mysql_connect(): The mysql extension is deprecated and will be removed in the future: use mysqli or PDO instead /var/www/html/tp3.2/ThinkPHP/Library/Think/Db/Driver/Mysql.class.php 第 52 行.
SQL: SHOW COLUMNS FROM `header1` [ RunTime:0.000442s ]
ERR: 1146:Table 'yuebao.header1' doesn't exist
 [ SQL语句 ] : SHOW COLUMNS FROM `header1`
SQL: SELECT * FROM `header1` WHERE ( pic='100001.png' )  [ RunTime:0.000250s ]
ERR: 1146:Table 'yuebao.header1' doesn't exist
 [ SQL语句 ] : SELECT * FROM `header1` WHERE ( pic='100001.png' ) 
NOTIC: [2] file_put_contents(./Public/upload/header1/100001.png): failed to open stream: Permission denied /var/www/html/tp3.2/Application/Home/Controller/Wx3Controller.class.php 第 75 行.
SQL: SHOW COLUMNS FROM `header` [ RunTime:0.000563s ]
SQL: INSERT INTO `header` (`uid`,`url`,`pic`,`save_url`) VALUES (100001,'http://thirdwx.qlogo.cn/mmopen/vi_32/urYjX4OaSmZ8nMNNTOvODQVD1uZt71HsEDtfMsD7XMDuWpBBhtOcx9QBeJJbw1ibv0wNuicvaT6U11nWsrwpLb4w/132','100001.png','http://caiyunyigou.com/tp3.2/Public/upload/header1/100001.png') [ RunTime:0.000292s ]
ERR: 1062:Duplicate entry '100001' for key 'uid'
 [ SQL语句 ] : INSERT INTO `header` (`uid`,`url`,`pic`,`save_url`) VALUES (100001,'http://thirdwx.qlogo.cn/mmopen/vi_32/urYjX4OaSmZ8nMNNTOvODQVD1uZt71HsEDtfMsD7XMDuWpBBhtOcx9QBeJJbw1ibv0wNuicvaT6U11nWsrwpLb4w/132','100001.png','http://caiyunyigou.com/tp3.2/Public/upload/header1/100001.png')
NOTIC: [2] file_put_contents(./Public/upload/header1/100001.png): failed to open stream: Permission denied /var/www/html/tp3.2/Application/Home/Controller/Wx3Controller.class.php 第 75 行.
INFO: [ app_end ] --START--
INFO: Run Behavior\ShowPageTraceBehavior [ RunTime:0.000071s ]
INFO: [ app_end ] --END-- [ RunTime:0.000154s ]

[ 2018-12-27T17:51:50+08:00 ] 171.221.170.86 /tp3.2/index.php/home/Wx3/saveImg
INFO: [ app_init ] --START--
INFO: Run Behavior\BuildLiteBehavior [ RunTime:0.000020s ]
INFO: [ app_init ] --END-- [ RunTime:0.000147s ]
INFO: [ app_begin ] --START--
INFO: Run Behavior\ReadHtmlCacheBehavior [ RunTime:0.000055s ]
INFO: [ app_begin ] --END-- [ RunTime:0.000138s ]
NOTIC: [8192] mysql_connect(): The mysql extension is deprecated and will be removed in the future: use mysqli or PDO instead /var/www/html/tp3.2/ThinkPHP/Library/Think/Db/Driver/Mysql.class.php 第 52 行.
SQL: SHOW COLUMNS FROM `header1` [ RunTime:0.000473s ]
ERR: 1146:Table 'yuebao.header1' doesn't exist
 [ SQL语句 ] : SHOW COLUMNS FROM `header1`
SQL: SHOW COLUMNS FROM `header` [ RunTime:0.000500s ]
SQL: SELECT * FROM `header` WHERE ( pic='100001.png' )  [ RunTime:0.000340s ]
INFO: [ app_end ] --START--
INFO: Run Behavior\ShowPageTraceBehavior [ RunTime:0.000092s ]
INFO: [ app_end ] --END-- [ RunTime:0.000174s ]

[ 2018-12-27T17:52:04+08:00 ] 171.221.170.86 /tp3.2/index.php/home/Wx3/saveImg
INFO: [ app_init ] --START--
INFO: Run Behavior\BuildLiteBehavior [ RunTime:0.000020s ]
INFO: [ app_init ] --END-- [ RunTime:0.000150s ]
INFO: [ app_begin ] --START--
INFO: Run Behavior\ReadHtmlCacheBehavior [ RunTime:0.000057s ]
INFO: [ app_begin ] --END-- [ RunTime:0.000140s ]
NOTIC: [8192] mysql_connect(): The mysql extension is deprecated and will be removed in the future: use mysqli or PDO instead /var/www/html/tp3.2/ThinkPHP/Library/Think/Db/Driver/Mysql.class.php 第 52 行.
SQL: SHOW COLUMNS FROM `header1` [ RunTime:0.000555s ]
ERR: 1146:Table 'yuebao.header1' doesn't exist
 [ SQL语句 ] : SHOW COLUMNS FROM `header1`
SQL: SHOW COLUMNS FROM `header` [ RunTime:0.000548s ]
SQL: SELECT * FROM `header` WHERE ( pic='100001.png' )  [ RunTime:0.000343s ]
NOTIC: [2] file_put_contents(./Public/upload/header1/100001.png): failed to open stream: Permission denied /var/www/html/tp3.2/Application/Home/Controller/Wx3Controller.class.php 第 75 行.
SQL: INSERT INTO `header` (`uid`,`url`,`pic`,`save_url`) VALUES (100001,'http://thirdwx.qlogo.cn/mmopen/vi_32/urYjX4OaSmZ8nMNNTOvODQVD1uZt71HsEDtfMsD7XMDuWpBBhtOcx9QBeJJbw1ibv0wNuicvaT6U11nWsrwpLb4w/132','100001.png','http://caiyunyigou.com/tp3.2/Public/upload/header1/100001.png') [ RunTime:0.000373s ]
NOTIC: [2] file_put_contents(./Public/upload/header1/100001.png): failed to open stream: Permission denied /var/www/html/tp3.2/Application/Home/Controller/Wx3Controller.class.php 第 75 行.
INFO: [ app_end ] --START--
INFO: Run Behavior\ShowPageTraceBehavior [ RunTime:0.000068s ]
INFO: [ app_end ] --END-- [ RunTime:0.000153s ]

[ 2018-12-27T17:52:11+08:00 ] 171.221.170.86 /tp3.2/index.php/home/Wx3/saveImg
INFO: [ app_init ] --START--
INFO: Run Behavior\BuildLiteBehavior [ RunTime:0.000020s ]
INFO: [ app_init ] --END-- [ RunTime:0.000148s ]
INFO: [ app_begin ] --START--
INFO: Run Behavior\ReadHtmlCacheBehavior [ RunTime:0.000056s ]
INFO: [ app_begin ] --END-- [ RunTime:0.000146s ]
NOTIC: [8192] mysql_connect(): The mysql extension is deprecated and will be removed in the future: use mysqli or PDO instead /var/www/html/tp3.2/ThinkPHP/Library/Think/Db/Driver/Mysql.class.php 第 52 行.
SQL: SHOW COLUMNS FROM `header1` [ RunTime:0.000529s ]
ERR: 1146:Table 'yuebao.header1' doesn't exist
 [ SQL语句 ] : SHOW COLUMNS FROM `header1`
SQL: SHOW COLUMNS FROM `header` [ RunTime:0.000541s ]
SQL: SELECT * FROM `header` WHERE ( pic='100001.png' )  [ RunTime:0.000333s ]
INFO: [ app_end ] --START--
INFO: Run Behavior\ShowPageTraceBehavior [ RunTime:0.000092s ]
INFO: [ app_end ] --END-- [ RunTime:0.000173s ]

[ 2018-12-27T17:55:13+08:00 ] 171.221.170.86 /tp3.2/index.php/home/Wx/saveImg1
INFO: [ app_init ] --START--
INFO: Run Behavior\BuildLiteBehavior [ RunTime:0.000020s ]
INFO: [ app_init ] --END-- [ RunTime:0.000146s ]
INFO: [ app_begin ] --START--
INFO: Run Behavior\ReadHtmlCacheBehavior [ RunTime:0.000057s ]
INFO: [ app_begin ] --END-- [ RunTime:0.000140s ]
NOTIC: [8192] mysql_connect(): The mysql extension is deprecated and will be removed in the future: use mysqli or PDO instead /var/www/html/tp3.2/ThinkPHP/Library/Think/Db/Driver/Mysql.class.php 第 52 行.
SQL: SHOW COLUMNS FROM `header1` [ RunTime:0.000506s ]
ERR: 1146:Table 'yuebao.header1' doesn't exist
 [ SQL语句 ] : SHOW COLUMNS FROM `header1`
SQL: SELECT * FROM `header1` WHERE ( pic='100001.png' )  [ RunTime:0.000224s ]
ERR: 1146:Table 'yuebao.header1' doesn't exist
 [ SQL语句 ] : SELECT * FROM `header1` WHERE ( pic='100001.png' ) 
SQL: INSERT INTO `header1` (`uid`,`url`,`pic`,`save_url`) VALUES ('100001','http://thirdwx.qlogo.cn/mmopen/vi_32/urYjX4OaSmZ8nMNNTOvODQVD1uZt71HsEDtfMsD7XMDuWpBBhtOcx9QBeJJbw1ibv0wNuicvaT6U11nWsrwpLb4w/132','100001.png','http://caiyunyigou.com/tp3.2/Public/upload/header1/100001.png') [ RunTime:0.000340s ]
ERR: 1146:Table 'yuebao.header1' doesn't exist
 [ SQL语句 ] : INSERT INTO `header1` (`uid`,`url`,`pic`,`save_url`) VALUES ('100001','http://thirdwx.qlogo.cn/mmopen/vi_32/urYjX4OaSmZ8nMNNTOvODQVD1uZt71HsEDtfMsD7XMDuWpBBhtOcx9QBeJJbw1ibv0wNuicvaT6U11nWsrwpLb4w/132','100001.png','http://caiyunyigou.com/tp3.2/Public/upload/header1/100001.png')
INFO: [ app_end ] --START--
INFO: Run Behavior\ShowPageTraceBehavior [ RunTime:0.000069s ]
INFO: [ app_end ] --END-- [ RunTime:0.000192s ]

[ 2018-12-27T17:55:49+08:00 ] 171.221.170.86 /tp3.2/index.php/home/Wx/saveImg1
INFO: [ app_init ] --START--
INFO: Run Behavior\BuildLiteBehavior [ RunTime:0.000020s ]
INFO: [ app_init ] --END-- [ RunTime:0.000151s ]
INFO: [ app_begin ] --START--
INFO: Run Behavior\ReadHtmlCacheBehavior [ RunTime:0.000059s ]
INFO: [ app_begin ] --END-- [ RunTime:0.000150s ]
NOTIC: [8192] mysql_connect(): The mysql extension is deprecated and will be removed in the future: use mysqli or PDO instead /var/www/html/tp3.2/ThinkPHP/Library/Think/Db/Driver/Mysql.class.php 第 52 行.
SQL: SHOW COLUMNS FROM `header1` [ RunTime:0.000540s ]
ERR: 1146:Table 'yuebao.header1' doesn't exist
 [ SQL语句 ] : SHOW COLUMNS FROM `header1`
SQL: SHOW COLUMNS FROM `header` [ RunTime:0.000633s ]
SQL: SELECT * FROM `header` WHERE ( pic='100001.png' )  [ RunTime:0.000333s ]
SQL: INSERT INTO `header` (`uid`,`url`,`pic`,`save_url`) VALUES (100001,'http://thirdwx.qlogo.cn/mmopen/vi_32/urYjX4OaSmZ8nMNNTOvODQVD1uZt71HsEDtfMsD7XMDuWpBBhtOcx9QBeJJbw1ibv0wNuicvaT6U11nWsrwpLb4w/132','100001.png','http://caiyunyigou.com/tp3.2/Public/upload/header1/100001.png') [ RunTime:0.000364s ]
INFO: [ app_end ] --START--
INFO: Run Behavior\ShowPageTraceBehavior [ RunTime:0.000094s ]
INFO: [ app_end ] --END-- [ RunTime:0.000199s ]

[ 2018-12-27T17:55:56+08:00 ] 171.221.170.86 /tp3.2/index.php/home/Wx/saveImg1
INFO: [ app_init ] --START--
INFO: Run Behavior\BuildLiteBehavior [ RunTime:0.000020s ]
INFO: [ app_init ] --END-- [ RunTime:0.000148s ]
INFO: [ app_begin ] --START--
INFO: Run Behavior\ReadHtmlCacheBehavior [ RunTime:0.000065s ]
INFO: [ app_begin ] --END-- [ RunTime:0.000149s ]
NOTIC: [8192] mysql_connect(): The mysql extension is deprecated and will be removed in the future: use mysqli or PDO instead /var/www/html/tp3.2/ThinkPHP/Library/Think/Db/Driver/Mysql.class.php 第 52 行.
SQL: SHOW COLUMNS FROM `header1` [ RunTime:0.000482s ]
ERR: 1146:Table 'yuebao.header1' doesn't exist
 [ SQL语句 ] : SHOW COLUMNS FROM `header1`
SQL: SHOW COLUMNS FROM `header` [ RunTime:0.000517s ]
SQL: SELECT * FROM `header` WHERE ( pic='100001.png' )  [ RunTime:0.000311s ]
INFO: [ app_end ] --START--
INFO: Run Behavior\ShowPageTraceBehavior [ RunTime:0.000095s ]
INFO: [ app_end ] --END-- [ RunTime:0.000176s ]

[ 2018-12-27T17:57:14+08:00 ] 171.221.170.86 /tp3.2/index.php/home/Wx/saveImg1
INFO: [ app_init ] --START--
INFO: Run Behavior\BuildLiteBehavior [ RunTime:0.000020s ]
INFO: [ app_init ] --END-- [ RunTime:0.000147s ]
INFO: [ app_begin ] --START--
INFO: Run Behavior\ReadHtmlCacheBehavior [ RunTime:0.000056s ]
INFO: [ app_begin ] --END-- [ RunTime:0.000142s ]
NOTIC: [8192] mysql_connect(): The mysql extension is deprecated and will be removed in the future: use mysqli or PDO instead /var/www/html/tp3.2/ThinkPHP/Library/Think/Db/Driver/Mysql.class.php 第 52 行.
SQL: SHOW COLUMNS FROM `header1` [ RunTime:0.000478s ]
ERR: 1146:Table 'yuebao.header1' doesn't exist
 [ SQL语句 ] : SHOW COLUMNS FROM `header1`
SQL: SHOW COLUMNS FROM `header` [ RunTime:0.000529s ]
SQL: SELECT * FROM `header` WHERE ( pic='100001.png' )  [ RunTime:0.000273s ]
SQL: INSERT INTO `header` (`uid`,`url`,`pic`,`save_url`) VALUES (100001,'http://thirdwx.qlogo.cn/mmopen/vi_32/urYjX4OaSmZ8nMNNTOvODQVD1uZt71HsEDtfMsD7XMDuWpBBhtOcx9QBeJJbw1ibv0wNuicvaT6U11nWsrwpLb4w/132','100001.png','http://caiyunyigou.com/tp3.2/Public/upload/header1/100001.png') [ RunTime:0.000361s ]
NOTIC: [2] file_put_contents(./Public/upload/header1/100001.png): failed to open stream: Permission denied /var/www/html/tp3.2/Application/Home/Controller/WxController.class.php 第 389 行.
INFO: [ app_end ] --START--
INFO: Run Behavior\ShowPageTraceBehavior [ RunTime:0.000068s ]
INFO: [ app_end ] --END-- [ RunTime:0.000150s ]

[ 2018-12-27T17:58:10+08:00 ] 171.221.170.86 /tp3.2/index.php/home/Wx/saveImg1
INFO: [ app_init ] --START--
INFO: Run Behavior\BuildLiteBehavior [ RunTime:0.000020s ]
INFO: [ app_init ] --END-- [ RunTime:0.000149s ]
INFO: [ app_begin ] --START--
INFO: Run Behavior\ReadHtmlCacheBehavior [ RunTime:0.000056s ]
INFO: [ app_begin ] --END-- [ RunTime:0.000146s ]
NOTIC: [8192] mysql_connect(): The mysql extension is deprecated and will be removed in the future: use mysqli or PDO instead /var/www/html/tp3.2/ThinkPHP/Library/Think/Db/Driver/Mysql.class.php 第 52 行.
SQL: SHOW COLUMNS FROM `header1` [ RunTime:0.000578s ]
ERR: 1146:Table 'yuebao.header1' doesn't exist
 [ SQL语句 ] : SHOW COLUMNS FROM `header1`
SQL: SHOW COLUMNS FROM `header` [ RunTime:0.000516s ]
SQL: SELECT * FROM `header` WHERE ( pic='100001.png' )  [ RunTime:0.000221s ]
INFO: [ app_end ] --START--
INFO: Run Behavior\ShowPageTraceBehavior [ RunTime:0.000091s ]
INFO: [ app_end ] --END-- [ RunTime:0.000173s ]

[ 2018-12-27T18:00:31+08:00 ] 171.221.170.86 /tp3.2/index.php/home/Wx/saveImg1
INFO: [ app_init ] --START--
INFO: Run Behavior\BuildLiteBehavior [ RunTime:0.000020s ]
INFO: [ app_init ] --END-- [ RunTime:0.000156s ]
INFO: [ app_begin ] --START--
INFO: Run Behavior\ReadHtmlCacheBehavior [ RunTime:0.000056s ]
INFO: [ app_begin ] --END-- [ RunTime:0.000140s ]
NOTIC: [8192] mysql_connect(): The mysql extension is deprecated and will be removed in the future: use mysqli or PDO instead /var/www/html/tp3.2/ThinkPHP/Library/Think/Db/Driver/Mysql.class.php 第 52 行.
SQL: SHOW COLUMNS FROM `header1` [ RunTime:0.000558s ]
ERR: 1146:Table 'yuebao.header1' doesn't exist
 [ SQL语句 ] : SHOW COLUMNS FROM `header1`
SQL: SHOW COLUMNS FROM `header` [ RunTime:0.000545s ]
SQL: SELECT * FROM `header` WHERE ( pic='100001.png' )  [ RunTime:0.000381s ]
NOTIC: [2] file_put_contents(./Public/upload/header1/100001.png): failed to open stream: Permission denied /var/www/html/tp3.2/Application/Home/Controller/WxController.class.php 第 389 行.
SQL: INSERT INTO `header` (`uid`,`url`,`pic`,`save_url`) VALUES (100001,'http://thirdwx.qlogo.cn/mmopen/vi_32/urYjX4OaSmZ8nMNNTOvODQVD1uZt71HsEDtfMsD7XMDuWpBBhtOcx9QBeJJbw1ibv0wNuicvaT6U11nWsrwpLb4w/132','100001.png','http://caiyunyigou.com/tp3.2/Public/upload/header1/100001.png') [ RunTime:0.000369s ]
NOTIC: [2] file_put_contents(./Public/upload/header1/100001.png): failed to open stream: Permission denied /var/www/html/tp3.2/Application/Home/Controller/WxController.class.php 第 389 行.
INFO: [ app_end ] --START--
INFO: Run Behavior\ShowPageTraceBehavior [ RunTime:0.000067s ]
INFO: [ app_end ] --END-- [ RunTime:0.000147s ]

[ 2018-12-27T18:01:12+08:00 ] 171.221.170.86 /tp3.2/index.php/home/Wx/saveImg1
INFO: [ app_init ] --START--
INFO: Run Behavior\BuildLiteBehavior [ RunTime:0.000020s ]
INFO: [ app_init ] --END-- [ RunTime:0.000151s ]
INFO: [ app_begin ] --START--
INFO: Run Behavior\ReadHtmlCacheBehavior [ RunTime:0.000056s ]
INFO: [ app_begin ] --END-- [ RunTime:0.000140s ]
NOTIC: [8192] mysql_connect(): The mysql extension is deprecated and will be removed in the future: use mysqli or PDO instead /var/www/html/tp3.2/ThinkPHP/Library/Think/Db/Driver/Mysql.class.php 第 52 行.
SQL: SHOW COLUMNS FROM `header1` [ RunTime:0.000616s ]
ERR: 1146:Table 'yuebao.header1' doesn't exist
 [ SQL语句 ] : SHOW COLUMNS FROM `header1`
SQL: SHOW COLUMNS FROM `header` [ RunTime:0.000534s ]
SQL: SELECT * FROM `header` WHERE ( pic='100001.png' )  [ RunTime:0.000316s ]
NOTIC: [2] file_put_contents(./Public/upload/header1/100001.png): failed to open stream: Permission denied /var/www/html/tp3.2/Application/Home/Controller/WxController.class.php 第 389 行.
SQL: INSERT INTO `header` (`uid`,`url`,`pic`,`save_url`) VALUES (100001,'http://thirdwx.qlogo.cn/mmopen/vi_32/urYjX4OaSmZ8nMNNTOvODQVD1uZt71HsEDtfMsD7XMDuWpBBhtOcx9QBeJJbw1ibv0wNuicvaT6U11nWsrwpLb4w/132','100001.png','http://caiyunyigou.com/tp3.2/Public/upload/header1/100001.png') [ RunTime:0.000367s ]
NOTIC: [2] file_put_contents(./Public/upload/header1/100001.png): failed to open stream: Permission denied /var/www/html/tp3.2/Application/Home/Controller/WxController.class.php 第 389 行.
INFO: [ app_end ] --START--
INFO: Run Behavior\ShowPageTraceBehavior [ RunTime:0.000067s ]
INFO: [ app_end ] --END-- [ RunTime:0.000149s ]

[ 2018-12-27T18:05:57+08:00 ] 171.221.170.86 /tp3.2/index.php/home/Wx/saveImg1
INFO: [ app_init ] --START--
INFO: Run Behavior\BuildLiteBehavior [ RunTime:0.000020s ]
INFO: [ app_init ] --END-- [ RunTime:0.000149s ]
INFO: [ app_begin ] --START--
INFO: Run Behavior\ReadHtmlCacheBehavior [ RunTime:0.000063s ]
INFO: [ app_begin ] --END-- [ RunTime:0.000147s ]
NOTIC: [8192] mysql_connect(): The mysql extension is deprecated and will be removed in the future: use mysqli or PDO instead /var/www/html/tp3.2/ThinkPHP/Library/Think/Db/Driver/Mysql.class.php 第 52 行.
SQL: SHOW COLUMNS FROM `header1` [ RunTime:0.000649s ]
ERR: 1146:Table 'yuebao.header1' doesn't exist
 [ SQL语句 ] : SHOW COLUMNS FROM `header1`
SQL: SHOW COLUMNS FROM `header` [ RunTime:0.000639s ]
SQL: SELECT * FROM `header` WHERE ( pic='100001.png' )  [ RunTime:0.000332s ]
NOTIC: [2] file_put_contents(./Public/upload/header1/100001.png): failed to open stream: Permission denied /var/www/html/tp3.2/Application/Home/Controller/WxController.class.php 第 389 行.
SQL: INSERT INTO `header` (`uid`,`url`,`pic`,`save_url`) VALUES (100001,'http://thirdwx.qlogo.cn/mmopen/vi_32/urYjX4OaSmZ8nMNNTOvODQVD1uZt71HsEDtfMsD7XMDuWpBBhtOcx9QBeJJbw1ibv0wNuicvaT6U11nWsrwpLb4w/132','100001.png','http://caiyunyigou.com/tp3.2/Public/upload/header1/100001.png') [ RunTime:0.000376s ]
INFO: [ app_end ] --START--
INFO: Run Behavior\ShowPageTraceBehavior [ RunTime:0.000090s ]
INFO: [ app_end ] --END-- [ RunTime:0.000171s ]

