[ 2018-11-10T12:22:32+08:00 ] 42.51.64.43 /tp3.2/index.php/home/wx/getTicket
INFO: [ app_init ] --START--
INFO: Run Behavior\BuildLiteBehavior [ RunTime:0.000020s ]
INFO: [ app_init ] --END-- [ RunTime:0.000150s ]
INFO: [ app_begin ] --START--
INFO: Run Behavior\ReadHtmlCacheBehavior [ RunTime:0.000059s ]
INFO: [ app_begin ] --END-- [ RunTime:0.000143s ]
NOTIC: [8192] mysql_connect(): The mysql extension is deprecated and will be removed in the future: use mysqli or PDO instead /var/www/html/tp3.2/ThinkPHP/Library/Think/Db/Driver/Mysql.class.php 第 52 行.
SQL: SHOW COLUMNS FROM `wechat` [ RunTime:0.000708s ]
SQL: SELECT * FROM `wechat` ORDER BY variable desc  [ RunTime:0.000325s ]
ERR: 数据为:{"uid":100042}
ERR: uid为:100042
SQL: INSERT INTO `wechat` (`uid`,`ticket`,`variable`,`time`) VALUES (100042,'gQEA8TwAAAAAAAAAAS5odHRwOi8vd2VpeGluLnFxLmNvbS9xLzAyLUJpcWgzOFJkTmgxMDAwMHcwN2sAAgTJXeZbAwQAAAAA',13,'2018-11-10 12:22:31') [ RunTime:0.000363s ]
ERR: json数据为:{"uid":100042,"ticket":"gQEA8TwAAAAAAAAAAS5odHRwOi8vd2VpeGluLnFxLmNvbS9xLzAyLUJpcWgzOFJkTmgxMDAwMHcwN2sAAgTJXeZbAwQAAAAA","variable":13,"url":"http:\/\/caiyunyigou.com\/tp3.2\/100042.png"}
INFO: [ app_end ] --START--
INFO: Run Behavior\ShowPageTraceBehavior [ RunTime:0.000088s ]
INFO: [ app_end ] --END-- [ RunTime:0.000191s ]

[ 2018-11-10T12:22:33+08:00 ] 42.51.64.43 /tp3.2/index.php/home/wx/getTicket
INFO: [ app_init ] --START--
INFO: Run Behavior\BuildLiteBehavior [ RunTime:0.000077s ]
INFO: [ app_init ] --END-- [ RunTime:0.000195s ]
INFO: [ app_begin ] --START--
INFO: Run Behavior\ReadHtmlCacheBehavior [ RunTime:0.000050s ]
INFO: [ app_begin ] --END-- [ RunTime:0.000133s ]
NOTIC: [8192] mysql_connect(): The mysql extension is deprecated and will be removed in the future: use mysqli or PDO instead /var/www/html/tp3.2/ThinkPHP/Library/Think/Db/Driver/Mysql.class.php 第 52 行.
SQL: SHOW COLUMNS FROM `wechat` [ RunTime:0.000601s ]
SQL: SELECT * FROM `wechat` ORDER BY variable desc  [ RunTime:0.000325s ]
ERR: 数据为:{"uid":100042}
ERR: uid为:100042
SQL: INSERT INTO `wechat` (`uid`,`ticket`,`variable`,`time`) VALUES (100042,'gQG88DwAAAAAAAAAAS5odHRwOi8vd2VpeGluLnFxLmNvbS9xLzAySmZxbmdqOFJkTmgxMDAwMGcwN0IAAgTKXeZbAwQAAAAA',14,'2018-11-10 12:22:33') [ RunTime:0.000301s ]
ERR: json数据为:{"uid":100042,"ticket":"gQG88DwAAAAAAAAAAS5odHRwOi8vd2VpeGluLnFxLmNvbS9xLzAySmZxbmdqOFJkTmgxMDAwMGcwN0IAAgTKXeZbAwQAAAAA","variable":14,"url":"http:\/\/caiyunyigou.com\/tp3.2\/100042.png"}
INFO: [ app_end ] --START--
INFO: Run Behavior\ShowPageTraceBehavior [ RunTime:0.000113s ]
INFO: [ app_end ] --END-- [ RunTime:0.000316s ]

[ 2018-11-10T12:22:34+08:00 ] 42.51.64.43 /tp3.2/index.php/home/wx/getTicket
INFO: [ app_init ] --START--
INFO: Run Behavior\BuildLiteBehavior [ RunTime:0.000019s ]
INFO: [ app_init ] --END-- [ RunTime:0.000136s ]
INFO: [ app_begin ] --START--
INFO: Run Behavior\ReadHtmlCacheBehavior [ RunTime:0.000049s ]
INFO: [ app_begin ] --END-- [ RunTime:0.000132s ]
NOTIC: [8192] mysql_connect(): The mysql extension is deprecated and will be removed in the future: use mysqli or PDO instead /var/www/html/tp3.2/ThinkPHP/Library/Think/Db/Driver/Mysql.class.php 第 52 行.
SQL: SHOW COLUMNS FROM `wechat` [ RunTime:0.000485s ]
SQL: SELECT * FROM `wechat` ORDER BY variable desc  [ RunTime:0.000361s ]
ERR: 数据为:{"uid":100042}
ERR: uid为:100042
SQL: INSERT INTO `wechat` (`uid`,`ticket`,`variable`,`time`) VALUES (100042,'gQGe8DwAAAAAAAAAAS5odHRwOi8vd2VpeGluLnFxLmNvbS9xLzAyTWxKeWhsOFJkTmgxMDAwMGcwN28AAgTLXeZbAwQAAAAA',15,'2018-11-10 12:22:33') [ RunTime:0.000347s ]
ERR: json数据为:{"uid":100042,"ticket":"gQGe8DwAAAAAAAAAAS5odHRwOi8vd2VpeGluLnFxLmNvbS9xLzAyTWxKeWhsOFJkTmgxMDAwMGcwN28AAgTLXeZbAwQAAAAA","variable":15,"url":"http:\/\/caiyunyigou.com\/tp3.2\/100042.png"}
INFO: [ app_end ] --START--
INFO: Run Behavior\ShowPageTraceBehavior [ RunTime:0.000080s ]
INFO: [ app_end ] --END-- [ RunTime:0.000175s ]

[ 2018-11-10T12:22:34+08:00 ] 42.51.64.43 /tp3.2/index.php/home/wx/getTicket
INFO: [ app_init ] --START--
INFO: Run Behavior\BuildLiteBehavior [ RunTime:0.000019s ]
INFO: [ app_init ] --END-- [ RunTime:0.000130s ]
INFO: [ app_begin ] --START--
INFO: Run Behavior\ReadHtmlCacheBehavior [ RunTime:0.000049s ]
INFO: [ app_begin ] --END-- [ RunTime:0.000133s ]
NOTIC: [8192] mysql_connect(): The mysql extension is deprecated and will be removed in the future: use mysqli or PDO instead /var/www/html/tp3.2/ThinkPHP/Library/Think/Db/Driver/Mysql.class.php 第 52 行.
SQL: SHOW COLUMNS FROM `wechat` [ RunTime:0.000492s ]
SQL: SELECT * FROM `wechat` ORDER BY variable desc  [ RunTime:0.000349s ]
ERR: 数据为:{"uid":100042}
ERR: uid为:100042
SQL: INSERT INTO `wechat` (`uid`,`ticket`,`variable`,`time`) VALUES (100042,'gQFJ8DwAAAAAAAAAAS5odHRwOi8vd2VpeGluLnFxLmNvbS9xLzAyendYZGd6OFJkTmgxMDAwMHcwN3YAAgTLXeZbAwQAAAAA',15,'2018-11-10 12:22:33') [ RunTime:0.000307s ]
ERR: 1062:Duplicate entry '15' for key 'PRIMARY'
 [ SQL语句 ] : INSERT INTO `wechat` (`uid`,`ticket`,`variable`,`time`) VALUES (100042,'gQFJ8DwAAAAAAAAAAS5odHRwOi8vd2VpeGluLnFxLmNvbS9xLzAyendYZGd6OFJkTmgxMDAwMHcwN3YAAgTLXeZbAwQAAAAA',15,'2018-11-10 12:22:33')
ERR: json数据为:{"uid":100042,"ticket":"gQFJ8DwAAAAAAAAAAS5odHRwOi8vd2VpeGluLnFxLmNvbS9xLzAyendYZGd6OFJkTmgxMDAwMHcwN3YAAgTLXeZbAwQAAAAA","variable":15,"url":"http:\/\/caiyunyigou.com\/tp3.2\/100042.png"}
INFO: [ app_end ] --START--
INFO: Run Behavior\ShowPageTraceBehavior [ RunTime:0.000069s ]
INFO: [ app_end ] --END-- [ RunTime:0.000168s ]

[ 2018-11-10T12:22:34+08:00 ] 42.51.64.43 /tp3.2/index.php/home/wx/getTicket
INFO: [ app_init ] --START--
INFO: Run Behavior\BuildLiteBehavior [ RunTime:0.000032s ]
INFO: [ app_init ] --END-- [ RunTime:0.000220s ]
INFO: [ app_begin ] --START--
INFO: Run Behavior\ReadHtmlCacheBehavior [ RunTime:0.000080s ]
INFO: [ app_begin ] --END-- [ RunTime:0.000228s ]
NOTIC: [8192] mysql_connect(): The mysql extension is deprecated and will be removed in the future: use mysqli or PDO instead /var/www/html/tp3.2/ThinkPHP/Library/Think/Db/Driver/Mysql.class.php 第 52 行.
SQL: SHOW COLUMNS FROM `wechat` [ RunTime:0.000534s ]
SQL: SELECT * FROM `wechat` ORDER BY variable desc  [ RunTime:0.000304s ]
ERR: 数据为:{"uid":100042}
ERR: uid为:100042
SQL: INSERT INTO `wechat` (`uid`,`ticket`,`variable`,`time`) VALUES (100042,'gQFJ8DwAAAAAAAAAAS5odHRwOi8vd2VpeGluLnFxLmNvbS9xLzAyendYZGd6OFJkTmgxMDAwMHcwN3YAAgTLXeZbAwQAAAAA',15,'2018-11-10 12:22:34') [ RunTime:0.000307s ]
ERR: 1062:Duplicate entry '15' for key 'PRIMARY'
 [ SQL语句 ] : INSERT INTO `wechat` (`uid`,`ticket`,`variable`,`time`) VALUES (100042,'gQFJ8DwAAAAAAAAAAS5odHRwOi8vd2VpeGluLnFxLmNvbS9xLzAyendYZGd6OFJkTmgxMDAwMHcwN3YAAgTLXeZbAwQAAAAA',15,'2018-11-10 12:22:34')
ERR: json数据为:{"uid":100042,"ticket":"gQFJ8DwAAAAAAAAAAS5odHRwOi8vd2VpeGluLnFxLmNvbS9xLzAyendYZGd6OFJkTmgxMDAwMHcwN3YAAgTLXeZbAwQAAAAA","variable":15,"url":"http:\/\/caiyunyigou.com\/tp3.2\/100042.png"}
INFO: [ app_end ] --START--
INFO: Run Behavior\ShowPageTraceBehavior [ RunTime:0.000075s ]
INFO: [ app_end ] --END-- [ RunTime:0.000179s ]

