[ 2018-11-23T09:12:29+08:00 ] 171.88.21.184 /tp3.2/index.php/home/Wx/saveImg
INFO: [ app_init ] --START--
INFO: Run Behavior\BuildLiteBehavior [ RunTime:0.000020s ]
INFO: [ app_init ] --END-- [ RunTime:0.000144s ]
INFO: [ app_begin ] --START--
INFO: Run Behavior\ReadHtmlCacheBehavior [ RunTime:0.000060s ]
INFO: [ app_begin ] --END-- [ RunTime:0.000145s ]
NOTIC: [8192] mysql_connect(): The mysql extension is deprecated and will be removed in the future: use mysqli or PDO instead /var/www/html/tp3.2/ThinkPHP/Library/Think/Db/Driver/Mysql.class.php 第 52 行.
SQL: SHOW COLUMNS FROM `header` [ RunTime:0.000554s ]
SQL: SELECT * FROM `header` WHERE ( pic='100001.png' )  [ RunTime:0.000397s ]
INFO: [ app_end ] --START--
INFO: Run Behavior\ShowPageTraceBehavior [ RunTime:0.000081s ]
INFO: [ app_end ] --END-- [ RunTime:0.000163s ]

[ 2018-11-23T09:12:33+08:00 ] 171.88.21.184 /tp3.2/index.php/home/Wx/saveImg
INFO: [ app_init ] --START--
INFO: Run Behavior\BuildLiteBehavior [ RunTime:0.000019s ]
INFO: [ app_init ] --END-- [ RunTime:0.000149s ]
INFO: [ app_begin ] --START--
INFO: Run Behavior\ReadHtmlCacheBehavior [ RunTime:0.000059s ]
INFO: [ app_begin ] --END-- [ RunTime:0.000142s ]
NOTIC: [8192] mysql_connect(): The mysql extension is deprecated and will be removed in the future: use mysqli or PDO instead /var/www/html/tp3.2/ThinkPHP/Library/Think/Db/Driver/Mysql.class.php 第 52 行.
SQL: SHOW COLUMNS FROM `header` [ RunTime:0.000559s ]
SQL: SELECT * FROM `header` WHERE ( pic='100001.png' )  [ RunTime:0.000332s ]
INFO: [ app_end ] --START--
INFO: Run Behavior\ShowPageTraceBehavior [ RunTime:0.000081s ]
INFO: [ app_end ] --END-- [ RunTime:0.000162s ]

[ 2018-11-23T09:23:23+08:00 ] 171.88.21.184 /tp3.2/index.php/home/Wx/saveImg
INFO: [ app_init ] --START--
INFO: Run Behavior\BuildLiteBehavior [ RunTime:0.000019s ]
INFO: [ app_init ] --END-- [ RunTime:0.000141s ]
INFO: [ app_begin ] --START--
INFO: Run Behavior\ReadHtmlCacheBehavior [ RunTime:0.000059s ]
INFO: [ app_begin ] --END-- [ RunTime:0.000142s ]
NOTIC: [8192] mysql_connect(): The mysql extension is deprecated and will be removed in the future: use mysqli or PDO instead /var/www/html/tp3.2/ThinkPHP/Library/Think/Db/Driver/Mysql.class.php 第 52 行.
SQL: SHOW COLUMNS FROM `header` [ RunTime:0.000518s ]
SQL: SELECT * FROM `header` WHERE ( pic='100001.png' )  [ RunTime:0.000287s ]
SQL: INSERT INTO `header` (`uid`,`url`,`pic`,`save_url`) VALUES (100001,'http://thirdwx.qlogo.cn/mmopen/vi_32/urYjX4OaSmZ8nMNNTOvODQVD1uZt71HsEDtfMsD7XMDuWpBBhtOcx9QBeJJbw1ibv0wNuicvaT6U11nWsrwpLb4w/132','100001.png','http://caiyunyigou.com/tp3.2/Public/upload/header/100001.png') [ RunTime:0.000368s ]
INFO: [ app_end ] --START--
INFO: Run Behavior\ShowPageTraceBehavior [ RunTime:0.000079s ]
INFO: [ app_end ] --END-- [ RunTime:0.000195s ]

[ 2018-11-23T09:24:32+08:00 ] 171.88.21.184 /tp3.2/index.php/home/Wx/saveImg
INFO: [ app_init ] --START--
INFO: Run Behavior\BuildLiteBehavior [ RunTime:0.000019s ]
INFO: [ app_init ] --END-- [ RunTime:0.000141s ]
INFO: [ app_begin ] --START--
INFO: Run Behavior\ReadHtmlCacheBehavior [ RunTime:0.000060s ]
INFO: [ app_begin ] --END-- [ RunTime:0.000144s ]
NOTIC: [8192] mysql_connect(): The mysql extension is deprecated and will be removed in the future: use mysqli or PDO instead /var/www/html/tp3.2/ThinkPHP/Library/Think/Db/Driver/Mysql.class.php 第 52 行.
SQL: SHOW COLUMNS FROM `header` [ RunTime:0.000565s ]
SQL: SELECT * FROM `header` WHERE ( pic='100001.png' )  [ RunTime:0.000328s ]
SQL: INSERT INTO `header` (`uid`,`url`,`pic`,`save_url`) VALUES (100001,'http://thirdwx.qlogo.cn/mmopen/vi_32/urYjX4OaSmZ8nMNNTOvODQVD1uZt71HsEDtfMsD7XMDuWpBBhtOcx9QBeJJbw1ibv0wNuicvaT6U11nWsrwpLb4w/132','100001.png','http://caiyunyigou.com/tp3.2/Public/upload/header/100001.png') [ RunTime:0.000346s ]
INFO: [ app_end ] --START--
INFO: Run Behavior\ShowPageTraceBehavior [ RunTime:0.000071s ]
INFO: [ app_end ] --END-- [ RunTime:0.000186s ]

[ 2018-11-23T09:30:14+08:00 ] 171.88.21.184 /tp3.2/index.php/home/Wx/saveImg
INFO: [ app_init ] --START--
INFO: Run Behavior\BuildLiteBehavior [ RunTime:0.000020s ]
INFO: [ app_init ] --END-- [ RunTime:0.000152s ]
INFO: [ app_begin ] --START--
INFO: Run Behavior\ReadHtmlCacheBehavior [ RunTime:0.000060s ]
INFO: [ app_begin ] --END-- [ RunTime:0.000142s ]
NOTIC: [8192] mysql_connect(): The mysql extension is deprecated and will be removed in the future: use mysqli or PDO instead /var/www/html/tp3.2/ThinkPHP/Library/Think/Db/Driver/Mysql.class.php 第 52 行.
SQL: SHOW COLUMNS FROM `header` [ RunTime:0.000696s ]
SQL: SELECT * FROM `header` WHERE ( pic='100001.png' )  [ RunTime:0.000335s ]
INFO: [ app_end ] --START--
INFO: Run Behavior\ShowPageTraceBehavior [ RunTime:0.000080s ]
INFO: [ app_end ] --END-- [ RunTime:0.000161s ]

[ 2018-11-23T09:32:11+08:00 ] 171.88.21.184 /tp3.2/index.php/home/Wx/saveImg
INFO: [ app_init ] --START--
INFO: Run Behavior\BuildLiteBehavior [ RunTime:0.000019s ]
INFO: [ app_init ] --END-- [ RunTime:0.000139s ]
INFO: [ app_begin ] --START--
INFO: Run Behavior\ReadHtmlCacheBehavior [ RunTime:0.000057s ]
INFO: [ app_begin ] --END-- [ RunTime:0.000140s ]
NOTIC: [8192] mysql_connect(): The mysql extension is deprecated and will be removed in the future: use mysqli or PDO instead /var/www/html/tp3.2/ThinkPHP/Library/Think/Db/Driver/Mysql.class.php 第 52 行.
SQL: SHOW COLUMNS FROM `header` [ RunTime:0.000491s ]
SQL: SELECT * FROM `header` WHERE ( pic='100001.png' )  [ RunTime:0.000247s ]
SQL: INSERT INTO `header` (`uid`,`url`,`pic`,`save_url`) VALUES (100001,'http://thirdwx.qlogo.cn/mmopen/vi_32/urYjX4OaSmZ8nMNNTOvODQVD1uZt71HsEDtfMsD7XMDuWpBBhtOcx9QBeJJbw1ibv0wNuicvaT6U11nWsrwpLb4w/132','100001.png','http://caiyunyigou.com/tp3.2/Public/upload/header/100001.png') [ RunTime:0.000356s ]
INFO: [ app_end ] --START--
INFO: Run Behavior\ShowPageTraceBehavior [ RunTime:0.000068s ]
INFO: [ app_end ] --END-- [ RunTime:0.000155s ]

[ 2018-11-23T09:32:40+08:00 ] 171.88.21.184 /tp3.2/index.php/home/Wx/saveImg
INFO: [ app_init ] --START--
INFO: Run Behavior\BuildLiteBehavior [ RunTime:0.000019s ]
INFO: [ app_init ] --END-- [ RunTime:0.000139s ]
INFO: [ app_begin ] --START--
INFO: Run Behavior\ReadHtmlCacheBehavior [ RunTime:0.000063s ]
INFO: [ app_begin ] --END-- [ RunTime:0.000147s ]
NOTIC: [8192] mysql_connect(): The mysql extension is deprecated and will be removed in the future: use mysqli or PDO instead /var/www/html/tp3.2/ThinkPHP/Library/Think/Db/Driver/Mysql.class.php 第 52 行.
SQL: SHOW COLUMNS FROM `header` [ RunTime:0.000551s ]
SQL: SELECT * FROM `header` WHERE ( pic='100001.png' )  [ RunTime:0.000342s ]
INFO: [ app_end ] --START--
INFO: Run Behavior\ShowPageTraceBehavior [ RunTime:0.000093s ]
INFO: [ app_end ] --END-- [ RunTime:0.000173s ]

[ 2018-11-23T09:33:46+08:00 ] 171.88.21.184 /tp3.2/index.php/home/Wx/saveImg
INFO: [ app_init ] --START--
INFO: Run Behavior\BuildLiteBehavior [ RunTime:0.000018s ]
INFO: [ app_init ] --END-- [ RunTime:0.000139s ]
INFO: [ app_begin ] --START--
INFO: Run Behavior\ReadHtmlCacheBehavior [ RunTime:0.000056s ]
INFO: [ app_begin ] --END-- [ RunTime:0.000140s ]
NOTIC: [8192] mysql_connect(): The mysql extension is deprecated and will be removed in the future: use mysqli or PDO instead /var/www/html/tp3.2/ThinkPHP/Library/Think/Db/Driver/Mysql.class.php 第 52 行.
SQL: SHOW COLUMNS FROM `header` [ RunTime:0.000639s ]
SQL: SELECT * FROM `header` WHERE ( pic='100001.png' )  [ RunTime:0.000332s ]
INFO: [ app_end ] --START--
INFO: Run Behavior\ShowPageTraceBehavior [ RunTime:0.000079s ]
INFO: [ app_end ] --END-- [ RunTime:0.000161s ]

[ 2018-11-23T09:34:16+08:00 ] 171.88.21.184 /tp3.2/index.php/home/Wx/saveImg
INFO: [ app_init ] --START--
INFO: Run Behavior\BuildLiteBehavior [ RunTime:0.000019s ]
INFO: [ app_init ] --END-- [ RunTime:0.000141s ]
INFO: [ app_begin ] --START--
INFO: Run Behavior\ReadHtmlCacheBehavior [ RunTime:0.000057s ]
INFO: [ app_begin ] --END-- [ RunTime:0.000139s ]
NOTIC: [8192] mysql_connect(): The mysql extension is deprecated and will be removed in the future: use mysqli or PDO instead /var/www/html/tp3.2/ThinkPHP/Library/Think/Db/Driver/Mysql.class.php 第 52 行.
SQL: SHOW COLUMNS FROM `header` [ RunTime:0.000537s ]
SQL: SELECT * FROM `header` WHERE ( pic='100001.png' )  [ RunTime:0.000273s ]
SQL: INSERT INTO `header` (`uid`,`url`,`pic`,`save_url`) VALUES (100001,'http://thirdwx.qlogo.cn/mmopen/vi_32/urYjX4OaSmZ8nMNNTOvODQVD1uZt71HsEDtfMsD7XMDuWpBBhtOcx9QBeJJbw1ibv0wNuicvaT6U11nWsrwpLb4w/132','100001.png','http://caiyunyigou.com/tp3.2/Public/upload/header/100001.png') [ RunTime:0.000345s ]
INFO: [ app_end ] --START--
INFO: Run Behavior\ShowPageTraceBehavior [ RunTime:0.000069s ]
INFO: [ app_end ] --END-- [ RunTime:0.000165s ]

[ 2018-11-23T09:34:49+08:00 ] 171.88.21.184 /tp3.2/index.php/home/Wx/saveImg
INFO: [ app_init ] --START--
INFO: Run Behavior\BuildLiteBehavior [ RunTime:0.000019s ]
INFO: [ app_init ] --END-- [ RunTime:0.000144s ]
INFO: [ app_begin ] --START--
INFO: Run Behavior\ReadHtmlCacheBehavior [ RunTime:0.000060s ]
INFO: [ app_begin ] --END-- [ RunTime:0.000144s ]
NOTIC: [8192] mysql_connect(): The mysql extension is deprecated and will be removed in the future: use mysqli or PDO instead /var/www/html/tp3.2/ThinkPHP/Library/Think/Db/Driver/Mysql.class.php 第 52 行.
SQL: SHOW COLUMNS FROM `header` [ RunTime:0.000552s ]
SQL: SELECT * FROM `header` WHERE ( pic='100001.png' )  [ RunTime:0.000288s ]
INFO: [ app_end ] --START--
INFO: Run Behavior\ShowPageTraceBehavior [ RunTime:0.000081s ]
INFO: [ app_end ] --END-- [ RunTime:0.000161s ]

[ 2018-11-23T09:36:34+08:00 ] 171.88.21.184 /tp3.2/index.php/home/Wx/saveImg
INFO: [ app_init ] --START--
INFO: Run Behavior\BuildLiteBehavior [ RunTime:0.000020s ]
INFO: [ app_init ] --END-- [ RunTime:0.000142s ]
INFO: [ app_begin ] --START--
INFO: Run Behavior\ReadHtmlCacheBehavior [ RunTime:0.000058s ]
INFO: [ app_begin ] --END-- [ RunTime:0.000142s ]
NOTIC: [8192] mysql_connect(): The mysql extension is deprecated and will be removed in the future: use mysqli or PDO instead /var/www/html/tp3.2/ThinkPHP/Library/Think/Db/Driver/Mysql.class.php 第 52 行.
SQL: SHOW COLUMNS FROM `header` [ RunTime:0.000556s ]
SQL: SELECT * FROM `header` WHERE ( pic='100001.png' )  [ RunTime:0.000309s ]
INFO: [ app_end ] --START--
INFO: Run Behavior\ShowPageTraceBehavior [ RunTime:0.000079s ]
INFO: [ app_end ] --END-- [ RunTime:0.000159s ]

[ 2018-11-23T09:42:18+08:00 ] 171.88.21.184 /tp3.2/index.php/home/Wx/saveImg
INFO: [ app_init ] --START--
INFO: Run Behavior\BuildLiteBehavior [ RunTime:0.000019s ]
INFO: [ app_init ] --END-- [ RunTime:0.000143s ]
INFO: [ app_begin ] --START--
INFO: Run Behavior\ReadHtmlCacheBehavior [ RunTime:0.000059s ]
INFO: [ app_begin ] --END-- [ RunTime:0.000142s ]
NOTIC: [8192] mysql_connect(): The mysql extension is deprecated and will be removed in the future: use mysqli or PDO instead /var/www/html/tp3.2/ThinkPHP/Library/Think/Db/Driver/Mysql.class.php 第 52 行.
SQL: SHOW COLUMNS FROM `header` [ RunTime:0.000614s ]
SQL: SELECT * FROM `header` WHERE ( pic='100001.png' )  [ RunTime:0.000308s ]
INFO: [ app_end ] --START--
INFO: Run Behavior\ShowPageTraceBehavior [ RunTime:0.000081s ]
INFO: [ app_end ] --END-- [ RunTime:0.000162s ]

[ 2018-11-23T09:44:12+08:00 ] 171.88.21.184 /tp3.2/index.php/home/Wx/saveImg
INFO: [ app_init ] --START--
INFO: Run Behavior\BuildLiteBehavior [ RunTime:0.000019s ]
INFO: [ app_init ] --END-- [ RunTime:0.000145s ]
INFO: [ app_begin ] --START--
INFO: Run Behavior\ReadHtmlCacheBehavior [ RunTime:0.000060s ]
INFO: [ app_begin ] --END-- [ RunTime:0.000144s ]
NOTIC: [8192] mysql_connect(): The mysql extension is deprecated and will be removed in the future: use mysqli or PDO instead /var/www/html/tp3.2/ThinkPHP/Library/Think/Db/Driver/Mysql.class.php 第 52 行.
SQL: SHOW COLUMNS FROM `header` [ RunTime:0.000546s ]
SQL: SELECT * FROM `header` WHERE ( pic='100001.png' )  [ RunTime:0.000245s ]
INFO: [ app_end ] --START--
INFO: Run Behavior\ShowPageTraceBehavior [ RunTime:0.000082s ]
INFO: [ app_end ] --END-- [ RunTime:0.000162s ]

[ 2018-11-23T09:45:16+08:00 ] 171.88.21.184 /tp3.2/index.php/home/Wx/saveImg
INFO: [ app_init ] --START--
INFO: Run Behavior\BuildLiteBehavior [ RunTime:0.000019s ]
INFO: [ app_init ] --END-- [ RunTime:0.000143s ]
INFO: [ app_begin ] --START--
INFO: Run Behavior\ReadHtmlCacheBehavior [ RunTime:0.000058s ]
INFO: [ app_begin ] --END-- [ RunTime:0.000141s ]
NOTIC: [8192] mysql_connect(): The mysql extension is deprecated and will be removed in the future: use mysqli or PDO instead /var/www/html/tp3.2/ThinkPHP/Library/Think/Db/Driver/Mysql.class.php 第 52 行.
SQL: SHOW COLUMNS FROM `header` [ RunTime:0.000516s ]
SQL: SELECT * FROM `header` WHERE ( pic='100001.png' )  [ RunTime:0.000310s ]
INFO: [ app_end ] --START--
INFO: Run Behavior\ShowPageTraceBehavior [ RunTime:0.000080s ]
INFO: [ app_end ] --END-- [ RunTime:0.000161s ]

[ 2018-11-23T09:45:21+08:00 ] 171.88.21.184 /tp3.2/index.php/home/Wx/saveImg
INFO: [ app_init ] --START--
INFO: Run Behavior\BuildLiteBehavior [ RunTime:0.000019s ]
INFO: [ app_init ] --END-- [ RunTime:0.000140s ]
INFO: [ app_begin ] --START--
INFO: Run Behavior\ReadHtmlCacheBehavior [ RunTime:0.000067s ]
INFO: [ app_begin ] --END-- [ RunTime:0.000151s ]
NOTIC: [8192] mysql_connect(): The mysql extension is deprecated and will be removed in the future: use mysqli or PDO instead /var/www/html/tp3.2/ThinkPHP/Library/Think/Db/Driver/Mysql.class.php 第 52 行.
SQL: SHOW COLUMNS FROM `header` [ RunTime:0.000529s ]
SQL: SELECT * FROM `header` WHERE ( pic='100001.png' )  [ RunTime:0.000329s ]
INFO: [ app_end ] --START--
INFO: Run Behavior\ShowPageTraceBehavior [ RunTime:0.000088s ]
INFO: [ app_end ] --END-- [ RunTime:0.000170s ]

[ 2018-11-23T09:47:36+08:00 ] 171.88.21.184 /tp3.2/index.php/home/Wx/saveImg
INFO: [ app_init ] --START--
INFO: Run Behavior\BuildLiteBehavior [ RunTime:0.000019s ]
INFO: [ app_init ] --END-- [ RunTime:0.000141s ]
INFO: [ app_begin ] --START--
INFO: Run Behavior\ReadHtmlCacheBehavior [ RunTime:0.000064s ]
INFO: [ app_begin ] --END-- [ RunTime:0.000166s ]
NOTIC: [8192] mysql_connect(): The mysql extension is deprecated and will be removed in the future: use mysqli or PDO instead /var/www/html/tp3.2/ThinkPHP/Library/Think/Db/Driver/Mysql.class.php 第 52 行.
SQL: SHOW COLUMNS FROM `header` [ RunTime:0.000495s ]
SQL: SELECT * FROM `header` WHERE ( pic='100001.png' )  [ RunTime:0.000268s ]
INFO: [ app_end ] --START--
INFO: Run Behavior\ShowPageTraceBehavior [ RunTime:0.000080s ]
INFO: [ app_end ] --END-- [ RunTime:0.000160s ]

[ 2018-11-23T09:47:44+08:00 ] 171.88.21.184 /tp3.2/index.php/home/Wx/saveImg
INFO: [ app_init ] --START--
INFO: Run Behavior\BuildLiteBehavior [ RunTime:0.000019s ]
INFO: [ app_init ] --END-- [ RunTime:0.000139s ]
INFO: [ app_begin ] --START--
INFO: Run Behavior\ReadHtmlCacheBehavior [ RunTime:0.000057s ]
INFO: [ app_begin ] --END-- [ RunTime:0.000141s ]
NOTIC: [8192] mysql_connect(): The mysql extension is deprecated and will be removed in the future: use mysqli or PDO instead /var/www/html/tp3.2/ThinkPHP/Library/Think/Db/Driver/Mysql.class.php 第 52 行.
SQL: SHOW COLUMNS FROM `header` [ RunTime:0.000507s ]
SQL: SELECT * FROM `header` WHERE ( pic='100001.png' )  [ RunTime:0.000300s ]
INFO: [ app_end ] --START--
INFO: Run Behavior\ShowPageTraceBehavior [ RunTime:0.000116s ]
INFO: [ app_end ] --END-- [ RunTime:0.000198s ]

[ 2018-11-23T09:47:51+08:00 ] 171.88.21.184 /tp3.2/index.php/home/Wx/saveImg
INFO: [ app_init ] --START--
INFO: Run Behavior\BuildLiteBehavior [ RunTime:0.000019s ]
INFO: [ app_init ] --END-- [ RunTime:0.000141s ]
INFO: [ app_begin ] --START--
INFO: Run Behavior\ReadHtmlCacheBehavior [ RunTime:0.000057s ]
INFO: [ app_begin ] --END-- [ RunTime:0.000140s ]
NOTIC: [8192] mysql_connect(): The mysql extension is deprecated and will be removed in the future: use mysqli or PDO instead /var/www/html/tp3.2/ThinkPHP/Library/Think/Db/Driver/Mysql.class.php 第 52 行.
SQL: SHOW COLUMNS FROM `header` [ RunTime:0.000509s ]
SQL: SELECT * FROM `header` WHERE ( pic='100001.png' )  [ RunTime:0.000309s ]
INFO: [ app_end ] --START--
INFO: Run Behavior\ShowPageTraceBehavior [ RunTime:0.000079s ]
INFO: [ app_end ] --END-- [ RunTime:0.000160s ]

[ 2018-11-23T09:58:06+08:00 ] 171.88.21.184 /tp3.2/index.php/home/Wx/saveImg
INFO: [ app_init ] --START--
INFO: Run Behavior\BuildLiteBehavior [ RunTime:0.000018s ]
INFO: [ app_init ] --END-- [ RunTime:0.000140s ]
INFO: [ app_begin ] --START--
INFO: Run Behavior\ReadHtmlCacheBehavior [ RunTime:0.000057s ]
INFO: [ app_begin ] --END-- [ RunTime:0.000141s ]
NOTIC: [8192] mysql_connect(): The mysql extension is deprecated and will be removed in the future: use mysqli or PDO instead /var/www/html/tp3.2/ThinkPHP/Library/Think/Db/Driver/Mysql.class.php 第 52 行.
SQL: SHOW COLUMNS FROM `header` [ RunTime:0.000521s ]
SQL: SELECT * FROM `header` WHERE ( pic='100001.png' )  [ RunTime:0.000276s ]
INFO: [ app_end ] --START--
INFO: Run Behavior\ShowPageTraceBehavior [ RunTime:0.000082s ]
INFO: [ app_end ] --END-- [ RunTime:0.000164s ]

[ 2018-11-23T13:44:38+08:00 ] 171.88.21.184 /tp3.2/index.php/home/Wx/saveImg
INFO: [ app_init ] --START--
INFO: Run Behavior\BuildLiteBehavior [ RunTime:0.000018s ]
INFO: [ app_init ] --END-- [ RunTime:0.000140s ]
INFO: [ app_begin ] --START--
INFO: Run Behavior\ReadHtmlCacheBehavior [ RunTime:0.000058s ]
INFO: [ app_begin ] --END-- [ RunTime:0.000139s ]
NOTIC: [8192] mysql_connect(): The mysql extension is deprecated and will be removed in the future: use mysqli or PDO instead /var/www/html/tp3.2/ThinkPHP/Library/Think/Db/Driver/Mysql.class.php 第 52 行.
SQL: SHOW COLUMNS FROM `header` [ RunTime:0.000547s ]
SQL: SELECT * FROM `header` WHERE ( pic='100001.png' )  [ RunTime:0.000386s ]
INFO: [ app_end ] --START--
INFO: Run Behavior\ShowPageTraceBehavior [ RunTime:0.000080s ]
INFO: [ app_end ] --END-- [ RunTime:0.000161s ]

[ 2018-11-23T14:04:13+08:00 ] 171.88.21.184 /tp3.2/index.php/home/Wx/saveImg
INFO: [ app_init ] --START--
INFO: Run Behavior\BuildLiteBehavior [ RunTime:0.000019s ]
INFO: [ app_init ] --END-- [ RunTime:0.000138s ]
INFO: [ app_begin ] --START--
INFO: Run Behavior\ReadHtmlCacheBehavior [ RunTime:0.000056s ]
INFO: [ app_begin ] --END-- [ RunTime:0.000138s ]
NOTIC: [8192] mysql_connect(): The mysql extension is deprecated and will be removed in the future: use mysqli or PDO instead /var/www/html/tp3.2/ThinkPHP/Library/Think/Db/Driver/Mysql.class.php 第 52 行.
SQL: SHOW COLUMNS FROM `header` [ RunTime:0.000522s ]
SQL: SELECT * FROM `header` WHERE ( pic='100246.png' )  [ RunTime:0.000288s ]
SQL: INSERT INTO `header` (`uid`,`url`,`pic`,`save_url`) VALUES (100246,'http://thirdwx.qlogo.cn/mmopen/vi_32/urYjX4OaSmZ8nMNNTOvODQVD1uZt71HsEDtfMsD7XMDuWpBBhtOcx9QBeJJbw1ibv0wNuicvaT6U11nWsrwpLb4w/132','100246.png','http://caiyunyigou.com/tp3.2/Public/upload/header/100246.png') [ RunTime:0.000349s ]
INFO: [ app_end ] --START--
INFO: Run Behavior\ShowPageTraceBehavior [ RunTime:0.000068s ]
INFO: [ app_end ] --END-- [ RunTime:0.000154s ]

[ 2018-11-23T14:04:31+08:00 ] 171.88.21.184 /tp3.2/index.php/home/Wx/saveImg
INFO: [ app_init ] --START--
INFO: Run Behavior\BuildLiteBehavior [ RunTime:0.000019s ]
INFO: [ app_init ] --END-- [ RunTime:0.000151s ]
INFO: [ app_begin ] --START--
INFO: Run Behavior\ReadHtmlCacheBehavior [ RunTime:0.000056s ]
INFO: [ app_begin ] --END-- [ RunTime:0.000139s ]
NOTIC: [8192] mysql_connect(): The mysql extension is deprecated and will be removed in the future: use mysqli or PDO instead /var/www/html/tp3.2/ThinkPHP/Library/Think/Db/Driver/Mysql.class.php 第 52 行.
SQL: SHOW COLUMNS FROM `header` [ RunTime:0.000531s ]
SQL: SELECT * FROM `header` WHERE ( pic='100246.png' )  [ RunTime:0.000325s ]
INFO: [ app_end ] --START--
INFO: Run Behavior\ShowPageTraceBehavior [ RunTime:0.000078s ]
INFO: [ app_end ] --END-- [ RunTime:0.000158s ]

[ 2018-11-23T14:05:41+08:00 ] 171.88.21.184 /tp3.2/index.php/home/Wx/saveImg
INFO: [ app_init ] --START--
INFO: Run Behavior\BuildLiteBehavior [ RunTime:0.000018s ]
INFO: [ app_init ] --END-- [ RunTime:0.000139s ]
INFO: [ app_begin ] --START--
INFO: Run Behavior\ReadHtmlCacheBehavior [ RunTime:0.000057s ]
INFO: [ app_begin ] --END-- [ RunTime:0.000140s ]
NOTIC: [8192] mysql_connect(): The mysql extension is deprecated and will be removed in the future: use mysqli or PDO instead /var/www/html/tp3.2/ThinkPHP/Library/Think/Db/Driver/Mysql.class.php 第 52 行.
SQL: SHOW COLUMNS FROM `header` [ RunTime:0.000517s ]
SQL: SELECT * FROM `header` WHERE ( pic='100246.png' )  [ RunTime:0.000357s ]
INFO: [ app_end ] --START--
INFO: Run Behavior\ShowPageTraceBehavior [ RunTime:0.000080s ]
INFO: [ app_end ] --END-- [ RunTime:0.000161s ]

[ 2018-11-23T14:13:53+08:00 ] 171.88.21.184 /tp3.2/index.php/home/Wx/saveImg
INFO: [ app_init ] --START--
INFO: Run Behavior\BuildLiteBehavior [ RunTime:0.000018s ]
INFO: [ app_init ] --END-- [ RunTime:0.000208s ]
INFO: [ app_begin ] --START--
INFO: Run Behavior\ReadHtmlCacheBehavior [ RunTime:0.000057s ]
INFO: [ app_begin ] --END-- [ RunTime:0.000140s ]
NOTIC: [8192] mysql_connect(): The mysql extension is deprecated and will be removed in the future: use mysqli or PDO instead /var/www/html/tp3.2/ThinkPHP/Library/Think/Db/Driver/Mysql.class.php 第 52 行.
SQL: SHOW COLUMNS FROM `header` [ RunTime:0.000570s ]
SQL: SELECT * FROM `header` WHERE ( pic='100246.png' )  [ RunTime:0.000329s ]
INFO: [ app_end ] --START--
INFO: Run Behavior\ShowPageTraceBehavior [ RunTime:0.000082s ]
INFO: [ app_end ] --END-- [ RunTime:0.000164s ]

[ 2018-11-23T14:19:44+08:00 ] 171.88.21.184 /tp3.2/index.php/home/Wx/saveImg
INFO: [ app_init ] --START--
INFO: Run Behavior\BuildLiteBehavior [ RunTime:0.000019s ]
INFO: [ app_init ] --END-- [ RunTime:0.000140s ]
INFO: [ app_begin ] --START--
INFO: Run Behavior\ReadHtmlCacheBehavior [ RunTime:0.000058s ]
INFO: [ app_begin ] --END-- [ RunTime:0.000140s ]
NOTIC: [8192] mysql_connect(): The mysql extension is deprecated and will be removed in the future: use mysqli or PDO instead /var/www/html/tp3.2/ThinkPHP/Library/Think/Db/Driver/Mysql.class.php 第 52 行.
SQL: SHOW COLUMNS FROM `header` [ RunTime:0.000622s ]
SQL: SELECT * FROM `header` WHERE ( pic='100246.png' )  [ RunTime:0.000345s ]
INFO: [ app_end ] --START--
INFO: Run Behavior\ShowPageTraceBehavior [ RunTime:0.000080s ]
INFO: [ app_end ] --END-- [ RunTime:0.000160s ]

[ 2018-11-23T16:03:13+08:00 ] 171.88.21.184 /tp3.2/index.php/home/Wx/saveImg
INFO: [ app_init ] --START--
INFO: Run Behavior\BuildLiteBehavior [ RunTime:0.000019s ]
INFO: [ app_init ] --END-- [ RunTime:0.000140s ]
INFO: [ app_begin ] --START--
INFO: Run Behavior\ReadHtmlCacheBehavior [ RunTime:0.000058s ]
INFO: [ app_begin ] --END-- [ RunTime:0.000142s ]
NOTIC: [8192] mysql_connect(): The mysql extension is deprecated and will be removed in the future: use mysqli or PDO instead /var/www/html/tp3.2/ThinkPHP/Library/Think/Db/Driver/Mysql.class.php 第 52 行.
SQL: SHOW COLUMNS FROM `header` [ RunTime:0.000535s ]
SQL: SELECT * FROM `header` WHERE ( pic='100246.png' )  [ RunTime:0.000336s ]
INFO: [ app_end ] --START--
INFO: Run Behavior\ShowPageTraceBehavior [ RunTime:0.000081s ]
INFO: [ app_end ] --END-- [ RunTime:0.000223s ]

[ 2018-11-23T16:04:21+08:00 ] 171.88.21.184 /tp3.2/index.php/home/Wx/saveImg
INFO: [ app_init ] --START--
INFO: Run Behavior\BuildLiteBehavior [ RunTime:0.000018s ]
INFO: [ app_init ] --END-- [ RunTime:0.000139s ]
INFO: [ app_begin ] --START--
INFO: Run Behavior\ReadHtmlCacheBehavior [ RunTime:0.000057s ]
INFO: [ app_begin ] --END-- [ RunTime:0.000140s ]
NOTIC: [8192] mysql_connect(): The mysql extension is deprecated and will be removed in the future: use mysqli or PDO instead /var/www/html/tp3.2/ThinkPHP/Library/Think/Db/Driver/Mysql.class.php 第 52 行.
SQL: SHOW COLUMNS FROM `header` [ RunTime:0.000597s ]
SQL: SELECT * FROM `header` WHERE ( pic='100246.png' )  [ RunTime:0.000282s ]
INFO: [ app_end ] --START--
INFO: Run Behavior\ShowPageTraceBehavior [ RunTime:0.000080s ]
INFO: [ app_end ] --END-- [ RunTime:0.000160s ]

[ 2018-11-23T17:52:49+08:00 ] 117.136.63.175 /tp3.2/index.php/home/Wx/saveImg
INFO: [ app_init ] --START--
INFO: Run Behavior\BuildLiteBehavior [ RunTime:0.000019s ]
INFO: [ app_init ] --END-- [ RunTime:0.000141s ]
INFO: [ app_begin ] --START--
INFO: Run Behavior\ReadHtmlCacheBehavior [ RunTime:0.000060s ]
INFO: [ app_begin ] --END-- [ RunTime:0.000131s ]
NOTIC: [8192] mysql_connect(): The mysql extension is deprecated and will be removed in the future: use mysqli or PDO instead /var/www/html/tp3.2/ThinkPHP/Library/Think/Db/Driver/Mysql.class.php 第 52 行.
SQL: SHOW COLUMNS FROM `header` [ RunTime:0.000522s ]
SQL: SELECT * FROM `header` WHERE ( pic='100246.png' )  [ RunTime:0.000229s ]
INFO: [ app_end ] --START--
INFO: Run Behavior\ShowPageTraceBehavior [ RunTime:0.000077s ]
INFO: [ app_end ] --END-- [ RunTime:0.000148s ]

[ 2018-11-23T17:53:17+08:00 ] 117.136.63.175 /tp3.2/index.php/home/Wx/saveImg
INFO: [ app_init ] --START--
INFO: Run Behavior\BuildLiteBehavior [ RunTime:0.000028s ]
INFO: [ app_init ] --END-- [ RunTime:0.000222s ]
INFO: [ app_begin ] --START--
INFO: Run Behavior\ReadHtmlCacheBehavior [ RunTime:0.000088s ]
INFO: [ app_begin ] --END-- [ RunTime:0.000205s ]
NOTIC: [8192] mysql_connect(): The mysql extension is deprecated and will be removed in the future: use mysqli or PDO instead /var/www/html/tp3.2/ThinkPHP/Library/Think/Db/Driver/Mysql.class.php 第 52 行.
SQL: SHOW COLUMNS FROM `header` [ RunTime:0.000613s ]
SQL: SELECT * FROM `header` WHERE ( pic='100246.png' )  [ RunTime:0.000323s ]
INFO: [ app_end ] --START--
INFO: Run Behavior\ShowPageTraceBehavior [ RunTime:0.000082s ]
INFO: [ app_end ] --END-- [ RunTime:0.000154s ]

[ 2018-11-23T17:53:30+08:00 ] 171.88.21.184 /tp3.2/index.php/home/Wx/saveImg
INFO: [ app_init ] --START--
INFO: Run Behavior\BuildLiteBehavior [ RunTime:0.000019s ]
INFO: [ app_init ] --END-- [ RunTime:0.000156s ]
INFO: [ app_begin ] --START--
INFO: Run Behavior\ReadHtmlCacheBehavior [ RunTime:0.000059s ]
INFO: [ app_begin ] --END-- [ RunTime:0.000142s ]
NOTIC: [8192] mysql_connect(): The mysql extension is deprecated and will be removed in the future: use mysqli or PDO instead /var/www/html/tp3.2/ThinkPHP/Library/Think/Db/Driver/Mysql.class.php 第 52 行.
SQL: SHOW COLUMNS FROM `header` [ RunTime:0.000509s ]
SQL: SELECT * FROM `header` WHERE ( pic='100246.png' )  [ RunTime:0.000328s ]
INFO: [ app_end ] --START--
INFO: Run Behavior\ShowPageTraceBehavior [ RunTime:0.000082s ]
INFO: [ app_end ] --END-- [ RunTime:0.000164s ]

[ 2018-11-23T17:53:43+08:00 ] 171.88.21.184 /tp3.2/index.php/home/Wx/saveImg
INFO: [ app_init ] --START--
INFO: Run Behavior\BuildLiteBehavior [ RunTime:0.000043s ]
INFO: [ app_init ] --END-- [ RunTime:0.000198s ]
INFO: [ app_begin ] --START--
INFO: Run Behavior\ReadHtmlCacheBehavior [ RunTime:0.000063s ]
INFO: [ app_begin ] --END-- [ RunTime:0.000159s ]
NOTIC: [8192] mysql_connect(): The mysql extension is deprecated and will be removed in the future: use mysqli or PDO instead /var/www/html/tp3.2/ThinkPHP/Library/Think/Db/Driver/Mysql.class.php 第 52 行.
SQL: SHOW COLUMNS FROM `header` [ RunTime:0.000523s ]
SQL: SELECT * FROM `header` WHERE ( pic='100246.png' )  [ RunTime:0.000309s ]
INFO: [ app_end ] --START--
INFO: Run Behavior\ShowPageTraceBehavior [ RunTime:0.000083s ]
INFO: [ app_end ] --END-- [ RunTime:0.000162s ]

[ 2018-11-23T17:54:04+08:00 ] 117.136.63.175 /tp3.2/index.php/home/Wx/saveImg
INFO: [ app_init ] --START--
INFO: Run Behavior\BuildLiteBehavior [ RunTime:0.000019s ]
INFO: [ app_init ] --END-- [ RunTime:0.000143s ]
INFO: [ app_begin ] --START--
INFO: Run Behavior\ReadHtmlCacheBehavior [ RunTime:0.000059s ]
INFO: [ app_begin ] --END-- [ RunTime:0.000131s ]
NOTIC: [8192] mysql_connect(): The mysql extension is deprecated and will be removed in the future: use mysqli or PDO instead /var/www/html/tp3.2/ThinkPHP/Library/Think/Db/Driver/Mysql.class.php 第 52 行.
SQL: SHOW COLUMNS FROM `header` [ RunTime:0.000608s ]
SQL: SELECT * FROM `header` WHERE ( pic='100246.png' )  [ RunTime:0.000214s ]
INFO: [ app_end ] --START--
INFO: Run Behavior\ShowPageTraceBehavior [ RunTime:0.000076s ]
INFO: [ app_end ] --END-- [ RunTime:0.000146s ]

[ 2018-11-23T17:57:17+08:00 ] 117.136.63.175 /tp3.2/index.php/home/Wx/saveImg
INFO: [ app_init ] --START--
INFO: Run Behavior\BuildLiteBehavior [ RunTime:0.000028s ]
INFO: [ app_init ] --END-- [ RunTime:0.000220s ]
INFO: [ app_begin ] --START--
INFO: Run Behavior\ReadHtmlCacheBehavior [ RunTime:0.000091s ]
INFO: [ app_begin ] --END-- [ RunTime:0.000209s ]
NOTIC: [8192] mysql_connect(): The mysql extension is deprecated and will be removed in the future: use mysqli or PDO instead /var/www/html/tp3.2/ThinkPHP/Library/Think/Db/Driver/Mysql.class.php 第 52 行.
SQL: SHOW COLUMNS FROM `header` [ RunTime:0.000453s ]
SQL: SELECT * FROM `header` WHERE ( pic='100246.png' )  [ RunTime:0.000187s ]
INFO: [ app_end ] --START--
INFO: Run Behavior\ShowPageTraceBehavior [ RunTime:0.000113s ]
INFO: [ app_end ] --END-- [ RunTime:0.000239s ]

[ 2018-11-23T17:58:27+08:00 ] 117.136.63.175 /tp3.2/index.php/home/Wx/saveImg
INFO: [ app_init ] --START--
INFO: Run Behavior\BuildLiteBehavior [ RunTime:0.000019s ]
INFO: [ app_init ] --END-- [ RunTime:0.000141s ]
INFO: [ app_begin ] --START--
INFO: Run Behavior\ReadHtmlCacheBehavior [ RunTime:0.000059s ]
INFO: [ app_begin ] --END-- [ RunTime:0.000131s ]
NOTIC: [8192] mysql_connect(): The mysql extension is deprecated and will be removed in the future: use mysqli or PDO instead /var/www/html/tp3.2/ThinkPHP/Library/Think/Db/Driver/Mysql.class.php 第 52 行.
SQL: SHOW COLUMNS FROM `header` [ RunTime:0.000506s ]
SQL: SELECT * FROM `header` WHERE ( pic='100246.png' )  [ RunTime:0.000208s ]
INFO: [ app_end ] --START--
INFO: Run Behavior\ShowPageTraceBehavior [ RunTime:0.000073s ]
INFO: [ app_end ] --END-- [ RunTime:0.000142s ]

[ 2018-11-23T18:00:03+08:00 ] 117.136.63.175 /tp3.2/index.php/home/Wx/saveImg
INFO: [ app_init ] --START--
INFO: Run Behavior\BuildLiteBehavior [ RunTime:0.000019s ]
INFO: [ app_init ] --END-- [ RunTime:0.000147s ]
INFO: [ app_begin ] --START--
INFO: Run Behavior\ReadHtmlCacheBehavior [ RunTime:0.000058s ]
INFO: [ app_begin ] --END-- [ RunTime:0.000130s ]
NOTIC: [8192] mysql_connect(): The mysql extension is deprecated and will be removed in the future: use mysqli or PDO instead /var/www/html/tp3.2/ThinkPHP/Library/Think/Db/Driver/Mysql.class.php 第 52 行.
SQL: SHOW COLUMNS FROM `header` [ RunTime:0.000509s ]
SQL: SELECT * FROM `header` WHERE ( pic='100246.png' )  [ RunTime:0.000189s ]
INFO: [ app_end ] --START--
INFO: Run Behavior\ShowPageTraceBehavior [ RunTime:0.000075s ]
INFO: [ app_end ] --END-- [ RunTime:0.000146s ]

[ 2018-11-23T18:03:56+08:00 ] 117.136.63.175 /tp3.2/index.php/home/Wx/saveImg
INFO: [ app_init ] --START--
INFO: Run Behavior\BuildLiteBehavior [ RunTime:0.000019s ]
INFO: [ app_init ] --END-- [ RunTime:0.000140s ]
INFO: [ app_begin ] --START--
INFO: Run Behavior\ReadHtmlCacheBehavior [ RunTime:0.000060s ]
INFO: [ app_begin ] --END-- [ RunTime:0.000137s ]
NOTIC: [8192] mysql_connect(): The mysql extension is deprecated and will be removed in the future: use mysqli or PDO instead /var/www/html/tp3.2/ThinkPHP/Library/Think/Db/Driver/Mysql.class.php 第 52 行.
SQL: SHOW COLUMNS FROM `header` [ RunTime:0.000591s ]
SQL: SELECT * FROM `header` WHERE ( pic='100246.png' )  [ RunTime:0.000353s ]
INFO: [ app_end ] --START--
INFO: Run Behavior\ShowPageTraceBehavior [ RunTime:0.000077s ]
INFO: [ app_end ] --END-- [ RunTime:0.000146s ]

[ 2018-11-23T18:18:12+08:00 ] 117.136.63.175 /tp3.2/index.php/home/Wx/saveImg
INFO: [ app_init ] --START--
INFO: Run Behavior\BuildLiteBehavior [ RunTime:0.000019s ]
INFO: [ app_init ] --END-- [ RunTime:0.000137s ]
INFO: [ app_begin ] --START--
INFO: Run Behavior\ReadHtmlCacheBehavior [ RunTime:0.000057s ]
INFO: [ app_begin ] --END-- [ RunTime:0.000145s ]
NOTIC: [8192] mysql_connect(): The mysql extension is deprecated and will be removed in the future: use mysqli or PDO instead /var/www/html/tp3.2/ThinkPHP/Library/Think/Db/Driver/Mysql.class.php 第 52 行.
SQL: SHOW COLUMNS FROM `header` [ RunTime:0.000544s ]
SQL: SELECT * FROM `header` WHERE ( pic='100246.png' )  [ RunTime:0.000265s ]
INFO: [ app_end ] --START--
INFO: Run Behavior\ShowPageTraceBehavior [ RunTime:0.000076s ]
INFO: [ app_end ] --END-- [ RunTime:0.000146s ]

[ 2018-11-23T18:28:36+08:00 ] 117.136.63.175 /tp3.2/index.php/home/Wx/saveImg
INFO: [ app_init ] --START--
INFO: Run Behavior\BuildLiteBehavior [ RunTime:0.000019s ]
INFO: [ app_init ] --END-- [ RunTime:0.000141s ]
INFO: [ app_begin ] --START--
INFO: Run Behavior\ReadHtmlCacheBehavior [ RunTime:0.000057s ]
INFO: [ app_begin ] --END-- [ RunTime:0.000130s ]
NOTIC: [8192] mysql_connect(): The mysql extension is deprecated and will be removed in the future: use mysqli or PDO instead /var/www/html/tp3.2/ThinkPHP/Library/Think/Db/Driver/Mysql.class.php 第 52 行.
SQL: SHOW COLUMNS FROM `header` [ RunTime:0.000650s ]
SQL: SELECT * FROM `header` WHERE ( pic='100246.png' )  [ RunTime:0.000183s ]
INFO: [ app_end ] --START--
INFO: Run Behavior\ShowPageTraceBehavior [ RunTime:0.000077s ]
INFO: [ app_end ] --END-- [ RunTime:0.000148s ]

[ 2018-11-23T19:25:45+08:00 ] 182.149.165.131 /tp3.2/index.php/home/Wx/saveImg
INFO: [ app_init ] --START--
INFO: Run Behavior\BuildLiteBehavior [ RunTime:0.000019s ]
INFO: [ app_init ] --END-- [ RunTime:0.000138s ]
INFO: [ app_begin ] --START--
INFO: Run Behavior\ReadHtmlCacheBehavior [ RunTime:0.000060s ]
INFO: [ app_begin ] --END-- [ RunTime:0.000131s ]
NOTIC: [8192] mysql_connect(): The mysql extension is deprecated and will be removed in the future: use mysqli or PDO instead /var/www/html/tp3.2/ThinkPHP/Library/Think/Db/Driver/Mysql.class.php 第 52 行.
SQL: SHOW COLUMNS FROM `header` [ RunTime:0.000541s ]
SQL: SELECT * FROM `header` WHERE ( pic='100246.png' )  [ RunTime:0.000340s ]
INFO: [ app_end ] --START--
INFO: Run Behavior\ShowPageTraceBehavior [ RunTime:0.000077s ]
INFO: [ app_end ] --END-- [ RunTime:0.000148s ]

[ 2018-11-23T19:28:38+08:00 ] 182.149.165.131 /tp3.2/index.php/home/Wx/saveImg
INFO: [ app_init ] --START--
INFO: Run Behavior\BuildLiteBehavior [ RunTime:0.000029s ]
INFO: [ app_init ] --END-- [ RunTime:0.000217s ]
INFO: [ app_begin ] --START--
INFO: Run Behavior\ReadHtmlCacheBehavior [ RunTime:0.000087s ]
INFO: [ app_begin ] --END-- [ RunTime:0.000201s ]
NOTIC: [8192] mysql_connect(): The mysql extension is deprecated and will be removed in the future: use mysqli or PDO instead /var/www/html/tp3.2/ThinkPHP/Library/Think/Db/Driver/Mysql.class.php 第 52 行.
SQL: SHOW COLUMNS FROM `header` [ RunTime:0.000497s ]
SQL: SELECT * FROM `header` WHERE ( pic='100246.png' )  [ RunTime:0.000167s ]
INFO: [ app_end ] --START--
INFO: Run Behavior\ShowPageTraceBehavior [ RunTime:0.000080s ]
INFO: [ app_end ] --END-- [ RunTime:0.000151s ]

[ 2018-11-23T19:30:25+08:00 ] 182.149.165.131 /tp3.2/index.php/home/Wx/saveImg
INFO: [ app_init ] --START--
INFO: Run Behavior\BuildLiteBehavior [ RunTime:0.000019s ]
INFO: [ app_init ] --END-- [ RunTime:0.000140s ]
INFO: [ app_begin ] --START--
INFO: Run Behavior\ReadHtmlCacheBehavior [ RunTime:0.000058s ]
INFO: [ app_begin ] --END-- [ RunTime:0.000136s ]
NOTIC: [8192] mysql_connect(): The mysql extension is deprecated and will be removed in the future: use mysqli or PDO instead /var/www/html/tp3.2/ThinkPHP/Library/Think/Db/Driver/Mysql.class.php 第 52 行.
SQL: SHOW COLUMNS FROM `header` [ RunTime:0.000425s ]
SQL: SELECT * FROM `header` WHERE ( pic='100246.png' )  [ RunTime:0.000274s ]
INFO: [ app_end ] --START--
INFO: Run Behavior\ShowPageTraceBehavior [ RunTime:0.000073s ]
INFO: [ app_end ] --END-- [ RunTime:0.000151s ]

[ 2018-11-23T19:30:57+08:00 ] 182.149.165.131 /tp3.2/index.php/home/Wx/saveImg
INFO: [ app_init ] --START--
INFO: Run Behavior\BuildLiteBehavior [ RunTime:0.000019s ]
INFO: [ app_init ] --END-- [ RunTime:0.000139s ]
INFO: [ app_begin ] --START--
INFO: Run Behavior\ReadHtmlCacheBehavior [ RunTime:0.000057s ]
INFO: [ app_begin ] --END-- [ RunTime:0.000128s ]
NOTIC: [8192] mysql_connect(): The mysql extension is deprecated and will be removed in the future: use mysqli or PDO instead /var/www/html/tp3.2/ThinkPHP/Library/Think/Db/Driver/Mysql.class.php 第 52 行.
SQL: SHOW COLUMNS FROM `header` [ RunTime:0.000554s ]
SQL: SELECT * FROM `header` WHERE ( pic='100246.png' )  [ RunTime:0.000300s ]
INFO: [ app_end ] --START--
INFO: Run Behavior\ShowPageTraceBehavior [ RunTime:0.000074s ]
INFO: [ app_end ] --END-- [ RunTime:0.000146s ]

[ 2018-11-23T19:35:28+08:00 ] 182.149.165.131 /tp3.2/index.php/home/Wx/saveImg
INFO: [ app_init ] --START--
INFO: Run Behavior\BuildLiteBehavior [ RunTime:0.000020s ]
INFO: [ app_init ] --END-- [ RunTime:0.000150s ]
INFO: [ app_begin ] --START--
INFO: Run Behavior\ReadHtmlCacheBehavior [ RunTime:0.000061s ]
INFO: [ app_begin ] --END-- [ RunTime:0.000133s ]
NOTIC: [8192] mysql_connect(): The mysql extension is deprecated and will be removed in the future: use mysqli or PDO instead /var/www/html/tp3.2/ThinkPHP/Library/Think/Db/Driver/Mysql.class.php 第 52 行.
SQL: SHOW COLUMNS FROM `header` [ RunTime:0.000451s ]
SQL: SELECT * FROM `header` WHERE ( pic='100246.png' )  [ RunTime:0.000174s ]
INFO: [ app_end ] --START--
INFO: Run Behavior\ShowPageTraceBehavior [ RunTime:0.000063s ]
INFO: [ app_end ] --END-- [ RunTime:0.000133s ]

[ 2018-11-23T19:41:01+08:00 ] 182.149.165.131 /tp3.2/index.php/home/Wx/saveImg
INFO: [ app_init ] --START--
INFO: Run Behavior\BuildLiteBehavior [ RunTime:0.000032s ]
INFO: [ app_init ] --END-- [ RunTime:0.000226s ]
INFO: [ app_begin ] --START--
INFO: Run Behavior\ReadHtmlCacheBehavior [ RunTime:0.000090s ]
INFO: [ app_begin ] --END-- [ RunTime:0.000204s ]
NOTIC: [8192] mysql_connect(): The mysql extension is deprecated and will be removed in the future: use mysqli or PDO instead /var/www/html/tp3.2/ThinkPHP/Library/Think/Db/Driver/Mysql.class.php 第 52 行.
SQL: SHOW COLUMNS FROM `header` [ RunTime:0.000435s ]
SQL: SELECT * FROM `header` WHERE ( pic='100246.png' )  [ RunTime:0.000176s ]
INFO: [ app_end ] --START--
INFO: Run Behavior\ShowPageTraceBehavior [ RunTime:0.000076s ]
INFO: [ app_end ] --END-- [ RunTime:0.000147s ]

[ 2018-11-23T19:43:28+08:00 ] 182.149.165.131 /tp3.2/index.php/home/Wx/saveImg
INFO: [ app_init ] --START--
INFO: Run Behavior\BuildLiteBehavior [ RunTime:0.000027s ]
INFO: [ app_init ] --END-- [ RunTime:0.000255s ]
INFO: [ app_begin ] --START--
INFO: Run Behavior\ReadHtmlCacheBehavior [ RunTime:0.000087s ]
INFO: [ app_begin ] --END-- [ RunTime:0.000203s ]
NOTIC: [8192] mysql_connect(): The mysql extension is deprecated and will be removed in the future: use mysqli or PDO instead /var/www/html/tp3.2/ThinkPHP/Library/Think/Db/Driver/Mysql.class.php 第 52 行.
SQL: SHOW COLUMNS FROM `header` [ RunTime:0.000454s ]
SQL: SELECT * FROM `header` WHERE ( pic='100246.png' )  [ RunTime:0.000219s ]
INFO: [ app_end ] --START--
INFO: Run Behavior\ShowPageTraceBehavior [ RunTime:0.000075s ]
INFO: [ app_end ] --END-- [ RunTime:0.000146s ]

[ 2018-11-23T19:46:27+08:00 ] 182.149.165.131 /tp3.2/index.php/home/Wx/saveImg
INFO: [ app_init ] --START--
INFO: Run Behavior\BuildLiteBehavior [ RunTime:0.000020s ]
INFO: [ app_init ] --END-- [ RunTime:0.000143s ]
INFO: [ app_begin ] --START--
INFO: Run Behavior\ReadHtmlCacheBehavior [ RunTime:0.000058s ]
INFO: [ app_begin ] --END-- [ RunTime:0.000130s ]
NOTIC: [8192] mysql_connect(): The mysql extension is deprecated and will be removed in the future: use mysqli or PDO instead /var/www/html/tp3.2/ThinkPHP/Library/Think/Db/Driver/Mysql.class.php 第 52 行.
SQL: SHOW COLUMNS FROM `header` [ RunTime:0.000418s ]
SQL: SELECT * FROM `header` WHERE ( pic='100246.png' )  [ RunTime:0.000192s ]
INFO: [ app_end ] --START--
INFO: Run Behavior\ShowPageTraceBehavior [ RunTime:0.000079s ]
INFO: [ app_end ] --END-- [ RunTime:0.000150s ]

[ 2018-11-23T19:46:33+08:00 ] 182.149.165.131 /tp3.2/home/Wx1/code?uid=100246
INFO: [ app_init ] --START--
INFO: Run Behavior\BuildLiteBehavior [ RunTime:0.000019s ]
INFO: [ app_init ] --END-- [ RunTime:0.000142s ]
INFO: [ app_begin ] --START--
INFO: Run Behavior\ReadHtmlCacheBehavior [ RunTime:0.000104s ]
INFO: [ app_begin ] --END-- [ RunTime:0.000188s ]
ERR: uid为:100246
INFO: [ app_end ] --START--
INFO: Run Behavior\ShowPageTraceBehavior [ RunTime:0.000064s ]
INFO: [ app_end ] --END-- [ RunTime:0.000235s ]

[ 2018-11-23T21:24:58+08:00 ] 182.149.165.131 /tp3.2/index.php/home/Wx/saveImg
INFO: [ app_init ] --START--
INFO: Run Behavior\BuildLiteBehavior [ RunTime:0.000018s ]
INFO: [ app_init ] --END-- [ RunTime:0.000141s ]
INFO: [ app_begin ] --START--
INFO: Run Behavior\ReadHtmlCacheBehavior [ RunTime:0.000056s ]
INFO: [ app_begin ] --END-- [ RunTime:0.000129s ]
NOTIC: [8192] mysql_connect(): The mysql extension is deprecated and will be removed in the future: use mysqli or PDO instead /var/www/html/tp3.2/ThinkPHP/Library/Think/Db/Driver/Mysql.class.php 第 52 行.
SQL: SHOW COLUMNS FROM `header` [ RunTime:0.000484s ]
SQL: SELECT * FROM `header` WHERE ( pic='100246.png' )  [ RunTime:0.000300s ]
INFO: [ app_end ] --START--
INFO: Run Behavior\ShowPageTraceBehavior [ RunTime:0.000074s ]
INFO: [ app_end ] --END-- [ RunTime:0.000143s ]

[ 2018-11-23T21:37:10+08:00 ] 119.84.153.208 /tp3.2/index.php/home/Wx/saveImg
INFO: [ app_init ] --START--
INFO: Run Behavior\BuildLiteBehavior [ RunTime:0.000020s ]
INFO: [ app_init ] --END-- [ RunTime:0.000157s ]
INFO: [ app_begin ] --START--
INFO: Run Behavior\ReadHtmlCacheBehavior [ RunTime:0.000071s ]
INFO: [ app_begin ] --END-- [ RunTime:0.000144s ]
NOTIC: [8192] mysql_connect(): The mysql extension is deprecated and will be removed in the future: use mysqli or PDO instead /var/www/html/tp3.2/ThinkPHP/Library/Think/Db/Driver/Mysql.class.php 第 52 行.
SQL: SHOW COLUMNS FROM `header` [ RunTime:0.000499s ]
SQL: SELECT * FROM `header` WHERE ( pic='100246.png' )  [ RunTime:0.000295s ]
INFO: [ app_end ] --START--
INFO: Run Behavior\ShowPageTraceBehavior [ RunTime:0.000091s ]
INFO: [ app_end ] --END-- [ RunTime:0.000163s ]

[ 2018-11-23T22:58:42+08:00 ] 223.104.9.175 /tp3.2/index.php/home/Wx/saveImg
INFO: [ app_init ] --START--
INFO: Run Behavior\BuildLiteBehavior [ RunTime:0.000020s ]
INFO: [ app_init ] --END-- [ RunTime:0.000145s ]
INFO: [ app_begin ] --START--
INFO: Run Behavior\ReadHtmlCacheBehavior [ RunTime:0.000079s ]
INFO: [ app_begin ] --END-- [ RunTime:0.000154s ]
NOTIC: [8192] mysql_connect(): The mysql extension is deprecated and will be removed in the future: use mysqli or PDO instead /var/www/html/tp3.2/ThinkPHP/Library/Think/Db/Driver/Mysql.class.php 第 52 行.
SQL: SHOW COLUMNS FROM `header` [ RunTime:0.000499s ]
SQL: SELECT * FROM `header` WHERE ( pic='100246.png' )  [ RunTime:0.000305s ]
INFO: [ app_end ] --START--
INFO: Run Behavior\ShowPageTraceBehavior [ RunTime:0.000125s ]
INFO: [ app_end ] --END-- [ RunTime:0.000195s ]

[ 2018-11-23T23:04:45+08:00 ] 223.104.9.175 /tp3.2/index.php/home/Wx/saveImg
INFO: [ app_init ] --START--
INFO: Run Behavior\BuildLiteBehavior [ RunTime:0.000020s ]
INFO: [ app_init ] --END-- [ RunTime:0.000152s ]
INFO: [ app_begin ] --START--
INFO: Run Behavior\ReadHtmlCacheBehavior [ RunTime:0.000073s ]
INFO: [ app_begin ] --END-- [ RunTime:0.000147s ]
NOTIC: [8192] mysql_connect(): The mysql extension is deprecated and will be removed in the future: use mysqli or PDO instead /var/www/html/tp3.2/ThinkPHP/Library/Think/Db/Driver/Mysql.class.php 第 52 行.
SQL: SHOW COLUMNS FROM `header` [ RunTime:0.000461s ]
SQL: SELECT * FROM `header` WHERE ( pic='100246.png' )  [ RunTime:0.000253s ]
INFO: [ app_end ] --START--
INFO: Run Behavior\ShowPageTraceBehavior [ RunTime:0.000155s ]
INFO: [ app_end ] --END-- [ RunTime:0.000226s ]

