[ 2019-09-23T22:29:02+08:00 ] 39.98.241.250 /tp3.2/index.php/admin/wx/getTicket
INFO: [ app_init ] --START--
INFO: Run Behavior\BuildLiteBehavior [ RunTime:0.000026s ]
INFO: [ app_init ] --END-- [ RunTime:0.071331s ]
INFO: [ app_begin ] --START--
INFO: Run Behavior\ReadHtmlCacheBehavior [ RunTime:0.000418s ]
INFO: [ app_begin ] --END-- [ RunTime:0.000458s ]
ERR: 数据为:{"uid":100388,"header_url":""}
ERR: uid为:100388
ERR: 头像地址为:
NOTIC: [8192] mysql_connect(): The mysql extension is deprecated and will be removed in the future: use mysqli or PDO instead /var/www/html/tp3.2/ThinkPHP/Library/Think/Db/Driver/Mysql.class.php 第 52 行.
SQL: SHOW COLUMNS FROM `header` [ RunTime:0.003005s ]
SQL: SELECT * FROM `header` WHERE ( pic='100388.png' )  [ RunTime:0.002725s ]
SQL: INSERT INTO `header` (`uid`,`url`,`pic`,`save_url`) VALUES (100388,'http://39.98.241.250/tp3.2/Public/upload/empty/robot.png','100388.png','http://39.98.241.250/tp3.2/Public/upload/header/100388.png') [ RunTime:0.000328s ]
ERR: json数据为:{"uid":100388,"url":"http:\/\/39.98.241.250\/code8\/100388.png"}
ERR: 头像地址为空
INFO: [ app_end ] --START--
INFO: Run Behavior\ShowPageTraceBehavior [ RunTime:0.000561s ]
INFO: [ app_end ] --END-- [ RunTime:0.000630s ]

[ 2019-09-23T23:10:33+08:00 ] 39.98.241.250 /tp3.2/index.php/admin/wx/getTicket
INFO: [ app_init ] --START--
INFO: Run Behavior\BuildLiteBehavior [ RunTime:0.000024s ]
INFO: [ app_init ] --END-- [ RunTime:0.000308s ]
INFO: [ app_begin ] --START--
INFO: Run Behavior\ReadHtmlCacheBehavior [ RunTime:0.000364s ]
INFO: [ app_begin ] --END-- [ RunTime:0.000402s ]
ERR: 数据为:{"uid":100388,"header_url":""}
ERR: uid为:100388
ERR: 头像地址为:
NOTIC: [8192] mysql_connect(): The mysql extension is deprecated and will be removed in the future: use mysqli or PDO instead /var/www/html/tp3.2/ThinkPHP/Library/Think/Db/Driver/Mysql.class.php 第 52 行.
SQL: SHOW COLUMNS FROM `header` [ RunTime:0.001770s ]
SQL: SELECT * FROM `header` WHERE ( pic='100388.png' )  [ RunTime:0.000410s ]
ERR: json数据为:{"uid":100388,"url":"http:\/\/39.98.241.250\/code8\/100388.png"}
ERR: 头像地址为空
INFO: [ app_end ] --START--
INFO: Run Behavior\ShowPageTraceBehavior [ RunTime:0.000541s ]
INFO: [ app_end ] --END-- [ RunTime:0.000612s ]

