[ 2019-05-16T14:51:14+08:00 ] 140.207.54.79 /tp3.2/index.php/admin/Wx/wxPuMsg?signature=7ac0e30111984b07a93c3cdb3196a1459bb4789b&timestamp=1557989655&nonce=1032812463&openid=o2rZm6LmXdVsoAgZSVhSK8COWUCE
INFO: [ app_init ] --START--
INFO: Run Behavior\BuildLiteBehavior [ RunTime:0.000014s ]
INFO: [ app_init ] --END-- [ RunTime:0.000342s ]
INFO: [ app_begin ] --START--
INFO: Run Behavior\ReadHtmlCacheBehavior [ RunTime:0.000463s ]
INFO: [ app_begin ] --END-- [ RunTime:0.000513s ]
ERR: signature: 7ac0e30111984b07a93c3cdb3196a1459bb4789b
ERR: hashcode: 7ac0e30111984b07a93c3cdb3196a1459bb4789b
ERR: file_in: <xml><ToUserName><![CDATA[gh_56497a3de309]]></ToUserName>
<FromUserName><![CDATA[o2rZm6LmXdVsoAgZSVhSK8COWUCE]]></FromUserName>
<CreateTime>1557989655</CreateTime>
<MsgType><![CDATA[event]]></MsgType>
<Event><![CDATA[subscribe]]></Event>
<EventKey><![CDATA[]]></EventKey>
</xml>
ERR: FromUserName: o2rZm6LmXdVsoAgZSVhSK8COWUCE
ERR: 得到getUnionId为:oyGzF0wu7665hnYc8Oz2lKY-3JiY
ERR: 得到nickname微信名称为:中南
ERR: 返回结果是:{"code:":200,"msg":"success"}

