[ 2019-07-18T16:02:17+08:00 ] 171.221.170.195 /tp3.2/index.php/admin/wx/getTicket
INFO: [ app_init ] --START--
INFO: Run Behavior\BuildLiteBehavior [ RunTime:0.000009s ]
INFO: [ app_init ] --END-- [ RunTime:0.000197s ]
INFO: [ app_begin ] --START--
INFO: Run Behavior\ReadHtmlCacheBehavior [ RunTime:0.000277s ]
INFO: [ app_begin ] --END-- [ RunTime:0.000305s ]
ERR: 数据为:{"uid":100001,"header_url":""}
ERR: uid为:100001
ERR: 头像地址为:
NOTIC: [8192] mysql_connect(): The mysql extension is deprecated and will be removed in the future: use mysqli or PDO instead /var/www/html/tp3.2/ThinkPHP/Library/Think/Db/Driver/Mysql.class.php 第 52 行.
SQL: SHOW COLUMNS FROM `header` [ RunTime:0.000839s ]
SQL: SELECT * FROM `header` WHERE ( pic='100001.png' )  [ RunTime:0.000267s ]
SQL: INSERT INTO `header` (`uid`,`url`,`pic`,`save_url`) VALUES (100001,'','100001.png','http://39.98.241.250/tp3.2/Public/upload/header/100001.png') [ RunTime:0.000259s ]
ERR: json数据为:{"uid":100001,"url":"http:\/\/39.98.241.250\/code8\/100001.png"}
INFO: [ app_end ] --START--
INFO: Run Behavior\ShowPageTraceBehavior [ RunTime:0.000356s ]
INFO: [ app_end ] --END-- [ RunTime:0.000392s ]

[ 2019-07-18T16:02:33+08:00 ] 171.221.170.197 /tp3.2/index.php/admin/wx/getTicket
INFO: [ app_init ] --START--
INFO: Run Behavior\BuildLiteBehavior [ RunTime:0.000009s ]
INFO: [ app_init ] --END-- [ RunTime:0.000208s ]
INFO: [ app_begin ] --START--
INFO: Run Behavior\ReadHtmlCacheBehavior [ RunTime:0.000268s ]
INFO: [ app_begin ] --END-- [ RunTime:0.000296s ]
ERR: 数据为:{"uid":100001,"header_url":""}
ERR: uid为:100001
ERR: 头像地址为:
NOTIC: [8192] mysql_connect(): The mysql extension is deprecated and will be removed in the future: use mysqli or PDO instead /var/www/html/tp3.2/ThinkPHP/Library/Think/Db/Driver/Mysql.class.php 第 52 行.
SQL: SHOW COLUMNS FROM `header` [ RunTime:0.000738s ]
SQL: SELECT * FROM `header` WHERE ( pic='100001.png' )  [ RunTime:0.000268s ]
ERR: json数据为:{"uid":100001,"url":"http:\/\/39.98.241.250\/code8\/100001.png"}
INFO: [ app_end ] --START--
INFO: Run Behavior\ShowPageTraceBehavior [ RunTime:0.000373s ]
INFO: [ app_end ] --END-- [ RunTime:0.000409s ]

[ 2019-07-18T16:06:45+08:00 ] 171.221.170.196 /tp3.2/index.php/admin/wx/getTicket
INFO: [ app_init ] --START--
INFO: Run Behavior\BuildLiteBehavior [ RunTime:0.000010s ]
INFO: [ app_init ] --END-- [ RunTime:0.000208s ]
INFO: [ app_begin ] --START--
INFO: Run Behavior\ReadHtmlCacheBehavior [ RunTime:0.000309s ]
INFO: [ app_begin ] --END-- [ RunTime:0.000340s ]
ERR: 数据为:{"uid":100007,"header_url":""}
ERR: uid为:100007
ERR: 头像地址为:
NOTIC: [8192] mysql_connect(): The mysql extension is deprecated and will be removed in the future: use mysqli or PDO instead /var/www/html/tp3.2/ThinkPHP/Library/Think/Db/Driver/Mysql.class.php 第 52 行.
SQL: SHOW COLUMNS FROM `header` [ RunTime:0.000713s ]
SQL: SELECT * FROM `header` WHERE ( pic='100007.png' )  [ RunTime:0.000303s ]
SQL: INSERT INTO `header` (`uid`,`url`,`pic`,`save_url`) VALUES (100007,'','100007.png','http://39.98.241.250/tp3.2/Public/upload/header/100007.png') [ RunTime:0.000268s ]
ERR: json数据为:{"uid":100007,"url":"http:\/\/39.98.241.250\/code8\/100007.png"}
INFO: [ app_end ] --START--
INFO: Run Behavior\ShowPageTraceBehavior [ RunTime:0.000353s ]
INFO: [ app_end ] --END-- [ RunTime:0.000402s ]

[ 2019-07-18T16:11:10+08:00 ] 222.211.163.67 /tp3.2/index.php/admin/wx/getTicket
INFO: [ app_init ] --START--
INFO: Run Behavior\BuildLiteBehavior [ RunTime:0.000010s ]
INFO: [ app_init ] --END-- [ RunTime:0.000216s ]
INFO: [ app_begin ] --START--
INFO: Run Behavior\ReadHtmlCacheBehavior [ RunTime:0.000307s ]
INFO: [ app_begin ] --END-- [ RunTime:0.000338s ]
ERR: 数据为:{"uid":100007,"header_url":""}
ERR: uid为:100007
ERR: 头像地址为:
NOTIC: [8192] mysql_connect(): The mysql extension is deprecated and will be removed in the future: use mysqli or PDO instead /var/www/html/tp3.2/ThinkPHP/Library/Think/Db/Driver/Mysql.class.php 第 52 行.
SQL: SHOW COLUMNS FROM `header` [ RunTime:0.000736s ]
SQL: SELECT * FROM `header` WHERE ( pic='100007.png' )  [ RunTime:0.000298s ]
ERR: json数据为:{"uid":100007,"url":"http:\/\/39.98.241.250\/code8\/100007.png"}
ERR: 头像地址为空
INFO: [ app_end ] --START--
INFO: Run Behavior\ShowPageTraceBehavior [ RunTime:0.000360s ]
INFO: [ app_end ] --END-- [ RunTime:0.000421s ]

[ 2019-07-18T16:11:36+08:00 ] 171.221.170.197 /tp3.2/index.php/admin/wx/getTicket
INFO: [ app_init ] --START--
INFO: Run Behavior\BuildLiteBehavior [ RunTime:0.000010s ]
INFO: [ app_init ] --END-- [ RunTime:0.000218s ]
INFO: [ app_begin ] --START--
INFO: Run Behavior\ReadHtmlCacheBehavior [ RunTime:0.000308s ]
INFO: [ app_begin ] --END-- [ RunTime:0.000340s ]
ERR: 数据为:{"uid":100001,"header_url":""}
ERR: uid为:100001
ERR: 头像地址为:
NOTIC: [8192] mysql_connect(): The mysql extension is deprecated and will be removed in the future: use mysqli or PDO instead /var/www/html/tp3.2/ThinkPHP/Library/Think/Db/Driver/Mysql.class.php 第 52 行.
SQL: SHOW COLUMNS FROM `header` [ RunTime:0.000769s ]
SQL: SELECT * FROM `header` WHERE ( pic='100001.png' )  [ RunTime:0.000273s ]
ERR: json数据为:{"uid":100001,"url":"http:\/\/39.98.241.250\/code8\/100001.png"}
ERR: 头像地址为空
INFO: [ app_end ] --START--
INFO: Run Behavior\ShowPageTraceBehavior [ RunTime:0.000366s ]
INFO: [ app_end ] --END-- [ RunTime:0.000417s ]

[ 2019-07-18T16:17:29+08:00 ] 222.211.163.67 /tp3.2/index.php/admin/wx/saveImgg
INFO: [ app_init ] --START--
INFO: Run Behavior\BuildLiteBehavior [ RunTime:0.000010s ]
INFO: [ app_init ] --END-- [ RunTime:0.000211s ]
INFO: [ app_begin ] --START--
INFO: Run Behavior\ReadHtmlCacheBehavior [ RunTime:0.000299s ]
INFO: [ app_begin ] --END-- [ RunTime:0.000326s ]
NOTIC: [8192] mysql_connect(): The mysql extension is deprecated and will be removed in the future: use mysqli or PDO instead /var/www/html/tp3.2/ThinkPHP/Library/Think/Db/Driver/Mysql.class.php 第 52 行.
SQL: SHOW COLUMNS FROM `header` [ RunTime:0.000745s ]
SQL: SELECT * FROM `header`  [ RunTime:0.000275s ]
INFO: [ app_end ] --START--
INFO: Run Behavior\ShowPageTraceBehavior [ RunTime:0.000351s ]
INFO: [ app_end ] --END-- [ RunTime:0.000380s ]

[ 2019-07-18T16:19:46+08:00 ] 171.221.170.195 /tp3.2/index.php/admin/wx/getTicket
INFO: [ app_init ] --START--
INFO: Run Behavior\BuildLiteBehavior [ RunTime:0.000010s ]
INFO: [ app_init ] --END-- [ RunTime:0.000213s ]
INFO: [ app_begin ] --START--
INFO: Run Behavior\ReadHtmlCacheBehavior [ RunTime:0.000266s ]
INFO: [ app_begin ] --END-- [ RunTime:0.000295s ]
ERR: 数据为:{"uid":100001,"header_url":""}
ERR: uid为:100001
ERR: 头像地址为:
NOTIC: [8192] mysql_connect(): The mysql extension is deprecated and will be removed in the future: use mysqli or PDO instead /var/www/html/tp3.2/ThinkPHP/Library/Think/Db/Driver/Mysql.class.php 第 52 行.
SQL: SHOW COLUMNS FROM `header` [ RunTime:0.000754s ]
SQL: SELECT * FROM `header` WHERE ( pic='100001.png' )  [ RunTime:0.000266s ]
SQL: INSERT INTO `header` (`uid`,`url`,`pic`,`save_url`) VALUES (100001,'http://39.98.241.250/tp3.2/Public/upload/empty/robot.png','100001.png','http://39.98.241.250/tp3.2/Public/upload/header/100001.png') [ RunTime:0.000288s ]
ERR: json数据为:{"uid":100001,"url":"http:\/\/39.98.241.250\/code8\/100001.png"}
ERR: 头像地址为空
INFO: [ app_end ] --START--
INFO: Run Behavior\ShowPageTraceBehavior [ RunTime:0.000376s ]
INFO: [ app_end ] --END-- [ RunTime:0.000413s ]

[ 2019-07-18T16:19:49+08:00 ] 171.221.170.195 /tp3.2/index.php/admin/wx/getTicket
INFO: [ app_init ] --START--
INFO: Run Behavior\BuildLiteBehavior [ RunTime:0.000009s ]
INFO: [ app_init ] --END-- [ RunTime:0.000207s ]
INFO: [ app_begin ] --START--
INFO: Run Behavior\ReadHtmlCacheBehavior [ RunTime:0.000281s ]
INFO: [ app_begin ] --END-- [ RunTime:0.000309s ]
ERR: 数据为:{"uid":100007,"header_url":""}
ERR: uid为:100007
ERR: 头像地址为:
NOTIC: [8192] mysql_connect(): The mysql extension is deprecated and will be removed in the future: use mysqli or PDO instead /var/www/html/tp3.2/ThinkPHP/Library/Think/Db/Driver/Mysql.class.php 第 52 行.
SQL: SHOW COLUMNS FROM `header` [ RunTime:0.000699s ]
SQL: SELECT * FROM `header` WHERE ( pic='100007.png' )  [ RunTime:0.000278s ]
SQL: INSERT INTO `header` (`uid`,`url`,`pic`,`save_url`) VALUES (100007,'http://39.98.241.250/tp3.2/Public/upload/empty/robot.png','100007.png','http://39.98.241.250/tp3.2/Public/upload/header/100007.png') [ RunTime:0.000268s ]
ERR: json数据为:{"uid":100007,"url":"http:\/\/39.98.241.250\/code8\/100007.png"}
ERR: 头像地址为空
INFO: [ app_end ] --START--
INFO: Run Behavior\ShowPageTraceBehavior [ RunTime:0.000388s ]
INFO: [ app_end ] --END-- [ RunTime:0.000428s ]

[ 2019-07-18T16:20:35+08:00 ] 171.221.170.206 /tp3.2/index.php/admin/wx/getTicket
INFO: [ app_init ] --START--
INFO: Run Behavior\BuildLiteBehavior [ RunTime:0.000021s ]
INFO: [ app_init ] --END-- [ RunTime:0.000228s ]
INFO: [ app_begin ] --START--
INFO: Run Behavior\ReadHtmlCacheBehavior [ RunTime:0.000295s ]
INFO: [ app_begin ] --END-- [ RunTime:0.000325s ]
ERR: 数据为:{"uid":100001,"header_url":""}
ERR: uid为:100001
ERR: 头像地址为:
NOTIC: [8192] mysql_connect(): The mysql extension is deprecated and will be removed in the future: use mysqli or PDO instead /var/www/html/tp3.2/ThinkPHP/Library/Think/Db/Driver/Mysql.class.php 第 52 行.
SQL: SHOW COLUMNS FROM `header` [ RunTime:0.000734s ]
SQL: SELECT * FROM `header` WHERE ( pic='100001.png' )  [ RunTime:0.000278s ]
ERR: json数据为:{"uid":100001,"url":"http:\/\/39.98.241.250\/code8\/100001.png"}
ERR: 头像地址为空
INFO: [ app_end ] --START--
INFO: Run Behavior\ShowPageTraceBehavior [ RunTime:0.000362s ]
INFO: [ app_end ] --END-- [ RunTime:0.000417s ]

[ 2019-07-18T16:21:53+08:00 ] 222.211.163.56 /tp3.2/index.php/admin/wx/getTicket
INFO: [ app_init ] --START--
INFO: Run Behavior\BuildLiteBehavior [ RunTime:0.000010s ]
INFO: [ app_init ] --END-- [ RunTime:0.000221s ]
INFO: [ app_begin ] --START--
INFO: Run Behavior\ReadHtmlCacheBehavior [ RunTime:0.000270s ]
INFO: [ app_begin ] --END-- [ RunTime:0.000298s ]
ERR: 数据为:{"uid":100001,"header_url":""}
ERR: uid为:100001
ERR: 头像地址为:
NOTIC: [8192] mysql_connect(): The mysql extension is deprecated and will be removed in the future: use mysqli or PDO instead /var/www/html/tp3.2/ThinkPHP/Library/Think/Db/Driver/Mysql.class.php 第 52 行.
SQL: SHOW COLUMNS FROM `header` [ RunTime:0.000732s ]
SQL: SELECT * FROM `header` WHERE ( pic='100001.png' )  [ RunTime:0.000282s ]
ERR: json数据为:{"uid":100001,"url":"http:\/\/39.98.241.250\/code8\/100001.png"}
ERR: 头像地址为空
INFO: [ app_end ] --START--
INFO: Run Behavior\ShowPageTraceBehavior [ RunTime:0.000381s ]
INFO: [ app_end ] --END-- [ RunTime:0.000428s ]

[ 2019-07-18T16:22:09+08:00 ] 171.221.170.206 /tp3.2/index.php/admin/wx/getTicket
INFO: [ app_init ] --START--
INFO: Run Behavior\BuildLiteBehavior [ RunTime:0.000009s ]
INFO: [ app_init ] --END-- [ RunTime:0.000200s ]
INFO: [ app_begin ] --START--
INFO: Run Behavior\ReadHtmlCacheBehavior [ RunTime:0.000287s ]
INFO: [ app_begin ] --END-- [ RunTime:0.000316s ]
ERR: 数据为:{"uid":100001,"header_url":""}
ERR: uid为:100001
ERR: 头像地址为:
NOTIC: [8192] mysql_connect(): The mysql extension is deprecated and will be removed in the future: use mysqli or PDO instead /var/www/html/tp3.2/ThinkPHP/Library/Think/Db/Driver/Mysql.class.php 第 52 行.
SQL: SHOW COLUMNS FROM `header` [ RunTime:0.000728s ]
SQL: SELECT * FROM `header` WHERE ( pic='100001.png' )  [ RunTime:0.000294s ]
ERR: json数据为:{"uid":100001,"url":"http:\/\/39.98.241.250\/code8\/100001.png"}
ERR: 头像地址为空
INFO: [ app_end ] --START--
INFO: Run Behavior\ShowPageTraceBehavior [ RunTime:0.000372s ]
INFO: [ app_end ] --END-- [ RunTime:0.000410s ]

[ 2019-07-18T16:22:52+08:00 ] 222.211.163.67 /tp3.2/index.php/admin/wx/getTicket
INFO: [ app_init ] --START--
INFO: Run Behavior\BuildLiteBehavior [ RunTime:0.000009s ]
INFO: [ app_init ] --END-- [ RunTime:0.000220s ]
INFO: [ app_begin ] --START--
INFO: Run Behavior\ReadHtmlCacheBehavior [ RunTime:0.000284s ]
INFO: [ app_begin ] --END-- [ RunTime:0.000313s ]
ERR: 数据为:{"uid":100001,"header_url":""}
ERR: uid为:100001
ERR: 头像地址为:
NOTIC: [8192] mysql_connect(): The mysql extension is deprecated and will be removed in the future: use mysqli or PDO instead /var/www/html/tp3.2/ThinkPHP/Library/Think/Db/Driver/Mysql.class.php 第 52 行.
SQL: SHOW COLUMNS FROM `header` [ RunTime:0.000738s ]
SQL: SELECT * FROM `header` WHERE ( pic='100001.png' )  [ RunTime:0.000302s ]
ERR: json数据为:{"uid":100001,"url":"http:\/\/39.98.241.250\/code8\/100001.png"}
ERR: 头像地址为空
INFO: [ app_end ] --START--
INFO: Run Behavior\ShowPageTraceBehavior [ RunTime:0.000352s ]
INFO: [ app_end ] --END-- [ RunTime:0.000386s ]

[ 2019-07-18T16:23:23+08:00 ] 222.211.163.67 /tp3.2/index.php/admin/wx/getTicket
INFO: [ app_init ] --START--
INFO: Run Behavior\BuildLiteBehavior [ RunTime:0.000010s ]
INFO: [ app_init ] --END-- [ RunTime:0.000221s ]
INFO: [ app_begin ] --START--
INFO: Run Behavior\ReadHtmlCacheBehavior [ RunTime:0.000270s ]
INFO: [ app_begin ] --END-- [ RunTime:0.000299s ]
ERR: 数据为:{"uid":100001,"header_url":""}
ERR: uid为:100001
ERR: 头像地址为:
NOTIC: [8192] mysql_connect(): The mysql extension is deprecated and will be removed in the future: use mysqli or PDO instead /var/www/html/tp3.2/ThinkPHP/Library/Think/Db/Driver/Mysql.class.php 第 52 行.
SQL: SHOW COLUMNS FROM `header` [ RunTime:0.000751s ]
SQL: SELECT * FROM `header` WHERE ( pic='100001.png' )  [ RunTime:0.000292s ]
ERR: json数据为:{"uid":100001,"url":"http:\/\/39.98.241.250\/code8\/100001.png"}
ERR: 头像地址为空
INFO: [ app_end ] --START--
INFO: Run Behavior\ShowPageTraceBehavior [ RunTime:0.000391s ]
INFO: [ app_end ] --END-- [ RunTime:0.000451s ]

[ 2019-07-18T16:23:59+08:00 ] 222.211.163.56 /tp3.2/index.php/admin/wx/getTicket
INFO: [ app_init ] --START--
INFO: Run Behavior\BuildLiteBehavior [ RunTime:0.000011s ]
INFO: [ app_init ] --END-- [ RunTime:0.000215s ]
INFO: [ app_begin ] --START--
INFO: Run Behavior\ReadHtmlCacheBehavior [ RunTime:0.000334s ]
INFO: [ app_begin ] --END-- [ RunTime:0.000373s ]
ERR: 数据为:{"uid":100001,"header_url":""}
ERR: uid为:100001
ERR: 头像地址为:
NOTIC: [8192] mysql_connect(): The mysql extension is deprecated and will be removed in the future: use mysqli or PDO instead /var/www/html/tp3.2/ThinkPHP/Library/Think/Db/Driver/Mysql.class.php 第 52 行.
SQL: SHOW COLUMNS FROM `header` [ RunTime:0.000732s ]
SQL: SELECT * FROM `header` WHERE ( pic='100001.png' )  [ RunTime:0.000298s ]
ERR: json数据为:{"uid":100001,"url":"http:\/\/39.98.241.250\/code8\/100001.png"}
ERR: 头像地址为空
INFO: [ app_end ] --START--
INFO: Run Behavior\ShowPageTraceBehavior [ RunTime:0.000374s ]
INFO: [ app_end ] --END-- [ RunTime:0.000430s ]

[ 2019-07-18T16:24:30+08:00 ] 171.221.170.195 /tp3.2/index.php/admin/wx/getTicket
INFO: [ app_init ] --START--
INFO: Run Behavior\BuildLiteBehavior [ RunTime:0.000010s ]
INFO: [ app_init ] --END-- [ RunTime:0.000217s ]
INFO: [ app_begin ] --START--
INFO: Run Behavior\ReadHtmlCacheBehavior [ RunTime:0.000320s ]
INFO: [ app_begin ] --END-- [ RunTime:0.000352s ]
ERR: 数据为:{"uid":100001,"header_url":""}
ERR: uid为:100001
ERR: 头像地址为:
NOTIC: [8192] mysql_connect(): The mysql extension is deprecated and will be removed in the future: use mysqli or PDO instead /var/www/html/tp3.2/ThinkPHP/Library/Think/Db/Driver/Mysql.class.php 第 52 行.
SQL: SHOW COLUMNS FROM `header` [ RunTime:0.000747s ]
SQL: SELECT * FROM `header` WHERE ( pic='100001.png' )  [ RunTime:0.000304s ]
ERR: json数据为:{"uid":100001,"url":"http:\/\/39.98.241.250\/code8\/100001.png"}
ERR: 头像地址为空
INFO: [ app_end ] --START--
INFO: Run Behavior\ShowPageTraceBehavior [ RunTime:0.000332s ]
INFO: [ app_end ] --END-- [ RunTime:0.000378s ]

[ 2019-07-18T16:25:25+08:00 ] 171.221.170.206 /tp3.2/index.php/admin/wx/getTicket
INFO: [ app_init ] --START--
INFO: Run Behavior\BuildLiteBehavior [ RunTime:0.000010s ]
INFO: [ app_init ] --END-- [ RunTime:0.000205s ]
INFO: [ app_begin ] --START--
INFO: Run Behavior\ReadHtmlCacheBehavior [ RunTime:0.000286s ]
INFO: [ app_begin ] --END-- [ RunTime:0.000315s ]
ERR: 数据为:{"uid":100001,"header_url":""}
ERR: uid为:100001
ERR: 头像地址为:
NOTIC: [8192] mysql_connect(): The mysql extension is deprecated and will be removed in the future: use mysqli or PDO instead /var/www/html/tp3.2/ThinkPHP/Library/Think/Db/Driver/Mysql.class.php 第 52 行.
SQL: SHOW COLUMNS FROM `header` [ RunTime:0.000803s ]
SQL: SELECT * FROM `header` WHERE ( pic='100001.png' )  [ RunTime:0.000295s ]
ERR: json数据为:{"uid":100001,"url":"http:\/\/39.98.241.250\/code8\/100001.png"}
ERR: 头像地址为空
INFO: [ app_end ] --START--
INFO: Run Behavior\ShowPageTraceBehavior [ RunTime:0.000387s ]
INFO: [ app_end ] --END-- [ RunTime:0.000438s ]

[ 2019-07-18T16:25:38+08:00 ] 171.221.170.195 /tp3.2/index.php/admin/wx/getTicket
INFO: [ app_init ] --START--
INFO: Run Behavior\BuildLiteBehavior [ RunTime:0.000010s ]
INFO: [ app_init ] --END-- [ RunTime:0.000230s ]
INFO: [ app_begin ] --START--
INFO: Run Behavior\ReadHtmlCacheBehavior [ RunTime:0.000257s ]
INFO: [ app_begin ] --END-- [ RunTime:0.000283s ]
ERR: 数据为:{"uid":100001,"header_url":""}
ERR: uid为:100001
ERR: 头像地址为:
NOTIC: [8192] mysql_connect(): The mysql extension is deprecated and will be removed in the future: use mysqli or PDO instead /var/www/html/tp3.2/ThinkPHP/Library/Think/Db/Driver/Mysql.class.php 第 52 行.
SQL: SHOW COLUMNS FROM `header` [ RunTime:0.000726s ]
SQL: SELECT * FROM `header` WHERE ( pic='100001.png' )  [ RunTime:0.000333s ]
ERR: json数据为:{"uid":100001,"url":"http:\/\/39.98.241.250\/code8\/100001.png"}
ERR: 头像地址为空
INFO: [ app_end ] --START--
INFO: Run Behavior\ShowPageTraceBehavior [ RunTime:0.000365s ]
INFO: [ app_end ] --END-- [ RunTime:0.000410s ]

[ 2019-07-18T16:26:58+08:00 ] 171.221.170.206 /tp3.2/index.php/admin/wx/getTicket
INFO: [ app_init ] --START--
INFO: Run Behavior\BuildLiteBehavior [ RunTime:0.000010s ]
INFO: [ app_init ] --END-- [ RunTime:0.000212s ]
INFO: [ app_begin ] --START--
INFO: Run Behavior\ReadHtmlCacheBehavior [ RunTime:0.000250s ]
INFO: [ app_begin ] --END-- [ RunTime:0.000277s ]
ERR: 数据为:{"uid":100007,"header_url":""}
ERR: uid为:100007
ERR: 头像地址为:
NOTIC: [8192] mysql_connect(): The mysql extension is deprecated and will be removed in the future: use mysqli or PDO instead /var/www/html/tp3.2/ThinkPHP/Library/Think/Db/Driver/Mysql.class.php 第 52 行.
SQL: SHOW COLUMNS FROM `header` [ RunTime:0.000739s ]
SQL: SELECT * FROM `header` WHERE ( pic='100007.png' )  [ RunTime:0.000288s ]
ERR: json数据为:{"uid":100007,"url":"http:\/\/39.98.241.250\/code8\/100007.png"}
ERR: 头像地址为空
INFO: [ app_end ] --START--
INFO: Run Behavior\ShowPageTraceBehavior [ RunTime:0.000358s ]
INFO: [ app_end ] --END-- [ RunTime:0.000401s ]

[ 2019-07-18T16:27:38+08:00 ] 171.221.170.206 /tp3.2/index.php/admin/wx/getTicket
INFO: [ app_init ] --START--
INFO: Run Behavior\BuildLiteBehavior [ RunTime:0.000010s ]
INFO: [ app_init ] --END-- [ RunTime:0.000209s ]
INFO: [ app_begin ] --START--
INFO: Run Behavior\ReadHtmlCacheBehavior [ RunTime:0.000269s ]
INFO: [ app_begin ] --END-- [ RunTime:0.000297s ]
ERR: 数据为:{"uid":100007,"header_url":""}
ERR: uid为:100007
ERR: 头像地址为:
NOTIC: [8192] mysql_connect(): The mysql extension is deprecated and will be removed in the future: use mysqli or PDO instead /var/www/html/tp3.2/ThinkPHP/Library/Think/Db/Driver/Mysql.class.php 第 52 行.
SQL: SHOW COLUMNS FROM `header` [ RunTime:0.000735s ]
SQL: SELECT * FROM `header` WHERE ( pic='100007.png' )  [ RunTime:0.000297s ]
ERR: json数据为:{"uid":100007,"url":"http:\/\/39.98.241.250\/code8\/100007.png"}
ERR: 头像地址为空
INFO: [ app_end ] --START--
INFO: Run Behavior\ShowPageTraceBehavior [ RunTime:0.000348s ]
INFO: [ app_end ] --END-- [ RunTime:0.000394s ]

[ 2019-07-18T16:29:06+08:00 ] 171.221.170.195 /tp3.2/index.php/admin/wx/getTicket
INFO: [ app_init ] --START--
INFO: Run Behavior\BuildLiteBehavior [ RunTime:0.000010s ]
INFO: [ app_init ] --END-- [ RunTime:0.000215s ]
INFO: [ app_begin ] --START--
INFO: Run Behavior\ReadHtmlCacheBehavior [ RunTime:0.000276s ]
INFO: [ app_begin ] --END-- [ RunTime:0.000304s ]
ERR: 数据为:{"uid":100007,"header_url":""}
ERR: uid为:100007
ERR: 头像地址为:
NOTIC: [8192] mysql_connect(): The mysql extension is deprecated and will be removed in the future: use mysqli or PDO instead /var/www/html/tp3.2/ThinkPHP/Library/Think/Db/Driver/Mysql.class.php 第 52 行.
SQL: SHOW COLUMNS FROM `header` [ RunTime:0.000729s ]
SQL: SELECT * FROM `header` WHERE ( pic='100007.png' )  [ RunTime:0.000292s ]
ERR: json数据为:{"uid":100007,"url":"http:\/\/39.98.241.250\/code8\/100007.png"}
ERR: 头像地址为空
INFO: [ app_end ] --START--
INFO: Run Behavior\ShowPageTraceBehavior [ RunTime:0.000363s ]
INFO: [ app_end ] --END-- [ RunTime:0.000415s ]

[ 2019-07-18T16:29:57+08:00 ] 222.211.163.67 /tp3.2/index.php/admin/wx/getTicket
INFO: [ app_init ] --START--
INFO: Run Behavior\BuildLiteBehavior [ RunTime:0.000011s ]
INFO: [ app_init ] --END-- [ RunTime:0.000219s ]
INFO: [ app_begin ] --START--
INFO: Run Behavior\ReadHtmlCacheBehavior [ RunTime:0.000267s ]
INFO: [ app_begin ] --END-- [ RunTime:0.000293s ]
ERR: 数据为:{"uid":100007,"header_url":""}
ERR: uid为:100007
ERR: 头像地址为:
NOTIC: [8192] mysql_connect(): The mysql extension is deprecated and will be removed in the future: use mysqli or PDO instead /var/www/html/tp3.2/ThinkPHP/Library/Think/Db/Driver/Mysql.class.php 第 52 行.
SQL: SHOW COLUMNS FROM `header` [ RunTime:0.000744s ]
SQL: SELECT * FROM `header` WHERE ( pic='100007.png' )  [ RunTime:0.000277s ]
ERR: json数据为:{"uid":100007,"url":"http:\/\/39.98.241.250\/code8\/100007.png"}
ERR: 头像地址为空
INFO: [ app_end ] --START--
INFO: Run Behavior\ShowPageTraceBehavior [ RunTime:0.000382s ]
INFO: [ app_end ] --END-- [ RunTime:0.000418s ]

[ 2019-07-18T16:32:19+08:00 ] 222.211.163.67 /tp3.2/index.php/admin/wx/getTicket
INFO: [ app_init ] --START--
INFO: Run Behavior\BuildLiteBehavior [ RunTime:0.000013s ]
INFO: [ app_init ] --END-- [ RunTime:0.000246s ]
INFO: [ app_begin ] --START--
INFO: Run Behavior\ReadHtmlCacheBehavior [ RunTime:0.000279s ]
INFO: [ app_begin ] --END-- [ RunTime:0.000308s ]
ERR: 数据为:{"uid":100007,"header_url":""}
ERR: uid为:100007
ERR: 头像地址为:
NOTIC: [8192] mysql_connect(): The mysql extension is deprecated and will be removed in the future: use mysqli or PDO instead /var/www/html/tp3.2/ThinkPHP/Library/Think/Db/Driver/Mysql.class.php 第 52 行.
SQL: SHOW COLUMNS FROM `header` [ RunTime:0.000758s ]
SQL: SELECT * FROM `header` WHERE ( pic='100007.png' )  [ RunTime:0.000289s ]
ERR: json数据为:{"uid":100007,"url":"http:\/\/39.98.241.250\/code8\/100007.png"}
ERR: 头像地址为空
INFO: [ app_end ] --START--
INFO: Run Behavior\ShowPageTraceBehavior [ RunTime:0.000391s ]
INFO: [ app_end ] --END-- [ RunTime:0.000445s ]

[ 2019-07-18T16:33:20+08:00 ] 171.221.170.197 /tp3.2/index.php/admin/wx/getTicket
INFO: [ app_init ] --START--
INFO: Run Behavior\BuildLiteBehavior [ RunTime:0.000010s ]
INFO: [ app_init ] --END-- [ RunTime:0.000219s ]
INFO: [ app_begin ] --START--
INFO: Run Behavior\ReadHtmlCacheBehavior [ RunTime:0.000294s ]
INFO: [ app_begin ] --END-- [ RunTime:0.000324s ]
ERR: 数据为:{"uid":100007,"header_url":""}
ERR: uid为:100007
ERR: 头像地址为:
NOTIC: [8192] mysql_connect(): The mysql extension is deprecated and will be removed in the future: use mysqli or PDO instead /var/www/html/tp3.2/ThinkPHP/Library/Think/Db/Driver/Mysql.class.php 第 52 行.
SQL: SHOW COLUMNS FROM `header` [ RunTime:0.000720s ]
SQL: SELECT * FROM `header` WHERE ( pic='100007.png' )  [ RunTime:0.000279s ]
ERR: json数据为:{"uid":100007,"url":"http:\/\/39.98.241.250\/code8\/100007.png"}
ERR: 头像地址为空
INFO: [ app_end ] --START--
INFO: Run Behavior\ShowPageTraceBehavior [ RunTime:0.000416s ]
INFO: [ app_end ] --END-- [ RunTime:0.000473s ]

[ 2019-07-18T16:34:43+08:00 ] 222.211.163.67 /tp3.2/index.php/admin/wx/getTicket
INFO: [ app_init ] --START--
INFO: Run Behavior\BuildLiteBehavior [ RunTime:0.000009s ]
INFO: [ app_init ] --END-- [ RunTime:0.000200s ]
INFO: [ app_begin ] --START--
INFO: Run Behavior\ReadHtmlCacheBehavior [ RunTime:0.000279s ]
INFO: [ app_begin ] --END-- [ RunTime:0.000307s ]
ERR: 数据为:{"uid":100007,"header_url":""}
ERR: uid为:100007
ERR: 头像地址为:
NOTIC: [8192] mysql_connect(): The mysql extension is deprecated and will be removed in the future: use mysqli or PDO instead /var/www/html/tp3.2/ThinkPHP/Library/Think/Db/Driver/Mysql.class.php 第 52 行.
SQL: SHOW COLUMNS FROM `header` [ RunTime:0.000728s ]
SQL: SELECT * FROM `header` WHERE ( pic='100007.png' )  [ RunTime:0.000286s ]
ERR: json数据为:{"uid":100007,"url":"http:\/\/39.98.241.250\/code8\/100007.png"}
ERR: 头像地址为空
INFO: [ app_end ] --START--
INFO: Run Behavior\ShowPageTraceBehavior [ RunTime:0.000364s ]
INFO: [ app_end ] --END-- [ RunTime:0.000414s ]

[ 2019-07-18T16:39:29+08:00 ] 171.221.170.195 /tp3.2/index.php/admin/wx/getTicket
INFO: [ app_init ] --START--
INFO: Run Behavior\BuildLiteBehavior [ RunTime:0.000008s ]
INFO: [ app_init ] --END-- [ RunTime:0.000191s ]
INFO: [ app_begin ] --START--
INFO: Run Behavior\ReadHtmlCacheBehavior [ RunTime:0.000257s ]
INFO: [ app_begin ] --END-- [ RunTime:0.000283s ]
ERR: 数据为:{"uid":100007,"header_url":""}
ERR: uid为:100007
ERR: 头像地址为:
NOTIC: [8192] mysql_connect(): The mysql extension is deprecated and will be removed in the future: use mysqli or PDO instead /var/www/html/tp3.2/ThinkPHP/Library/Think/Db/Driver/Mysql.class.php 第 52 行.
SQL: SHOW COLUMNS FROM `header` [ RunTime:0.000730s ]
SQL: SELECT * FROM `header` WHERE ( pic='100007.png' )  [ RunTime:0.000308s ]
ERR: json数据为:{"uid":100007,"url":"http:\/\/39.98.241.250\/code8\/100007.png"}
ERR: 头像地址为空
INFO: [ app_end ] --START--
INFO: Run Behavior\ShowPageTraceBehavior [ RunTime:0.000373s ]
INFO: [ app_end ] --END-- [ RunTime:0.000411s ]

[ 2019-07-18T16:47:00+08:00 ] 171.221.170.206 /tp3.2/index.php/admin/wx/getTicket
INFO: [ app_init ] --START--
INFO: Run Behavior\BuildLiteBehavior [ RunTime:0.000010s ]
INFO: [ app_init ] --END-- [ RunTime:0.000211s ]
INFO: [ app_begin ] --START--
INFO: Run Behavior\ReadHtmlCacheBehavior [ RunTime:0.000276s ]
INFO: [ app_begin ] --END-- [ RunTime:0.000303s ]
ERR: 数据为:{"uid":100001,"header_url":""}
ERR: uid为:100001
ERR: 头像地址为:
NOTIC: [8192] mysql_connect(): The mysql extension is deprecated and will be removed in the future: use mysqli or PDO instead /var/www/html/tp3.2/ThinkPHP/Library/Think/Db/Driver/Mysql.class.php 第 52 行.
SQL: SHOW COLUMNS FROM `header` [ RunTime:0.000744s ]
SQL: SELECT * FROM `header` WHERE ( pic='100001.png' )  [ RunTime:0.000281s ]
ERR: json数据为:{"uid":100001,"url":"http:\/\/39.98.241.250\/code8\/100001.png"}
ERR: 头像地址为空
INFO: [ app_end ] --START--
INFO: Run Behavior\ShowPageTraceBehavior [ RunTime:0.000372s ]
INFO: [ app_end ] --END-- [ RunTime:0.000424s ]

[ 2019-07-18T17:02:40+08:00 ] 222.211.163.56 /tp3.2/index.php/admin/wx/getTicket
INFO: [ app_init ] --START--
INFO: Run Behavior\BuildLiteBehavior [ RunTime:0.000018s ]
INFO: [ app_init ] --END-- [ RunTime:0.000302s ]
INFO: [ app_begin ] --START--
INFO: Run Behavior\ReadHtmlCacheBehavior [ RunTime:0.000266s ]
INFO: [ app_begin ] --END-- [ RunTime:0.000293s ]
ERR: 数据为:{"uid":100007,"header_url":""}
ERR: uid为:100007
ERR: 头像地址为:
NOTIC: [8192] mysql_connect(): The mysql extension is deprecated and will be removed in the future: use mysqli or PDO instead /var/www/html/tp3.2/ThinkPHP/Library/Think/Db/Driver/Mysql.class.php 第 52 行.
SQL: SHOW COLUMNS FROM `header` [ RunTime:0.000742s ]
SQL: SELECT * FROM `header` WHERE ( pic='100007.png' )  [ RunTime:0.000293s ]
ERR: json数据为:{"uid":100007,"url":"http:\/\/39.98.241.250\/code8\/100007.png"}
ERR: 头像地址为空
INFO: [ app_end ] --START--
INFO: Run Behavior\ShowPageTraceBehavior [ RunTime:0.000350s ]
INFO: [ app_end ] --END-- [ RunTime:0.000399s ]

[ 2019-07-18T17:04:49+08:00 ] 222.211.163.67 /tp3.2/index.php/admin/wx/getTicket
INFO: [ app_init ] --START--
INFO: Run Behavior\BuildLiteBehavior [ RunTime:0.000009s ]
INFO: [ app_init ] --END-- [ RunTime:0.000205s ]
INFO: [ app_begin ] --START--
INFO: Run Behavior\ReadHtmlCacheBehavior [ RunTime:0.000270s ]
INFO: [ app_begin ] --END-- [ RunTime:0.000297s ]
ERR: 数据为:{"uid":100001,"header_url":""}
ERR: uid为:100001
ERR: 头像地址为:
NOTIC: [8192] mysql_connect(): The mysql extension is deprecated and will be removed in the future: use mysqli or PDO instead /var/www/html/tp3.2/ThinkPHP/Library/Think/Db/Driver/Mysql.class.php 第 52 行.
SQL: SHOW COLUMNS FROM `header` [ RunTime:0.000732s ]
SQL: SELECT * FROM `header` WHERE ( pic='100001.png' )  [ RunTime:0.000296s ]
ERR: json数据为:{"uid":100001,"url":"http:\/\/39.98.241.250\/code8\/100001.png"}
ERR: 头像地址为空
INFO: [ app_end ] --START--
INFO: Run Behavior\ShowPageTraceBehavior [ RunTime:0.000376s ]
INFO: [ app_end ] --END-- [ RunTime:0.000412s ]

[ 2019-07-18T17:06:52+08:00 ] 171.221.170.197 /tp3.2/index.php/admin/wx/getTicket
INFO: [ app_init ] --START--
INFO: Run Behavior\BuildLiteBehavior [ RunTime:0.000010s ]
INFO: [ app_init ] --END-- [ RunTime:0.000209s ]
INFO: [ app_begin ] --START--
INFO: Run Behavior\ReadHtmlCacheBehavior [ RunTime:0.000264s ]
INFO: [ app_begin ] --END-- [ RunTime:0.000290s ]
ERR: 数据为:{"uid":100007,"header_url":""}
ERR: uid为:100007
ERR: 头像地址为:
NOTIC: [8192] mysql_connect(): The mysql extension is deprecated and will be removed in the future: use mysqli or PDO instead /var/www/html/tp3.2/ThinkPHP/Library/Think/Db/Driver/Mysql.class.php 第 52 行.
SQL: SHOW COLUMNS FROM `header` [ RunTime:0.000764s ]
SQL: SELECT * FROM `header` WHERE ( pic='100007.png' )  [ RunTime:0.000308s ]
ERR: json数据为:{"uid":100007,"url":"http:\/\/39.98.241.250\/code8\/100007.png"}
ERR: 头像地址为空
INFO: [ app_end ] --START--
INFO: Run Behavior\ShowPageTraceBehavior [ RunTime:0.000350s ]
INFO: [ app_end ] --END-- [ RunTime:0.000403s ]

[ 2019-07-18T17:08:23+08:00 ] 171.221.170.206 /tp3.2/index.php/admin/wx/getTicket
INFO: [ app_init ] --START--
INFO: Run Behavior\BuildLiteBehavior [ RunTime:0.000010s ]
INFO: [ app_init ] --END-- [ RunTime:0.000209s ]
INFO: [ app_begin ] --START--
INFO: Run Behavior\ReadHtmlCacheBehavior [ RunTime:0.000266s ]
INFO: [ app_begin ] --END-- [ RunTime:0.000293s ]
ERR: 数据为:{"uid":100001,"header_url":""}
ERR: uid为:100001
ERR: 头像地址为:
NOTIC: [8192] mysql_connect(): The mysql extension is deprecated and will be removed in the future: use mysqli or PDO instead /var/www/html/tp3.2/ThinkPHP/Library/Think/Db/Driver/Mysql.class.php 第 52 行.
SQL: SHOW COLUMNS FROM `header` [ RunTime:0.000740s ]
SQL: SELECT * FROM `header` WHERE ( pic='100001.png' )  [ RunTime:0.000289s ]
ERR: json数据为:{"uid":100001,"url":"http:\/\/39.98.241.250\/code8\/100001.png"}
ERR: 头像地址为空
INFO: [ app_end ] --START--
INFO: Run Behavior\ShowPageTraceBehavior [ RunTime:0.000357s ]
INFO: [ app_end ] --END-- [ RunTime:0.000400s ]

[ 2019-07-18T17:10:35+08:00 ] 171.221.170.195 /tp3.2/index.php/admin/wx/getTicket
INFO: [ app_init ] --START--
INFO: Run Behavior\BuildLiteBehavior [ RunTime:0.000009s ]
INFO: [ app_init ] --END-- [ RunTime:0.000208s ]
INFO: [ app_begin ] --START--
INFO: Run Behavior\ReadHtmlCacheBehavior [ RunTime:0.000274s ]
INFO: [ app_begin ] --END-- [ RunTime:0.000302s ]
ERR: 数据为:{"uid":100007,"header_url":""}
ERR: uid为:100007
ERR: 头像地址为:
NOTIC: [8192] mysql_connect(): The mysql extension is deprecated and will be removed in the future: use mysqli or PDO instead /var/www/html/tp3.2/ThinkPHP/Library/Think/Db/Driver/Mysql.class.php 第 52 行.
SQL: SHOW COLUMNS FROM `header` [ RunTime:0.000716s ]
SQL: SELECT * FROM `header` WHERE ( pic='100007.png' )  [ RunTime:0.000357s ]
ERR: json数据为:{"uid":100007,"url":"http:\/\/39.98.241.250\/code8\/100007.png"}
ERR: 头像地址为空
INFO: [ app_end ] --START--
INFO: Run Behavior\ShowPageTraceBehavior [ RunTime:0.000369s ]
INFO: [ app_end ] --END-- [ RunTime:0.000418s ]

[ 2019-07-18T17:12:32+08:00 ] 222.211.163.56 /tp3.2/index.php/admin/wx/getTicket
INFO: [ app_init ] --START--
INFO: Run Behavior\BuildLiteBehavior [ RunTime:0.000010s ]
INFO: [ app_init ] --END-- [ RunTime:0.000231s ]
INFO: [ app_begin ] --START--
INFO: Run Behavior\ReadHtmlCacheBehavior [ RunTime:0.000320s ]
INFO: [ app_begin ] --END-- [ RunTime:0.000352s ]
ERR: 数据为:{"uid":100001,"header_url":""}
ERR: uid为:100001
ERR: 头像地址为:
NOTIC: [8192] mysql_connect(): The mysql extension is deprecated and will be removed in the future: use mysqli or PDO instead /var/www/html/tp3.2/ThinkPHP/Library/Think/Db/Driver/Mysql.class.php 第 52 行.
SQL: SHOW COLUMNS FROM `header` [ RunTime:0.000752s ]
SQL: SELECT * FROM `header` WHERE ( pic='100001.png' )  [ RunTime:0.000300s ]
ERR: json数据为:{"uid":100001,"url":"http:\/\/39.98.241.250\/code8\/100001.png"}
ERR: 头像地址为空
INFO: [ app_end ] --START--
INFO: Run Behavior\ShowPageTraceBehavior [ RunTime:0.000398s ]
INFO: [ app_end ] --END-- [ RunTime:0.000439s ]

[ 2019-07-18T17:13:20+08:00 ] 171.221.170.195 /tp3.2/index.php/admin/wx/getTicket
INFO: [ app_init ] --START--
INFO: Run Behavior\BuildLiteBehavior [ RunTime:0.000009s ]
INFO: [ app_init ] --END-- [ RunTime:0.000206s ]
INFO: [ app_begin ] --START--
INFO: Run Behavior\ReadHtmlCacheBehavior [ RunTime:0.000278s ]
INFO: [ app_begin ] --END-- [ RunTime:0.000306s ]
ERR: 数据为:{"uid":100001,"header_url":""}
ERR: uid为:100001
ERR: 头像地址为:
NOTIC: [8192] mysql_connect(): The mysql extension is deprecated and will be removed in the future: use mysqli or PDO instead /var/www/html/tp3.2/ThinkPHP/Library/Think/Db/Driver/Mysql.class.php 第 52 行.
SQL: SHOW COLUMNS FROM `header` [ RunTime:0.000712s ]
SQL: SELECT * FROM `header` WHERE ( pic='100001.png' )  [ RunTime:0.000309s ]
ERR: json数据为:{"uid":100001,"url":"http:\/\/39.98.241.250\/code8\/100001.png"}
ERR: 头像地址为空
INFO: [ app_end ] --START--
INFO: Run Behavior\ShowPageTraceBehavior [ RunTime:0.000355s ]
INFO: [ app_end ] --END-- [ RunTime:0.000399s ]

[ 2019-07-18T17:15:03+08:00 ] 222.211.163.67 /tp3.2/index.php/admin/wx/getTicket
INFO: [ app_init ] --START--
INFO: Run Behavior\BuildLiteBehavior [ RunTime:0.000010s ]
INFO: [ app_init ] --END-- [ RunTime:0.000211s ]
INFO: [ app_begin ] --START--
INFO: Run Behavior\ReadHtmlCacheBehavior [ RunTime:0.000280s ]
INFO: [ app_begin ] --END-- [ RunTime:0.000310s ]
ERR: 数据为:{"uid":100001,"header_url":""}
ERR: uid为:100001
ERR: 头像地址为:
NOTIC: [8192] mysql_connect(): The mysql extension is deprecated and will be removed in the future: use mysqli or PDO instead /var/www/html/tp3.2/ThinkPHP/Library/Think/Db/Driver/Mysql.class.php 第 52 行.
SQL: SHOW COLUMNS FROM `header` [ RunTime:0.000697s ]
SQL: SELECT * FROM `header` WHERE ( pic='100001.png' )  [ RunTime:0.000296s ]
ERR: json数据为:{"uid":100001,"url":"http:\/\/39.98.241.250\/code8\/100001.png"}
ERR: 头像地址为空
INFO: [ app_end ] --START--
INFO: Run Behavior\ShowPageTraceBehavior [ RunTime:0.000368s ]
INFO: [ app_end ] --END-- [ RunTime:0.000409s ]

[ 2019-07-18T17:17:58+08:00 ] 222.211.163.56 /tp3.2/index.php/admin/wx/getTicket
INFO: [ app_init ] --START--
INFO: Run Behavior\BuildLiteBehavior [ RunTime:0.000010s ]
INFO: [ app_init ] --END-- [ RunTime:0.000209s ]
INFO: [ app_begin ] --START--
INFO: Run Behavior\ReadHtmlCacheBehavior [ RunTime:0.000291s ]
INFO: [ app_begin ] --END-- [ RunTime:0.000320s ]
ERR: 数据为:{"uid":100001,"header_url":""}
ERR: uid为:100001
ERR: 头像地址为:
NOTIC: [8192] mysql_connect(): The mysql extension is deprecated and will be removed in the future: use mysqli or PDO instead /var/www/html/tp3.2/ThinkPHP/Library/Think/Db/Driver/Mysql.class.php 第 52 行.
SQL: SHOW COLUMNS FROM `header` [ RunTime:0.000740s ]
SQL: SELECT * FROM `header` WHERE ( pic='100001.png' )  [ RunTime:0.000296s ]
ERR: json数据为:{"uid":100001,"url":"http:\/\/39.98.241.250\/code8\/100001.png"}
ERR: 头像地址为空
INFO: [ app_end ] --START--
INFO: Run Behavior\ShowPageTraceBehavior [ RunTime:0.000362s ]
INFO: [ app_end ] --END-- [ RunTime:0.000414s ]

[ 2019-07-18T17:23:08+08:00 ] 171.221.170.195 /tp3.2/index.php/admin/wx/getTicket
INFO: [ app_init ] --START--
INFO: Run Behavior\BuildLiteBehavior [ RunTime:0.000009s ]
INFO: [ app_init ] --END-- [ RunTime:0.000220s ]
INFO: [ app_begin ] --START--
INFO: Run Behavior\ReadHtmlCacheBehavior [ RunTime:0.000277s ]
INFO: [ app_begin ] --END-- [ RunTime:0.000306s ]
ERR: 数据为:{"uid":100001,"header_url":""}
ERR: uid为:100001
ERR: 头像地址为:
NOTIC: [8192] mysql_connect(): The mysql extension is deprecated and will be removed in the future: use mysqli or PDO instead /var/www/html/tp3.2/ThinkPHP/Library/Think/Db/Driver/Mysql.class.php 第 52 行.
SQL: SHOW COLUMNS FROM `header` [ RunTime:0.000742s ]
SQL: SELECT * FROM `header` WHERE ( pic='100001.png' )  [ RunTime:0.000267s ]
ERR: json数据为:{"uid":100001,"url":"http:\/\/39.98.241.250\/code8\/100001.png"}
ERR: 头像地址为空
INFO: [ app_end ] --START--
INFO: Run Behavior\ShowPageTraceBehavior [ RunTime:0.000370s ]
INFO: [ app_end ] --END-- [ RunTime:0.000410s ]

[ 2019-07-18T17:25:00+08:00 ] 171.221.170.195 /tp3.2/index.php/admin/wx/getTicket
INFO: [ app_init ] --START--
INFO: Run Behavior\BuildLiteBehavior [ RunTime:0.000009s ]
INFO: [ app_init ] --END-- [ RunTime:0.000206s ]
INFO: [ app_begin ] --START--
INFO: Run Behavior\ReadHtmlCacheBehavior [ RunTime:0.000280s ]
INFO: [ app_begin ] --END-- [ RunTime:0.000308s ]
ERR: 数据为:{"uid":100001,"header_url":""}
ERR: uid为:100001
ERR: 头像地址为:
NOTIC: [8192] mysql_connect(): The mysql extension is deprecated and will be removed in the future: use mysqli or PDO instead /var/www/html/tp3.2/ThinkPHP/Library/Think/Db/Driver/Mysql.class.php 第 52 行.
SQL: SHOW COLUMNS FROM `header` [ RunTime:0.000743s ]
SQL: SELECT * FROM `header` WHERE ( pic='100001.png' )  [ RunTime:0.000299s ]
ERR: json数据为:{"uid":100001,"url":"http:\/\/39.98.241.250\/code8\/100001.png"}
ERR: 头像地址为空
INFO: [ app_end ] --START--
INFO: Run Behavior\ShowPageTraceBehavior [ RunTime:0.000379s ]
INFO: [ app_end ] --END-- [ RunTime:0.000424s ]

[ 2019-07-18T17:25:25+08:00 ] 222.211.163.67 /tp3.2/index.php/admin/wx/getTicket
INFO: [ app_init ] --START--
INFO: Run Behavior\BuildLiteBehavior [ RunTime:0.000010s ]
INFO: [ app_init ] --END-- [ RunTime:0.000207s ]
INFO: [ app_begin ] --START--
INFO: Run Behavior\ReadHtmlCacheBehavior [ RunTime:0.000289s ]
INFO: [ app_begin ] --END-- [ RunTime:0.000317s ]
ERR: 数据为:{"uid":100001,"header_url":""}
ERR: uid为:100001
ERR: 头像地址为:
NOTIC: [8192] mysql_connect(): The mysql extension is deprecated and will be removed in the future: use mysqli or PDO instead /var/www/html/tp3.2/ThinkPHP/Library/Think/Db/Driver/Mysql.class.php 第 52 行.
SQL: SHOW COLUMNS FROM `header` [ RunTime:0.000718s ]
SQL: SELECT * FROM `header` WHERE ( pic='100001.png' )  [ RunTime:0.000268s ]
ERR: json数据为:{"uid":100001,"url":"http:\/\/39.98.241.250\/code8\/100001.png"}
ERR: 头像地址为空
INFO: [ app_end ] --START--
INFO: Run Behavior\ShowPageTraceBehavior [ RunTime:0.000384s ]
INFO: [ app_end ] --END-- [ RunTime:0.000438s ]

[ 2019-07-18T17:46:37+08:00 ] 222.211.163.67 /tp3.2/index.php/admin/wx/getTicket
INFO: [ app_init ] --START--
INFO: Run Behavior\BuildLiteBehavior [ RunTime:0.000010s ]
INFO: [ app_init ] --END-- [ RunTime:0.000205s ]
INFO: [ app_begin ] --START--
INFO: Run Behavior\ReadHtmlCacheBehavior [ RunTime:0.000290s ]
INFO: [ app_begin ] --END-- [ RunTime:0.000319s ]
ERR: 数据为:{"uid":100007,"header_url":""}
ERR: uid为:100007
ERR: 头像地址为:
NOTIC: [8192] mysql_connect(): The mysql extension is deprecated and will be removed in the future: use mysqli or PDO instead /var/www/html/tp3.2/ThinkPHP/Library/Think/Db/Driver/Mysql.class.php 第 52 行.
SQL: SHOW COLUMNS FROM `header` [ RunTime:0.000726s ]
SQL: SELECT * FROM `header` WHERE ( pic='100007.png' )  [ RunTime:0.000292s ]
ERR: json数据为:{"uid":100007,"url":"http:\/\/39.98.241.250\/code8\/100007.png"}
ERR: 头像地址为空
INFO: [ app_end ] --START--
INFO: Run Behavior\ShowPageTraceBehavior [ RunTime:0.000389s ]
INFO: [ app_end ] --END-- [ RunTime:0.000429s ]

[ 2019-07-18T17:49:32+08:00 ] 222.211.163.67 /tp3.2/index.php/admin/wx/getTicket
INFO: [ app_init ] --START--
INFO: Run Behavior\BuildLiteBehavior [ RunTime:0.000010s ]
INFO: [ app_init ] --END-- [ RunTime:0.000200s ]
INFO: [ app_begin ] --START--
INFO: Run Behavior\ReadHtmlCacheBehavior [ RunTime:0.000256s ]
INFO: [ app_begin ] --END-- [ RunTime:0.000282s ]
ERR: 数据为:{"uid":100007,"header_url":""}
ERR: uid为:100007
ERR: 头像地址为:
NOTIC: [8192] mysql_connect(): The mysql extension is deprecated and will be removed in the future: use mysqli or PDO instead /var/www/html/tp3.2/ThinkPHP/Library/Think/Db/Driver/Mysql.class.php 第 52 行.
SQL: SHOW COLUMNS FROM `header` [ RunTime:0.000746s ]
SQL: SELECT * FROM `header` WHERE ( pic='100007.png' )  [ RunTime:0.000299s ]
ERR: json数据为:{"uid":100007,"url":"http:\/\/39.98.241.250\/code8\/100007.png"}
ERR: 头像地址为空
INFO: [ app_end ] --START--
INFO: Run Behavior\ShowPageTraceBehavior [ RunTime:0.000357s ]
INFO: [ app_end ] --END-- [ RunTime:0.000417s ]

[ 2019-07-18T17:51:58+08:00 ] 171.221.170.196 /tp3.2/index.php/admin/wx/getTicket
INFO: [ app_init ] --START--
INFO: Run Behavior\BuildLiteBehavior [ RunTime:0.000009s ]
INFO: [ app_init ] --END-- [ RunTime:0.000217s ]
INFO: [ app_begin ] --START--
INFO: Run Behavior\ReadHtmlCacheBehavior [ RunTime:0.000264s ]
INFO: [ app_begin ] --END-- [ RunTime:0.000292s ]
ERR: 数据为:{"uid":100007,"header_url":""}
ERR: uid为:100007
ERR: 头像地址为:
NOTIC: [8192] mysql_connect(): The mysql extension is deprecated and will be removed in the future: use mysqli or PDO instead /var/www/html/tp3.2/ThinkPHP/Library/Think/Db/Driver/Mysql.class.php 第 52 行.
SQL: SHOW COLUMNS FROM `header` [ RunTime:0.000732s ]
SQL: SELECT * FROM `header` WHERE ( pic='100007.png' )  [ RunTime:0.000304s ]
ERR: json数据为:{"uid":100007,"url":"http:\/\/39.98.241.250\/code8\/100007.png"}
ERR: 头像地址为空
INFO: [ app_end ] --START--
INFO: Run Behavior\ShowPageTraceBehavior [ RunTime:0.000386s ]
INFO: [ app_end ] --END-- [ RunTime:0.000424s ]

[ 2019-07-18T17:53:58+08:00 ] 171.221.170.195 /tp3.2/index.php/admin/wx/getTicket
INFO: [ app_init ] --START--
INFO: Run Behavior\BuildLiteBehavior [ RunTime:0.000010s ]
INFO: [ app_init ] --END-- [ RunTime:0.000213s ]
INFO: [ app_begin ] --START--
INFO: Run Behavior\ReadHtmlCacheBehavior [ RunTime:0.000276s ]
INFO: [ app_begin ] --END-- [ RunTime:0.000304s ]
ERR: 数据为:{"uid":100007,"header_url":""}
ERR: uid为:100007
ERR: 头像地址为:
NOTIC: [8192] mysql_connect(): The mysql extension is deprecated and will be removed in the future: use mysqli or PDO instead /var/www/html/tp3.2/ThinkPHP/Library/Think/Db/Driver/Mysql.class.php 第 52 行.
SQL: SHOW COLUMNS FROM `header` [ RunTime:0.000707s ]
SQL: SELECT * FROM `header` WHERE ( pic='100007.png' )  [ RunTime:0.000287s ]
ERR: json数据为:{"uid":100007,"url":"http:\/\/39.98.241.250\/code8\/100007.png"}
ERR: 头像地址为空
INFO: [ app_end ] --START--
INFO: Run Behavior\ShowPageTraceBehavior [ RunTime:0.000348s ]
INFO: [ app_end ] --END-- [ RunTime:0.000383s ]

[ 2019-07-18T17:56:39+08:00 ] 222.211.163.67 /tp3.2/index.php/admin/wx/getTicket
INFO: [ app_init ] --START--
INFO: Run Behavior\BuildLiteBehavior [ RunTime:0.000010s ]
INFO: [ app_init ] --END-- [ RunTime:0.000208s ]
INFO: [ app_begin ] --START--
INFO: Run Behavior\ReadHtmlCacheBehavior [ RunTime:0.000285s ]
INFO: [ app_begin ] --END-- [ RunTime:0.000314s ]
ERR: 数据为:{"uid":100007,"header_url":""}
ERR: uid为:100007
ERR: 头像地址为:
NOTIC: [8192] mysql_connect(): The mysql extension is deprecated and will be removed in the future: use mysqli or PDO instead /var/www/html/tp3.2/ThinkPHP/Library/Think/Db/Driver/Mysql.class.php 第 52 行.
SQL: SHOW COLUMNS FROM `header` [ RunTime:0.000730s ]
SQL: SELECT * FROM `header` WHERE ( pic='100007.png' )  [ RunTime:0.000291s ]
ERR: json数据为:{"uid":100007,"url":"http:\/\/39.98.241.250\/code8\/100007.png"}
ERR: 头像地址为空
INFO: [ app_end ] --START--
INFO: Run Behavior\ShowPageTraceBehavior [ RunTime:0.000369s ]
INFO: [ app_end ] --END-- [ RunTime:0.000407s ]

[ 2019-07-18T17:56:46+08:00 ] 171.221.170.206 /tp3.2/index.php/admin/wx/getTicket
INFO: [ app_init ] --START--
INFO: Run Behavior\BuildLiteBehavior [ RunTime:0.000010s ]
INFO: [ app_init ] --END-- [ RunTime:0.000234s ]
INFO: [ app_begin ] --START--
INFO: Run Behavior\ReadHtmlCacheBehavior [ RunTime:0.000266s ]
INFO: [ app_begin ] --END-- [ RunTime:0.000294s ]
ERR: 数据为:{"uid":100007,"header_url":""}
ERR: uid为:100007
ERR: 头像地址为:
NOTIC: [8192] mysql_connect(): The mysql extension is deprecated and will be removed in the future: use mysqli or PDO instead /var/www/html/tp3.2/ThinkPHP/Library/Think/Db/Driver/Mysql.class.php 第 52 行.
SQL: SHOW COLUMNS FROM `header` [ RunTime:0.000729s ]
SQL: SELECT * FROM `header` WHERE ( pic='100007.png' )  [ RunTime:0.000288s ]
ERR: json数据为:{"uid":100007,"url":"http:\/\/39.98.241.250\/code8\/100007.png"}
ERR: 头像地址为空
INFO: [ app_end ] --START--
INFO: Run Behavior\ShowPageTraceBehavior [ RunTime:0.000349s ]
INFO: [ app_end ] --END-- [ RunTime:0.000387s ]

[ 2019-07-18T17:57:48+08:00 ] 171.221.170.195 /tp3.2/index.php/admin/wx/getTicket
INFO: [ app_init ] --START--
INFO: Run Behavior\BuildLiteBehavior [ RunTime:0.000009s ]
INFO: [ app_init ] --END-- [ RunTime:0.000217s ]
INFO: [ app_begin ] --START--
INFO: Run Behavior\ReadHtmlCacheBehavior [ RunTime:0.000270s ]
INFO: [ app_begin ] --END-- [ RunTime:0.000297s ]
ERR: 数据为:{"uid":100007,"header_url":""}
ERR: uid为:100007
ERR: 头像地址为:
NOTIC: [8192] mysql_connect(): The mysql extension is deprecated and will be removed in the future: use mysqli or PDO instead /var/www/html/tp3.2/ThinkPHP/Library/Think/Db/Driver/Mysql.class.php 第 52 行.
SQL: SHOW COLUMNS FROM `header` [ RunTime:0.000732s ]
SQL: SELECT * FROM `header` WHERE ( pic='100007.png' )  [ RunTime:0.000282s ]
ERR: json数据为:{"uid":100007,"url":"http:\/\/39.98.241.250\/code8\/100007.png"}
ERR: 头像地址为空
INFO: [ app_end ] --START--
INFO: Run Behavior\ShowPageTraceBehavior [ RunTime:0.000374s ]
INFO: [ app_end ] --END-- [ RunTime:0.000411s ]

[ 2019-07-18T18:00:35+08:00 ] 222.211.163.56 /tp3.2/index.php/admin/wx/getTicket
INFO: [ app_init ] --START--
INFO: Run Behavior\BuildLiteBehavior [ RunTime:0.000010s ]
INFO: [ app_init ] --END-- [ RunTime:0.000213s ]
INFO: [ app_begin ] --START--
INFO: Run Behavior\ReadHtmlCacheBehavior [ RunTime:0.000281s ]
INFO: [ app_begin ] --END-- [ RunTime:0.000321s ]
ERR: 数据为:{"uid":100007,"header_url":""}
ERR: uid为:100007
ERR: 头像地址为:
NOTIC: [8192] mysql_connect(): The mysql extension is deprecated and will be removed in the future: use mysqli or PDO instead /var/www/html/tp3.2/ThinkPHP/Library/Think/Db/Driver/Mysql.class.php 第 52 行.
SQL: SHOW COLUMNS FROM `header` [ RunTime:0.000727s ]
SQL: SELECT * FROM `header` WHERE ( pic='100007.png' )  [ RunTime:0.000291s ]
ERR: json数据为:{"uid":100007,"url":"http:\/\/39.98.241.250\/code8\/100007.png"}
ERR: 头像地址为空
INFO: [ app_end ] --START--
INFO: Run Behavior\ShowPageTraceBehavior [ RunTime:0.000372s ]
INFO: [ app_end ] --END-- [ RunTime:0.000410s ]

[ 2019-07-18T18:06:59+08:00 ] 222.211.163.67 /tp3.2/index.php/admin/wx/getTicket
INFO: [ app_init ] --START--
INFO: Run Behavior\BuildLiteBehavior [ RunTime:0.000010s ]
INFO: [ app_init ] --END-- [ RunTime:0.000238s ]
INFO: [ app_begin ] --START--
INFO: Run Behavior\ReadHtmlCacheBehavior [ RunTime:0.000278s ]
INFO: [ app_begin ] --END-- [ RunTime:0.000306s ]
ERR: 数据为:{"uid":100007,"header_url":""}
ERR: uid为:100007
ERR: 头像地址为:
NOTIC: [8192] mysql_connect(): The mysql extension is deprecated and will be removed in the future: use mysqli or PDO instead /var/www/html/tp3.2/ThinkPHP/Library/Think/Db/Driver/Mysql.class.php 第 52 行.
SQL: SHOW COLUMNS FROM `header` [ RunTime:0.000749s ]
SQL: SELECT * FROM `header` WHERE ( pic='100007.png' )  [ RunTime:0.000310s ]
ERR: json数据为:{"uid":100007,"url":"http:\/\/39.98.241.250\/code8\/100007.png"}
ERR: 头像地址为空
INFO: [ app_end ] --START--
INFO: Run Behavior\ShowPageTraceBehavior [ RunTime:0.000392s ]
INFO: [ app_end ] --END-- [ RunTime:0.000454s ]

[ 2019-07-18T18:10:49+08:00 ] 222.211.163.67 /tp3.2/index.php/admin/wx/getTicket
INFO: [ app_init ] --START--
INFO: Run Behavior\BuildLiteBehavior [ RunTime:0.000009s ]
INFO: [ app_init ] --END-- [ RunTime:0.000205s ]
INFO: [ app_begin ] --START--
INFO: Run Behavior\ReadHtmlCacheBehavior [ RunTime:0.000279s ]
INFO: [ app_begin ] --END-- [ RunTime:0.000318s ]
ERR: 数据为:{"uid":100007,"header_url":""}
ERR: uid为:100007
ERR: 头像地址为:
NOTIC: [8192] mysql_connect(): The mysql extension is deprecated and will be removed in the future: use mysqli or PDO instead /var/www/html/tp3.2/ThinkPHP/Library/Think/Db/Driver/Mysql.class.php 第 52 行.
SQL: SHOW COLUMNS FROM `header` [ RunTime:0.000731s ]
SQL: SELECT * FROM `header` WHERE ( pic='100007.png' )  [ RunTime:0.000299s ]
ERR: json数据为:{"uid":100007,"url":"http:\/\/39.98.241.250\/code8\/100007.png"}
ERR: 头像地址为空
INFO: [ app_end ] --START--
INFO: Run Behavior\ShowPageTraceBehavior [ RunTime:0.000376s ]
INFO: [ app_end ] --END-- [ RunTime:0.000428s ]

[ 2019-07-18T18:15:33+08:00 ] 171.221.170.206 /tp3.2/index.php/admin/wx/getTicket
INFO: [ app_init ] --START--
INFO: Run Behavior\BuildLiteBehavior [ RunTime:0.000009s ]
INFO: [ app_init ] --END-- [ RunTime:0.000208s ]
INFO: [ app_begin ] --START--
INFO: Run Behavior\ReadHtmlCacheBehavior [ RunTime:0.000290s ]
INFO: [ app_begin ] --END-- [ RunTime:0.000319s ]
ERR: 数据为:{"uid":100007,"header_url":""}
ERR: uid为:100007
ERR: 头像地址为:
NOTIC: [8192] mysql_connect(): The mysql extension is deprecated and will be removed in the future: use mysqli or PDO instead /var/www/html/tp3.2/ThinkPHP/Library/Think/Db/Driver/Mysql.class.php 第 52 行.
SQL: SHOW COLUMNS FROM `header` [ RunTime:0.000732s ]
SQL: SELECT * FROM `header` WHERE ( pic='100007.png' )  [ RunTime:0.000288s ]
ERR: json数据为:{"uid":100007,"url":"http:\/\/39.98.241.250\/code8\/100007.png"}
ERR: 头像地址为空
INFO: [ app_end ] --START--
INFO: Run Behavior\ShowPageTraceBehavior [ RunTime:0.000357s ]
INFO: [ app_end ] --END-- [ RunTime:0.000397s ]

[ 2019-07-18T18:18:44+08:00 ] 171.221.170.206 /tp3.2/index.php/admin/wx/getTicket
INFO: [ app_init ] --START--
INFO: Run Behavior\BuildLiteBehavior [ RunTime:0.000010s ]
INFO: [ app_init ] --END-- [ RunTime:0.000207s ]
INFO: [ app_begin ] --START--
INFO: Run Behavior\ReadHtmlCacheBehavior [ RunTime:0.000268s ]
INFO: [ app_begin ] --END-- [ RunTime:0.000295s ]
ERR: 数据为:{"uid":100007,"header_url":""}
ERR: uid为:100007
ERR: 头像地址为:
NOTIC: [8192] mysql_connect(): The mysql extension is deprecated and will be removed in the future: use mysqli or PDO instead /var/www/html/tp3.2/ThinkPHP/Library/Think/Db/Driver/Mysql.class.php 第 52 行.
SQL: SHOW COLUMNS FROM `header` [ RunTime:0.000737s ]
SQL: SELECT * FROM `header` WHERE ( pic='100007.png' )  [ RunTime:0.000303s ]
ERR: json数据为:{"uid":100007,"url":"http:\/\/39.98.241.250\/code8\/100007.png"}
ERR: 头像地址为空
INFO: [ app_end ] --START--
INFO: Run Behavior\ShowPageTraceBehavior [ RunTime:0.000382s ]
INFO: [ app_end ] --END-- [ RunTime:0.000417s ]

[ 2019-07-18T18:37:17+08:00 ] 222.211.163.67 /tp3.2/index.php/admin/wx/getTicket
INFO: [ app_init ] --START--
INFO: Run Behavior\BuildLiteBehavior [ RunTime:0.000010s ]
INFO: [ app_init ] --END-- [ RunTime:0.000211s ]
INFO: [ app_begin ] --START--
INFO: Run Behavior\ReadHtmlCacheBehavior [ RunTime:0.000286s ]
INFO: [ app_begin ] --END-- [ RunTime:0.000313s ]
ERR: 数据为:{"uid":100025,"header_url":"http://39.98.241.250/header/Public/upload/header/100025.png"}
ERR: uid为:100025
ERR: 头像地址为:http://39.98.241.250/header/Public/upload/header/100025.png
NOTIC: [8192] mysql_connect(): The mysql extension is deprecated and will be removed in the future: use mysqli or PDO instead /var/www/html/tp3.2/ThinkPHP/Library/Think/Db/Driver/Mysql.class.php 第 52 行.
SQL: SHOW COLUMNS FROM `header` [ RunTime:0.000712s ]
SQL: SELECT * FROM `header` WHERE ( pic='100025.png' )  [ RunTime:0.000279s ]
SQL: INSERT INTO `header` (`uid`,`url`,`pic`,`save_url`) VALUES (100025,'http://39.98.241.250/header/Public/upload/header/100025.png','100025.png','http://39.98.241.250/tp3.2/Public/upload/header/100025.png') [ RunTime:0.000287s ]
ERR: json数据为:{"uid":100025,"url":"http:\/\/39.98.241.250\/code8\/100025.png"}
INFO: [ app_end ] --START--
INFO: Run Behavior\ShowPageTraceBehavior [ RunTime:0.000360s ]
INFO: [ app_end ] --END-- [ RunTime:0.000408s ]

[ 2019-07-18T18:40:16+08:00 ] 171.221.170.195 /tp3.2/index.php/admin/wx/getTicket
INFO: [ app_init ] --START--
INFO: Run Behavior\BuildLiteBehavior [ RunTime:0.000010s ]
INFO: [ app_init ] --END-- [ RunTime:0.000200s ]
INFO: [ app_begin ] --START--
INFO: Run Behavior\ReadHtmlCacheBehavior [ RunTime:0.000257s ]
INFO: [ app_begin ] --END-- [ RunTime:0.000284s ]
ERR: 数据为:{"uid":100025,"header_url":"http://39.98.241.250/header/Public/upload/header/100025.png"}
ERR: uid为:100025
ERR: 头像地址为:http://39.98.241.250/header/Public/upload/header/100025.png
NOTIC: [8192] mysql_connect(): The mysql extension is deprecated and will be removed in the future: use mysqli or PDO instead /var/www/html/tp3.2/ThinkPHP/Library/Think/Db/Driver/Mysql.class.php 第 52 行.
SQL: SHOW COLUMNS FROM `header` [ RunTime:0.000759s ]
SQL: SELECT * FROM `header` WHERE ( pic='100025.png' )  [ RunTime:0.000301s ]
ERR: json数据为:{"uid":100025,"url":"http:\/\/39.98.241.250\/code8\/100025.png"}
INFO: [ app_end ] --START--
INFO: Run Behavior\ShowPageTraceBehavior [ RunTime:0.000346s ]
INFO: [ app_end ] --END-- [ RunTime:0.000398s ]

[ 2019-07-18T18:40:28+08:00 ] 171.221.170.206 /tp3.2/index.php/admin/wx/getTicket
INFO: [ app_init ] --START--
INFO: Run Behavior\BuildLiteBehavior [ RunTime:0.000009s ]
INFO: [ app_init ] --END-- [ RunTime:0.000208s ]
INFO: [ app_begin ] --START--
INFO: Run Behavior\ReadHtmlCacheBehavior [ RunTime:0.000287s ]
INFO: [ app_begin ] --END-- [ RunTime:0.000315s ]
ERR: 数据为:{"uid":100025,"header_url":"http://39.98.241.250/header/Public/upload/header/100025.png"}
ERR: uid为:100025
ERR: 头像地址为:http://39.98.241.250/header/Public/upload/header/100025.png
NOTIC: [8192] mysql_connect(): The mysql extension is deprecated and will be removed in the future: use mysqli or PDO instead /var/www/html/tp3.2/ThinkPHP/Library/Think/Db/Driver/Mysql.class.php 第 52 行.
SQL: SHOW COLUMNS FROM `header` [ RunTime:0.000725s ]
SQL: SELECT * FROM `header` WHERE ( pic='100025.png' )  [ RunTime:0.000293s ]
ERR: json数据为:{"uid":100025,"url":"http:\/\/39.98.241.250\/code8\/100025.png"}
INFO: [ app_end ] --START--
INFO: Run Behavior\ShowPageTraceBehavior [ RunTime:0.000365s ]
INFO: [ app_end ] --END-- [ RunTime:0.000411s ]

