[ 2019-04-11T14:55:19+08:00 ] 183.3.234.60 /tp3.2/index.php/home/Wx3/saveImg
INFO: [ app_init ] --START--
INFO: Run Behavior\BuildLiteBehavior [ RunTime:0.000012s ]
INFO: [ app_init ] --END-- [ RunTime:0.000285s ]
INFO: [ app_begin ] --START--
INFO: Run Behavior\ReadHtmlCacheBehavior [ RunTime:0.000379s ]
INFO: [ app_begin ] --END-- [ RunTime:0.000421s ]
NOTIC: [8192] mysql_connect(): The mysql extension is deprecated and will be removed in the future: use mysqli or PDO instead /var/www/html/tp3.2/ThinkPHP/Library/Think/Db/Driver/Mysql.class.php 第 52 行.
SQL: SHOW COLUMNS FROM `header1` [ RunTime:0.001280s ]
ERR: 1146:Table 'yuebao.header1' doesn't exist
 [ SQL语句 ] : SHOW COLUMNS FROM `header1`
SQL: SHOW COLUMNS FROM `header` [ RunTime:0.001069s ]
SQL: SELECT * FROM `header` WHERE ( pic='100001.png' )  [ RunTime:0.000218s ]
INFO: [ app_end ] --START--
INFO: Run Behavior\ShowPageTraceBehavior [ RunTime:0.000400s ]
INFO: [ app_end ] --END-- [ RunTime:0.000443s ]

[ 2019-04-11T14:55:40+08:00 ] 183.3.234.60 /tp3.2/index.php/home/Wx3/saveImg
INFO: [ app_init ] --START--
INFO: Run Behavior\BuildLiteBehavior [ RunTime:0.000012s ]
INFO: [ app_init ] --END-- [ RunTime:0.000272s ]
INFO: [ app_begin ] --START--
INFO: Run Behavior\ReadHtmlCacheBehavior [ RunTime:0.000367s ]
INFO: [ app_begin ] --END-- [ RunTime:0.000408s ]
NOTIC: [8192] mysql_connect(): The mysql extension is deprecated and will be removed in the future: use mysqli or PDO instead /var/www/html/tp3.2/ThinkPHP/Library/Think/Db/Driver/Mysql.class.php 第 52 行.
SQL: SHOW COLUMNS FROM `header1` [ RunTime:0.001157s ]
ERR: 1146:Table 'yuebao.header1' doesn't exist
 [ SQL语句 ] : SHOW COLUMNS FROM `header1`
SQL: SHOW COLUMNS FROM `header` [ RunTime:0.001023s ]
SQL: SELECT * FROM `header` WHERE ( pic='100001.png' )  [ RunTime:0.000192s ]
INFO: [ app_end ] --START--
INFO: Run Behavior\ShowPageTraceBehavior [ RunTime:0.000403s ]
INFO: [ app_end ] --END-- [ RunTime:0.000445s ]

[ 2019-04-11T14:55:55+08:00 ] 183.3.234.60 /tp3.2/home/Wx2/code?uid=100001
INFO: [ app_init ] --START--
INFO: Run Behavior\BuildLiteBehavior [ RunTime:0.000012s ]
INFO: [ app_init ] --END-- [ RunTime:0.000286s ]
INFO: [ app_begin ] --START--
INFO: Run Behavior\ReadHtmlCacheBehavior [ RunTime:0.000362s ]
INFO: [ app_begin ] --END-- [ RunTime:0.000407s ]
ERR: uid为:100001
INFO: [ app_end ] --START--
INFO: Run Behavior\ShowPageTraceBehavior [ RunTime:0.000450s ]
INFO: [ app_end ] --END-- [ RunTime:0.000494s ]

[ 2019-04-11T14:55:58+08:00 ] 183.3.234.58 /tp3.2/home/Wx2/getUserInfoAll?uid=100001&code=001MXjgl1KMvXo0Nk4hl1Reigl1MXjgB&state=100001
INFO: [ app_init ] --START--
INFO: Run Behavior\BuildLiteBehavior [ RunTime:0.000012s ]
INFO: [ app_init ] --END-- [ RunTime:0.000284s ]
INFO: [ app_begin ] --START--
INFO: Run Behavior\ReadHtmlCacheBehavior [ RunTime:0.000359s ]
INFO: [ app_begin ] --END-- [ RunTime:0.000403s ]
NOTIC: [8192] mysql_connect(): The mysql extension is deprecated and will be removed in the future: use mysqli or PDO instead /var/www/html/tp3.2/ThinkPHP/Library/Think/Db/Driver/Mysql.class.php 第 52 行.
SQL: SHOW COLUMNS FROM `wx5` [ RunTime:0.001279s ]
ERR: 1146:Table 'yuebao.wx5' doesn't exist
 [ SQL语句 ] : SHOW COLUMNS FROM `wx5`
SQL: SHOW COLUMNS FROM `user_list` [ RunTime:0.001176s ]
SQL: SELECT * FROM `user_list` WHERE ( unionid='ovbcLwaW45smk3iBT56-v6-FubJM' )  [ RunTime:0.000254s ]
SQL: UPDATE `user_list` SET `login_time`='2019-04-11 14:55:58' WHERE ( uid='100001' ) [ RunTime:0.000351s ]
INFO: [ app_end ] --START--
INFO: Run Behavior\ShowPageTraceBehavior [ RunTime:0.000400s ]
INFO: [ app_end ] --END-- [ RunTime:0.000444s ]

[ 2019-04-11T14:56:54+08:00 ] 101.89.239.216 /tp3.2/home/Wx2/code?uid=100001
INFO: [ app_init ] --START--
INFO: Run Behavior\BuildLiteBehavior [ RunTime:0.000012s ]
INFO: [ app_init ] --END-- [ RunTime:0.000287s ]
INFO: [ app_begin ] --START--
INFO: Run Behavior\ReadHtmlCacheBehavior [ RunTime:0.000364s ]
INFO: [ app_begin ] --END-- [ RunTime:0.000407s ]
ERR: uid为:100001
INFO: [ app_end ] --START--
INFO: Run Behavior\ShowPageTraceBehavior [ RunTime:0.000384s ]
INFO: [ app_end ] --END-- [ RunTime:0.000430s ]

