[ 2019-09-04T02:38:19+08:00 ] 39.98.241.250 /tp3.2/index.php/admin/wx/getTicket
INFO: [ app_init ] --START--
INFO: Run Behavior\BuildLiteBehavior [ RunTime:0.000010s ]
INFO: [ app_init ] --END-- [ RunTime:0.000222s ]
INFO: [ app_begin ] --START--
INFO: Run Behavior\ReadHtmlCacheBehavior [ RunTime:0.000305s ]
INFO: [ app_begin ] --END-- [ RunTime:0.000334s ]
ERR: 数据为:{"uid":100159,"header_url":""}
ERR: uid为:100159
ERR: 头像地址为:
NOTIC: [8192] mysql_connect(): The mysql extension is deprecated and will be removed in the future: use mysqli or PDO instead /var/www/html/tp3.2/ThinkPHP/Library/Think/Db/Driver/Mysql.class.php 第 52 行.
SQL: SHOW COLUMNS FROM `header` [ RunTime:0.000562s ]
SQL: SELECT * FROM `header` WHERE ( pic='100159.png' )  [ RunTime:0.000391s ]
ERR: json数据为:{"uid":100159,"url":"http:\/\/39.98.241.250\/code8\/100159.png"}
ERR: 头像地址为空
INFO: [ app_end ] --START--
INFO: Run Behavior\ShowPageTraceBehavior [ RunTime:0.000387s ]
INFO: [ app_end ] --END-- [ RunTime:0.000427s ]

[ 2019-09-04T13:59:45+08:00 ] 39.98.241.250 /tp3.2/index.php/admin/wx/getTicket
INFO: [ app_init ] --START--
INFO: Run Behavior\BuildLiteBehavior [ RunTime:0.000012s ]
INFO: [ app_init ] --END-- [ RunTime:0.000305s ]
INFO: [ app_begin ] --START--
INFO: Run Behavior\ReadHtmlCacheBehavior [ RunTime:0.000316s ]
INFO: [ app_begin ] --END-- [ RunTime:0.000348s ]
ERR: 数据为:{"uid":100140,"header_url":"http://39.98.241.250/header/Public/upload/header/100140.png"}
ERR: uid为:100140
ERR: 头像地址为:http://39.98.241.250/header/Public/upload/header/100140.png
NOTIC: [8192] mysql_connect(): The mysql extension is deprecated and will be removed in the future: use mysqli or PDO instead /var/www/html/tp3.2/ThinkPHP/Library/Think/Db/Driver/Mysql.class.php 第 52 行.
SQL: SHOW COLUMNS FROM `header` [ RunTime:0.000540s ]
SQL: SELECT * FROM `header` WHERE ( pic='100140.png' )  [ RunTime:0.000364s ]
ERR: json数据为:{"uid":100140,"url":"http:\/\/39.98.241.250\/code8\/100140.png"}
INFO: [ app_end ] --START--
INFO: Run Behavior\ShowPageTraceBehavior [ RunTime:0.000397s ]
INFO: [ app_end ] --END-- [ RunTime:0.000436s ]

