[ 2019-01-29T04:35:45+08:00 ] 223.104.23.165 /tp3.2/index.php/home/Wx3/saveImg
INFO: [ app_init ] --START--
INFO: Run Behavior\BuildLiteBehavior [ RunTime:0.000021s ]
INFO: [ app_init ] --END-- [ RunTime:0.000160s ]
INFO: [ app_begin ] --START--
INFO: Run Behavior\ReadHtmlCacheBehavior [ RunTime:0.000068s ]
INFO: [ app_begin ] --END-- [ RunTime:0.000146s ]
NOTIC: [8] Undefined index: head_url /var/www/html/tp3.2/Application/Home/Controller/Wx3Controller.class.php 第 83 行.
NOTIC: [8192] mysql_connect(): The mysql extension is deprecated and will be removed in the future: use mysqli or PDO instead /var/www/html/tp3.2/ThinkPHP/Library/Think/Db/Driver/Mysql.class.php 第 52 行.
SQL: SHOW COLUMNS FROM `header1` [ RunTime:0.000387s ]
ERR: 1146:Table 'yuebao.header1' doesn't exist
 [ SQL语句 ] : SHOW COLUMNS FROM `header1`
SQL: SHOW COLUMNS FROM `header` [ RunTime:0.000459s ]
SQL: SELECT * FROM `header` WHERE ( pic='100079.png' )  [ RunTime:0.000307s ]
INFO: [ app_end ] --START--
INFO: Run Behavior\ShowPageTraceBehavior [ RunTime:0.000122s ]
INFO: [ app_end ] --END-- [ RunTime:0.000205s ]

[ 2019-01-29T11:30:00+08:00 ] 153.0.1.250 /tp3.2/index.php/home/Wx3/saveImg
INFO: [ app_init ] --START--
INFO: Run Behavior\BuildLiteBehavior [ RunTime:0.000021s ]
INFO: [ app_init ] --END-- [ RunTime:0.000159s ]
INFO: [ app_begin ] --START--
INFO: Run Behavior\ReadHtmlCacheBehavior [ RunTime:0.000069s ]
INFO: [ app_begin ] --END-- [ RunTime:0.000147s ]
NOTIC: [8192] mysql_connect(): The mysql extension is deprecated and will be removed in the future: use mysqli or PDO instead /var/www/html/tp3.2/ThinkPHP/Library/Think/Db/Driver/Mysql.class.php 第 52 行.
SQL: SHOW COLUMNS FROM `header1` [ RunTime:0.000448s ]
ERR: 1146:Table 'yuebao.header1' doesn't exist
 [ SQL语句 ] : SHOW COLUMNS FROM `header1`
SQL: SHOW COLUMNS FROM `header` [ RunTime:0.000487s ]
SQL: SELECT * FROM `header` WHERE ( pic='100080.png' )  [ RunTime:0.000354s ]
SQL: INSERT INTO `header` (`uid`,`url`,`pic`,`save_url`) VALUES (100080,'http://thirdwx.qlogo.cn/mmopen/vi_32/WQV8OeSKRia51ibqFnpHLtWDOCfUv6DR5P6gFunXQVyd1NLW0voJYlg1ukibfyWMS2zQqu9h2QqxpQxzvGFVpozoA/132','100080.png','http://caiyunyigou.com/tp3.2/Public/upload/header1/100080.png') [ RunTime:0.000356s ]
INFO: [ app_end ] --START--
INFO: Run Behavior\ShowPageTraceBehavior [ RunTime:0.000149s ]
INFO: [ app_end ] --END-- [ RunTime:0.000240s ]

[ 2019-01-29T11:34:19+08:00 ] 153.0.1.250 /tp3.2/index.php/home/Wx3/saveImg
INFO: [ app_init ] --START--
INFO: Run Behavior\BuildLiteBehavior [ RunTime:0.000021s ]
INFO: [ app_init ] --END-- [ RunTime:0.000159s ]
INFO: [ app_begin ] --START--
INFO: Run Behavior\ReadHtmlCacheBehavior [ RunTime:0.000069s ]
INFO: [ app_begin ] --END-- [ RunTime:0.000146s ]
NOTIC: [8192] mysql_connect(): The mysql extension is deprecated and will be removed in the future: use mysqli or PDO instead /var/www/html/tp3.2/ThinkPHP/Library/Think/Db/Driver/Mysql.class.php 第 52 行.
SQL: SHOW COLUMNS FROM `header1` [ RunTime:0.000435s ]
ERR: 1146:Table 'yuebao.header1' doesn't exist
 [ SQL语句 ] : SHOW COLUMNS FROM `header1`
SQL: SHOW COLUMNS FROM `header` [ RunTime:0.000505s ]
SQL: SELECT * FROM `header` WHERE ( pic='100080.png' )  [ RunTime:0.000319s ]
INFO: [ app_end ] --START--
INFO: Run Behavior\ShowPageTraceBehavior [ RunTime:0.000112s ]
INFO: [ app_end ] --END-- [ RunTime:0.000188s ]

[ 2019-01-29T11:43:26+08:00 ] 171.88.42.185 /tp3.2/index.php/home/Wx3/saveImg
INFO: [ app_init ] --START--
INFO: Run Behavior\BuildLiteBehavior [ RunTime:0.000020s ]
INFO: [ app_init ] --END-- [ RunTime:0.000149s ]
INFO: [ app_begin ] --START--
INFO: Run Behavior\ReadHtmlCacheBehavior [ RunTime:0.000133s ]
INFO: [ app_begin ] --END-- [ RunTime:0.000210s ]
NOTIC: [8192] mysql_connect(): The mysql extension is deprecated and will be removed in the future: use mysqli or PDO instead /var/www/html/tp3.2/ThinkPHP/Library/Think/Db/Driver/Mysql.class.php 第 52 行.
SQL: SHOW COLUMNS FROM `header1` [ RunTime:0.000428s ]
ERR: 1146:Table 'yuebao.header1' doesn't exist
 [ SQL语句 ] : SHOW COLUMNS FROM `header1`
SQL: SHOW COLUMNS FROM `header` [ RunTime:0.000509s ]
SQL: SELECT * FROM `header` WHERE ( pic='100012.png' )  [ RunTime:0.000354s ]
INFO: [ app_end ] --START--
INFO: Run Behavior\ShowPageTraceBehavior [ RunTime:0.000073s ]
INFO: [ app_end ] --END-- [ RunTime:0.000147s ]

[ 2019-01-29T13:56:05+08:00 ] 123.151.77.49 /tp3.2/index.php/home/Wx3/saveImg
INFO: [ app_init ] --START--
INFO: Run Behavior\BuildLiteBehavior [ RunTime:0.000020s ]
INFO: [ app_init ] --END-- [ RunTime:0.000214s ]
INFO: [ app_begin ] --START--
INFO: Run Behavior\ReadHtmlCacheBehavior [ RunTime:0.000059s ]
INFO: [ app_begin ] --END-- [ RunTime:0.000139s ]
NOTIC: [8192] mysql_connect(): The mysql extension is deprecated and will be removed in the future: use mysqli or PDO instead /var/www/html/tp3.2/ThinkPHP/Library/Think/Db/Driver/Mysql.class.php 第 52 行.
SQL: SHOW COLUMNS FROM `header1` [ RunTime:0.000407s ]
ERR: 1146:Table 'yuebao.header1' doesn't exist
 [ SQL语句 ] : SHOW COLUMNS FROM `header1`
SQL: SHOW COLUMNS FROM `header` [ RunTime:0.000522s ]
SQL: SELECT * FROM `header` WHERE ( pic='100081.png' )  [ RunTime:0.000300s ]
SQL: INSERT INTO `header` (`uid`,`url`,`pic`,`save_url`) VALUES (100081,'http://thirdwx.qlogo.cn/mmopen/vi_32/Q0j4TwGTfTK31Ys3gm2LPFEGiaxgS1Y3MPUPib3EKvhkzl3H6Kk4R9tIOMFAoDjc0iczC3VFg2XB8Z56RjKMHGCwQ/132','100081.png','http://caiyunyigou.com/tp3.2/Public/upload/header1/100081.png') [ RunTime:0.000364s ]
INFO: [ app_end ] --START--
INFO: Run Behavior\ShowPageTraceBehavior [ RunTime:0.000143s ]
INFO: [ app_end ] --END-- [ RunTime:0.000236s ]

[ 2019-01-29T17:36:52+08:00 ] 113.96.219.243 /tp3.2/index.php/home/Wx3/saveImg
INFO: [ app_init ] --START--
INFO: Run Behavior\BuildLiteBehavior [ RunTime:0.000020s ]
INFO: [ app_init ] --END-- [ RunTime:0.000158s ]
INFO: [ app_begin ] --START--
INFO: Run Behavior\ReadHtmlCacheBehavior [ RunTime:0.000058s ]
INFO: [ app_begin ] --END-- [ RunTime:0.000134s ]
NOTIC: [8192] mysql_connect(): The mysql extension is deprecated and will be removed in the future: use mysqli or PDO instead /var/www/html/tp3.2/ThinkPHP/Library/Think/Db/Driver/Mysql.class.php 第 52 行.
SQL: SHOW COLUMNS FROM `header1` [ RunTime:0.000378s ]
ERR: 1146:Table 'yuebao.header1' doesn't exist
 [ SQL语句 ] : SHOW COLUMNS FROM `header1`
SQL: SHOW COLUMNS FROM `header` [ RunTime:0.000463s ]
SQL: SELECT * FROM `header` WHERE ( pic='100082.png' )  [ RunTime:0.000366s ]
SQL: INSERT INTO `header` (`uid`,`url`,`pic`,`save_url`) VALUES (100082,'http://thirdwx.qlogo.cn/mmopen/vi_32/Yob4InzzHn9pXITFMrT6mO0wlAPVoRx9lv2RvsfTHnaCzolQpRUUga4wLrodXY48Xdk4f91tbBYX6hUcDx7I9A/132','100082.png','http://caiyunyigou.com/tp3.2/Public/upload/header1/100082.png') [ RunTime:0.001290s ]
INFO: [ app_end ] --START--
INFO: Run Behavior\ShowPageTraceBehavior [ RunTime:0.000071s ]
INFO: [ app_end ] --END-- [ RunTime:0.000179s ]

