[ 2019-03-12T14:01:16+08:00 ] 223.104.215.5 /tp3.2/index.php/home/indexComputer/index
INFO: [ app_init ] --START--
INFO: Run Behavior\BuildLiteBehavior [ RunTime:0.000012s ]
INFO: [ app_init ] --END-- [ RunTime:0.000279s ]
INFO: [ app_begin ] --START--
INFO: Run Behavior\ReadHtmlCacheBehavior [ RunTime:0.000364s ]
INFO: [ app_begin ] --END-- [ RunTime:0.000409s ]
NOTIC: [8192] mysql_connect(): The mysql extension is deprecated and will be removed in the future: use mysqli or PDO instead /var/www/html/tp3.2/ThinkPHP/Library/Think/Db/Driver/Mysql.class.php 第 52 行.
SQL: SHOW COLUMNS FROM `user` [ RunTime:0.001323s ]
SQL: SELECT * FROM `user` WHERE ( phone='13200231520' and password='abc123' )  [ RunTime:0.000240s ]
INFO: [ app_end ] --START--
INFO: Run Behavior\ShowPageTraceBehavior [ RunTime:0.000482s ]
INFO: [ app_end ] --END-- [ RunTime:0.000527s ]

[ 2019-03-12T14:01:17+08:00 ] 223.104.215.5 /tp3.2/index.php/home/HomeTree/pretotal/
INFO: [ app_init ] --START--
INFO: Run Behavior\BuildLiteBehavior [ RunTime:0.000011s ]
INFO: [ app_init ] --END-- [ RunTime:0.000271s ]
INFO: [ app_begin ] --START--
INFO: Run Behavior\ReadHtmlCacheBehavior [ RunTime:0.000360s ]
INFO: [ app_begin ] --END-- [ RunTime:0.000405s ]
NOTIC: [8192] mysql_connect(): The mysql extension is deprecated and will be removed in the future: use mysqli or PDO instead /var/www/html/tp3.2/ThinkPHP/Library/Think/Db/Driver/Mysql.class.php 第 52 行.
SQL: SHOW COLUMNS FROM `user_list` [ RunTime:0.001602s ]
SQL: SELECT * FROM `user_list` WHERE ( phone_number='13200231520' )  [ RunTime:0.000485s ]
SQL: SELECT * FROM `user_list` WHERE ( uid='100005' )  [ RunTime:0.000249s ]
INFO: [ app_end ] --START--
INFO: Run Behavior\ShowPageTraceBehavior [ RunTime:0.000392s ]
INFO: [ app_end ] --END-- [ RunTime:0.000436s ]

[ 2019-03-12T14:01:17+08:00 ] 223.104.215.5 /tp3.2/index.php/home/HomeTree/pretotal/
INFO: [ app_init ] --START--
INFO: Run Behavior\BuildLiteBehavior [ RunTime:0.000011s ]
INFO: [ app_init ] --END-- [ RunTime:0.000278s ]
INFO: [ app_begin ] --START--
INFO: Run Behavior\ReadHtmlCacheBehavior [ RunTime:0.000359s ]
INFO: [ app_begin ] --END-- [ RunTime:0.000404s ]
NOTIC: [8192] mysql_connect(): The mysql extension is deprecated and will be removed in the future: use mysqli or PDO instead /var/www/html/tp3.2/ThinkPHP/Library/Think/Db/Driver/Mysql.class.php 第 52 行.
SQL: SHOW COLUMNS FROM `user_list` [ RunTime:0.001532s ]
SQL: SELECT * FROM `user_list` WHERE ( phone_number='13200231520' )  [ RunTime:0.000463s ]
SQL: SELECT * FROM `user_list` WHERE ( uid='100005' )  [ RunTime:0.000267s ]
INFO: [ app_end ] --START--
INFO: Run Behavior\ShowPageTraceBehavior [ RunTime:0.000397s ]
INFO: [ app_end ] --END-- [ RunTime:0.000440s ]

[ 2019-03-12T14:01:17+08:00 ] 223.104.215.5 /tp3.2/index.php/home/HomeTree/prepretotal/
INFO: [ app_init ] --START--
INFO: Run Behavior\BuildLiteBehavior [ RunTime:0.000011s ]
INFO: [ app_init ] --END-- [ RunTime:0.000275s ]
INFO: [ app_begin ] --START--
INFO: Run Behavior\ReadHtmlCacheBehavior [ RunTime:0.000362s ]
INFO: [ app_begin ] --END-- [ RunTime:0.000407s ]
NOTIC: [8192] mysql_connect(): The mysql extension is deprecated and will be removed in the future: use mysqli or PDO instead /var/www/html/tp3.2/ThinkPHP/Library/Think/Db/Driver/Mysql.class.php 第 52 行.
SQL: SHOW COLUMNS FROM `user_list` [ RunTime:0.001647s ]
SQL: SELECT * FROM `user_list` WHERE ( phone_number='13200231520' )  [ RunTime:0.000481s ]
SQL: SELECT * FROM `user_list` WHERE ( uid='100005' )  [ RunTime:0.000307s ]
SQL: SELECT COUNT(*) AS tp_count FROM `user_list` WHERE ( pre_uid in(100038,100039,100043,100042,100040,100044,100045) ) LIMIT 1   [ RunTime:0.000251s ]
INFO: [ app_end ] --START--
INFO: Run Behavior\ShowPageTraceBehavior [ RunTime:0.000525s ]
INFO: [ app_end ] --END-- [ RunTime:0.000577s ]

[ 2019-03-12T14:01:17+08:00 ] 223.104.215.5 /tp3.2/index.php/home/HomeTree/prepretotal/
INFO: [ app_init ] --START--
INFO: Run Behavior\BuildLiteBehavior [ RunTime:0.000011s ]
INFO: [ app_init ] --END-- [ RunTime:0.000267s ]
INFO: [ app_begin ] --START--
INFO: Run Behavior\ReadHtmlCacheBehavior [ RunTime:0.000423s ]
INFO: [ app_begin ] --END-- [ RunTime:0.000467s ]
NOTIC: [8192] mysql_connect(): The mysql extension is deprecated and will be removed in the future: use mysqli or PDO instead /var/www/html/tp3.2/ThinkPHP/Library/Think/Db/Driver/Mysql.class.php 第 52 行.
SQL: SHOW COLUMNS FROM `user_list` [ RunTime:0.002101s ]
SQL: SELECT * FROM `user_list` WHERE ( phone_number='13200231520' )  [ RunTime:0.000656s ]
SQL: SELECT * FROM `user_list` WHERE ( uid='100005' )  [ RunTime:0.000352s ]
SQL: SELECT COUNT(*) AS tp_count FROM `user_list` WHERE ( pre_uid in(100038,100039,100043,100042,100040,100044,100045) ) LIMIT 1   [ RunTime:0.000336s ]
INFO: [ app_end ] --START--
INFO: Run Behavior\ShowPageTraceBehavior [ RunTime:0.000418s ]
INFO: [ app_end ] --END-- [ RunTime:0.000465s ]

[ 2019-03-12T14:01:17+08:00 ] 223.104.215.5 /tp3.2/index.php/home/HomeTree/accumulativeIncome
INFO: [ app_init ] --START--
INFO: Run Behavior\BuildLiteBehavior [ RunTime:0.000012s ]
INFO: [ app_init ] --END-- [ RunTime:0.000319s ]
INFO: [ app_begin ] --START--
INFO: Run Behavior\ReadHtmlCacheBehavior [ RunTime:0.000442s ]
INFO: [ app_begin ] --END-- [ RunTime:0.000488s ]
NOTIC: [8192] mysql_connect(): The mysql extension is deprecated and will be removed in the future: use mysqli or PDO instead /var/www/html/tp3.2/ThinkPHP/Library/Think/Db/Driver/Mysql.class.php 第 52 行.
SQL: SHOW COLUMNS FROM `user_list` [ RunTime:0.001818s ]
SQL: SELECT * FROM `user_list` WHERE ( phone_number='13200231520' )  [ RunTime:0.000491s ]
SQL: SELECT * FROM `user_list` WHERE ( uid=100038 )  [ RunTime:0.000219s ]
SQL: SELECT * FROM `user_list` WHERE ( uid=100039 )  [ RunTime:0.000278s ]
SQL: SELECT * FROM `user_list` WHERE ( uid=100043 )  [ RunTime:0.000239s ]
SQL: SELECT * FROM `user_list` WHERE ( uid=100042 )  [ RunTime:0.000204s ]
SQL: SELECT * FROM `user_list` WHERE ( uid=100040 )  [ RunTime:0.000326s ]
SQL: SELECT * FROM `user_list` WHERE ( uid=100044 )  [ RunTime:0.000247s ]
SQL: SELECT * FROM `user_list` WHERE ( uid=100045 )  [ RunTime:0.000291s ]
SQL: SELECT * FROM `user_list` WHERE ( uid in (100054,100059,100074) )  [ RunTime:0.000287s ]
SQL: SELECT * FROM `user_list` WHERE ( uid=100054 )  [ RunTime:0.000204s ]
SQL: SELECT * FROM `user_list` WHERE ( uid=100059 )  [ RunTime:0.000252s ]
SQL: SELECT * FROM `user_list` WHERE ( uid=100074 )  [ RunTime:0.000239s ]
INFO: [ app_end ] --START--
INFO: Run Behavior\ShowPageTraceBehavior [ RunTime:0.000415s ]
INFO: [ app_end ] --END-- [ RunTime:0.000461s ]

[ 2019-03-12T14:01:17+08:00 ] 223.104.215.5 /tp3.2/index.php/home/PayPwd/accountBalance/
INFO: [ app_init ] --START--
INFO: Run Behavior\BuildLiteBehavior [ RunTime:0.000011s ]
INFO: [ app_init ] --END-- [ RunTime:0.000331s ]
INFO: [ app_begin ] --START--
INFO: Run Behavior\ReadHtmlCacheBehavior [ RunTime:0.000358s ]
INFO: [ app_begin ] --END-- [ RunTime:0.000403s ]
NOTIC: [8192] mysql_connect(): The mysql extension is deprecated and will be removed in the future: use mysqli or PDO instead /var/www/html/tp3.2/ThinkPHP/Library/Think/Db/Driver/Mysql.class.php 第 52 行.
SQL: SHOW COLUMNS FROM `user_list` [ RunTime:0.001449s ]
SQL: SELECT * FROM `user_list` WHERE ( phone_number='13200231520' )  [ RunTime:0.000421s ]
SQL: SHOW COLUMNS FROM `bank_katti` [ RunTime:0.001085s ]
SQL: SELECT `balance` FROM `bank_katti` WHERE ( uid='100005' )  [ RunTime:0.000173s ]
INFO: [ app_end ] --START--
INFO: Run Behavior\ShowPageTraceBehavior [ RunTime:0.000424s ]
INFO: [ app_end ] --END-- [ RunTime:0.000471s ]

[ 2019-03-12T14:01:18+08:00 ] 223.104.215.5 /tp3.2/index.php/home/HomeTree/selfYield
INFO: [ app_init ] --START--
INFO: Run Behavior\BuildLiteBehavior [ RunTime:0.000011s ]
INFO: [ app_init ] --END-- [ RunTime:0.000270s ]
INFO: [ app_begin ] --START--
INFO: Run Behavior\ReadHtmlCacheBehavior [ RunTime:0.000363s ]
INFO: [ app_begin ] --END-- [ RunTime:0.000408s ]
NOTIC: [8192] mysql_connect(): The mysql extension is deprecated and will be removed in the future: use mysqli or PDO instead /var/www/html/tp3.2/ThinkPHP/Library/Think/Db/Driver/Mysql.class.php 第 52 行.
SQL: SHOW COLUMNS FROM `user_list` [ RunTime:0.001744s ]
SQL: SELECT * FROM `user_list` WHERE ( phone_number='13200231520' )  [ RunTime:0.000651s ]
INFO: [ app_end ] --START--
INFO: Run Behavior\ShowPageTraceBehavior [ RunTime:0.000468s ]
INFO: [ app_end ] --END-- [ RunTime:0.000563s ]

[ 2019-03-12T14:01:18+08:00 ] 223.104.215.5 /tp3.2/index.php/home/HomeTree/preList/
INFO: [ app_init ] --START--
INFO: Run Behavior\BuildLiteBehavior [ RunTime:0.000011s ]
INFO: [ app_init ] --END-- [ RunTime:0.000263s ]
INFO: [ app_begin ] --START--
INFO: Run Behavior\ReadHtmlCacheBehavior [ RunTime:0.000412s ]
INFO: [ app_begin ] --END-- [ RunTime:0.000456s ]
NOTIC: [8192] mysql_connect(): The mysql extension is deprecated and will be removed in the future: use mysqli or PDO instead /var/www/html/tp3.2/ThinkPHP/Library/Think/Db/Driver/Mysql.class.php 第 52 行.
SQL: SHOW COLUMNS FROM `user_list` [ RunTime:0.001505s ]
SQL: SELECT * FROM `user_list` WHERE ( phone_number='13200231520' )  [ RunTime:0.000459s ]
SQL: SELECT * FROM `user_list` WHERE ( uid=100038 )  [ RunTime:0.000358s ]
SQL: SELECT * FROM `user_list` WHERE ( uid=100039 )  [ RunTime:0.000239s ]
SQL: SELECT * FROM `user_list` WHERE ( uid=100043 )  [ RunTime:0.000208s ]
SQL: SELECT * FROM `user_list` WHERE ( uid=100042 )  [ RunTime:0.000251s ]
SQL: SELECT * FROM `user_list` WHERE ( uid=100040 )  [ RunTime:0.000245s ]
SQL: SELECT * FROM `user_list` WHERE ( uid=100044 )  [ RunTime:0.000255s ]
SQL: SELECT * FROM `user_list` WHERE ( uid=100045 )  [ RunTime:0.000238s ]
INFO: [ app_end ] --START--
INFO: Run Behavior\ShowPageTraceBehavior [ RunTime:0.000390s ]
INFO: [ app_end ] --END-- [ RunTime:0.000436s ]

[ 2019-03-12T14:01:21+08:00 ] 223.104.215.5 /tp3.2/index.php/home/Personal/index2/
INFO: [ app_init ] --START--
INFO: Run Behavior\BuildLiteBehavior [ RunTime:0.000013s ]
INFO: [ app_init ] --END-- [ RunTime:0.000290s ]
INFO: [ app_begin ] --START--
INFO: Run Behavior\ReadHtmlCacheBehavior [ RunTime:0.000361s ]
INFO: [ app_begin ] --END-- [ RunTime:0.000407s ]
NOTIC: [8192] mysql_connect(): The mysql extension is deprecated and will be removed in the future: use mysqli or PDO instead /var/www/html/tp3.2/ThinkPHP/Library/Think/Db/Driver/Mysql.class.php 第 52 行.
SQL: SHOW COLUMNS FROM `user_list` [ RunTime:0.001899s ]
SQL: SELECT * FROM `user_list` WHERE ( phone_number='13200231520' )  [ RunTime:0.000559s ]
INFO: [ app_end ] --START--
INFO: Run Behavior\ShowPageTraceBehavior [ RunTime:0.000465s ]
INFO: [ app_end ] --END-- [ RunTime:0.000517s ]

[ 2019-03-12T14:01:21+08:00 ] 223.104.215.5 /tp3.2/index.php/home/Personal/bankUsername/
INFO: [ app_init ] --START--
INFO: Run Behavior\BuildLiteBehavior [ RunTime:0.000013s ]
INFO: [ app_init ] --END-- [ RunTime:0.000441s ]
INFO: [ app_begin ] --START--
INFO: Run Behavior\ReadHtmlCacheBehavior [ RunTime:0.000371s ]
INFO: [ app_begin ] --END-- [ RunTime:0.000416s ]
NOTIC: [8192] mysql_connect(): The mysql extension is deprecated and will be removed in the future: use mysqli or PDO instead /var/www/html/tp3.2/ThinkPHP/Library/Think/Db/Driver/Mysql.class.php 第 52 行.
SQL: SHOW COLUMNS FROM `user_list` [ RunTime:0.001582s ]
SQL: SELECT * FROM `user_list` WHERE ( phone_number='13200231520' )  [ RunTime:0.000523s ]
INFO: [ app_end ] --START--
INFO: Run Behavior\ShowPageTraceBehavior [ RunTime:0.000406s ]
INFO: [ app_end ] --END-- [ RunTime:0.000453s ]

[ 2019-03-12T14:01:21+08:00 ] 223.104.215.5 /tp3.2/index.php/home/Personal/index/
INFO: [ app_init ] --START--
INFO: Run Behavior\BuildLiteBehavior [ RunTime:0.000012s ]
INFO: [ app_init ] --END-- [ RunTime:0.000287s ]
INFO: [ app_begin ] --START--
INFO: Run Behavior\ReadHtmlCacheBehavior [ RunTime:0.000369s ]
INFO: [ app_begin ] --END-- [ RunTime:0.000415s ]
NOTIC: [8192] mysql_connect(): The mysql extension is deprecated and will be removed in the future: use mysqli or PDO instead /var/www/html/tp3.2/ThinkPHP/Library/Think/Db/Driver/Mysql.class.php 第 52 行.
SQL: SHOW COLUMNS FROM `user_list` [ RunTime:0.001602s ]
SQL: SELECT * FROM `user_list` WHERE ( phone_number='13200231520' )  [ RunTime:0.000612s ]
INFO: [ app_end ] --START--
INFO: Run Behavior\ShowPageTraceBehavior [ RunTime:0.000491s ]
INFO: [ app_end ] --END-- [ RunTime:0.000539s ]

[ 2019-03-12T14:01:21+08:00 ] 223.104.215.5 /tp3.2/index.php/home/PayPwd/accountBalance/
INFO: [ app_init ] --START--
INFO: Run Behavior\BuildLiteBehavior [ RunTime:0.000011s ]
INFO: [ app_init ] --END-- [ RunTime:0.000281s ]
INFO: [ app_begin ] --START--
INFO: Run Behavior\ReadHtmlCacheBehavior [ RunTime:0.000374s ]
INFO: [ app_begin ] --END-- [ RunTime:0.000419s ]
NOTIC: [8192] mysql_connect(): The mysql extension is deprecated and will be removed in the future: use mysqli or PDO instead /var/www/html/tp3.2/ThinkPHP/Library/Think/Db/Driver/Mysql.class.php 第 52 行.
SQL: SHOW COLUMNS FROM `user_list` [ RunTime:0.001528s ]
SQL: SELECT * FROM `user_list` WHERE ( phone_number='13200231520' )  [ RunTime:0.000510s ]
SQL: SHOW COLUMNS FROM `bank_katti` [ RunTime:0.001121s ]
SQL: SELECT `balance` FROM `bank_katti` WHERE ( uid='100005' )  [ RunTime:0.000174s ]
INFO: [ app_end ] --START--
INFO: Run Behavior\ShowPageTraceBehavior [ RunTime:0.000399s ]
INFO: [ app_end ] --END-- [ RunTime:0.000444s ]

[ 2019-03-12T14:01:21+08:00 ] 223.104.215.5 /tp3.2/index.php/home/Personal/index1/
INFO: [ app_init ] --START--
INFO: Run Behavior\BuildLiteBehavior [ RunTime:0.000011s ]
INFO: [ app_init ] --END-- [ RunTime:0.000272s ]
INFO: [ app_begin ] --START--
INFO: Run Behavior\ReadHtmlCacheBehavior [ RunTime:0.000363s ]
INFO: [ app_begin ] --END-- [ RunTime:0.000409s ]
NOTIC: [8192] mysql_connect(): The mysql extension is deprecated and will be removed in the future: use mysqli or PDO instead /var/www/html/tp3.2/ThinkPHP/Library/Think/Db/Driver/Mysql.class.php 第 52 行.
SQL: SHOW COLUMNS FROM `user_list` [ RunTime:0.001488s ]
SQL: SELECT * FROM `user_list` WHERE ( phone_number='13200231520' )  [ RunTime:0.000455s ]
INFO: [ app_end ] --START--
INFO: Run Behavior\ShowPageTraceBehavior [ RunTime:0.000533s ]
INFO: [ app_end ] --END-- [ RunTime:0.000579s ]

[ 2019-03-12T14:01:21+08:00 ] 223.104.215.5 /tp3.2/index.php/home/Personal/index3/
INFO: [ app_init ] --START--
INFO: Run Behavior\BuildLiteBehavior [ RunTime:0.000012s ]
INFO: [ app_init ] --END-- [ RunTime:0.000281s ]
INFO: [ app_begin ] --START--
INFO: Run Behavior\ReadHtmlCacheBehavior [ RunTime:0.000357s ]
INFO: [ app_begin ] --END-- [ RunTime:0.000403s ]
NOTIC: [8192] mysql_connect(): The mysql extension is deprecated and will be removed in the future: use mysqli or PDO instead /var/www/html/tp3.2/ThinkPHP/Library/Think/Db/Driver/Mysql.class.php 第 52 行.
SQL: SHOW COLUMNS FROM `user_list` [ RunTime:0.001481s ]
SQL: SELECT * FROM `user_list` WHERE ( phone_number='13200231520' )  [ RunTime:0.000467s ]
INFO: [ app_end ] --START--
INFO: Run Behavior\ShowPageTraceBehavior [ RunTime:0.000469s ]
INFO: [ app_end ] --END-- [ RunTime:0.000515s ]

[ 2019-03-12T14:01:21+08:00 ] 223.104.215.5 /tp3.2/index.php/home/Personal/bankCard/
INFO: [ app_init ] --START--
INFO: Run Behavior\BuildLiteBehavior [ RunTime:0.000011s ]
INFO: [ app_init ] --END-- [ RunTime:0.000268s ]
INFO: [ app_begin ] --START--
INFO: Run Behavior\ReadHtmlCacheBehavior [ RunTime:0.000366s ]
INFO: [ app_begin ] --END-- [ RunTime:0.000411s ]
NOTIC: [8192] mysql_connect(): The mysql extension is deprecated and will be removed in the future: use mysqli or PDO instead /var/www/html/tp3.2/ThinkPHP/Library/Think/Db/Driver/Mysql.class.php 第 52 行.
SQL: SHOW COLUMNS FROM `user_list` [ RunTime:0.002128s ]
SQL: SELECT * FROM `user_list` WHERE ( phone_number='13200231520' )  [ RunTime:0.000659s ]
INFO: [ app_end ] --START--
INFO: Run Behavior\ShowPageTraceBehavior [ RunTime:0.000408s ]
INFO: [ app_end ] --END-- [ RunTime:0.000452s ]

[ 2019-03-12T14:01:21+08:00 ] 223.104.215.5 /tp3.2/index.php/home/Personal/bankAddress/
INFO: [ app_init ] --START--
INFO: Run Behavior\BuildLiteBehavior [ RunTime:0.000012s ]
INFO: [ app_init ] --END-- [ RunTime:0.000270s ]
INFO: [ app_begin ] --START--
INFO: Run Behavior\ReadHtmlCacheBehavior [ RunTime:0.000367s ]
INFO: [ app_begin ] --END-- [ RunTime:0.000413s ]
NOTIC: [8192] mysql_connect(): The mysql extension is deprecated and will be removed in the future: use mysqli or PDO instead /var/www/html/tp3.2/ThinkPHP/Library/Think/Db/Driver/Mysql.class.php 第 52 行.
SQL: SHOW COLUMNS FROM `user_list` [ RunTime:0.001582s ]
SQL: SELECT * FROM `user_list` WHERE ( phone_number='13200231520' )  [ RunTime:0.000523s ]
INFO: [ app_end ] --START--
INFO: Run Behavior\ShowPageTraceBehavior [ RunTime:0.000395s ]
INFO: [ app_end ] --END-- [ RunTime:0.000438s ]

[ 2019-03-12T14:01:21+08:00 ] 223.104.215.5 /tp3.2/index.php/home/Personal/bind/
INFO: [ app_init ] --START--
INFO: Run Behavior\BuildLiteBehavior [ RunTime:0.000011s ]
INFO: [ app_init ] --END-- [ RunTime:0.000269s ]
INFO: [ app_begin ] --START--
INFO: Run Behavior\ReadHtmlCacheBehavior [ RunTime:0.000410s ]
INFO: [ app_begin ] --END-- [ RunTime:0.000456s ]
NOTIC: [8192] mysql_connect(): The mysql extension is deprecated and will be removed in the future: use mysqli or PDO instead /var/www/html/tp3.2/ThinkPHP/Library/Think/Db/Driver/Mysql.class.php 第 52 行.
SQL: SHOW COLUMNS FROM `user_list` [ RunTime:0.001397s ]
SQL: SELECT * FROM `user_list` WHERE ( phone_number='13200231520' )  [ RunTime:0.000456s ]
INFO: [ app_end ] --START--
INFO: Run Behavior\ShowPageTraceBehavior [ RunTime:0.000392s ]
INFO: [ app_end ] --END-- [ RunTime:0.000443s ]

[ 2019-03-12T14:01:27+08:00 ] 223.104.215.5 /tp3.2/index.php/home/PresentRecord/de
INFO: [ app_init ] --START--
INFO: Run Behavior\BuildLiteBehavior [ RunTime:0.000011s ]
INFO: [ app_init ] --END-- [ RunTime:0.000275s ]
INFO: [ app_begin ] --START--
INFO: Run Behavior\ReadHtmlCacheBehavior [ RunTime:0.000361s ]
INFO: [ app_begin ] --END-- [ RunTime:0.000406s ]
INFO: [ app_end ] --START--
INFO: Run Behavior\ShowPageTraceBehavior [ RunTime:0.000381s ]
INFO: [ app_end ] --END-- [ RunTime:0.000427s ]

[ 2019-03-12T14:01:27+08:00 ] 223.104.215.5 /tp3.2/index.php/home/PresentRecord/indexa
INFO: [ app_init ] --START--
INFO: Run Behavior\BuildLiteBehavior [ RunTime:0.000011s ]
INFO: [ app_init ] --END-- [ RunTime:0.000261s ]
INFO: [ app_begin ] --START--
INFO: Run Behavior\ReadHtmlCacheBehavior [ RunTime:0.000349s ]
INFO: [ app_begin ] --END-- [ RunTime:0.000394s ]
NOTIC: [8192] mysql_connect(): The mysql extension is deprecated and will be removed in the future: use mysqli or PDO instead /var/www/html/tp3.2/ThinkPHP/Library/Think/Db/Driver/Mysql.class.php 第 52 行.
SQL: SHOW COLUMNS FROM `bank_katti` [ RunTime:0.001419s ]
SQL: SELECT * FROM `bank_katti` WHERE ( uid='100005' ) GROUP BY date_format(presentation_time ,'%Y-%m')  [ RunTime:0.000464s ]
NOTIC: [2] strtotime() expects parameter 2 to be long, string given /var/www/html/tp3.2/Application/Home/Controller/PresentRecordController.class.php 第 153 行.
SQL: SELECT bank_katti.*,(case present_status when 0 then '已提交,银行处理中' else '已到账' end) as whether,date_format(presentation_time,'%m-%d %H:%i') as mdhi FROM `bank_katti` WHERE ( presentation_time>='2018-06-01 00:00:00' and presentation_time<='2018-07-01 00:00:00' ) ORDER BY bank_katti.presentation_time asc  [ RunTime:0.000253s ]
SQL: SELECT COUNT(*) AS tp_count FROM `bank_katti` WHERE ( presentation_time>='2018-06-01 00:00:00' and presentation_time<='2018-07-01 00:00:00' ) LIMIT 1   [ RunTime:0.000165s ]
NOTIC: [2] strtotime() expects parameter 2 to be long, string given /var/www/html/tp3.2/Application/Home/Controller/PresentRecordController.class.php 第 153 行.
SQL: SELECT bank_katti.*,(case present_status when 0 then '已提交,银行处理中' else '已到账' end) as whether,date_format(presentation_time,'%m-%d %H:%i') as mdhi FROM `bank_katti` WHERE ( presentation_time>='2018-07-01 00:00:00' and presentation_time<='2018-08-01 00:00:00' ) ORDER BY bank_katti.presentation_time asc  [ RunTime:0.000234s ]
SQL: SELECT COUNT(*) AS tp_count FROM `bank_katti` WHERE ( presentation_time>='2018-07-01 00:00:00' and presentation_time<='2018-08-01 00:00:00' ) LIMIT 1   [ RunTime:0.000192s ]
NOTIC: [2] strtotime() expects parameter 2 to be long, string given /var/www/html/tp3.2/Application/Home/Controller/PresentRecordController.class.php 第 153 行.
SQL: SELECT bank_katti.*,(case present_status when 0 then '已提交,银行处理中' else '已到账' end) as whether,date_format(presentation_time,'%m-%d %H:%i') as mdhi FROM `bank_katti` WHERE ( presentation_time>='2018-08-01 00:00:00' and presentation_time<='2018-09-01 00:00:00' ) ORDER BY bank_katti.presentation_time asc  [ RunTime:0.000251s ]
SQL: SELECT COUNT(*) AS tp_count FROM `bank_katti` WHERE ( presentation_time>='2018-08-01 00:00:00' and presentation_time<='2018-09-01 00:00:00' ) LIMIT 1   [ RunTime:0.000189s ]
NOTIC: [2] strtotime() expects parameter 2 to be long, string given /var/www/html/tp3.2/Application/Home/Controller/PresentRecordController.class.php 第 153 行.
SQL: SELECT bank_katti.*,(case present_status when 0 then '已提交,银行处理中' else '已到账' end) as whether,date_format(presentation_time,'%m-%d %H:%i') as mdhi FROM `bank_katti` WHERE ( presentation_time>='2018-09-01 00:00:00' and presentation_time<='2018-10-01 00:00:00' ) ORDER BY bank_katti.presentation_time asc  [ RunTime:0.000205s ]
SQL: SELECT COUNT(*) AS tp_count FROM `bank_katti` WHERE ( presentation_time>='2018-09-01 00:00:00' and presentation_time<='2018-10-01 00:00:00' ) LIMIT 1   [ RunTime:0.000159s ]
NOTIC: [2] strtotime() expects parameter 2 to be long, string given /var/www/html/tp3.2/Application/Home/Controller/PresentRecordController.class.php 第 153 行.
SQL: SELECT bank_katti.*,(case present_status when 0 then '已提交,银行处理中' else '已到账' end) as whether,date_format(presentation_time,'%m-%d %H:%i') as mdhi FROM `bank_katti` WHERE ( presentation_time>='2019-03-01 00:00:00' and presentation_time<='2019-04-01 00:00:00' ) ORDER BY bank_katti.presentation_time asc  [ RunTime:0.000245s ]
SQL: SELECT COUNT(*) AS tp_count FROM `bank_katti` WHERE ( presentation_time>='2019-03-01 00:00:00' and presentation_time<='2019-04-01 00:00:00' ) LIMIT 1   [ RunTime:0.000183s ]
INFO: [ app_end ] --START--
INFO: Run Behavior\ShowPageTraceBehavior [ RunTime:0.000400s ]
INFO: [ app_end ] --END-- [ RunTime:0.000447s ]

[ 2019-03-12T14:01:32+08:00 ] 223.104.215.5 /tp3.2/index.php/home/Personal/index2/
INFO: [ app_init ] --START--
INFO: Run Behavior\BuildLiteBehavior [ RunTime:0.000013s ]
INFO: [ app_init ] --END-- [ RunTime:0.000291s ]
INFO: [ app_begin ] --START--
INFO: Run Behavior\ReadHtmlCacheBehavior [ RunTime:0.000361s ]
INFO: [ app_begin ] --END-- [ RunTime:0.000405s ]
NOTIC: [8192] mysql_connect(): The mysql extension is deprecated and will be removed in the future: use mysqli or PDO instead /var/www/html/tp3.2/ThinkPHP/Library/Think/Db/Driver/Mysql.class.php 第 52 行.
SQL: SHOW COLUMNS FROM `user_list` [ RunTime:0.001661s ]
SQL: SELECT * FROM `user_list` WHERE ( phone_number='13200231520' )  [ RunTime:0.000461s ]
INFO: [ app_end ] --START--
INFO: Run Behavior\ShowPageTraceBehavior [ RunTime:0.000406s ]
INFO: [ app_end ] --END-- [ RunTime:0.000452s ]

[ 2019-03-12T14:01:32+08:00 ] 223.104.215.5 /tp3.2/index.php/home/Personal/index/
INFO: [ app_init ] --START--
INFO: Run Behavior\BuildLiteBehavior [ RunTime:0.000011s ]
INFO: [ app_init ] --END-- [ RunTime:0.000275s ]
INFO: [ app_begin ] --START--
INFO: Run Behavior\ReadHtmlCacheBehavior [ RunTime:0.000353s ]
INFO: [ app_begin ] --END-- [ RunTime:0.000398s ]
NOTIC: [8192] mysql_connect(): The mysql extension is deprecated and will be removed in the future: use mysqli or PDO instead /var/www/html/tp3.2/ThinkPHP/Library/Think/Db/Driver/Mysql.class.php 第 52 行.
SQL: SHOW COLUMNS FROM `user_list` [ RunTime:0.002620s ]
SQL: SELECT * FROM `user_list` WHERE ( phone_number='13200231520' )  [ RunTime:0.000686s ]
INFO: [ app_end ] --START--
INFO: Run Behavior\ShowPageTraceBehavior [ RunTime:0.000436s ]
INFO: [ app_end ] --END-- [ RunTime:0.000482s ]

[ 2019-03-12T14:01:32+08:00 ] 223.104.215.5 /tp3.2/index.php/home/PayPwd/accountBalance/
INFO: [ app_init ] --START--
INFO: Run Behavior\BuildLiteBehavior [ RunTime:0.000018s ]
INFO: [ app_init ] --END-- [ RunTime:0.000422s ]
INFO: [ app_begin ] --START--
INFO: Run Behavior\ReadHtmlCacheBehavior [ RunTime:0.000368s ]
INFO: [ app_begin ] --END-- [ RunTime:0.000426s ]
NOTIC: [8192] mysql_connect(): The mysql extension is deprecated and will be removed in the future: use mysqli or PDO instead /var/www/html/tp3.2/ThinkPHP/Library/Think/Db/Driver/Mysql.class.php 第 52 行.
SQL: SHOW COLUMNS FROM `user_list` [ RunTime:0.001390s ]
SQL: SELECT * FROM `user_list` WHERE ( phone_number='13200231520' )  [ RunTime:0.000441s ]
SQL: SHOW COLUMNS FROM `bank_katti` [ RunTime:0.001025s ]
SQL: SELECT `balance` FROM `bank_katti` WHERE ( uid='100005' )  [ RunTime:0.000188s ]
INFO: [ app_end ] --START--
INFO: Run Behavior\ShowPageTraceBehavior [ RunTime:0.000399s ]
INFO: [ app_end ] --END-- [ RunTime:0.000443s ]

[ 2019-03-12T14:01:32+08:00 ] 223.104.215.5 /tp3.2/index.php/home/Personal/bankUsername/
INFO: [ app_init ] --START--
INFO: Run Behavior\BuildLiteBehavior [ RunTime:0.000012s ]
INFO: [ app_init ] --END-- [ RunTime:0.000286s ]
INFO: [ app_begin ] --START--
INFO: Run Behavior\ReadHtmlCacheBehavior [ RunTime:0.000363s ]
INFO: [ app_begin ] --END-- [ RunTime:0.000408s ]
NOTIC: [8192] mysql_connect(): The mysql extension is deprecated and will be removed in the future: use mysqli or PDO instead /var/www/html/tp3.2/ThinkPHP/Library/Think/Db/Driver/Mysql.class.php 第 52 行.
SQL: SHOW COLUMNS FROM `user_list` [ RunTime:0.001418s ]
SQL: SELECT * FROM `user_list` WHERE ( phone_number='13200231520' )  [ RunTime:0.000427s ]
INFO: [ app_end ] --START--
INFO: Run Behavior\ShowPageTraceBehavior [ RunTime:0.000471s ]
INFO: [ app_end ] --END-- [ RunTime:0.000515s ]

[ 2019-03-12T14:01:32+08:00 ] 223.104.215.5 /tp3.2/index.php/home/Personal/index1/
INFO: [ app_init ] --START--
INFO: Run Behavior\BuildLiteBehavior [ RunTime:0.000011s ]
INFO: [ app_init ] --END-- [ RunTime:0.000270s ]
INFO: [ app_begin ] --START--
INFO: Run Behavior\ReadHtmlCacheBehavior [ RunTime:0.000387s ]
INFO: [ app_begin ] --END-- [ RunTime:0.000433s ]
NOTIC: [8192] mysql_connect(): The mysql extension is deprecated and will be removed in the future: use mysqli or PDO instead /var/www/html/tp3.2/ThinkPHP/Library/Think/Db/Driver/Mysql.class.php 第 52 行.
SQL: SHOW COLUMNS FROM `user_list` [ RunTime:0.001388s ]
SQL: SELECT * FROM `user_list` WHERE ( phone_number='13200231520' )  [ RunTime:0.000491s ]
INFO: [ app_end ] --START--
INFO: Run Behavior\ShowPageTraceBehavior [ RunTime:0.000541s ]
INFO: [ app_end ] --END-- [ RunTime:0.000590s ]

[ 2019-03-12T14:01:32+08:00 ] 223.104.215.5 /tp3.2/index.php/home/Personal/index3/
INFO: [ app_init ] --START--
INFO: Run Behavior\BuildLiteBehavior [ RunTime:0.000012s ]
INFO: [ app_init ] --END-- [ RunTime:0.000271s ]
INFO: [ app_begin ] --START--
INFO: Run Behavior\ReadHtmlCacheBehavior [ RunTime:0.000364s ]
INFO: [ app_begin ] --END-- [ RunTime:0.000409s ]
NOTIC: [8192] mysql_connect(): The mysql extension is deprecated and will be removed in the future: use mysqli or PDO instead /var/www/html/tp3.2/ThinkPHP/Library/Think/Db/Driver/Mysql.class.php 第 52 行.
SQL: SHOW COLUMNS FROM `user_list` [ RunTime:0.001462s ]
SQL: SELECT * FROM `user_list` WHERE ( phone_number='13200231520' )  [ RunTime:0.000520s ]
INFO: [ app_end ] --START--
INFO: Run Behavior\ShowPageTraceBehavior [ RunTime:0.000626s ]
INFO: [ app_end ] --END-- [ RunTime:0.000673s ]

[ 2019-03-12T14:01:32+08:00 ] 223.104.215.5 /tp3.2/index.php/home/Personal/bankCard/
INFO: [ app_init ] --START--
INFO: Run Behavior\BuildLiteBehavior [ RunTime:0.000011s ]
INFO: [ app_init ] --END-- [ RunTime:0.000271s ]
INFO: [ app_begin ] --START--
INFO: Run Behavior\ReadHtmlCacheBehavior [ RunTime:0.000365s ]
INFO: [ app_begin ] --END-- [ RunTime:0.000410s ]
NOTIC: [8192] mysql_connect(): The mysql extension is deprecated and will be removed in the future: use mysqli or PDO instead /var/www/html/tp3.2/ThinkPHP/Library/Think/Db/Driver/Mysql.class.php 第 52 行.
SQL: SHOW COLUMNS FROM `user_list` [ RunTime:0.001816s ]
SQL: SELECT * FROM `user_list` WHERE ( phone_number='13200231520' )  [ RunTime:0.000730s ]
INFO: [ app_end ] --START--
INFO: Run Behavior\ShowPageTraceBehavior [ RunTime:0.000590s ]
INFO: [ app_end ] --END-- [ RunTime:0.000659s ]

[ 2019-03-12T14:01:32+08:00 ] 223.104.215.5 /tp3.2/index.php/home/Personal/bankAddress/
INFO: [ app_init ] --START--
INFO: Run Behavior\BuildLiteBehavior [ RunTime:0.000011s ]
INFO: [ app_init ] --END-- [ RunTime:0.000267s ]
INFO: [ app_begin ] --START--
INFO: Run Behavior\ReadHtmlCacheBehavior [ RunTime:0.000356s ]
INFO: [ app_begin ] --END-- [ RunTime:0.000401s ]
NOTIC: [8192] mysql_connect(): The mysql extension is deprecated and will be removed in the future: use mysqli or PDO instead /var/www/html/tp3.2/ThinkPHP/Library/Think/Db/Driver/Mysql.class.php 第 52 行.
SQL: SHOW COLUMNS FROM `user_list` [ RunTime:0.001430s ]
SQL: SELECT * FROM `user_list` WHERE ( phone_number='13200231520' )  [ RunTime:0.000457s ]
INFO: [ app_end ] --START--
INFO: Run Behavior\ShowPageTraceBehavior [ RunTime:0.000406s ]
INFO: [ app_end ] --END-- [ RunTime:0.000451s ]

[ 2019-03-12T14:01:32+08:00 ] 223.104.215.5 /tp3.2/index.php/home/Personal/bind/
INFO: [ app_init ] --START--
INFO: Run Behavior\BuildLiteBehavior [ RunTime:0.000011s ]
INFO: [ app_init ] --END-- [ RunTime:0.000278s ]
INFO: [ app_begin ] --START--
INFO: Run Behavior\ReadHtmlCacheBehavior [ RunTime:0.000356s ]
INFO: [ app_begin ] --END-- [ RunTime:0.000402s ]
NOTIC: [8192] mysql_connect(): The mysql extension is deprecated and will be removed in the future: use mysqli or PDO instead /var/www/html/tp3.2/ThinkPHP/Library/Think/Db/Driver/Mysql.class.php 第 52 行.
SQL: SHOW COLUMNS FROM `user_list` [ RunTime:0.001480s ]
SQL: SELECT * FROM `user_list` WHERE ( phone_number='13200231520' )  [ RunTime:0.000416s ]
INFO: [ app_end ] --START--
INFO: Run Behavior\ShowPageTraceBehavior [ RunTime:0.000453s ]
INFO: [ app_end ] --END-- [ RunTime:0.000497s ]

[ 2019-03-12T14:01:35+08:00 ] 223.104.215.5 /tp3.2/index.php/home/PayPwd/accountBalance/
INFO: [ app_init ] --START--
INFO: Run Behavior\BuildLiteBehavior [ RunTime:0.000012s ]
INFO: [ app_init ] --END-- [ RunTime:0.000276s ]
INFO: [ app_begin ] --START--
INFO: Run Behavior\ReadHtmlCacheBehavior [ RunTime:0.000357s ]
INFO: [ app_begin ] --END-- [ RunTime:0.000402s ]
NOTIC: [8192] mysql_connect(): The mysql extension is deprecated and will be removed in the future: use mysqli or PDO instead /var/www/html/tp3.2/ThinkPHP/Library/Think/Db/Driver/Mysql.class.php 第 52 行.
SQL: SHOW COLUMNS FROM `user_list` [ RunTime:0.001781s ]
SQL: SELECT * FROM `user_list` WHERE ( phone_number='13200231520' )  [ RunTime:0.000533s ]
SQL: SHOW COLUMNS FROM `bank_katti` [ RunTime:0.001176s ]
SQL: SELECT `balance` FROM `bank_katti` WHERE ( uid='100005' )  [ RunTime:0.000257s ]
INFO: [ app_end ] --START--
INFO: Run Behavior\ShowPageTraceBehavior [ RunTime:0.000390s ]
INFO: [ app_end ] --END-- [ RunTime:0.000435s ]

[ 2019-03-12T14:01:43+08:00 ] 223.104.215.5 /tp3.2/index.php/home/PayPwd/index/
INFO: [ app_init ] --START--
INFO: Run Behavior\BuildLiteBehavior [ RunTime:0.000012s ]
INFO: [ app_init ] --END-- [ RunTime:0.000285s ]
INFO: [ app_begin ] --START--
INFO: Run Behavior\ReadHtmlCacheBehavior [ RunTime:0.000356s ]
INFO: [ app_begin ] --END-- [ RunTime:0.000457s ]
NOTIC: [8192] mysql_connect(): The mysql extension is deprecated and will be removed in the future: use mysqli or PDO instead /var/www/html/tp3.2/ThinkPHP/Library/Think/Db/Driver/Mysql.class.php 第 52 行.
SQL: SHOW COLUMNS FROM `user_list` [ RunTime:0.001610s ]
SQL: SELECT * FROM `user_list` WHERE ( phone_number='13200231520' )  [ RunTime:0.000491s ]
SQL: SHOW COLUMNS FROM `bank_katti` [ RunTime:0.001064s ]
SQL: INSERT INTO `bank_katti` (`uid`,`bank_card_type`,`card_number`,`presentation_time`,`cash_amount`,`present_status`,`total`,`balance`) VALUES (100005,'中国建设银行','123456789123456789','2019-03-12 14:01:43','100',0,'722.00',622) [ RunTime:0.000170s ]
INFO: [ app_end ] --START--
INFO: Run Behavior\ShowPageTraceBehavior [ RunTime:0.000400s ]
INFO: [ app_end ] --END-- [ RunTime:0.000508s ]

[ 2019-03-12T14:01:44+08:00 ] 223.104.215.5 /tp3.2/index.php/home/PresentRecord/de
INFO: [ app_init ] --START--
INFO: Run Behavior\BuildLiteBehavior [ RunTime:0.000017s ]
INFO: [ app_init ] --END-- [ RunTime:0.000281s ]
INFO: [ app_begin ] --START--
INFO: Run Behavior\ReadHtmlCacheBehavior [ RunTime:0.000356s ]
INFO: [ app_begin ] --END-- [ RunTime:0.000401s ]
INFO: [ app_end ] --START--
INFO: Run Behavior\ShowPageTraceBehavior [ RunTime:0.000382s ]
INFO: [ app_end ] --END-- [ RunTime:0.000428s ]

[ 2019-03-12T14:01:45+08:00 ] 223.104.215.5 /tp3.2/index.php/home/PresentRecord/indexa
INFO: [ app_init ] --START--
INFO: Run Behavior\BuildLiteBehavior [ RunTime:0.000011s ]
INFO: [ app_init ] --END-- [ RunTime:0.000270s ]
INFO: [ app_begin ] --START--
INFO: Run Behavior\ReadHtmlCacheBehavior [ RunTime:0.000344s ]
INFO: [ app_begin ] --END-- [ RunTime:0.000390s ]
NOTIC: [8192] mysql_connect(): The mysql extension is deprecated and will be removed in the future: use mysqli or PDO instead /var/www/html/tp3.2/ThinkPHP/Library/Think/Db/Driver/Mysql.class.php 第 52 行.
SQL: SHOW COLUMNS FROM `bank_katti` [ RunTime:0.001454s ]
SQL: SELECT * FROM `bank_katti` WHERE ( uid='100005' ) GROUP BY date_format(presentation_time ,'%Y-%m')  [ RunTime:0.000584s ]
NOTIC: [2] strtotime() expects parameter 2 to be long, string given /var/www/html/tp3.2/Application/Home/Controller/PresentRecordController.class.php 第 153 行.
SQL: SELECT bank_katti.*,(case present_status when 0 then '已提交,银行处理中' else '已到账' end) as whether,date_format(presentation_time,'%m-%d %H:%i') as mdhi FROM `bank_katti` WHERE ( presentation_time>='2018-06-01 00:00:00' and presentation_time<='2018-07-01 00:00:00' ) ORDER BY bank_katti.presentation_time asc  [ RunTime:0.000254s ]
SQL: SELECT COUNT(*) AS tp_count FROM `bank_katti` WHERE ( presentation_time>='2018-06-01 00:00:00' and presentation_time<='2018-07-01 00:00:00' ) LIMIT 1   [ RunTime:0.000205s ]
NOTIC: [2] strtotime() expects parameter 2 to be long, string given /var/www/html/tp3.2/Application/Home/Controller/PresentRecordController.class.php 第 153 行.
SQL: SELECT bank_katti.*,(case present_status when 0 then '已提交,银行处理中' else '已到账' end) as whether,date_format(presentation_time,'%m-%d %H:%i') as mdhi FROM `bank_katti` WHERE ( presentation_time>='2018-07-01 00:00:00' and presentation_time<='2018-08-01 00:00:00' ) ORDER BY bank_katti.presentation_time asc  [ RunTime:0.000304s ]
SQL: SELECT COUNT(*) AS tp_count FROM `bank_katti` WHERE ( presentation_time>='2018-07-01 00:00:00' and presentation_time<='2018-08-01 00:00:00' ) LIMIT 1   [ RunTime:0.000160s ]
NOTIC: [2] strtotime() expects parameter 2 to be long, string given /var/www/html/tp3.2/Application/Home/Controller/PresentRecordController.class.php 第 153 行.
SQL: SELECT bank_katti.*,(case present_status when 0 then '已提交,银行处理中' else '已到账' end) as whether,date_format(presentation_time,'%m-%d %H:%i') as mdhi FROM `bank_katti` WHERE ( presentation_time>='2018-08-01 00:00:00' and presentation_time<='2018-09-01 00:00:00' ) ORDER BY bank_katti.presentation_time asc  [ RunTime:0.000245s ]
SQL: SELECT COUNT(*) AS tp_count FROM `bank_katti` WHERE ( presentation_time>='2018-08-01 00:00:00' and presentation_time<='2018-09-01 00:00:00' ) LIMIT 1   [ RunTime:0.000190s ]
NOTIC: [2] strtotime() expects parameter 2 to be long, string given /var/www/html/tp3.2/Application/Home/Controller/PresentRecordController.class.php 第 153 行.
SQL: SELECT bank_katti.*,(case present_status when 0 then '已提交,银行处理中' else '已到账' end) as whether,date_format(presentation_time,'%m-%d %H:%i') as mdhi FROM `bank_katti` WHERE ( presentation_time>='2018-09-01 00:00:00' and presentation_time<='2018-10-01 00:00:00' ) ORDER BY bank_katti.presentation_time asc  [ RunTime:0.000217s ]
SQL: SELECT COUNT(*) AS tp_count FROM `bank_katti` WHERE ( presentation_time>='2018-09-01 00:00:00' and presentation_time<='2018-10-01 00:00:00' ) LIMIT 1   [ RunTime:0.000190s ]
NOTIC: [2] strtotime() expects parameter 2 to be long, string given /var/www/html/tp3.2/Application/Home/Controller/PresentRecordController.class.php 第 153 行.
SQL: SELECT bank_katti.*,(case present_status when 0 then '已提交,银行处理中' else '已到账' end) as whether,date_format(presentation_time,'%m-%d %H:%i') as mdhi FROM `bank_katti` WHERE ( presentation_time>='2019-03-01 00:00:00' and presentation_time<='2019-04-01 00:00:00' ) ORDER BY bank_katti.presentation_time asc  [ RunTime:0.000259s ]
SQL: SELECT COUNT(*) AS tp_count FROM `bank_katti` WHERE ( presentation_time>='2019-03-01 00:00:00' and presentation_time<='2019-04-01 00:00:00' ) LIMIT 1   [ RunTime:0.000196s ]
INFO: [ app_end ] --START--
INFO: Run Behavior\ShowPageTraceBehavior [ RunTime:0.000389s ]
INFO: [ app_end ] --END-- [ RunTime:0.000436s ]

[ 2019-03-12T14:01:52+08:00 ] 223.104.215.5 /tp3.2/index.php/home/PresentRecord/search
INFO: [ app_init ] --START--
INFO: Run Behavior\BuildLiteBehavior [ RunTime:0.000011s ]
INFO: [ app_init ] --END-- [ RunTime:0.000276s ]
INFO: [ app_begin ] --START--
INFO: Run Behavior\ReadHtmlCacheBehavior [ RunTime:0.000365s ]
INFO: [ app_begin ] --END-- [ RunTime:0.000410s ]
NOTIC: [8192] mysql_connect(): The mysql extension is deprecated and will be removed in the future: use mysqli or PDO instead /var/www/html/tp3.2/ThinkPHP/Library/Think/Db/Driver/Mysql.class.php 第 52 行.
SQL: SHOW COLUMNS FROM `user_list` [ RunTime:0.001624s ]
SQL: SELECT * FROM `user_list` WHERE ( phone_number='13200231520' )  [ RunTime:0.000479s ]
SQL: SHOW COLUMNS FROM `bank_katti` [ RunTime:0.001069s ]
SQL: SELECT bank_katti.*,(case present_status when 0 then '已提交,银行处理中' else '已到账' end) as whether,date_format(presentation_time,'%m-%d %h:%i') as mdhi FROM `bank_katti` WHERE ( uid='100005' and presentation_time>='2019-03-01 00:00:00' and presentation_time<'2019-04-01 00:00:00' ) ORDER BY bank_katti.presentation_time asc  [ RunTime:0.000289s ]
SQL: SELECT COUNT(*) AS tp_count FROM `bank_katti` WHERE ( presentation_time>='2019-03-01 00:00:00' and presentation_time<='2019-04-01 00:00:00' ) LIMIT 1   [ RunTime:0.000198s ]
INFO: [ app_end ] --START--
INFO: Run Behavior\ShowPageTraceBehavior [ RunTime:0.000407s ]
INFO: [ app_end ] --END-- [ RunTime:0.000451s ]

[ 2019-03-12T14:02:06+08:00 ] 223.104.215.5 /tp3.2/index.php/home/Personal/index/
INFO: [ app_init ] --START--
INFO: Run Behavior\BuildLiteBehavior [ RunTime:0.000011s ]
INFO: [ app_init ] --END-- [ RunTime:0.000277s ]
INFO: [ app_begin ] --START--
INFO: Run Behavior\ReadHtmlCacheBehavior [ RunTime:0.000364s ]
INFO: [ app_begin ] --END-- [ RunTime:0.000410s ]
NOTIC: [8192] mysql_connect(): The mysql extension is deprecated and will be removed in the future: use mysqli or PDO instead /var/www/html/tp3.2/ThinkPHP/Library/Think/Db/Driver/Mysql.class.php 第 52 行.
SQL: SHOW COLUMNS FROM `user_list` [ RunTime:0.001631s ]
SQL: SELECT * FROM `user_list` WHERE ( phone_number='13200231520' )  [ RunTime:0.000482s ]
INFO: [ app_end ] --START--
INFO: Run Behavior\ShowPageTraceBehavior [ RunTime:0.000402s ]
INFO: [ app_end ] --END-- [ RunTime:0.000446s ]

[ 2019-03-12T14:02:06+08:00 ] 223.104.215.5 /tp3.2/index.php/home/Personal/index1/
INFO: [ app_init ] --START--
INFO: Run Behavior\BuildLiteBehavior [ RunTime:0.000012s ]
INFO: [ app_init ] --END-- [ RunTime:0.000288s ]
INFO: [ app_begin ] --START--
INFO: Run Behavior\ReadHtmlCacheBehavior [ RunTime:0.000365s ]
INFO: [ app_begin ] --END-- [ RunTime:0.000410s ]
NOTIC: [8192] mysql_connect(): The mysql extension is deprecated and will be removed in the future: use mysqli or PDO instead /var/www/html/tp3.2/ThinkPHP/Library/Think/Db/Driver/Mysql.class.php 第 52 行.
SQL: SHOW COLUMNS FROM `user_list` [ RunTime:0.001694s ]
SQL: SELECT * FROM `user_list` WHERE ( phone_number='13200231520' )  [ RunTime:0.000525s ]
INFO: [ app_end ] --START--
INFO: Run Behavior\ShowPageTraceBehavior [ RunTime:0.000439s ]
INFO: [ app_end ] --END-- [ RunTime:0.000483s ]

[ 2019-03-12T14:02:06+08:00 ] 223.104.215.5 /tp3.2/index.php/home/Personal/index2/
INFO: [ app_init ] --START--
INFO: Run Behavior\BuildLiteBehavior [ RunTime:0.000017s ]
INFO: [ app_init ] --END-- [ RunTime:0.000411s ]
INFO: [ app_begin ] --START--
INFO: Run Behavior\ReadHtmlCacheBehavior [ RunTime:0.000559s ]
INFO: [ app_begin ] --END-- [ RunTime:0.000633s ]
NOTIC: [8192] mysql_connect(): The mysql extension is deprecated and will be removed in the future: use mysqli or PDO instead /var/www/html/tp3.2/ThinkPHP/Library/Think/Db/Driver/Mysql.class.php 第 52 行.
SQL: SHOW COLUMNS FROM `user_list` [ RunTime:0.001426s ]
SQL: SELECT * FROM `user_list` WHERE ( phone_number='13200231520' )  [ RunTime:0.000428s ]
INFO: [ app_end ] --START--
INFO: Run Behavior\ShowPageTraceBehavior [ RunTime:0.000403s ]
INFO: [ app_end ] --END-- [ RunTime:0.000448s ]

[ 2019-03-12T14:02:06+08:00 ] 223.104.215.5 /tp3.2/index.php/home/PayPwd/accountBalance/
INFO: [ app_init ] --START--
INFO: Run Behavior\BuildLiteBehavior [ RunTime:0.000011s ]
INFO: [ app_init ] --END-- [ RunTime:0.000279s ]
INFO: [ app_begin ] --START--
INFO: Run Behavior\ReadHtmlCacheBehavior [ RunTime:0.000361s ]
INFO: [ app_begin ] --END-- [ RunTime:0.000406s ]
NOTIC: [8192] mysql_connect(): The mysql extension is deprecated and will be removed in the future: use mysqli or PDO instead /var/www/html/tp3.2/ThinkPHP/Library/Think/Db/Driver/Mysql.class.php 第 52 行.
SQL: SHOW COLUMNS FROM `user_list` [ RunTime:0.001515s ]
SQL: SELECT * FROM `user_list` WHERE ( phone_number='13200231520' )  [ RunTime:0.000530s ]
SQL: SHOW COLUMNS FROM `bank_katti` [ RunTime:0.001129s ]
SQL: SELECT `balance` FROM `bank_katti` WHERE ( uid='100005' )  [ RunTime:0.000232s ]
INFO: [ app_end ] --START--
INFO: Run Behavior\ShowPageTraceBehavior [ RunTime:0.000471s ]
INFO: [ app_end ] --END-- [ RunTime:0.000517s ]

[ 2019-03-12T14:02:06+08:00 ] 223.104.215.5 /tp3.2/index.php/home/Personal/index3/
INFO: [ app_init ] --START--
INFO: Run Behavior\BuildLiteBehavior [ RunTime:0.000017s ]
INFO: [ app_init ] --END-- [ RunTime:0.000414s ]
INFO: [ app_begin ] --START--
INFO: Run Behavior\ReadHtmlCacheBehavior [ RunTime:0.000362s ]
INFO: [ app_begin ] --END-- [ RunTime:0.000408s ]
NOTIC: [8192] mysql_connect(): The mysql extension is deprecated and will be removed in the future: use mysqli or PDO instead /var/www/html/tp3.2/ThinkPHP/Library/Think/Db/Driver/Mysql.class.php 第 52 行.
SQL: SHOW COLUMNS FROM `user_list` [ RunTime:0.001452s ]
SQL: SELECT * FROM `user_list` WHERE ( phone_number='13200231520' )  [ RunTime:0.000492s ]
INFO: [ app_end ] --START--
INFO: Run Behavior\ShowPageTraceBehavior [ RunTime:0.000433s ]
INFO: [ app_end ] --END-- [ RunTime:0.000479s ]

[ 2019-03-12T14:02:06+08:00 ] 223.104.215.5 /tp3.2/index.php/home/Personal/bankUsername/
INFO: [ app_init ] --START--
INFO: Run Behavior\BuildLiteBehavior [ RunTime:0.000011s ]
INFO: [ app_init ] --END-- [ RunTime:0.000280s ]
INFO: [ app_begin ] --START--
INFO: Run Behavior\ReadHtmlCacheBehavior [ RunTime:0.000360s ]
INFO: [ app_begin ] --END-- [ RunTime:0.000405s ]
NOTIC: [8192] mysql_connect(): The mysql extension is deprecated and will be removed in the future: use mysqli or PDO instead /var/www/html/tp3.2/ThinkPHP/Library/Think/Db/Driver/Mysql.class.php 第 52 行.
SQL: SHOW COLUMNS FROM `user_list` [ RunTime:0.001488s ]
SQL: SELECT * FROM `user_list` WHERE ( phone_number='13200231520' )  [ RunTime:0.000450s ]
INFO: [ app_end ] --START--
INFO: Run Behavior\ShowPageTraceBehavior [ RunTime:0.000552s ]
INFO: [ app_end ] --END-- [ RunTime:0.000598s ]

[ 2019-03-12T14:02:06+08:00 ] 223.104.215.5 /tp3.2/index.php/home/Personal/bankAddress/
INFO: [ app_init ] --START--
INFO: Run Behavior\BuildLiteBehavior [ RunTime:0.000011s ]
INFO: [ app_init ] --END-- [ RunTime:0.000274s ]
INFO: [ app_begin ] --START--
INFO: Run Behavior\ReadHtmlCacheBehavior [ RunTime:0.000357s ]
INFO: [ app_begin ] --END-- [ RunTime:0.000402s ]
NOTIC: [8192] mysql_connect(): The mysql extension is deprecated and will be removed in the future: use mysqli or PDO instead /var/www/html/tp3.2/ThinkPHP/Library/Think/Db/Driver/Mysql.class.php 第 52 行.
SQL: SHOW COLUMNS FROM `user_list` [ RunTime:0.001646s ]
SQL: SELECT * FROM `user_list` WHERE ( phone_number='13200231520' )  [ RunTime:0.000501s ]
INFO: [ app_end ] --START--
INFO: Run Behavior\ShowPageTraceBehavior [ RunTime:0.000397s ]
INFO: [ app_end ] --END-- [ RunTime:0.000440s ]

[ 2019-03-12T14:02:06+08:00 ] 223.104.215.5 /tp3.2/index.php/home/Personal/bind/
INFO: [ app_init ] --START--
INFO: Run Behavior\BuildLiteBehavior [ RunTime:0.000010s ]
INFO: [ app_init ] --END-- [ RunTime:0.000276s ]
INFO: [ app_begin ] --START--
INFO: Run Behavior\ReadHtmlCacheBehavior [ RunTime:0.000369s ]
INFO: [ app_begin ] --END-- [ RunTime:0.000414s ]
NOTIC: [8192] mysql_connect(): The mysql extension is deprecated and will be removed in the future: use mysqli or PDO instead /var/www/html/tp3.2/ThinkPHP/Library/Think/Db/Driver/Mysql.class.php 第 52 行.
SQL: SHOW COLUMNS FROM `user_list` [ RunTime:0.001435s ]
SQL: SELECT * FROM `user_list` WHERE ( phone_number='13200231520' )  [ RunTime:0.000413s ]
INFO: [ app_end ] --START--
INFO: Run Behavior\ShowPageTraceBehavior [ RunTime:0.000495s ]
INFO: [ app_end ] --END-- [ RunTime:0.000540s ]

[ 2019-03-12T14:02:07+08:00 ] 223.104.215.5 /tp3.2/index.php/home/HomeTree/pretotal/
INFO: [ app_init ] --START--
INFO: Run Behavior\BuildLiteBehavior [ RunTime:0.000012s ]
INFO: [ app_init ] --END-- [ RunTime:0.000298s ]
INFO: [ app_begin ] --START--
INFO: Run Behavior\ReadHtmlCacheBehavior [ RunTime:0.000385s ]
INFO: [ app_begin ] --END-- [ RunTime:0.000430s ]
NOTIC: [8192] mysql_connect(): The mysql extension is deprecated and will be removed in the future: use mysqli or PDO instead /var/www/html/tp3.2/ThinkPHP/Library/Think/Db/Driver/Mysql.class.php 第 52 行.
SQL: SHOW COLUMNS FROM `user_list` [ RunTime:0.001732s ]
SQL: SELECT * FROM `user_list` WHERE ( phone_number='13200231520' )  [ RunTime:0.000503s ]
SQL: SELECT * FROM `user_list` WHERE ( uid='100005' )  [ RunTime:0.000267s ]
INFO: [ app_end ] --START--
INFO: Run Behavior\ShowPageTraceBehavior [ RunTime:0.000807s ]
INFO: [ app_end ] --END-- [ RunTime:0.000878s ]

[ 2019-03-12T14:02:07+08:00 ] 223.104.215.5 /tp3.2/index.php/home/HomeTree/prepretotal/
INFO: [ app_init ] --START--
INFO: Run Behavior\BuildLiteBehavior [ RunTime:0.000017s ]
INFO: [ app_init ] --END-- [ RunTime:0.000404s ]
INFO: [ app_begin ] --START--
INFO: Run Behavior\ReadHtmlCacheBehavior [ RunTime:0.000572s ]
INFO: [ app_begin ] --END-- [ RunTime:0.000730s ]
NOTIC: [8192] mysql_connect(): The mysql extension is deprecated and will be removed in the future: use mysqli or PDO instead /var/www/html/tp3.2/ThinkPHP/Library/Think/Db/Driver/Mysql.class.php 第 52 行.
SQL: SHOW COLUMNS FROM `user_list` [ RunTime:0.001503s ]
SQL: SELECT * FROM `user_list` WHERE ( phone_number='13200231520' )  [ RunTime:0.000434s ]
SQL: SELECT * FROM `user_list` WHERE ( uid='100005' )  [ RunTime:0.000251s ]
SQL: SELECT COUNT(*) AS tp_count FROM `user_list` WHERE ( pre_uid in(100038,100039,100043,100042,100040,100044,100045) ) LIMIT 1   [ RunTime:0.000283s ]
INFO: [ app_end ] --START--
INFO: Run Behavior\ShowPageTraceBehavior [ RunTime:0.000446s ]
INFO: [ app_end ] --END-- [ RunTime:0.000513s ]

[ 2019-03-12T14:02:07+08:00 ] 223.104.215.5 /tp3.2/index.php/home/HomeTree/selfYield
INFO: [ app_init ] --START--
INFO: Run Behavior\BuildLiteBehavior [ RunTime:0.000014s ]
INFO: [ app_init ] --END-- [ RunTime:0.000385s ]
INFO: [ app_begin ] --START--
INFO: Run Behavior\ReadHtmlCacheBehavior [ RunTime:0.000529s ]
INFO: [ app_begin ] --END-- [ RunTime:0.000598s ]
NOTIC: [8192] mysql_connect(): The mysql extension is deprecated and will be removed in the future: use mysqli or PDO instead /var/www/html/tp3.2/ThinkPHP/Library/Think/Db/Driver/Mysql.class.php 第 52 行.
SQL: SHOW COLUMNS FROM `user_list` [ RunTime:0.001451s ]
SQL: SELECT * FROM `user_list` WHERE ( phone_number='13200231520' )  [ RunTime:0.000427s ]
INFO: [ app_end ] --START--
INFO: Run Behavior\ShowPageTraceBehavior [ RunTime:0.000411s ]
INFO: [ app_end ] --END-- [ RunTime:0.000456s ]

[ 2019-03-12T14:02:07+08:00 ] 223.104.215.5 /tp3.2/index.php/home/HomeTree/prepretotal/
INFO: [ app_init ] --START--
INFO: Run Behavior\BuildLiteBehavior [ RunTime:0.000012s ]
INFO: [ app_init ] --END-- [ RunTime:0.000280s ]
INFO: [ app_begin ] --START--
INFO: Run Behavior\ReadHtmlCacheBehavior [ RunTime:0.000359s ]
INFO: [ app_begin ] --END-- [ RunTime:0.000404s ]
NOTIC: [8192] mysql_connect(): The mysql extension is deprecated and will be removed in the future: use mysqli or PDO instead /var/www/html/tp3.2/ThinkPHP/Library/Think/Db/Driver/Mysql.class.php 第 52 行.
SQL: SHOW COLUMNS FROM `user_list` [ RunTime:0.001607s ]
SQL: SELECT * FROM `user_list` WHERE ( phone_number='13200231520' )  [ RunTime:0.000467s ]
SQL: SELECT * FROM `user_list` WHERE ( uid='100005' )  [ RunTime:0.000253s ]
SQL: SELECT COUNT(*) AS tp_count FROM `user_list` WHERE ( pre_uid in(100038,100039,100043,100042,100040,100044,100045) ) LIMIT 1   [ RunTime:0.000211s ]
INFO: [ app_end ] --START--
INFO: Run Behavior\ShowPageTraceBehavior [ RunTime:0.000461s ]
INFO: [ app_end ] --END-- [ RunTime:0.000513s ]

[ 2019-03-12T14:02:07+08:00 ] 223.104.215.5 /tp3.2/index.php/home/HomeTree/pretotal/
INFO: [ app_init ] --START--
INFO: Run Behavior\BuildLiteBehavior [ RunTime:0.000010s ]
INFO: [ app_init ] --END-- [ RunTime:0.000270s ]
INFO: [ app_begin ] --START--
INFO: Run Behavior\ReadHtmlCacheBehavior [ RunTime:0.000363s ]
INFO: [ app_begin ] --END-- [ RunTime:0.000409s ]
NOTIC: [8192] mysql_connect(): The mysql extension is deprecated and will be removed in the future: use mysqli or PDO instead /var/www/html/tp3.2/ThinkPHP/Library/Think/Db/Driver/Mysql.class.php 第 52 行.
SQL: SHOW COLUMNS FROM `user_list` [ RunTime:0.001589s ]
SQL: SELECT * FROM `user_list` WHERE ( phone_number='13200231520' )  [ RunTime:0.000540s ]
SQL: SELECT * FROM `user_list` WHERE ( uid='100005' )  [ RunTime:0.000240s ]
INFO: [ app_end ] --START--
INFO: Run Behavior\ShowPageTraceBehavior [ RunTime:0.000535s ]
INFO: [ app_end ] --END-- [ RunTime:0.000581s ]

[ 2019-03-12T14:02:07+08:00 ] 223.104.215.5 /tp3.2/index.php/home/PayPwd/accountBalance/
INFO: [ app_init ] --START--
INFO: Run Behavior\BuildLiteBehavior [ RunTime:0.000011s ]
INFO: [ app_init ] --END-- [ RunTime:0.000284s ]
INFO: [ app_begin ] --START--
INFO: Run Behavior\ReadHtmlCacheBehavior [ RunTime:0.000362s ]
INFO: [ app_begin ] --END-- [ RunTime:0.000408s ]
NOTIC: [8192] mysql_connect(): The mysql extension is deprecated and will be removed in the future: use mysqli or PDO instead /var/www/html/tp3.2/ThinkPHP/Library/Think/Db/Driver/Mysql.class.php 第 52 行.
SQL: SHOW COLUMNS FROM `user_list` [ RunTime:0.001596s ]
SQL: SELECT * FROM `user_list` WHERE ( phone_number='13200231520' )  [ RunTime:0.000513s ]
SQL: SHOW COLUMNS FROM `bank_katti` [ RunTime:0.001105s ]
SQL: SELECT `balance` FROM `bank_katti` WHERE ( uid='100005' )  [ RunTime:0.000155s ]
INFO: [ app_end ] --START--
INFO: Run Behavior\ShowPageTraceBehavior [ RunTime:0.000468s ]
INFO: [ app_end ] --END-- [ RunTime:0.000512s ]

[ 2019-03-12T14:02:07+08:00 ] 223.104.215.5 /tp3.2/index.php/home/HomeTree/accumulativeIncome
INFO: [ app_init ] --START--
INFO: Run Behavior\BuildLiteBehavior [ RunTime:0.000011s ]
INFO: [ app_init ] --END-- [ RunTime:0.000273s ]
INFO: [ app_begin ] --START--
INFO: Run Behavior\ReadHtmlCacheBehavior [ RunTime:0.000420s ]
INFO: [ app_begin ] --END-- [ RunTime:0.000466s ]
NOTIC: [8192] mysql_connect(): The mysql extension is deprecated and will be removed in the future: use mysqli or PDO instead /var/www/html/tp3.2/ThinkPHP/Library/Think/Db/Driver/Mysql.class.php 第 52 行.
SQL: SHOW COLUMNS FROM `user_list` [ RunTime:0.001434s ]
SQL: SELECT * FROM `user_list` WHERE ( phone_number='13200231520' )  [ RunTime:0.000467s ]
SQL: SELECT * FROM `user_list` WHERE ( uid=100038 )  [ RunTime:0.000250s ]
SQL: SELECT * FROM `user_list` WHERE ( uid=100039 )  [ RunTime:0.000222s ]
SQL: SELECT * FROM `user_list` WHERE ( uid=100043 )  [ RunTime:0.000252s ]
SQL: SELECT * FROM `user_list` WHERE ( uid=100042 )  [ RunTime:0.000288s ]
SQL: SELECT * FROM `user_list` WHERE ( uid=100040 )  [ RunTime:0.000255s ]
SQL: SELECT * FROM `user_list` WHERE ( uid=100044 )  [ RunTime:0.000247s ]
SQL: SELECT * FROM `user_list` WHERE ( uid=100045 )  [ RunTime:0.000261s ]
SQL: SELECT * FROM `user_list` WHERE ( uid in (100054,100059,100074) )  [ RunTime:0.000259s ]
SQL: SELECT * FROM `user_list` WHERE ( uid=100054 )  [ RunTime:0.000242s ]
SQL: SELECT * FROM `user_list` WHERE ( uid=100059 )  [ RunTime:0.000209s ]
SQL: SELECT * FROM `user_list` WHERE ( uid=100074 )  [ RunTime:0.000205s ]
INFO: [ app_end ] --START--
INFO: Run Behavior\ShowPageTraceBehavior [ RunTime:0.000631s ]
INFO: [ app_end ] --END-- [ RunTime:0.000677s ]

[ 2019-03-12T14:02:07+08:00 ] 223.104.215.5 /tp3.2/index.php/home/HomeTree/preList/
INFO: [ app_init ] --START--
INFO: Run Behavior\BuildLiteBehavior [ RunTime:0.000011s ]
INFO: [ app_init ] --END-- [ RunTime:0.000296s ]
INFO: [ app_begin ] --START--
INFO: Run Behavior\ReadHtmlCacheBehavior [ RunTime:0.000351s ]
INFO: [ app_begin ] --END-- [ RunTime:0.000397s ]
NOTIC: [8192] mysql_connect(): The mysql extension is deprecated and will be removed in the future: use mysqli or PDO instead /var/www/html/tp3.2/ThinkPHP/Library/Think/Db/Driver/Mysql.class.php 第 52 行.
SQL: SHOW COLUMNS FROM `user_list` [ RunTime:0.001590s ]
SQL: SELECT * FROM `user_list` WHERE ( phone_number='13200231520' )  [ RunTime:0.000535s ]
SQL: SELECT * FROM `user_list` WHERE ( uid=100038 )  [ RunTime:0.000320s ]
SQL: SELECT * FROM `user_list` WHERE ( uid=100039 )  [ RunTime:0.000227s ]
SQL: SELECT * FROM `user_list` WHERE ( uid=100043 )  [ RunTime:0.000309s ]
SQL: SELECT * FROM `user_list` WHERE ( uid=100042 )  [ RunTime:0.000225s ]
SQL: SELECT * FROM `user_list` WHERE ( uid=100040 )  [ RunTime:0.000358s ]
SQL: SELECT * FROM `user_list` WHERE ( uid=100044 )  [ RunTime:0.000298s ]
SQL: SELECT * FROM `user_list` WHERE ( uid=100045 )  [ RunTime:0.000230s ]
INFO: [ app_end ] --START--
INFO: Run Behavior\ShowPageTraceBehavior [ RunTime:0.000385s ]
INFO: [ app_end ] --END-- [ RunTime:0.000430s ]

