[ 2019-01-07T09:43:19+08:00 ] 125.70.177.187 /tp3.2/index.php/home/Wx3/saveImg
INFO: [ app_init ] --START--
INFO: Run Behavior\BuildLiteBehavior [ RunTime:0.000019s ]
INFO: [ app_init ] --END-- [ RunTime:0.000142s ]
INFO: [ app_begin ] --START--
INFO: Run Behavior\ReadHtmlCacheBehavior [ RunTime:0.000056s ]
INFO: [ app_begin ] --END-- [ RunTime:0.000128s ]
NOTIC: [8192] mysql_connect(): The mysql extension is deprecated and will be removed in the future: use mysqli or PDO instead /var/www/html/tp3.2/ThinkPHP/Library/Think/Db/Driver/Mysql.class.php 第 52 行.
SQL: SHOW COLUMNS FROM `header1` [ RunTime:0.000328s ]
ERR: 1146:Table 'yuebao.header1' doesn't exist
 [ SQL语句 ] : SHOW COLUMNS FROM `header1`
SQL: SHOW COLUMNS FROM `header` [ RunTime:0.000453s ]
SQL: SELECT * FROM `header` WHERE ( pic='100066.png' )  [ RunTime:0.000302s ]
SQL: INSERT INTO `header` (`uid`,`url`,`pic`,`save_url`) VALUES (100066,'http://thirdwx.qlogo.cn/mmopen/vi_32/5DsW4NWHTmQwva4THXTvFhSX9qgIiadL0bp6F1qKRctL8eF4szdfQoYTPaWWTjiaWribO0EmV3hj2cSKwUm07KLPQ/132','100066.png','http://caiyunyigou.com/tp3.2/Public/upload/header1/100066.png') [ RunTime:0.000387s ]
INFO: [ app_end ] --START--
INFO: Run Behavior\ShowPageTraceBehavior [ RunTime:0.000079s ]
INFO: [ app_end ] --END-- [ RunTime:0.000169s ]

[ 2019-01-07T13:48:26+08:00 ] 119.84.153.163 /tp3.2/index.php/home/Wx3/saveImg
INFO: [ app_init ] --START--
INFO: Run Behavior\BuildLiteBehavior [ RunTime:0.000021s ]
INFO: [ app_init ] --END-- [ RunTime:0.000151s ]
INFO: [ app_begin ] --START--
INFO: Run Behavior\ReadHtmlCacheBehavior [ RunTime:0.000081s ]
INFO: [ app_begin ] --END-- [ RunTime:0.000226s ]
NOTIC: [8192] mysql_connect(): The mysql extension is deprecated and will be removed in the future: use mysqli or PDO instead /var/www/html/tp3.2/ThinkPHP/Library/Think/Db/Driver/Mysql.class.php 第 52 行.
SQL: SHOW COLUMNS FROM `header1` [ RunTime:0.000508s ]
ERR: 1146:Table 'yuebao.header1' doesn't exist
 [ SQL语句 ] : SHOW COLUMNS FROM `header1`
SQL: SHOW COLUMNS FROM `header` [ RunTime:0.000515s ]
SQL: SELECT * FROM `header` WHERE ( pic='100067.png' )  [ RunTime:0.000336s ]
SQL: INSERT INTO `header` (`uid`,`url`,`pic`,`save_url`) VALUES (100067,'http://thirdwx.qlogo.cn/mmopen/vi_32/AM4UlNvnsxICk5634oHadul8Jn3JfTJfdE9JmBIb4lv79V21ibds9HHXCib3GO2Edl6GzwfeTxS5GbrnXF2qictSg/132','100067.png','http://caiyunyigou.com/tp3.2/Public/upload/header1/100067.png') [ RunTime:0.000411s ]
INFO: [ app_end ] --START--
INFO: Run Behavior\ShowPageTraceBehavior [ RunTime:0.000147s ]
INFO: [ app_end ] --END-- [ RunTime:0.000232s ]

[ 2019-01-07T13:52:56+08:00 ] 119.84.153.163 /tp3.2/index.php/home/Wx3/saveImg
INFO: [ app_init ] --START--
INFO: Run Behavior\BuildLiteBehavior [ RunTime:0.000020s ]
INFO: [ app_init ] --END-- [ RunTime:0.000154s ]
INFO: [ app_begin ] --START--
INFO: Run Behavior\ReadHtmlCacheBehavior [ RunTime:0.000078s ]
INFO: [ app_begin ] --END-- [ RunTime:0.000151s ]
NOTIC: [8192] mysql_connect(): The mysql extension is deprecated and will be removed in the future: use mysqli or PDO instead /var/www/html/tp3.2/ThinkPHP/Library/Think/Db/Driver/Mysql.class.php 第 52 行.
SQL: SHOW COLUMNS FROM `header1` [ RunTime:0.000471s ]
ERR: 1146:Table 'yuebao.header1' doesn't exist
 [ SQL语句 ] : SHOW COLUMNS FROM `header1`
SQL: SHOW COLUMNS FROM `header` [ RunTime:0.000491s ]
SQL: SELECT * FROM `header` WHERE ( pic='100067.png' )  [ RunTime:0.000307s ]
INFO: [ app_end ] --START--
INFO: Run Behavior\ShowPageTraceBehavior [ RunTime:0.000129s ]
INFO: [ app_end ] --END-- [ RunTime:0.000201s ]

[ 2019-01-07T14:22:37+08:00 ] 123.151.77.48 /tp3.2/index.php/home/Wx3/saveImg
INFO: [ app_init ] --START--
INFO: Run Behavior\BuildLiteBehavior [ RunTime:0.000026s ]
INFO: [ app_init ] --END-- [ RunTime:0.000158s ]
INFO: [ app_begin ] --START--
INFO: Run Behavior\ReadHtmlCacheBehavior [ RunTime:0.000079s ]
INFO: [ app_begin ] --END-- [ RunTime:0.000153s ]
NOTIC: [8192] mysql_connect(): The mysql extension is deprecated and will be removed in the future: use mysqli or PDO instead /var/www/html/tp3.2/ThinkPHP/Library/Think/Db/Driver/Mysql.class.php 第 52 行.
SQL: SHOW COLUMNS FROM `header1` [ RunTime:0.000406s ]
ERR: 1146:Table 'yuebao.header1' doesn't exist
 [ SQL语句 ] : SHOW COLUMNS FROM `header1`
SQL: SHOW COLUMNS FROM `header` [ RunTime:0.000447s ]
SQL: SELECT * FROM `header` WHERE ( pic='100004.png' )  [ RunTime:0.000311s ]
INFO: [ app_end ] --START--
INFO: Run Behavior\ShowPageTraceBehavior [ RunTime:0.000089s ]
INFO: [ app_end ] --END-- [ RunTime:0.000160s ]

[ 2019-01-07T14:33:21+08:00 ] 119.84.153.163 /tp3.2/index.php/home/Wx3/saveImg
INFO: [ app_init ] --START--
INFO: Run Behavior\BuildLiteBehavior [ RunTime:0.000021s ]
INFO: [ app_init ] --END-- [ RunTime:0.000236s ]
INFO: [ app_begin ] --START--
INFO: Run Behavior\ReadHtmlCacheBehavior [ RunTime:0.000166s ]
INFO: [ app_begin ] --END-- [ RunTime:0.000239s ]
NOTIC: [8192] mysql_connect(): The mysql extension is deprecated and will be removed in the future: use mysqli or PDO instead /var/www/html/tp3.2/ThinkPHP/Library/Think/Db/Driver/Mysql.class.php 第 52 行.
SQL: SHOW COLUMNS FROM `header1` [ RunTime:0.000392s ]
ERR: 1146:Table 'yuebao.header1' doesn't exist
 [ SQL语句 ] : SHOW COLUMNS FROM `header1`
SQL: SHOW COLUMNS FROM `header` [ RunTime:0.000518s ]
SQL: SELECT * FROM `header` WHERE ( pic='100067.png' )  [ RunTime:0.000297s ]
INFO: [ app_end ] --START--
INFO: Run Behavior\ShowPageTraceBehavior [ RunTime:0.000081s ]
INFO: [ app_end ] --END-- [ RunTime:0.000152s ]

