[ 2019-01-11T08:39:16+08:00 ] 119.84.153.208 /tp3.2/index.php/home/Wx3/saveImg
INFO: [ app_init ] --START--
INFO: Run Behavior\BuildLiteBehavior [ RunTime:0.000019s ]
INFO: [ app_init ] --END-- [ RunTime:0.000146s ]
INFO: [ app_begin ] --START--
INFO: Run Behavior\ReadHtmlCacheBehavior [ RunTime:0.000061s ]
INFO: [ app_begin ] --END-- [ RunTime:0.000132s ]
NOTIC: [8192] mysql_connect(): The mysql extension is deprecated and will be removed in the future: use mysqli or PDO instead /var/www/html/tp3.2/ThinkPHP/Library/Think/Db/Driver/Mysql.class.php 第 52 行.
SQL: SHOW COLUMNS FROM `header1` [ RunTime:0.000484s ]
ERR: 1146:Table 'yuebao.header1' doesn't exist
 [ SQL语句 ] : SHOW COLUMNS FROM `header1`
SQL: SHOW COLUMNS FROM `header` [ RunTime:0.000514s ]
SQL: SELECT * FROM `header` WHERE ( pic='100001.png' )  [ RunTime:0.000348s ]
INFO: [ app_end ] --START--
INFO: Run Behavior\ShowPageTraceBehavior [ RunTime:0.000076s ]
INFO: [ app_end ] --END-- [ RunTime:0.000147s ]

[ 2019-01-11T08:40:11+08:00 ] 119.84.153.208 /tp3.2/home/Wx2/code?uid=100001
INFO: [ app_init ] --START--
INFO: Run Behavior\BuildLiteBehavior [ RunTime:0.000020s ]
INFO: [ app_init ] --END-- [ RunTime:0.000154s ]
INFO: [ app_begin ] --START--
INFO: Run Behavior\ReadHtmlCacheBehavior [ RunTime:0.000067s ]
INFO: [ app_begin ] --END-- [ RunTime:0.000149s ]
ERR: uid为:100001
INFO: [ app_end ] --START--
INFO: Run Behavior\ShowPageTraceBehavior [ RunTime:0.000081s ]
INFO: [ app_end ] --END-- [ RunTime:0.000162s ]

[ 2019-01-11T08:40:12+08:00 ] 119.84.153.208 /tp3.2/home/Wx2/getUserInfoAll?uid=100001&code=011G19Sg0DFc9w1YORRg08CeSg0G19SK&state=100001
INFO: [ app_init ] --START--
INFO: Run Behavior\BuildLiteBehavior [ RunTime:0.000018s ]
INFO: [ app_init ] --END-- [ RunTime:0.000123s ]
INFO: [ app_begin ] --START--
INFO: Run Behavior\ReadHtmlCacheBehavior [ RunTime:0.000053s ]
INFO: [ app_begin ] --END-- [ RunTime:0.000135s ]
INFO: [ app_end ] --START--
INFO: Run Behavior\ShowPageTraceBehavior [ RunTime:0.000078s ]
INFO: [ app_end ] --END-- [ RunTime:0.000182s ]

[ 2019-01-11T11:18:34+08:00 ] 119.84.153.208 /tp3.2/index.php/home/Wx3/saveImg
INFO: [ app_init ] --START--
INFO: Run Behavior\BuildLiteBehavior [ RunTime:0.000019s ]
INFO: [ app_init ] --END-- [ RunTime:0.000150s ]
INFO: [ app_begin ] --START--
INFO: Run Behavior\ReadHtmlCacheBehavior [ RunTime:0.000061s ]
INFO: [ app_begin ] --END-- [ RunTime:0.000133s ]
NOTIC: [8192] mysql_connect(): The mysql extension is deprecated and will be removed in the future: use mysqli or PDO instead /var/www/html/tp3.2/ThinkPHP/Library/Think/Db/Driver/Mysql.class.php 第 52 行.
SQL: SHOW COLUMNS FROM `header1` [ RunTime:0.000471s ]
ERR: 1146:Table 'yuebao.header1' doesn't exist
 [ SQL语句 ] : SHOW COLUMNS FROM `header1`
SQL: SHOW COLUMNS FROM `header` [ RunTime:0.000518s ]
SQL: SELECT * FROM `header` WHERE ( pic='100001.png' )  [ RunTime:0.000422s ]
INFO: [ app_end ] --START--
INFO: Run Behavior\ShowPageTraceBehavior [ RunTime:0.000077s ]
INFO: [ app_end ] --END-- [ RunTime:0.000148s ]

[ 2019-01-11T11:27:57+08:00 ] 125.39.46.45 /tp3.2/index.php/home/Wx3/saveImg
INFO: [ app_init ] --START--
INFO: Run Behavior\BuildLiteBehavior [ RunTime:0.000019s ]
INFO: [ app_init ] --END-- [ RunTime:0.000183s ]
INFO: [ app_begin ] --START--
INFO: Run Behavior\ReadHtmlCacheBehavior [ RunTime:0.000066s ]
INFO: [ app_begin ] --END-- [ RunTime:0.000137s ]
NOTIC: [8192] mysql_connect(): The mysql extension is deprecated and will be removed in the future: use mysqli or PDO instead /var/www/html/tp3.2/ThinkPHP/Library/Think/Db/Driver/Mysql.class.php 第 52 行.
SQL: SHOW COLUMNS FROM `header1` [ RunTime:0.000437s ]
ERR: 1146:Table 'yuebao.header1' doesn't exist
 [ SQL语句 ] : SHOW COLUMNS FROM `header1`
SQL: SHOW COLUMNS FROM `header` [ RunTime:0.000617s ]
SQL: SELECT * FROM `header` WHERE ( pic='100004.png' )  [ RunTime:0.000330s ]
INFO: [ app_end ] --START--
INFO: Run Behavior\ShowPageTraceBehavior [ RunTime:0.000075s ]
INFO: [ app_end ] --END-- [ RunTime:0.000146s ]

[ 2019-01-11T11:28:05+08:00 ] 123.151.77.81 /tp3.2/index.php/home/Wx3/saveImg
INFO: [ app_init ] --START--
INFO: Run Behavior\BuildLiteBehavior [ RunTime:0.000019s ]
INFO: [ app_init ] --END-- [ RunTime:0.000155s ]
INFO: [ app_begin ] --START--
INFO: Run Behavior\ReadHtmlCacheBehavior [ RunTime:0.000063s ]
INFO: [ app_begin ] --END-- [ RunTime:0.000138s ]
NOTIC: [8192] mysql_connect(): The mysql extension is deprecated and will be removed in the future: use mysqli or PDO instead /var/www/html/tp3.2/ThinkPHP/Library/Think/Db/Driver/Mysql.class.php 第 52 行.
SQL: SHOW COLUMNS FROM `header1` [ RunTime:0.000381s ]
ERR: 1146:Table 'yuebao.header1' doesn't exist
 [ SQL语句 ] : SHOW COLUMNS FROM `header1`
SQL: SHOW COLUMNS FROM `header` [ RunTime:0.000462s ]
SQL: SELECT * FROM `header` WHERE ( pic='100004.png' )  [ RunTime:0.000253s ]
INFO: [ app_end ] --START--
INFO: Run Behavior\ShowPageTraceBehavior [ RunTime:0.000077s ]
INFO: [ app_end ] --END-- [ RunTime:0.000147s ]

[ 2019-01-11T15:46:48+08:00 ] 118.116.121.69 /tp3.2/index.php/home/Wx3/saveImg
INFO: [ app_init ] --START--
INFO: Run Behavior\BuildLiteBehavior [ RunTime:0.000018s ]
INFO: [ app_init ] --END-- [ RunTime:0.000151s ]
INFO: [ app_begin ] --START--
INFO: Run Behavior\ReadHtmlCacheBehavior [ RunTime:0.000062s ]
INFO: [ app_begin ] --END-- [ RunTime:0.000133s ]
NOTIC: [8] Undefined index: head_url /var/www/html/tp3.2/Application/Home/Controller/Wx3Controller.class.php 第 83 行.
NOTIC: [8192] mysql_connect(): The mysql extension is deprecated and will be removed in the future: use mysqli or PDO instead /var/www/html/tp3.2/ThinkPHP/Library/Think/Db/Driver/Mysql.class.php 第 52 行.
SQL: SHOW COLUMNS FROM `header1` [ RunTime:0.000417s ]
ERR: 1146:Table 'yuebao.header1' doesn't exist
 [ SQL语句 ] : SHOW COLUMNS FROM `header1`
SQL: SHOW COLUMNS FROM `header` [ RunTime:0.000494s ]
SQL: SELECT * FROM `header` WHERE ( pic='100039.png' )  [ RunTime:0.000347s ]
INFO: [ app_end ] --START--
INFO: Run Behavior\ShowPageTraceBehavior [ RunTime:0.000074s ]
INFO: [ app_end ] --END-- [ RunTime:0.000145s ]

[ 2019-01-11T15:46:57+08:00 ] 118.116.121.69 /tp3.2/index.php/home/Wx3/saveImg
INFO: [ app_init ] --START--
INFO: Run Behavior\BuildLiteBehavior [ RunTime:0.000019s ]
INFO: [ app_init ] --END-- [ RunTime:0.000145s ]
INFO: [ app_begin ] --START--
INFO: Run Behavior\ReadHtmlCacheBehavior [ RunTime:0.000056s ]
INFO: [ app_begin ] --END-- [ RunTime:0.000127s ]
NOTIC: [8192] mysql_connect(): The mysql extension is deprecated and will be removed in the future: use mysqli or PDO instead /var/www/html/tp3.2/ThinkPHP/Library/Think/Db/Driver/Mysql.class.php 第 52 行.
SQL: SHOW COLUMNS FROM `header1` [ RunTime:0.000390s ]
ERR: 1146:Table 'yuebao.header1' doesn't exist
 [ SQL语句 ] : SHOW COLUMNS FROM `header1`
SQL: SHOW COLUMNS FROM `header` [ RunTime:0.000474s ]
SQL: SELECT * FROM `header` WHERE ( pic='100039.png' )  [ RunTime:0.000306s ]
INFO: [ app_end ] --START--
INFO: Run Behavior\ShowPageTraceBehavior [ RunTime:0.000071s ]
INFO: [ app_end ] --END-- [ RunTime:0.000142s ]

[ 2019-01-11T15:47:45+08:00 ] 118.116.121.69 /tp3.2/index.php/home/Wx3/saveImg
INFO: [ app_init ] --START--
INFO: Run Behavior\BuildLiteBehavior [ RunTime:0.000019s ]
INFO: [ app_init ] --END-- [ RunTime:0.000148s ]
INFO: [ app_begin ] --START--
INFO: Run Behavior\ReadHtmlCacheBehavior [ RunTime:0.000062s ]
INFO: [ app_begin ] --END-- [ RunTime:0.000139s ]
NOTIC: [8] Undefined index: head_url /var/www/html/tp3.2/Application/Home/Controller/Wx3Controller.class.php 第 83 行.
NOTIC: [8192] mysql_connect(): The mysql extension is deprecated and will be removed in the future: use mysqli or PDO instead /var/www/html/tp3.2/ThinkPHP/Library/Think/Db/Driver/Mysql.class.php 第 52 行.
SQL: SHOW COLUMNS FROM `header1` [ RunTime:0.000334s ]
ERR: 1146:Table 'yuebao.header1' doesn't exist
 [ SQL语句 ] : SHOW COLUMNS FROM `header1`
SQL: SHOW COLUMNS FROM `header` [ RunTime:0.000407s ]
SQL: SELECT * FROM `header` WHERE ( pic='100039.png' )  [ RunTime:0.000199s ]
INFO: [ app_end ] --START--
INFO: Run Behavior\ShowPageTraceBehavior [ RunTime:0.000097s ]
INFO: [ app_end ] --END-- [ RunTime:0.000199s ]

[ 2019-01-11T15:48:09+08:00 ] 118.116.121.69 /tp3.2/index.php/home/Wx3/saveImg
INFO: [ app_init ] --START--
INFO: Run Behavior\BuildLiteBehavior [ RunTime:0.000020s ]
INFO: [ app_init ] --END-- [ RunTime:0.000147s ]
INFO: [ app_begin ] --START--
INFO: Run Behavior\ReadHtmlCacheBehavior [ RunTime:0.000073s ]
INFO: [ app_begin ] --END-- [ RunTime:0.000154s ]
NOTIC: [8] Undefined index: head_url /var/www/html/tp3.2/Application/Home/Controller/Wx3Controller.class.php 第 83 行.
NOTIC: [8192] mysql_connect(): The mysql extension is deprecated and will be removed in the future: use mysqli or PDO instead /var/www/html/tp3.2/ThinkPHP/Library/Think/Db/Driver/Mysql.class.php 第 52 行.
SQL: SHOW COLUMNS FROM `header1` [ RunTime:0.000396s ]
ERR: 1146:Table 'yuebao.header1' doesn't exist
 [ SQL语句 ] : SHOW COLUMNS FROM `header1`
SQL: SHOW COLUMNS FROM `header` [ RunTime:0.000460s ]
SQL: SELECT * FROM `header` WHERE ( pic='100039.png' )  [ RunTime:0.000261s ]
INFO: [ app_end ] --START--
INFO: Run Behavior\ShowPageTraceBehavior [ RunTime:0.000087s ]
INFO: [ app_end ] --END-- [ RunTime:0.000160s ]

[ 2019-01-11T15:49:24+08:00 ] 139.207.64.10 /tp3.2/index.php/home/Wx3/saveImg
INFO: [ app_init ] --START--
INFO: Run Behavior\BuildLiteBehavior [ RunTime:0.000019s ]
INFO: [ app_init ] --END-- [ RunTime:0.000141s ]
INFO: [ app_begin ] --START--
INFO: Run Behavior\ReadHtmlCacheBehavior [ RunTime:0.000055s ]
INFO: [ app_begin ] --END-- [ RunTime:0.000127s ]
NOTIC: [8192] mysql_connect(): The mysql extension is deprecated and will be removed in the future: use mysqli or PDO instead /var/www/html/tp3.2/ThinkPHP/Library/Think/Db/Driver/Mysql.class.php 第 52 行.
SQL: SHOW COLUMNS FROM `header1` [ RunTime:0.000427s ]
ERR: 1146:Table 'yuebao.header1' doesn't exist
 [ SQL语句 ] : SHOW COLUMNS FROM `header1`
SQL: SHOW COLUMNS FROM `header` [ RunTime:0.000515s ]
SQL: SELECT * FROM `header` WHERE ( pic='100033.png' )  [ RunTime:0.000337s ]
INFO: [ app_end ] --START--
INFO: Run Behavior\ShowPageTraceBehavior [ RunTime:0.000070s ]
INFO: [ app_end ] --END-- [ RunTime:0.000141s ]

[ 2019-01-11T15:51:39+08:00 ] 139.207.64.10 /tp3.2/index.php/home/Wx3/saveImg
INFO: [ app_init ] --START--
INFO: Run Behavior\BuildLiteBehavior [ RunTime:0.000019s ]
INFO: [ app_init ] --END-- [ RunTime:0.000150s ]
INFO: [ app_begin ] --START--
INFO: Run Behavior\ReadHtmlCacheBehavior [ RunTime:0.000063s ]
INFO: [ app_begin ] --END-- [ RunTime:0.000136s ]
NOTIC: [8] Undefined index: head_url /var/www/html/tp3.2/Application/Home/Controller/Wx3Controller.class.php 第 83 行.
NOTIC: [8192] mysql_connect(): The mysql extension is deprecated and will be removed in the future: use mysqli or PDO instead /var/www/html/tp3.2/ThinkPHP/Library/Think/Db/Driver/Mysql.class.php 第 52 行.
SQL: SHOW COLUMNS FROM `header1` [ RunTime:0.000536s ]
ERR: 1146:Table 'yuebao.header1' doesn't exist
 [ SQL语句 ] : SHOW COLUMNS FROM `header1`
SQL: SHOW COLUMNS FROM `header` [ RunTime:0.000508s ]
SQL: SELECT * FROM `header` WHERE ( pic='100033.png' )  [ RunTime:0.000345s ]
INFO: [ app_end ] --START--
INFO: Run Behavior\ShowPageTraceBehavior [ RunTime:0.000075s ]
INFO: [ app_end ] --END-- [ RunTime:0.000146s ]

[ 2019-01-11T15:53:01+08:00 ] 118.116.121.69 /tp3.2/index.php/home/Wx3/saveImg
INFO: [ app_init ] --START--
INFO: Run Behavior\BuildLiteBehavior [ RunTime:0.000019s ]
INFO: [ app_init ] --END-- [ RunTime:0.000232s ]
INFO: [ app_begin ] --START--
INFO: Run Behavior\ReadHtmlCacheBehavior [ RunTime:0.000176s ]
INFO: [ app_begin ] --END-- [ RunTime:0.000307s ]
NOTIC: [8192] mysql_connect(): The mysql extension is deprecated and will be removed in the future: use mysqli or PDO instead /var/www/html/tp3.2/ThinkPHP/Library/Think/Db/Driver/Mysql.class.php 第 52 行.
SQL: SHOW COLUMNS FROM `header1` [ RunTime:0.000397s ]
ERR: 1146:Table 'yuebao.header1' doesn't exist
 [ SQL语句 ] : SHOW COLUMNS FROM `header1`
SQL: SHOW COLUMNS FROM `header` [ RunTime:0.000467s ]
SQL: SELECT * FROM `header` WHERE ( pic='100039.png' )  [ RunTime:0.000286s ]
INFO: [ app_end ] --START--
INFO: Run Behavior\ShowPageTraceBehavior [ RunTime:0.000075s ]
INFO: [ app_end ] --END-- [ RunTime:0.000145s ]

[ 2019-01-11T15:54:00+08:00 ] 119.84.153.208 /tp3.2/index.php/home/Wx3/saveImg
INFO: [ app_init ] --START--
INFO: Run Behavior\BuildLiteBehavior [ RunTime:0.000019s ]
INFO: [ app_init ] --END-- [ RunTime:0.000144s ]
INFO: [ app_begin ] --START--
INFO: Run Behavior\ReadHtmlCacheBehavior [ RunTime:0.000058s ]
INFO: [ app_begin ] --END-- [ RunTime:0.000130s ]
NOTIC: [8192] mysql_connect(): The mysql extension is deprecated and will be removed in the future: use mysqli or PDO instead /var/www/html/tp3.2/ThinkPHP/Library/Think/Db/Driver/Mysql.class.php 第 52 行.
SQL: SHOW COLUMNS FROM `header1` [ RunTime:0.000371s ]
ERR: 1146:Table 'yuebao.header1' doesn't exist
 [ SQL语句 ] : SHOW COLUMNS FROM `header1`
SQL: SHOW COLUMNS FROM `header` [ RunTime:0.000516s ]
SQL: SELECT * FROM `header` WHERE ( pic='100001.png' )  [ RunTime:0.000315s ]
INFO: [ app_end ] --START--
INFO: Run Behavior\ShowPageTraceBehavior [ RunTime:0.000074s ]
INFO: [ app_end ] --END-- [ RunTime:0.000146s ]

[ 2019-01-11T15:54:12+08:00 ] 119.84.153.208 /tp3.2/index.php/home/Wx3/saveImg
INFO: [ app_init ] --START--
INFO: Run Behavior\BuildLiteBehavior [ RunTime:0.000021s ]
INFO: [ app_init ] --END-- [ RunTime:0.000157s ]
INFO: [ app_begin ] --START--
INFO: Run Behavior\ReadHtmlCacheBehavior [ RunTime:0.000152s ]
INFO: [ app_begin ] --END-- [ RunTime:0.000252s ]
NOTIC: [8192] mysql_connect(): The mysql extension is deprecated and will be removed in the future: use mysqli or PDO instead /var/www/html/tp3.2/ThinkPHP/Library/Think/Db/Driver/Mysql.class.php 第 52 行.
SQL: SHOW COLUMNS FROM `header1` [ RunTime:0.000420s ]
ERR: 1146:Table 'yuebao.header1' doesn't exist
 [ SQL语句 ] : SHOW COLUMNS FROM `header1`
SQL: SHOW COLUMNS FROM `header` [ RunTime:0.000508s ]
SQL: SELECT * FROM `header` WHERE ( pic='100001.png' )  [ RunTime:0.000347s ]
INFO: [ app_end ] --START--
INFO: Run Behavior\ShowPageTraceBehavior [ RunTime:0.000081s ]
INFO: [ app_end ] --END-- [ RunTime:0.000153s ]

[ 2019-01-11T15:54:55+08:00 ] 118.116.121.69 /tp3.2/index.php/home/Wx3/saveImg
INFO: [ app_init ] --START--
INFO: Run Behavior\BuildLiteBehavior [ RunTime:0.000019s ]
INFO: [ app_init ] --END-- [ RunTime:0.000145s ]
INFO: [ app_begin ] --START--
INFO: Run Behavior\ReadHtmlCacheBehavior [ RunTime:0.000061s ]
INFO: [ app_begin ] --END-- [ RunTime:0.000132s ]
NOTIC: [8] Undefined index: head_url /var/www/html/tp3.2/Application/Home/Controller/Wx3Controller.class.php 第 83 行.
NOTIC: [8192] mysql_connect(): The mysql extension is deprecated and will be removed in the future: use mysqli or PDO instead /var/www/html/tp3.2/ThinkPHP/Library/Think/Db/Driver/Mysql.class.php 第 52 行.
SQL: SHOW COLUMNS FROM `header1` [ RunTime:0.000640s ]
ERR: 1146:Table 'yuebao.header1' doesn't exist
 [ SQL语句 ] : SHOW COLUMNS FROM `header1`
SQL: SHOW COLUMNS FROM `header` [ RunTime:0.000527s ]
SQL: SELECT * FROM `header` WHERE ( pic='100039.png' )  [ RunTime:0.000344s ]
INFO: [ app_end ] --START--
INFO: Run Behavior\ShowPageTraceBehavior [ RunTime:0.000077s ]
INFO: [ app_end ] --END-- [ RunTime:0.000149s ]

[ 2019-01-11T15:55:35+08:00 ] 118.116.121.69 /tp3.2/index.php/home/Wx3/saveImg
INFO: [ app_init ] --START--
INFO: Run Behavior\BuildLiteBehavior [ RunTime:0.000019s ]
INFO: [ app_init ] --END-- [ RunTime:0.000152s ]
INFO: [ app_begin ] --START--
INFO: Run Behavior\ReadHtmlCacheBehavior [ RunTime:0.000057s ]
INFO: [ app_begin ] --END-- [ RunTime:0.000129s ]
NOTIC: [8192] mysql_connect(): The mysql extension is deprecated and will be removed in the future: use mysqli or PDO instead /var/www/html/tp3.2/ThinkPHP/Library/Think/Db/Driver/Mysql.class.php 第 52 行.
SQL: SHOW COLUMNS FROM `header1` [ RunTime:0.000393s ]
ERR: 1146:Table 'yuebao.header1' doesn't exist
 [ SQL语句 ] : SHOW COLUMNS FROM `header1`
SQL: SHOW COLUMNS FROM `header` [ RunTime:0.000520s ]
SQL: SELECT * FROM `header` WHERE ( pic='100039.png' )  [ RunTime:0.000382s ]
INFO: [ app_end ] --START--
INFO: Run Behavior\ShowPageTraceBehavior [ RunTime:0.000071s ]
INFO: [ app_end ] --END-- [ RunTime:0.000141s ]

[ 2019-01-11T15:56:43+08:00 ] 118.116.121.69 /tp3.2/index.php/home/Wx3/saveImg
INFO: [ app_init ] --START--
INFO: Run Behavior\BuildLiteBehavior [ RunTime:0.000020s ]
INFO: [ app_init ] --END-- [ RunTime:0.000144s ]
INFO: [ app_begin ] --START--
INFO: Run Behavior\ReadHtmlCacheBehavior [ RunTime:0.000123s ]
INFO: [ app_begin ] --END-- [ RunTime:0.000195s ]
NOTIC: [8192] mysql_connect(): The mysql extension is deprecated and will be removed in the future: use mysqli or PDO instead /var/www/html/tp3.2/ThinkPHP/Library/Think/Db/Driver/Mysql.class.php 第 52 行.
SQL: SHOW COLUMNS FROM `header1` [ RunTime:0.000416s ]
ERR: 1146:Table 'yuebao.header1' doesn't exist
 [ SQL语句 ] : SHOW COLUMNS FROM `header1`
SQL: SHOW COLUMNS FROM `header` [ RunTime:0.000422s ]
SQL: SELECT * FROM `header` WHERE ( pic='100039.png' )  [ RunTime:0.000303s ]
INFO: [ app_end ] --START--
INFO: Run Behavior\ShowPageTraceBehavior [ RunTime:0.000067s ]
INFO: [ app_end ] --END-- [ RunTime:0.000138s ]

[ 2019-01-11T16:26:58+08:00 ] 119.84.153.208 /tp3.2/index.php/home/Wx3/saveImg
INFO: [ app_init ] --START--
INFO: Run Behavior\BuildLiteBehavior [ RunTime:0.000030s ]
INFO: [ app_init ] --END-- [ RunTime:0.000281s ]
INFO: [ app_begin ] --START--
INFO: Run Behavior\ReadHtmlCacheBehavior [ RunTime:0.000118s ]
INFO: [ app_begin ] --END-- [ RunTime:0.000192s ]
NOTIC: [8192] mysql_connect(): The mysql extension is deprecated and will be removed in the future: use mysqli or PDO instead /var/www/html/tp3.2/ThinkPHP/Library/Think/Db/Driver/Mysql.class.php 第 52 行.
SQL: SHOW COLUMNS FROM `header1` [ RunTime:0.000473s ]
ERR: 1146:Table 'yuebao.header1' doesn't exist
 [ SQL语句 ] : SHOW COLUMNS FROM `header1`
SQL: SHOW COLUMNS FROM `header` [ RunTime:0.000493s ]
SQL: SELECT * FROM `header` WHERE ( pic='100001.png' )  [ RunTime:0.000360s ]
INFO: [ app_end ] --START--
INFO: Run Behavior\ShowPageTraceBehavior [ RunTime:0.000072s ]
INFO: [ app_end ] --END-- [ RunTime:0.000144s ]

[ 2019-01-11T16:29:47+08:00 ] 119.84.153.208 /tp3.2/index.php/home/Wx3/saveImg
INFO: [ app_init ] --START--
INFO: Run Behavior\BuildLiteBehavior [ RunTime:0.000019s ]
INFO: [ app_init ] --END-- [ RunTime:0.000143s ]
INFO: [ app_begin ] --START--
INFO: Run Behavior\ReadHtmlCacheBehavior [ RunTime:0.000055s ]
INFO: [ app_begin ] --END-- [ RunTime:0.000128s ]
NOTIC: [8192] mysql_connect(): The mysql extension is deprecated and will be removed in the future: use mysqli or PDO instead /var/www/html/tp3.2/ThinkPHP/Library/Think/Db/Driver/Mysql.class.php 第 52 行.
SQL: SHOW COLUMNS FROM `header1` [ RunTime:0.000428s ]
ERR: 1146:Table 'yuebao.header1' doesn't exist
 [ SQL语句 ] : SHOW COLUMNS FROM `header1`
SQL: SHOW COLUMNS FROM `header` [ RunTime:0.000519s ]
SQL: SELECT * FROM `header` WHERE ( pic='100001.png' )  [ RunTime:0.000313s ]
INFO: [ app_end ] --START--
INFO: Run Behavior\ShowPageTraceBehavior [ RunTime:0.000072s ]
INFO: [ app_end ] --END-- [ RunTime:0.000142s ]

[ 2019-01-11T16:30:02+08:00 ] 119.84.153.208 /tp3.2/index.php/home/Wx3/saveImg
INFO: [ app_init ] --START--
INFO: Run Behavior\BuildLiteBehavior [ RunTime:0.000018s ]
INFO: [ app_init ] --END-- [ RunTime:0.000145s ]
INFO: [ app_begin ] --START--
INFO: Run Behavior\ReadHtmlCacheBehavior [ RunTime:0.000056s ]
INFO: [ app_begin ] --END-- [ RunTime:0.000129s ]
NOTIC: [8192] mysql_connect(): The mysql extension is deprecated and will be removed in the future: use mysqli or PDO instead /var/www/html/tp3.2/ThinkPHP/Library/Think/Db/Driver/Mysql.class.php 第 52 行.
SQL: SHOW COLUMNS FROM `header1` [ RunTime:0.000412s ]
ERR: 1146:Table 'yuebao.header1' doesn't exist
 [ SQL语句 ] : SHOW COLUMNS FROM `header1`
SQL: SHOW COLUMNS FROM `header` [ RunTime:0.000515s ]
SQL: SELECT * FROM `header` WHERE ( pic='100001.png' )  [ RunTime:0.000328s ]
INFO: [ app_end ] --START--
INFO: Run Behavior\ShowPageTraceBehavior [ RunTime:0.000072s ]
INFO: [ app_end ] --END-- [ RunTime:0.000143s ]

[ 2019-01-11T16:30:41+08:00 ] 111.10.34.19 /tp3.2/index.php/home/Wx3/saveImg
INFO: [ app_init ] --START--
INFO: Run Behavior\BuildLiteBehavior [ RunTime:0.000019s ]
INFO: [ app_init ] --END-- [ RunTime:0.000142s ]
INFO: [ app_begin ] --START--
INFO: Run Behavior\ReadHtmlCacheBehavior [ RunTime:0.000056s ]
INFO: [ app_begin ] --END-- [ RunTime:0.000128s ]
NOTIC: [8192] mysql_connect(): The mysql extension is deprecated and will be removed in the future: use mysqli or PDO instead /var/www/html/tp3.2/ThinkPHP/Library/Think/Db/Driver/Mysql.class.php 第 52 行.
SQL: SHOW COLUMNS FROM `header1` [ RunTime:0.000429s ]
ERR: 1146:Table 'yuebao.header1' doesn't exist
 [ SQL语句 ] : SHOW COLUMNS FROM `header1`
SQL: SHOW COLUMNS FROM `header` [ RunTime:0.000509s ]
SQL: SELECT * FROM `header` WHERE ( pic='100001.png' )  [ RunTime:0.000318s ]
INFO: [ app_end ] --START--
INFO: Run Behavior\ShowPageTraceBehavior [ RunTime:0.000073s ]
INFO: [ app_end ] --END-- [ RunTime:0.000143s ]

[ 2019-01-11T16:31:48+08:00 ] 119.84.153.208 /tp3.2/index.php/home/Wx3/saveImg
INFO: [ app_init ] --START--
INFO: Run Behavior\BuildLiteBehavior [ RunTime:0.000019s ]
INFO: [ app_init ] --END-- [ RunTime:0.000146s ]
INFO: [ app_begin ] --START--
INFO: Run Behavior\ReadHtmlCacheBehavior [ RunTime:0.000057s ]
INFO: [ app_begin ] --END-- [ RunTime:0.000131s ]
NOTIC: [8192] mysql_connect(): The mysql extension is deprecated and will be removed in the future: use mysqli or PDO instead /var/www/html/tp3.2/ThinkPHP/Library/Think/Db/Driver/Mysql.class.php 第 52 行.
SQL: SHOW COLUMNS FROM `header1` [ RunTime:0.000438s ]
ERR: 1146:Table 'yuebao.header1' doesn't exist
 [ SQL语句 ] : SHOW COLUMNS FROM `header1`
SQL: SHOW COLUMNS FROM `header` [ RunTime:0.000503s ]
SQL: SELECT * FROM `header` WHERE ( pic='100001.png' )  [ RunTime:0.000350s ]
INFO: [ app_end ] --START--
INFO: Run Behavior\ShowPageTraceBehavior [ RunTime:0.000074s ]
INFO: [ app_end ] --END-- [ RunTime:0.000146s ]

[ 2019-01-11T16:32:06+08:00 ] 119.84.153.208 /tp3.2/index.php/home/Wx3/saveImg
INFO: [ app_init ] --START--
INFO: Run Behavior\BuildLiteBehavior [ RunTime:0.000019s ]
INFO: [ app_init ] --END-- [ RunTime:0.000142s ]
INFO: [ app_begin ] --START--
INFO: Run Behavior\ReadHtmlCacheBehavior [ RunTime:0.000057s ]
INFO: [ app_begin ] --END-- [ RunTime:0.000128s ]
NOTIC: [8192] mysql_connect(): The mysql extension is deprecated and will be removed in the future: use mysqli or PDO instead /var/www/html/tp3.2/ThinkPHP/Library/Think/Db/Driver/Mysql.class.php 第 52 行.
SQL: SHOW COLUMNS FROM `header1` [ RunTime:0.000385s ]
ERR: 1146:Table 'yuebao.header1' doesn't exist
 [ SQL语句 ] : SHOW COLUMNS FROM `header1`
SQL: SHOW COLUMNS FROM `header` [ RunTime:0.000460s ]
SQL: SELECT * FROM `header` WHERE ( pic='100001.png' )  [ RunTime:0.000308s ]
INFO: [ app_end ] --START--
INFO: Run Behavior\ShowPageTraceBehavior [ RunTime:0.000073s ]
INFO: [ app_end ] --END-- [ RunTime:0.000143s ]

[ 2019-01-11T16:32:23+08:00 ] 119.84.153.208 /tp3.2/index.php/home/Wx3/saveImg
INFO: [ app_init ] --START--
INFO: Run Behavior\BuildLiteBehavior [ RunTime:0.000019s ]
INFO: [ app_init ] --END-- [ RunTime:0.000153s ]
INFO: [ app_begin ] --START--
INFO: Run Behavior\ReadHtmlCacheBehavior [ RunTime:0.000059s ]
INFO: [ app_begin ] --END-- [ RunTime:0.000130s ]
NOTIC: [8192] mysql_connect(): The mysql extension is deprecated and will be removed in the future: use mysqli or PDO instead /var/www/html/tp3.2/ThinkPHP/Library/Think/Db/Driver/Mysql.class.php 第 52 行.
SQL: SHOW COLUMNS FROM `header1` [ RunTime:0.000431s ]
ERR: 1146:Table 'yuebao.header1' doesn't exist
 [ SQL语句 ] : SHOW COLUMNS FROM `header1`
SQL: SHOW COLUMNS FROM `header` [ RunTime:0.000459s ]
SQL: SELECT * FROM `header` WHERE ( pic='100001.png' )  [ RunTime:0.000299s ]
INFO: [ app_end ] --START--
INFO: Run Behavior\ShowPageTraceBehavior [ RunTime:0.000142s ]
INFO: [ app_end ] --END-- [ RunTime:0.000214s ]

[ 2019-01-11T16:34:33+08:00 ] 111.10.34.19 /tp3.2/index.php/home/Wx3/saveImg
INFO: [ app_init ] --START--
INFO: Run Behavior\BuildLiteBehavior [ RunTime:0.000019s ]
INFO: [ app_init ] --END-- [ RunTime:0.000144s ]
INFO: [ app_begin ] --START--
INFO: Run Behavior\ReadHtmlCacheBehavior [ RunTime:0.000056s ]
INFO: [ app_begin ] --END-- [ RunTime:0.000128s ]
NOTIC: [8192] mysql_connect(): The mysql extension is deprecated and will be removed in the future: use mysqli or PDO instead /var/www/html/tp3.2/ThinkPHP/Library/Think/Db/Driver/Mysql.class.php 第 52 行.
SQL: SHOW COLUMNS FROM `header1` [ RunTime:0.000443s ]
ERR: 1146:Table 'yuebao.header1' doesn't exist
 [ SQL语句 ] : SHOW COLUMNS FROM `header1`
SQL: SHOW COLUMNS FROM `header` [ RunTime:0.000501s ]
SQL: SELECT * FROM `header` WHERE ( pic='100001.png' )  [ RunTime:0.000350s ]
INFO: [ app_end ] --START--
INFO: Run Behavior\ShowPageTraceBehavior [ RunTime:0.000072s ]
INFO: [ app_end ] --END-- [ RunTime:0.000142s ]

[ 2019-01-11T16:37:19+08:00 ] 119.84.153.208 /tp3.2/index.php/home/Wx3/saveImg
INFO: [ app_init ] --START--
INFO: Run Behavior\BuildLiteBehavior [ RunTime:0.000019s ]
INFO: [ app_init ] --END-- [ RunTime:0.000146s ]
INFO: [ app_begin ] --START--
INFO: Run Behavior\ReadHtmlCacheBehavior [ RunTime:0.000060s ]
INFO: [ app_begin ] --END-- [ RunTime:0.000131s ]
NOTIC: [8192] mysql_connect(): The mysql extension is deprecated and will be removed in the future: use mysqli or PDO instead /var/www/html/tp3.2/ThinkPHP/Library/Think/Db/Driver/Mysql.class.php 第 52 行.
SQL: SHOW COLUMNS FROM `header1` [ RunTime:0.000390s ]
ERR: 1146:Table 'yuebao.header1' doesn't exist
 [ SQL语句 ] : SHOW COLUMNS FROM `header1`
SQL: SHOW COLUMNS FROM `header` [ RunTime:0.000434s ]
SQL: SELECT * FROM `header` WHERE ( pic='100001.png' )  [ RunTime:0.000265s ]
INFO: [ app_end ] --START--
INFO: Run Behavior\ShowPageTraceBehavior [ RunTime:0.000076s ]
INFO: [ app_end ] --END-- [ RunTime:0.000147s ]

[ 2019-01-11T16:44:17+08:00 ] 111.10.34.19 /tp3.2/index.php/home/Wx3/saveImg
INFO: [ app_init ] --START--
INFO: Run Behavior\BuildLiteBehavior [ RunTime:0.000019s ]
INFO: [ app_init ] --END-- [ RunTime:0.000149s ]
INFO: [ app_begin ] --START--
INFO: Run Behavior\ReadHtmlCacheBehavior [ RunTime:0.000095s ]
INFO: [ app_begin ] --END-- [ RunTime:0.000216s ]
NOTIC: [8192] mysql_connect(): The mysql extension is deprecated and will be removed in the future: use mysqli or PDO instead /var/www/html/tp3.2/ThinkPHP/Library/Think/Db/Driver/Mysql.class.php 第 52 行.
SQL: SHOW COLUMNS FROM `header1` [ RunTime:0.000435s ]
ERR: 1146:Table 'yuebao.header1' doesn't exist
 [ SQL语句 ] : SHOW COLUMNS FROM `header1`
SQL: SHOW COLUMNS FROM `header` [ RunTime:0.000456s ]
SQL: SELECT * FROM `header` WHERE ( pic='100001.png' )  [ RunTime:0.000304s ]
INFO: [ app_end ] --START--
INFO: Run Behavior\ShowPageTraceBehavior [ RunTime:0.000083s ]
INFO: [ app_end ] --END-- [ RunTime:0.000155s ]

[ 2019-01-11T17:02:07+08:00 ] 111.10.34.19 /tp3.2/index.php/home/Wx3/saveImg
INFO: [ app_init ] --START--
INFO: Run Behavior\BuildLiteBehavior [ RunTime:0.000019s ]
INFO: [ app_init ] --END-- [ RunTime:0.000145s ]
INFO: [ app_begin ] --START--
INFO: Run Behavior\ReadHtmlCacheBehavior [ RunTime:0.000060s ]
INFO: [ app_begin ] --END-- [ RunTime:0.000133s ]
NOTIC: [8192] mysql_connect(): The mysql extension is deprecated and will be removed in the future: use mysqli or PDO instead /var/www/html/tp3.2/ThinkPHP/Library/Think/Db/Driver/Mysql.class.php 第 52 行.
SQL: SHOW COLUMNS FROM `header1` [ RunTime:0.000375s ]
ERR: 1146:Table 'yuebao.header1' doesn't exist
 [ SQL语句 ] : SHOW COLUMNS FROM `header1`
SQL: SHOW COLUMNS FROM `header` [ RunTime:0.000464s ]
SQL: SELECT * FROM `header` WHERE ( pic='100001.png' )  [ RunTime:0.000305s ]
INFO: [ app_end ] --START--
INFO: Run Behavior\ShowPageTraceBehavior [ RunTime:0.000076s ]
INFO: [ app_end ] --END-- [ RunTime:0.000146s ]

[ 2019-01-11T17:02:13+08:00 ] 111.10.34.19 /tp3.2/index.php/home/Wx3/saveImg
INFO: [ app_init ] --START--
INFO: Run Behavior\BuildLiteBehavior [ RunTime:0.000024s ]
INFO: [ app_init ] --END-- [ RunTime:0.000150s ]
INFO: [ app_begin ] --START--
INFO: Run Behavior\ReadHtmlCacheBehavior [ RunTime:0.000055s ]
INFO: [ app_begin ] --END-- [ RunTime:0.000127s ]
NOTIC: [8192] mysql_connect(): The mysql extension is deprecated and will be removed in the future: use mysqli or PDO instead /var/www/html/tp3.2/ThinkPHP/Library/Think/Db/Driver/Mysql.class.php 第 52 行.
SQL: SHOW COLUMNS FROM `header1` [ RunTime:0.000415s ]
ERR: 1146:Table 'yuebao.header1' doesn't exist
 [ SQL语句 ] : SHOW COLUMNS FROM `header1`
SQL: SHOW COLUMNS FROM `header` [ RunTime:0.000556s ]
SQL: SELECT * FROM `header` WHERE ( pic='100001.png' )  [ RunTime:0.000344s ]
INFO: [ app_end ] --START--
INFO: Run Behavior\ShowPageTraceBehavior [ RunTime:0.000079s ]
INFO: [ app_end ] --END-- [ RunTime:0.000150s ]

[ 2019-01-11T17:12:28+08:00 ] 111.10.34.19 /tp3.2/index.php/home/Wx3/saveImg
INFO: [ app_init ] --START--
INFO: Run Behavior\BuildLiteBehavior [ RunTime:0.000019s ]
INFO: [ app_init ] --END-- [ RunTime:0.000152s ]
INFO: [ app_begin ] --START--
INFO: Run Behavior\ReadHtmlCacheBehavior [ RunTime:0.000057s ]
INFO: [ app_begin ] --END-- [ RunTime:0.000128s ]
NOTIC: [8192] mysql_connect(): The mysql extension is deprecated and will be removed in the future: use mysqli or PDO instead /var/www/html/tp3.2/ThinkPHP/Library/Think/Db/Driver/Mysql.class.php 第 52 行.
SQL: SHOW COLUMNS FROM `header1` [ RunTime:0.000416s ]
ERR: 1146:Table 'yuebao.header1' doesn't exist
 [ SQL语句 ] : SHOW COLUMNS FROM `header1`
SQL: SHOW COLUMNS FROM `header` [ RunTime:0.000510s ]
SQL: SELECT * FROM `header` WHERE ( pic='100001.png' )  [ RunTime:0.000337s ]
INFO: [ app_end ] --START--
INFO: Run Behavior\ShowPageTraceBehavior [ RunTime:0.000072s ]
INFO: [ app_end ] --END-- [ RunTime:0.000144s ]

[ 2019-01-11T17:31:27+08:00 ] 111.10.34.19 /tp3.2/index.php/home/Wx3/saveImg
INFO: [ app_init ] --START--
INFO: Run Behavior\BuildLiteBehavior [ RunTime:0.000019s ]
INFO: [ app_init ] --END-- [ RunTime:0.000156s ]
INFO: [ app_begin ] --START--
INFO: Run Behavior\ReadHtmlCacheBehavior [ RunTime:0.000059s ]
INFO: [ app_begin ] --END-- [ RunTime:0.000131s ]
NOTIC: [8192] mysql_connect(): The mysql extension is deprecated and will be removed in the future: use mysqli or PDO instead /var/www/html/tp3.2/ThinkPHP/Library/Think/Db/Driver/Mysql.class.php 第 52 行.
SQL: SHOW COLUMNS FROM `header1` [ RunTime:0.000431s ]
ERR: 1146:Table 'yuebao.header1' doesn't exist
 [ SQL语句 ] : SHOW COLUMNS FROM `header1`
SQL: SHOW COLUMNS FROM `header` [ RunTime:0.000516s ]
SQL: SELECT * FROM `header` WHERE ( pic='100001.png' )  [ RunTime:0.000300s ]
INFO: [ app_end ] --START--
INFO: Run Behavior\ShowPageTraceBehavior [ RunTime:0.000076s ]
INFO: [ app_end ] --END-- [ RunTime:0.000147s ]

[ 2019-01-11T17:32:26+08:00 ] 117.136.62.11 /tp3.2/index.php/home/Wx3/saveImg
INFO: [ app_init ] --START--
INFO: Run Behavior\BuildLiteBehavior [ RunTime:0.000019s ]
INFO: [ app_init ] --END-- [ RunTime:0.000142s ]
INFO: [ app_begin ] --START--
INFO: Run Behavior\ReadHtmlCacheBehavior [ RunTime:0.000055s ]
INFO: [ app_begin ] --END-- [ RunTime:0.000126s ]
NOTIC: [8192] mysql_connect(): The mysql extension is deprecated and will be removed in the future: use mysqli or PDO instead /var/www/html/tp3.2/ThinkPHP/Library/Think/Db/Driver/Mysql.class.php 第 52 行.
SQL: SHOW COLUMNS FROM `header1` [ RunTime:0.000381s ]
ERR: 1146:Table 'yuebao.header1' doesn't exist
 [ SQL语句 ] : SHOW COLUMNS FROM `header1`
SQL: SHOW COLUMNS FROM `header` [ RunTime:0.000479s ]
SQL: SELECT * FROM `header` WHERE ( pic='100039.png' )  [ RunTime:0.000285s ]
INFO: [ app_end ] --START--
INFO: Run Behavior\ShowPageTraceBehavior [ RunTime:0.000072s ]
INFO: [ app_end ] --END-- [ RunTime:0.000142s ]

[ 2019-01-11T17:34:19+08:00 ] 117.136.62.11 /tp3.2/index.php/home/Wx3/saveImg
INFO: [ app_init ] --START--
INFO: Run Behavior\BuildLiteBehavior [ RunTime:0.000019s ]
INFO: [ app_init ] --END-- [ RunTime:0.000141s ]
INFO: [ app_begin ] --START--
INFO: Run Behavior\ReadHtmlCacheBehavior [ RunTime:0.000078s ]
INFO: [ app_begin ] --END-- [ RunTime:0.000180s ]
NOTIC: [8192] mysql_connect(): The mysql extension is deprecated and will be removed in the future: use mysqli or PDO instead /var/www/html/tp3.2/ThinkPHP/Library/Think/Db/Driver/Mysql.class.php 第 52 行.
SQL: SHOW COLUMNS FROM `header1` [ RunTime:0.000399s ]
ERR: 1146:Table 'yuebao.header1' doesn't exist
 [ SQL语句 ] : SHOW COLUMNS FROM `header1`
SQL: SHOW COLUMNS FROM `header` [ RunTime:0.000523s ]
SQL: SELECT * FROM `header` WHERE ( pic='100039.png' )  [ RunTime:0.000294s ]
INFO: [ app_end ] --START--
INFO: Run Behavior\ShowPageTraceBehavior [ RunTime:0.000071s ]
INFO: [ app_end ] --END-- [ RunTime:0.000142s ]

[ 2019-01-11T17:34:26+08:00 ] 111.10.34.19 /tp3.2/index.php/home/Wx3/saveImg
INFO: [ app_init ] --START--
INFO: Run Behavior\BuildLiteBehavior [ RunTime:0.000019s ]
INFO: [ app_init ] --END-- [ RunTime:0.000191s ]
INFO: [ app_begin ] --START--
INFO: Run Behavior\ReadHtmlCacheBehavior [ RunTime:0.000062s ]
INFO: [ app_begin ] --END-- [ RunTime:0.000134s ]
NOTIC: [8192] mysql_connect(): The mysql extension is deprecated and will be removed in the future: use mysqli or PDO instead /var/www/html/tp3.2/ThinkPHP/Library/Think/Db/Driver/Mysql.class.php 第 52 行.
SQL: SHOW COLUMNS FROM `header1` [ RunTime:0.000323s ]
ERR: 1146:Table 'yuebao.header1' doesn't exist
 [ SQL语句 ] : SHOW COLUMNS FROM `header1`
SQL: SHOW COLUMNS FROM `header` [ RunTime:0.000451s ]
SQL: SELECT * FROM `header` WHERE ( pic='100001.png' )  [ RunTime:0.000324s ]
INFO: [ app_end ] --START--
INFO: Run Behavior\ShowPageTraceBehavior [ RunTime:0.000078s ]
INFO: [ app_end ] --END-- [ RunTime:0.000155s ]

[ 2019-01-11T17:36:03+08:00 ] 111.10.34.19 /tp3.2/index.php/home/Wx3/saveImg
INFO: [ app_init ] --START--
INFO: Run Behavior\BuildLiteBehavior [ RunTime:0.000030s ]
INFO: [ app_init ] --END-- [ RunTime:0.000227s ]
INFO: [ app_begin ] --START--
INFO: Run Behavior\ReadHtmlCacheBehavior [ RunTime:0.000095s ]
INFO: [ app_begin ] --END-- [ RunTime:0.000210s ]
NOTIC: [8192] mysql_connect(): The mysql extension is deprecated and will be removed in the future: use mysqli or PDO instead /var/www/html/tp3.2/ThinkPHP/Library/Think/Db/Driver/Mysql.class.php 第 52 行.
SQL: SHOW COLUMNS FROM `header1` [ RunTime:0.000316s ]
ERR: 1146:Table 'yuebao.header1' doesn't exist
 [ SQL语句 ] : SHOW COLUMNS FROM `header1`
SQL: SHOW COLUMNS FROM `header` [ RunTime:0.000434s ]
SQL: SELECT * FROM `header` WHERE ( pic='100001.png' )  [ RunTime:0.000261s ]
INFO: [ app_end ] --START--
INFO: Run Behavior\ShowPageTraceBehavior [ RunTime:0.000080s ]
INFO: [ app_end ] --END-- [ RunTime:0.000151s ]

[ 2019-01-11T17:37:05+08:00 ] 111.10.34.19 /tp3.2/index.php/home/Wx3/saveImg
INFO: [ app_init ] --START--
INFO: Run Behavior\BuildLiteBehavior [ RunTime:0.000030s ]
INFO: [ app_init ] --END-- [ RunTime:0.000227s ]
INFO: [ app_begin ] --START--
INFO: Run Behavior\ReadHtmlCacheBehavior [ RunTime:0.000084s ]
INFO: [ app_begin ] --END-- [ RunTime:0.000200s ]
NOTIC: [8192] mysql_connect(): The mysql extension is deprecated and will be removed in the future: use mysqli or PDO instead /var/www/html/tp3.2/ThinkPHP/Library/Think/Db/Driver/Mysql.class.php 第 52 行.
SQL: SHOW COLUMNS FROM `header1` [ RunTime:0.000436s ]
ERR: 1146:Table 'yuebao.header1' doesn't exist
 [ SQL语句 ] : SHOW COLUMNS FROM `header1`
SQL: SHOW COLUMNS FROM `header` [ RunTime:0.000519s ]
SQL: SELECT * FROM `header` WHERE ( pic='100001.png' )  [ RunTime:0.000317s ]
INFO: [ app_end ] --START--
INFO: Run Behavior\ShowPageTraceBehavior [ RunTime:0.000072s ]
INFO: [ app_end ] --END-- [ RunTime:0.000144s ]

[ 2019-01-11T17:37:44+08:00 ] 111.10.34.19 /tp3.2/index.php/home/Wx3/saveImg
INFO: [ app_init ] --START--
INFO: Run Behavior\BuildLiteBehavior [ RunTime:0.000019s ]
INFO: [ app_init ] --END-- [ RunTime:0.000141s ]
INFO: [ app_begin ] --START--
INFO: Run Behavior\ReadHtmlCacheBehavior [ RunTime:0.000063s ]
INFO: [ app_begin ] --END-- [ RunTime:0.000135s ]
NOTIC: [8192] mysql_connect(): The mysql extension is deprecated and will be removed in the future: use mysqli or PDO instead /var/www/html/tp3.2/ThinkPHP/Library/Think/Db/Driver/Mysql.class.php 第 52 行.
SQL: SHOW COLUMNS FROM `header1` [ RunTime:0.000394s ]
ERR: 1146:Table 'yuebao.header1' doesn't exist
 [ SQL语句 ] : SHOW COLUMNS FROM `header1`
SQL: SHOW COLUMNS FROM `header` [ RunTime:0.000466s ]
SQL: SELECT * FROM `header` WHERE ( pic='100001.png' )  [ RunTime:0.000306s ]
INFO: [ app_end ] --START--
INFO: Run Behavior\ShowPageTraceBehavior [ RunTime:0.000072s ]
INFO: [ app_end ] --END-- [ RunTime:0.000156s ]

[ 2019-01-11T17:38:07+08:00 ] 111.10.34.19 /tp3.2/index.php/home/Wx3/saveImg
INFO: [ app_init ] --START--
INFO: Run Behavior\BuildLiteBehavior [ RunTime:0.000018s ]
INFO: [ app_init ] --END-- [ RunTime:0.000147s ]
INFO: [ app_begin ] --START--
INFO: Run Behavior\ReadHtmlCacheBehavior [ RunTime:0.000059s ]
INFO: [ app_begin ] --END-- [ RunTime:0.000132s ]
NOTIC: [8192] mysql_connect(): The mysql extension is deprecated and will be removed in the future: use mysqli or PDO instead /var/www/html/tp3.2/ThinkPHP/Library/Think/Db/Driver/Mysql.class.php 第 52 行.
SQL: SHOW COLUMNS FROM `header1` [ RunTime:0.000524s ]
ERR: 1146:Table 'yuebao.header1' doesn't exist
 [ SQL语句 ] : SHOW COLUMNS FROM `header1`
SQL: SHOW COLUMNS FROM `header` [ RunTime:0.000586s ]
SQL: SELECT * FROM `header` WHERE ( pic='100001.png' )  [ RunTime:0.000333s ]
INFO: [ app_end ] --START--
INFO: Run Behavior\ShowPageTraceBehavior [ RunTime:0.000076s ]
INFO: [ app_end ] --END-- [ RunTime:0.000147s ]

[ 2019-01-11T17:40:59+08:00 ] 111.10.34.19 /tp3.2/index.php/home/Wx3/saveImg
INFO: [ app_init ] --START--
INFO: Run Behavior\BuildLiteBehavior [ RunTime:0.000029s ]
INFO: [ app_init ] --END-- [ RunTime:0.000218s ]
INFO: [ app_begin ] --START--
INFO: Run Behavior\ReadHtmlCacheBehavior [ RunTime:0.000087s ]
INFO: [ app_begin ] --END-- [ RunTime:0.000202s ]
NOTIC: [8192] mysql_connect(): The mysql extension is deprecated and will be removed in the future: use mysqli or PDO instead /var/www/html/tp3.2/ThinkPHP/Library/Think/Db/Driver/Mysql.class.php 第 52 行.
SQL: SHOW COLUMNS FROM `header1` [ RunTime:0.000480s ]
ERR: 1146:Table 'yuebao.header1' doesn't exist
 [ SQL语句 ] : SHOW COLUMNS FROM `header1`
SQL: SHOW COLUMNS FROM `header` [ RunTime:0.000441s ]
SQL: SELECT * FROM `header` WHERE ( pic='100001.png' )  [ RunTime:0.000215s ]
INFO: [ app_end ] --START--
INFO: Run Behavior\ShowPageTraceBehavior [ RunTime:0.000074s ]
INFO: [ app_end ] --END-- [ RunTime:0.000146s ]

[ 2019-01-11T17:42:26+08:00 ] 111.10.34.19 /tp3.2/index.php/home/Wx3/saveImg
INFO: [ app_init ] --START--
INFO: Run Behavior\BuildLiteBehavior [ RunTime:0.000018s ]
INFO: [ app_init ] --END-- [ RunTime:0.000141s ]
INFO: [ app_begin ] --START--
INFO: Run Behavior\ReadHtmlCacheBehavior [ RunTime:0.000056s ]
INFO: [ app_begin ] --END-- [ RunTime:0.000127s ]
NOTIC: [8192] mysql_connect(): The mysql extension is deprecated and will be removed in the future: use mysqli or PDO instead /var/www/html/tp3.2/ThinkPHP/Library/Think/Db/Driver/Mysql.class.php 第 52 行.
SQL: SHOW COLUMNS FROM `header1` [ RunTime:0.000432s ]
ERR: 1146:Table 'yuebao.header1' doesn't exist
 [ SQL语句 ] : SHOW COLUMNS FROM `header1`
SQL: SHOW COLUMNS FROM `header` [ RunTime:0.000503s ]
SQL: SELECT * FROM `header` WHERE ( pic='100001.png' )  [ RunTime:0.000409s ]
INFO: [ app_end ] --START--
INFO: Run Behavior\ShowPageTraceBehavior [ RunTime:0.000073s ]
INFO: [ app_end ] --END-- [ RunTime:0.000144s ]

[ 2019-01-11T21:59:12+08:00 ] 119.84.153.208 /tp3.2/index.php/home/Wx3/saveImg
INFO: [ app_init ] --START--
INFO: Run Behavior\BuildLiteBehavior [ RunTime:0.000019s ]
INFO: [ app_init ] --END-- [ RunTime:0.000146s ]
INFO: [ app_begin ] --START--
INFO: Run Behavior\ReadHtmlCacheBehavior [ RunTime:0.000061s ]
INFO: [ app_begin ] --END-- [ RunTime:0.000138s ]
NOTIC: [8192] mysql_connect(): The mysql extension is deprecated and will be removed in the future: use mysqli or PDO instead /var/www/html/tp3.2/ThinkPHP/Library/Think/Db/Driver/Mysql.class.php 第 52 行.
SQL: SHOW COLUMNS FROM `header1` [ RunTime:0.000394s ]
ERR: 1146:Table 'yuebao.header1' doesn't exist
 [ SQL语句 ] : SHOW COLUMNS FROM `header1`
SQL: SHOW COLUMNS FROM `header` [ RunTime:0.000536s ]
SQL: SELECT * FROM `header` WHERE ( pic='100001.png' )  [ RunTime:0.000314s ]
INFO: [ app_end ] --START--
INFO: Run Behavior\ShowPageTraceBehavior [ RunTime:0.000076s ]
INFO: [ app_end ] --END-- [ RunTime:0.000147s ]

[ 2019-01-11T21:59:23+08:00 ] 119.84.153.208 /tp3.2/index.php/home/Wx3/saveImg
INFO: [ app_init ] --START--
INFO: Run Behavior\BuildLiteBehavior [ RunTime:0.000025s ]
INFO: [ app_init ] --END-- [ RunTime:0.000151s ]
INFO: [ app_begin ] --START--
INFO: Run Behavior\ReadHtmlCacheBehavior [ RunTime:0.000056s ]
INFO: [ app_begin ] --END-- [ RunTime:0.000127s ]
NOTIC: [8192] mysql_connect(): The mysql extension is deprecated and will be removed in the future: use mysqli or PDO instead /var/www/html/tp3.2/ThinkPHP/Library/Think/Db/Driver/Mysql.class.php 第 52 行.
SQL: SHOW COLUMNS FROM `header1` [ RunTime:0.000468s ]
ERR: 1146:Table 'yuebao.header1' doesn't exist
 [ SQL语句 ] : SHOW COLUMNS FROM `header1`
SQL: SHOW COLUMNS FROM `header` [ RunTime:0.000536s ]
SQL: SELECT * FROM `header` WHERE ( pic='100001.png' )  [ RunTime:0.000334s ]
INFO: [ app_end ] --START--
INFO: Run Behavior\ShowPageTraceBehavior [ RunTime:0.000072s ]
INFO: [ app_end ] --END-- [ RunTime:0.000143s ]

