[ 2019-02-06T15:35:09+08:00 ] 171.10.162.47 /tp3.2/index.php/home/Wx3/saveImg
INFO: [ app_init ] --START--
INFO: Run Behavior\BuildLiteBehavior [ RunTime:0.000034s ]
INFO: [ app_init ] --END-- [ RunTime:0.000263s ]
INFO: [ app_begin ] --START--
INFO: Run Behavior\ReadHtmlCacheBehavior [ RunTime:0.000104s ]
INFO: [ app_begin ] --END-- [ RunTime:0.000245s ]
NOTIC: [8] Undefined index: head_url /var/www/html/tp3.2/Application/Home/Controller/Wx3Controller.class.php 第 83 行.
NOTIC: [8192] mysql_connect(): The mysql extension is deprecated and will be removed in the future: use mysqli or PDO instead /var/www/html/tp3.2/ThinkPHP/Library/Think/Db/Driver/Mysql.class.php 第 52 行.
SQL: SHOW COLUMNS FROM `header1` [ RunTime:0.000420s ]
ERR: 1146:Table 'yuebao.header1' doesn't exist
 [ SQL语句 ] : SHOW COLUMNS FROM `header1`
SQL: SHOW COLUMNS FROM `header` [ RunTime:0.000471s ]
SQL: SELECT * FROM `header` WHERE ( pic='100088.png' )  [ RunTime:0.000307s ]
SQL: INSERT INTO `header` (`uid`,`url`,`pic`,`save_url`) VALUES (100088,null,'100088.png','http://caiyunyigou.com/tp3.2/Public/upload/header1/100088.png') [ RunTime:0.000226s ]
INFO: [ app_end ] --START--
INFO: Run Behavior\ShowPageTraceBehavior [ RunTime:0.000085s ]
INFO: [ app_end ] --END-- [ RunTime:0.000162s ]

[ 2019-02-06T15:35:24+08:00 ] 171.10.162.47 /tp3.2/index.php/home/Wx3/saveImg
INFO: [ app_init ] --START--
INFO: Run Behavior\BuildLiteBehavior [ RunTime:0.000023s ]
INFO: [ app_init ] --END-- [ RunTime:0.000166s ]
INFO: [ app_begin ] --START--
INFO: Run Behavior\ReadHtmlCacheBehavior [ RunTime:0.000143s ]
INFO: [ app_begin ] --END-- [ RunTime:0.000250s ]
NOTIC: [8192] mysql_connect(): The mysql extension is deprecated and will be removed in the future: use mysqli or PDO instead /var/www/html/tp3.2/ThinkPHP/Library/Think/Db/Driver/Mysql.class.php 第 52 行.
SQL: SHOW COLUMNS FROM `header1` [ RunTime:0.000470s ]
ERR: 1146:Table 'yuebao.header1' doesn't exist
 [ SQL语句 ] : SHOW COLUMNS FROM `header1`
SQL: SHOW COLUMNS FROM `header` [ RunTime:0.000481s ]
SQL: SELECT * FROM `header` WHERE ( pic='100088.png' )  [ RunTime:0.000355s ]
INFO: [ app_end ] --START--
INFO: Run Behavior\ShowPageTraceBehavior [ RunTime:0.000086s ]
INFO: [ app_end ] --END-- [ RunTime:0.000162s ]

[ 2019-02-06T15:43:48+08:00 ] 123.151.148.56 /tp3.2/index.php/home/Wx3/saveImg
INFO: [ app_init ] --START--
INFO: Run Behavior\BuildLiteBehavior [ RunTime:0.000020s ]
INFO: [ app_init ] --END-- [ RunTime:0.000207s ]
INFO: [ app_begin ] --START--
INFO: Run Behavior\ReadHtmlCacheBehavior [ RunTime:0.000058s ]
INFO: [ app_begin ] --END-- [ RunTime:0.000139s ]
NOTIC: [8192] mysql_connect(): The mysql extension is deprecated and will be removed in the future: use mysqli or PDO instead /var/www/html/tp3.2/ThinkPHP/Library/Think/Db/Driver/Mysql.class.php 第 52 行.
SQL: SHOW COLUMNS FROM `header1` [ RunTime:0.000449s ]
ERR: 1146:Table 'yuebao.header1' doesn't exist
 [ SQL语句 ] : SHOW COLUMNS FROM `header1`
SQL: SHOW COLUMNS FROM `header` [ RunTime:0.000501s ]
SQL: SELECT * FROM `header` WHERE ( pic='100089.png' )  [ RunTime:0.000359s ]
SQL: INSERT INTO `header` (`uid`,`url`,`pic`,`save_url`) VALUES (100089,'http://thirdwx.qlogo.cn/mmopen/vi_32/Q0j4TwGTfTJtLfqFibHjic2LhlHpsGMXD2ibGtNAt9Sg9WiaqhL72O6pVVHpfys6RRS0VwbQeyreWxDvKpEeAA6Q5A/132','100089.png','http://caiyunyigou.com/tp3.2/Public/upload/header1/100089.png') [ RunTime:0.000366s ]
INFO: [ app_end ] --START--
INFO: Run Behavior\ShowPageTraceBehavior [ RunTime:0.000072s ]
INFO: [ app_end ] --END-- [ RunTime:0.000162s ]

