[ 2019-07-22T09:53:40+08:00 ] 39.98.241.250 /tp3.2/index.php/admin/wx/getTicket
INFO: [ app_init ] --START--
INFO: Run Behavior\BuildLiteBehavior [ RunTime:0.000009s ]
INFO: [ app_init ] --END-- [ RunTime:0.000204s ]
INFO: [ app_begin ] --START--
INFO: Run Behavior\ReadHtmlCacheBehavior [ RunTime:0.000272s ]
INFO: [ app_begin ] --END-- [ RunTime:0.000300s ]
ERR: 数据为:{"uid":100017,"header_url":"http://39.98.241.250/header/Public/upload/header/100017.png"}
ERR: uid为:100017
ERR: 头像地址为:http://39.98.241.250/header/Public/upload/header/100017.png
NOTIC: [8192] mysql_connect(): The mysql extension is deprecated and will be removed in the future: use mysqli or PDO instead /var/www/html/tp3.2/ThinkPHP/Library/Think/Db/Driver/Mysql.class.php 第 52 行.
SQL: SHOW COLUMNS FROM `header` [ RunTime:0.000738s ]
SQL: SELECT * FROM `header` WHERE ( pic='100017.png' )  [ RunTime:0.000317s ]
ERR: json数据为:{"uid":100017,"url":"http:\/\/39.98.241.250\/code8\/100017.png"}
INFO: [ app_end ] --START--
INFO: Run Behavior\ShowPageTraceBehavior [ RunTime:0.000364s ]
INFO: [ app_end ] --END-- [ RunTime:0.000404s ]

[ 2019-07-22T09:57:36+08:00 ] 39.98.241.250 /tp3.2/index.php/admin/wx/getTicket
INFO: [ app_init ] --START--
INFO: Run Behavior\BuildLiteBehavior [ RunTime:0.000019s ]
INFO: [ app_init ] --END-- [ RunTime:0.000208s ]
INFO: [ app_begin ] --START--
INFO: Run Behavior\ReadHtmlCacheBehavior [ RunTime:0.000252s ]
INFO: [ app_begin ] --END-- [ RunTime:0.000279s ]
ERR: 数据为:{"uid":100008,"header_url":"http://39.98.241.250/header/Public/upload/header/100008.png"}
ERR: uid为:100008
ERR: 头像地址为:http://39.98.241.250/header/Public/upload/header/100008.png
NOTIC: [8192] mysql_connect(): The mysql extension is deprecated and will be removed in the future: use mysqli or PDO instead /var/www/html/tp3.2/ThinkPHP/Library/Think/Db/Driver/Mysql.class.php 第 52 行.
SQL: SHOW COLUMNS FROM `header` [ RunTime:0.002015s ]
SQL: SELECT * FROM `header` WHERE ( pic='100008.png' )  [ RunTime:0.000294s ]
ERR: json数据为:{"uid":100008,"url":"http:\/\/39.98.241.250\/code8\/100008.png"}
INFO: [ app_end ] --START--
INFO: Run Behavior\ShowPageTraceBehavior [ RunTime:0.000393s ]
INFO: [ app_end ] --END-- [ RunTime:0.000442s ]

[ 2019-07-22T10:28:43+08:00 ] 39.98.241.250 /tp3.2/index.php/admin/wx/getTicket
INFO: [ app_init ] --START--
INFO: Run Behavior\BuildLiteBehavior [ RunTime:0.000011s ]
INFO: [ app_init ] --END-- [ RunTime:0.000249s ]
INFO: [ app_begin ] --START--
INFO: Run Behavior\ReadHtmlCacheBehavior [ RunTime:0.000276s ]
INFO: [ app_begin ] --END-- [ RunTime:0.000304s ]
ERR: 数据为:{"uid":100006,"header_url":"http://39.98.241.250/header/Public/upload/header/100006.png"}
ERR: uid为:100006
ERR: 头像地址为:http://39.98.241.250/header/Public/upload/header/100006.png
NOTIC: [8192] mysql_connect(): The mysql extension is deprecated and will be removed in the future: use mysqli or PDO instead /var/www/html/tp3.2/ThinkPHP/Library/Think/Db/Driver/Mysql.class.php 第 52 行.
SQL: SHOW COLUMNS FROM `header` [ RunTime:0.000880s ]
SQL: SELECT * FROM `header` WHERE ( pic='100006.png' )  [ RunTime:0.000336s ]
ERR: json数据为:{"uid":100006,"url":"http:\/\/39.98.241.250\/code8\/100006.png"}
INFO: [ app_end ] --START--
INFO: Run Behavior\ShowPageTraceBehavior [ RunTime:0.000373s ]
INFO: [ app_end ] --END-- [ RunTime:0.000410s ]

[ 2019-07-22T23:59:24+08:00 ] 39.98.241.250 /tp3.2/index.php/admin/wx/getTicket
INFO: [ app_init ] --START--
INFO: Run Behavior\BuildLiteBehavior [ RunTime:0.000009s ]
INFO: [ app_init ] --END-- [ RunTime:0.000195s ]
INFO: [ app_begin ] --START--
INFO: Run Behavior\ReadHtmlCacheBehavior [ RunTime:0.000252s ]
INFO: [ app_begin ] --END-- [ RunTime:0.000278s ]
ERR: 数据为:{"uid":100006,"header_url":"http://39.98.241.250/header/Public/upload/header/100006.png"}
ERR: uid为:100006
ERR: 头像地址为:http://39.98.241.250/header/Public/upload/header/100006.png
NOTIC: [8192] mysql_connect(): The mysql extension is deprecated and will be removed in the future: use mysqli or PDO instead /var/www/html/tp3.2/ThinkPHP/Library/Think/Db/Driver/Mysql.class.php 第 52 行.
SQL: SHOW COLUMNS FROM `header` [ RunTime:0.000729s ]
SQL: SELECT * FROM `header` WHERE ( pic='100006.png' )  [ RunTime:0.000307s ]
ERR: json数据为:{"uid":100006,"url":"http:\/\/39.98.241.250\/code8\/100006.png"}
INFO: [ app_end ] --START--
INFO: Run Behavior\ShowPageTraceBehavior [ RunTime:0.000392s ]
INFO: [ app_end ] --END-- [ RunTime:0.000428s ]

[ 2019-07-22T18:23:57+08:00 ] 39.98.241.250 /tp3.2/index.php/admin/wx/getTicket
INFO: [ app_init ] --START--
INFO: Run Behavior\BuildLiteBehavior [ RunTime:0.000009s ]
INFO: [ app_init ] --END-- [ RunTime:0.000208s ]
INFO: [ app_begin ] --START--
INFO: Run Behavior\ReadHtmlCacheBehavior [ RunTime:0.000281s ]
INFO: [ app_begin ] --END-- [ RunTime:0.000309s ]
ERR: 数据为:{"uid":100024,"header_url":""}
ERR: uid为:100024
ERR: 头像地址为:
NOTIC: [8192] mysql_connect(): The mysql extension is deprecated and will be removed in the future: use mysqli or PDO instead /var/www/html/tp3.2/ThinkPHP/Library/Think/Db/Driver/Mysql.class.php 第 52 行.
SQL: SHOW COLUMNS FROM `header` [ RunTime:0.000748s ]
SQL: SELECT * FROM `header` WHERE ( pic='100024.png' )  [ RunTime:0.000300s ]
SQL: INSERT INTO `header` (`uid`,`url`,`pic`,`save_url`) VALUES (100024,'http://39.98.241.250/tp3.2/Public/upload/empty/robot.png','100024.png','http://39.98.241.250/tp3.2/Public/upload/header/100024.png') [ RunTime:0.000298s ]
ERR: json数据为:{"uid":100024,"url":"http:\/\/39.98.241.250\/code8\/100024.png"}
ERR: 头像地址为空
INFO: [ app_end ] --START--
INFO: Run Behavior\ShowPageTraceBehavior [ RunTime:0.000381s ]
INFO: [ app_end ] --END-- [ RunTime:0.000418s ]

[ 2019-07-22T18:25:59+08:00 ] 39.98.241.250 /tp3.2/index.php/admin/wx/getTicket
INFO: [ app_init ] --START--
INFO: Run Behavior\BuildLiteBehavior [ RunTime:0.000009s ]
INFO: [ app_init ] --END-- [ RunTime:0.000211s ]
INFO: [ app_begin ] --START--
INFO: Run Behavior\ReadHtmlCacheBehavior [ RunTime:0.000309s ]
INFO: [ app_begin ] --END-- [ RunTime:0.000340s ]
ERR: 数据为:{"uid":100024,"header_url":""}
ERR: uid为:100024
ERR: 头像地址为:
NOTIC: [8192] mysql_connect(): The mysql extension is deprecated and will be removed in the future: use mysqli or PDO instead /var/www/html/tp3.2/ThinkPHP/Library/Think/Db/Driver/Mysql.class.php 第 52 行.
SQL: SHOW COLUMNS FROM `header` [ RunTime:0.000723s ]
SQL: SELECT * FROM `header` WHERE ( pic='100024.png' )  [ RunTime:0.000289s ]
ERR: json数据为:{"uid":100024,"url":"http:\/\/39.98.241.250\/code8\/100024.png"}
ERR: 头像地址为空
INFO: [ app_end ] --START--
INFO: Run Behavior\ShowPageTraceBehavior [ RunTime:0.000362s ]
INFO: [ app_end ] --END-- [ RunTime:0.000398s ]

[ 2019-07-22T18:26:27+08:00 ] 39.98.241.250 /tp3.2/index.php/admin/wx/getTicket
INFO: [ app_init ] --START--
INFO: Run Behavior\BuildLiteBehavior [ RunTime:0.000009s ]
INFO: [ app_init ] --END-- [ RunTime:0.000221s ]
INFO: [ app_begin ] --START--
INFO: Run Behavior\ReadHtmlCacheBehavior [ RunTime:0.000263s ]
INFO: [ app_begin ] --END-- [ RunTime:0.000291s ]
ERR: 数据为:{"uid":100024,"header_url":""}
ERR: uid为:100024
ERR: 头像地址为:
NOTIC: [8192] mysql_connect(): The mysql extension is deprecated and will be removed in the future: use mysqli or PDO instead /var/www/html/tp3.2/ThinkPHP/Library/Think/Db/Driver/Mysql.class.php 第 52 行.
SQL: SHOW COLUMNS FROM `header` [ RunTime:0.000768s ]
SQL: SELECT * FROM `header` WHERE ( pic='100024.png' )  [ RunTime:0.000326s ]
ERR: json数据为:{"uid":100024,"url":"http:\/\/39.98.241.250\/code8\/100024.png"}
ERR: 头像地址为空
INFO: [ app_end ] --START--
INFO: Run Behavior\ShowPageTraceBehavior [ RunTime:0.000355s ]
INFO: [ app_end ] --END-- [ RunTime:0.000392s ]

[ 2019-07-22T18:26:55+08:00 ] 39.98.241.250 /tp3.2/index.php/admin/wx/getTicket
INFO: [ app_init ] --START--
INFO: Run Behavior\BuildLiteBehavior [ RunTime:0.000009s ]
INFO: [ app_init ] --END-- [ RunTime:0.000194s ]
INFO: [ app_begin ] --START--
INFO: Run Behavior\ReadHtmlCacheBehavior [ RunTime:0.000271s ]
INFO: [ app_begin ] --END-- [ RunTime:0.000297s ]
ERR: 数据为:{"uid":100024,"header_url":""}
ERR: uid为:100024
ERR: 头像地址为:
NOTIC: [8192] mysql_connect(): The mysql extension is deprecated and will be removed in the future: use mysqli or PDO instead /var/www/html/tp3.2/ThinkPHP/Library/Think/Db/Driver/Mysql.class.php 第 52 行.
SQL: SHOW COLUMNS FROM `header` [ RunTime:0.000749s ]
SQL: SELECT * FROM `header` WHERE ( pic='100024.png' )  [ RunTime:0.000452s ]
ERR: json数据为:{"uid":100024,"url":"http:\/\/39.98.241.250\/code8\/100024.png"}
ERR: 头像地址为空
INFO: [ app_end ] --START--
INFO: Run Behavior\ShowPageTraceBehavior [ RunTime:0.000377s ]
INFO: [ app_end ] --END-- [ RunTime:0.000411s ]

[ 2019-07-22T18:27:42+08:00 ] 39.98.241.250 /tp3.2/index.php/admin/wx/getTicket
INFO: [ app_init ] --START--
INFO: Run Behavior\BuildLiteBehavior [ RunTime:0.000010s ]
INFO: [ app_init ] --END-- [ RunTime:0.000215s ]
INFO: [ app_begin ] --START--
INFO: Run Behavior\ReadHtmlCacheBehavior [ RunTime:0.000298s ]
INFO: [ app_begin ] --END-- [ RunTime:0.000326s ]
ERR: 数据为:{"uid":100024,"header_url":""}
ERR: uid为:100024
ERR: 头像地址为:
NOTIC: [8192] mysql_connect(): The mysql extension is deprecated and will be removed in the future: use mysqli or PDO instead /var/www/html/tp3.2/ThinkPHP/Library/Think/Db/Driver/Mysql.class.php 第 52 行.
SQL: SHOW COLUMNS FROM `header` [ RunTime:0.000740s ]
SQL: SELECT * FROM `header` WHERE ( pic='100024.png' )  [ RunTime:0.000334s ]
ERR: json数据为:{"uid":100024,"url":"http:\/\/39.98.241.250\/code8\/100024.png"}
ERR: 头像地址为空
INFO: [ app_end ] --START--
INFO: Run Behavior\ShowPageTraceBehavior [ RunTime:0.000359s ]
INFO: [ app_end ] --END-- [ RunTime:0.000396s ]

[ 2019-07-22T18:32:29+08:00 ] 39.98.241.250 /tp3.2/index.php/admin/wx/getTicket
INFO: [ app_init ] --START--
INFO: Run Behavior\BuildLiteBehavior [ RunTime:0.000010s ]
INFO: [ app_init ] --END-- [ RunTime:0.000220s ]
INFO: [ app_begin ] --START--
INFO: Run Behavior\ReadHtmlCacheBehavior [ RunTime:0.000264s ]
INFO: [ app_begin ] --END-- [ RunTime:0.000292s ]
ERR: 数据为:{"uid":100025,"header_url":""}
ERR: uid为:100025
ERR: 头像地址为:
NOTIC: [8192] mysql_connect(): The mysql extension is deprecated and will be removed in the future: use mysqli or PDO instead /var/www/html/tp3.2/ThinkPHP/Library/Think/Db/Driver/Mysql.class.php 第 52 行.
SQL: SHOW COLUMNS FROM `header` [ RunTime:0.000808s ]
SQL: SELECT * FROM `header` WHERE ( pic='100025.png' )  [ RunTime:0.000315s ]
SQL: INSERT INTO `header` (`uid`,`url`,`pic`,`save_url`) VALUES (100025,'http://39.98.241.250/tp3.2/Public/upload/empty/robot.png','100025.png','http://39.98.241.250/tp3.2/Public/upload/header/100025.png') [ RunTime:0.000317s ]
ERR: json数据为:{"uid":100025,"url":"http:\/\/39.98.241.250\/code8\/100025.png"}
ERR: 头像地址为空
INFO: [ app_end ] --START--
INFO: Run Behavior\ShowPageTraceBehavior [ RunTime:0.000376s ]
INFO: [ app_end ] --END-- [ RunTime:0.000426s ]

[ 2019-07-22T18:32:45+08:00 ] 39.98.241.250 /tp3.2/index.php/admin/wx/getTicket
INFO: [ app_init ] --START--
INFO: Run Behavior\BuildLiteBehavior [ RunTime:0.000010s ]
INFO: [ app_init ] --END-- [ RunTime:0.000207s ]
INFO: [ app_begin ] --START--
INFO: Run Behavior\ReadHtmlCacheBehavior [ RunTime:0.000269s ]
INFO: [ app_begin ] --END-- [ RunTime:0.000297s ]
ERR: 数据为:{"uid":100024,"header_url":""}
ERR: uid为:100024
ERR: 头像地址为:
NOTIC: [8192] mysql_connect(): The mysql extension is deprecated and will be removed in the future: use mysqli or PDO instead /var/www/html/tp3.2/ThinkPHP/Library/Think/Db/Driver/Mysql.class.php 第 52 行.
SQL: SHOW COLUMNS FROM `header` [ RunTime:0.000757s ]
SQL: SELECT * FROM `header` WHERE ( pic='100024.png' )  [ RunTime:0.000308s ]
ERR: json数据为:{"uid":100024,"url":"http:\/\/39.98.241.250\/code8\/100024.png"}
ERR: 头像地址为空
INFO: [ app_end ] --START--
INFO: Run Behavior\ShowPageTraceBehavior [ RunTime:0.000435s ]
INFO: [ app_end ] --END-- [ RunTime:0.000471s ]

[ 2019-07-22T20:03:12+08:00 ] 39.98.241.250 /tp3.2/index.php/admin/wx/getTicket
INFO: [ app_init ] --START--
INFO: Run Behavior\BuildLiteBehavior [ RunTime:0.000009s ]
INFO: [ app_init ] --END-- [ RunTime:0.000208s ]
INFO: [ app_begin ] --START--
INFO: Run Behavior\ReadHtmlCacheBehavior [ RunTime:0.000267s ]
INFO: [ app_begin ] --END-- [ RunTime:0.000296s ]
ERR: 数据为:{"uid":100018,"header_url":"http://39.98.241.250/header/Public/upload/header/100018.png"}
ERR: uid为:100018
ERR: 头像地址为:http://39.98.241.250/header/Public/upload/header/100018.png
NOTIC: [8192] mysql_connect(): The mysql extension is deprecated and will be removed in the future: use mysqli or PDO instead /var/www/html/tp3.2/ThinkPHP/Library/Think/Db/Driver/Mysql.class.php 第 52 行.
SQL: SHOW COLUMNS FROM `header` [ RunTime:0.000797s ]
SQL: SELECT * FROM `header` WHERE ( pic='100018.png' )  [ RunTime:0.000316s ]
ERR: json数据为:{"uid":100018,"url":"http:\/\/39.98.241.250\/code8\/100018.png"}
INFO: [ app_end ] --START--
INFO: Run Behavior\ShowPageTraceBehavior [ RunTime:0.000376s ]
INFO: [ app_end ] --END-- [ RunTime:0.000421s ]

[ 2019-07-22T20:06:54+08:00 ] 39.98.241.250 /tp3.2/index.php/admin/wx/getTicket
INFO: [ app_init ] --START--
INFO: Run Behavior\BuildLiteBehavior [ RunTime:0.000010s ]
INFO: [ app_init ] --END-- [ RunTime:0.000235s ]
INFO: [ app_begin ] --START--
INFO: Run Behavior\ReadHtmlCacheBehavior [ RunTime:0.000257s ]
INFO: [ app_begin ] --END-- [ RunTime:0.000284s ]
ERR: 数据为:{"uid":100018,"header_url":"http://39.98.241.250/header/Public/upload/header/100018.png"}
ERR: uid为:100018
ERR: 头像地址为:http://39.98.241.250/header/Public/upload/header/100018.png
NOTIC: [8192] mysql_connect(): The mysql extension is deprecated and will be removed in the future: use mysqli or PDO instead /var/www/html/tp3.2/ThinkPHP/Library/Think/Db/Driver/Mysql.class.php 第 52 行.
SQL: SHOW COLUMNS FROM `header` [ RunTime:0.000730s ]
SQL: SELECT * FROM `header` WHERE ( pic='100018.png' )  [ RunTime:0.000289s ]
ERR: json数据为:{"uid":100018,"url":"http:\/\/39.98.241.250\/code8\/100018.png"}
INFO: [ app_end ] --START--
INFO: Run Behavior\ShowPageTraceBehavior [ RunTime:0.000457s ]
INFO: [ app_end ] --END-- [ RunTime:0.000495s ]

[ 2019-07-22T20:08:02+08:00 ] 39.98.241.250 /tp3.2/index.php/admin/wx/getTicket
INFO: [ app_init ] --START--
INFO: Run Behavior\BuildLiteBehavior [ RunTime:0.000010s ]
INFO: [ app_init ] --END-- [ RunTime:0.000214s ]
INFO: [ app_begin ] --START--
INFO: Run Behavior\ReadHtmlCacheBehavior [ RunTime:0.000286s ]
INFO: [ app_begin ] --END-- [ RunTime:0.000315s ]
ERR: 数据为:{"uid":100018,"header_url":"http://39.98.241.250/header/Public/upload/header/100018.png"}
ERR: uid为:100018
ERR: 头像地址为:http://39.98.241.250/header/Public/upload/header/100018.png
NOTIC: [8192] mysql_connect(): The mysql extension is deprecated and will be removed in the future: use mysqli or PDO instead /var/www/html/tp3.2/ThinkPHP/Library/Think/Db/Driver/Mysql.class.php 第 52 行.
SQL: SHOW COLUMNS FROM `header` [ RunTime:0.000787s ]
SQL: SELECT * FROM `header` WHERE ( pic='100018.png' )  [ RunTime:0.000338s ]
ERR: json数据为:{"uid":100018,"url":"http:\/\/39.98.241.250\/code8\/100018.png"}
INFO: [ app_end ] --START--
INFO: Run Behavior\ShowPageTraceBehavior [ RunTime:0.000355s ]
INFO: [ app_end ] --END-- [ RunTime:0.000393s ]

[ 2019-07-22T20:13:24+08:00 ] 39.98.241.250 /tp3.2/index.php/admin/wx/getTicket
INFO: [ app_init ] --START--
INFO: Run Behavior\BuildLiteBehavior [ RunTime:0.000009s ]
INFO: [ app_init ] --END-- [ RunTime:0.000222s ]
INFO: [ app_begin ] --START--
INFO: Run Behavior\ReadHtmlCacheBehavior [ RunTime:0.000268s ]
INFO: [ app_begin ] --END-- [ RunTime:0.000296s ]
ERR: 数据为:{"uid":100018,"header_url":"http://39.98.241.250/header/Public/upload/header/100018.png"}
ERR: uid为:100018
ERR: 头像地址为:http://39.98.241.250/header/Public/upload/header/100018.png
NOTIC: [8192] mysql_connect(): The mysql extension is deprecated and will be removed in the future: use mysqli or PDO instead /var/www/html/tp3.2/ThinkPHP/Library/Think/Db/Driver/Mysql.class.php 第 52 行.
SQL: SHOW COLUMNS FROM `header` [ RunTime:0.000726s ]
SQL: SELECT * FROM `header` WHERE ( pic='100018.png' )  [ RunTime:0.000298s ]
ERR: json数据为:{"uid":100018,"url":"http:\/\/39.98.241.250\/code8\/100018.png"}
INFO: [ app_end ] --START--
INFO: Run Behavior\ShowPageTraceBehavior [ RunTime:0.000350s ]
INFO: [ app_end ] --END-- [ RunTime:0.000399s ]

[ 2019-07-22T20:15:16+08:00 ] 39.98.241.250 /tp3.2/index.php/admin/wx/getTicket
INFO: [ app_init ] --START--
INFO: Run Behavior\BuildLiteBehavior [ RunTime:0.000010s ]
INFO: [ app_init ] --END-- [ RunTime:0.000217s ]
INFO: [ app_begin ] --START--
INFO: Run Behavior\ReadHtmlCacheBehavior [ RunTime:0.000313s ]
INFO: [ app_begin ] --END-- [ RunTime:0.000343s ]
ERR: 数据为:{"uid":100018,"header_url":"http://39.98.241.250/header/Public/upload/header/100018.png"}
ERR: uid为:100018
ERR: 头像地址为:http://39.98.241.250/header/Public/upload/header/100018.png
NOTIC: [8192] mysql_connect(): The mysql extension is deprecated and will be removed in the future: use mysqli or PDO instead /var/www/html/tp3.2/ThinkPHP/Library/Think/Db/Driver/Mysql.class.php 第 52 行.
SQL: SHOW COLUMNS FROM `header` [ RunTime:0.000718s ]
SQL: SELECT * FROM `header` WHERE ( pic='100018.png' )  [ RunTime:0.000308s ]
ERR: json数据为:{"uid":100018,"url":"http:\/\/39.98.241.250\/code8\/100018.png"}
INFO: [ app_end ] --START--
INFO: Run Behavior\ShowPageTraceBehavior [ RunTime:0.000356s ]
INFO: [ app_end ] --END-- [ RunTime:0.000393s ]

[ 2019-07-22T20:15:49+08:00 ] 39.98.241.250 /tp3.2/index.php/admin/wx/getTicket
INFO: [ app_init ] --START--
INFO: Run Behavior\BuildLiteBehavior [ RunTime:0.000011s ]
INFO: [ app_init ] --END-- [ RunTime:0.000233s ]
INFO: [ app_begin ] --START--
INFO: Run Behavior\ReadHtmlCacheBehavior [ RunTime:0.000265s ]
INFO: [ app_begin ] --END-- [ RunTime:0.000292s ]
ERR: 数据为:{"uid":100018,"header_url":"http://39.98.241.250/header/Public/upload/header/100018.png"}
ERR: uid为:100018
ERR: 头像地址为:http://39.98.241.250/header/Public/upload/header/100018.png
NOTIC: [8192] mysql_connect(): The mysql extension is deprecated and will be removed in the future: use mysqli or PDO instead /var/www/html/tp3.2/ThinkPHP/Library/Think/Db/Driver/Mysql.class.php 第 52 行.
SQL: SHOW COLUMNS FROM `header` [ RunTime:0.000719s ]
SQL: SELECT * FROM `header` WHERE ( pic='100018.png' )  [ RunTime:0.000317s ]
ERR: json数据为:{"uid":100018,"url":"http:\/\/39.98.241.250\/code8\/100018.png"}
INFO: [ app_end ] --START--
INFO: Run Behavior\ShowPageTraceBehavior [ RunTime:0.000343s ]
INFO: [ app_end ] --END-- [ RunTime:0.000379s ]

[ 2019-07-22T20:19:06+08:00 ] 39.98.241.250 /tp3.2/index.php/admin/wx/getTicket
INFO: [ app_init ] --START--
INFO: Run Behavior\BuildLiteBehavior [ RunTime:0.000010s ]
INFO: [ app_init ] --END-- [ RunTime:0.000219s ]
INFO: [ app_begin ] --START--
INFO: Run Behavior\ReadHtmlCacheBehavior [ RunTime:0.000269s ]
INFO: [ app_begin ] --END-- [ RunTime:0.000297s ]
ERR: 数据为:{"uid":100018,"header_url":"http://39.98.241.250/header/Public/upload/header/100018.png"}
ERR: uid为:100018
ERR: 头像地址为:http://39.98.241.250/header/Public/upload/header/100018.png
NOTIC: [8192] mysql_connect(): The mysql extension is deprecated and will be removed in the future: use mysqli or PDO instead /var/www/html/tp3.2/ThinkPHP/Library/Think/Db/Driver/Mysql.class.php 第 52 行.
SQL: SHOW COLUMNS FROM `header` [ RunTime:0.000760s ]
SQL: SELECT * FROM `header` WHERE ( pic='100018.png' )  [ RunTime:0.000330s ]
ERR: json数据为:{"uid":100018,"url":"http:\/\/39.98.241.250\/code8\/100018.png"}
INFO: [ app_end ] --START--
INFO: Run Behavior\ShowPageTraceBehavior [ RunTime:0.000352s ]
INFO: [ app_end ] --END-- [ RunTime:0.000387s ]

[ 2019-07-22T20:19:54+08:00 ] 39.98.241.250 /tp3.2/index.php/admin/wx/getTicket
INFO: [ app_init ] --START--
INFO: Run Behavior\BuildLiteBehavior [ RunTime:0.000009s ]
INFO: [ app_init ] --END-- [ RunTime:0.000208s ]
INFO: [ app_begin ] --START--
INFO: Run Behavior\ReadHtmlCacheBehavior [ RunTime:0.000313s ]
INFO: [ app_begin ] --END-- [ RunTime:0.000349s ]
ERR: 数据为:{"uid":100018,"header_url":"http://39.98.241.250/header/Public/upload/header/100018.png"}
ERR: uid为:100018
ERR: 头像地址为:http://39.98.241.250/header/Public/upload/header/100018.png
NOTIC: [8192] mysql_connect(): The mysql extension is deprecated and will be removed in the future: use mysqli or PDO instead /var/www/html/tp3.2/ThinkPHP/Library/Think/Db/Driver/Mysql.class.php 第 52 行.
SQL: SHOW COLUMNS FROM `header` [ RunTime:0.000759s ]
SQL: SELECT * FROM `header` WHERE ( pic='100018.png' )  [ RunTime:0.000342s ]
ERR: json数据为:{"uid":100018,"url":"http:\/\/39.98.241.250\/code8\/100018.png"}
INFO: [ app_end ] --START--
INFO: Run Behavior\ShowPageTraceBehavior [ RunTime:0.000336s ]
INFO: [ app_end ] --END-- [ RunTime:0.000380s ]

[ 2019-07-22T20:20:15+08:00 ] 39.98.241.250 /tp3.2/index.php/admin/wx/getTicket
INFO: [ app_init ] --START--
INFO: Run Behavior\BuildLiteBehavior [ RunTime:0.000011s ]
INFO: [ app_init ] --END-- [ RunTime:0.000224s ]
INFO: [ app_begin ] --START--
INFO: Run Behavior\ReadHtmlCacheBehavior [ RunTime:0.000271s ]
INFO: [ app_begin ] --END-- [ RunTime:0.000298s ]
ERR: 数据为:{"uid":100018,"header_url":"http://39.98.241.250/header/Public/upload/header/100018.png"}
ERR: uid为:100018
ERR: 头像地址为:http://39.98.241.250/header/Public/upload/header/100018.png
NOTIC: [8192] mysql_connect(): The mysql extension is deprecated and will be removed in the future: use mysqli or PDO instead /var/www/html/tp3.2/ThinkPHP/Library/Think/Db/Driver/Mysql.class.php 第 52 行.
SQL: SHOW COLUMNS FROM `header` [ RunTime:0.000746s ]
SQL: SELECT * FROM `header` WHERE ( pic='100018.png' )  [ RunTime:0.000317s ]
ERR: json数据为:{"uid":100018,"url":"http:\/\/39.98.241.250\/code8\/100018.png"}
INFO: [ app_end ] --START--
INFO: Run Behavior\ShowPageTraceBehavior [ RunTime:0.000379s ]
INFO: [ app_end ] --END-- [ RunTime:0.000424s ]

[ 2019-07-22T20:22:19+08:00 ] 39.98.241.250 /tp3.2/index.php/admin/wx/getTicket
INFO: [ app_init ] --START--
INFO: Run Behavior\BuildLiteBehavior [ RunTime:0.000010s ]
INFO: [ app_init ] --END-- [ RunTime:0.000211s ]
INFO: [ app_begin ] --START--
INFO: Run Behavior\ReadHtmlCacheBehavior [ RunTime:0.000271s ]
INFO: [ app_begin ] --END-- [ RunTime:0.000300s ]
ERR: 数据为:{"uid":100018,"header_url":"http://39.98.241.250/header/Public/upload/header/100018.png"}
ERR: uid为:100018
ERR: 头像地址为:http://39.98.241.250/header/Public/upload/header/100018.png
NOTIC: [8192] mysql_connect(): The mysql extension is deprecated and will be removed in the future: use mysqli or PDO instead /var/www/html/tp3.2/ThinkPHP/Library/Think/Db/Driver/Mysql.class.php 第 52 行.
SQL: SHOW COLUMNS FROM `header` [ RunTime:0.000750s ]
SQL: SELECT * FROM `header` WHERE ( pic='100018.png' )  [ RunTime:0.000304s ]
ERR: json数据为:{"uid":100018,"url":"http:\/\/39.98.241.250\/code8\/100018.png"}
INFO: [ app_end ] --START--
INFO: Run Behavior\ShowPageTraceBehavior [ RunTime:0.000364s ]
INFO: [ app_end ] --END-- [ RunTime:0.000403s ]

[ 2019-07-22T20:29:14+08:00 ] 39.98.241.250 /tp3.2/index.php/admin/wx/getTicket
INFO: [ app_init ] --START--
INFO: Run Behavior\BuildLiteBehavior [ RunTime:0.000011s ]
INFO: [ app_init ] --END-- [ RunTime:0.000207s ]
INFO: [ app_begin ] --START--
INFO: Run Behavior\ReadHtmlCacheBehavior [ RunTime:0.000301s ]
INFO: [ app_begin ] --END-- [ RunTime:0.000334s ]
ERR: 数据为:{"uid":100018,"header_url":"http://39.98.241.250/header/Public/upload/header/100018.png"}
ERR: uid为:100018
ERR: 头像地址为:http://39.98.241.250/header/Public/upload/header/100018.png
NOTIC: [8192] mysql_connect(): The mysql extension is deprecated and will be removed in the future: use mysqli or PDO instead /var/www/html/tp3.2/ThinkPHP/Library/Think/Db/Driver/Mysql.class.php 第 52 行.
SQL: SHOW COLUMNS FROM `header` [ RunTime:0.000829s ]
SQL: SELECT * FROM `header` WHERE ( pic='100018.png' )  [ RunTime:0.000309s ]
ERR: json数据为:{"uid":100018,"url":"http:\/\/39.98.241.250\/code8\/100018.png"}
INFO: [ app_end ] --START--
INFO: Run Behavior\ShowPageTraceBehavior [ RunTime:0.000374s ]
INFO: [ app_end ] --END-- [ RunTime:0.000424s ]

[ 2019-07-22T20:30:15+08:00 ] 39.98.241.250 /tp3.2/index.php/admin/wx/getTicket
INFO: [ app_init ] --START--
INFO: Run Behavior\BuildLiteBehavior [ RunTime:0.000010s ]
INFO: [ app_init ] --END-- [ RunTime:0.000221s ]
INFO: [ app_begin ] --START--
INFO: Run Behavior\ReadHtmlCacheBehavior [ RunTime:0.000301s ]
INFO: [ app_begin ] --END-- [ RunTime:0.000331s ]
ERR: 数据为:{"uid":100018,"header_url":"http://39.98.241.250/header/Public/upload/header/100018.png"}
ERR: uid为:100018
ERR: 头像地址为:http://39.98.241.250/header/Public/upload/header/100018.png
NOTIC: [8192] mysql_connect(): The mysql extension is deprecated and will be removed in the future: use mysqli or PDO instead /var/www/html/tp3.2/ThinkPHP/Library/Think/Db/Driver/Mysql.class.php 第 52 行.
SQL: SHOW COLUMNS FROM `header` [ RunTime:0.000735s ]
SQL: SELECT * FROM `header` WHERE ( pic='100018.png' )  [ RunTime:0.000296s ]
ERR: json数据为:{"uid":100018,"url":"http:\/\/39.98.241.250\/code8\/100018.png"}
INFO: [ app_end ] --START--
INFO: Run Behavior\ShowPageTraceBehavior [ RunTime:0.000347s ]
INFO: [ app_end ] --END-- [ RunTime:0.000399s ]

[ 2019-07-22T20:31:45+08:00 ] 39.98.241.250 /tp3.2/index.php/admin/wx/getTicket
INFO: [ app_init ] --START--
INFO: Run Behavior\BuildLiteBehavior [ RunTime:0.000009s ]
INFO: [ app_init ] --END-- [ RunTime:0.000199s ]
INFO: [ app_begin ] --START--
INFO: Run Behavior\ReadHtmlCacheBehavior [ RunTime:0.000252s ]
INFO: [ app_begin ] --END-- [ RunTime:0.000279s ]
ERR: 数据为:{"uid":100018,"header_url":"http://39.98.241.250/header/Public/upload/header/100018.png"}
ERR: uid为:100018
ERR: 头像地址为:http://39.98.241.250/header/Public/upload/header/100018.png
NOTIC: [8192] mysql_connect(): The mysql extension is deprecated and will be removed in the future: use mysqli or PDO instead /var/www/html/tp3.2/ThinkPHP/Library/Think/Db/Driver/Mysql.class.php 第 52 行.
SQL: SHOW COLUMNS FROM `header` [ RunTime:0.000739s ]
SQL: SELECT * FROM `header` WHERE ( pic='100018.png' )  [ RunTime:0.000312s ]
ERR: json数据为:{"uid":100018,"url":"http:\/\/39.98.241.250\/code8\/100018.png"}
INFO: [ app_end ] --START--
INFO: Run Behavior\ShowPageTraceBehavior [ RunTime:0.000371s ]
INFO: [ app_end ] --END-- [ RunTime:0.000408s ]

